=== Fast Downward Experiment Log ===
Domain: darksouls-fd
Planner: lama (seq-sat-lama-2011)
Problem: problem-07.pddl
Time Limit: 1800 seconds
Start Time: 2025-12-16 11:43:08
Domain File: .//darksouls-fd/domain.pddl
Problem File: .//darksouls-fd/problem-07.pddl

=== Fast Downward Output ===
INFO     planner time limit: None
INFO     planner memory limit: None

INFO     Running translator.
INFO     translator stdin: None
INFO     translator time limit: None
INFO     translator memory limit: None
INFO     translator command line string: /opt/homebrew/opt/python@3.14/bin/python3.14 -m translate darksouls-fd/domain.pddl darksouls-fd/problem-07.pddl --sas-file output.sas
Parsing...
Parsing: [0.000s CPU, 0.003s wall-clock]
Normalizing task... [0.000s CPU, 0.000s wall-clock]
Instantiating...
Generating Datalog program... [0.000s CPU, 0.000s wall-clock]
Normalizing Datalog program...
Unbound effect variables: Adding @object predicate.
Normalizing Datalog program: [0.010s CPU, 0.001s wall-clock]
Preparing model... [0.000s CPU, 0.001s wall-clock]
Generated 130 rules.
Computing model... [0.000s CPU, 0.002s wall-clock]
554 relevant atoms
517 auxiliary atoms
1071 final queue length
1472 total queue pushes
Completing instantiation... [0.000s CPU, 0.003s wall-clock]
Instantiating: [0.010s CPU, 0.008s wall-clock]
Computing fact groups...
Finding invariants...
47 initial candidates
Finding invariants: [0.000s CPU, 0.002s wall-clock]
Checking invariant weight... [0.000s CPU, 0.000s wall-clock]
Instantiating groups... [0.000s CPU, 0.000s wall-clock]
Collecting mutex groups... [0.000s CPU, 0.000s wall-clock]
Choosing groups...
66 uncovered facts
Choosing groups: [0.000s CPU, 0.000s wall-clock]
Building translation key... [0.000s CPU, 0.000s wall-clock]
Computing fact groups: [0.000s CPU, 0.002s wall-clock]
Building STRIPS to SAS dictionary... [0.000s CPU, 0.000s wall-clock]
Building dictionary for full mutex groups... [0.000s CPU, 0.000s wall-clock]
Building mutex information...
Building mutex information: [0.000s CPU, 0.000s wall-clock]
Translating task...
Processing axioms...
Simplifying axioms... [0.000s CPU, 0.000s wall-clock]
Translator axioms removed by simplifying: 0
Processing axioms: [0.000s CPU, 0.000s wall-clock]
Translating task: [0.020s CPU, 0.017s wall-clock]
445 effect conditions simplified
0 implied preconditions added
Detecting unreachable propositions...
4 operators removed
0 axioms removed
90 propositions removed
Detecting unreachable propositions: [0.000s CPU, 0.004s wall-clock]
Reordering and filtering variables...
30 of 30 variables necessary.
0 of 10 mutex groups necessary.
190 of 190 operators necessary.
0 of 0 axiom rules necessary.
Reordering and filtering variables: [0.010s CPU, 0.002s wall-clock]
Translator variables: 30
Translator derived variables: 0
Translator facts: 79
Translator goal facts: 4
Translator mutex groups: 0
Translator total mutex groups size: 0
Translator operators: 190
Translator axioms: 0
Translator task size: 6812
warning: could not determine peak memory
Writing output... [0.000s CPU, 0.002s wall-clock]
Done! [0.040s CPU, 0.038s wall-clock]
b"Warning: name clash between type and predicate 'boss-phase'.\nInterpreting as predicate in conditions.\nWarning: name clash between type and predicate 'player-level'.\nInterpreting as predicate in conditions.\n"
translate exit code: 0

INFO     Running search (release).
INFO     search stdin: output.sas
INFO     search time limit: 1800s
INFO     search memory limit: None
INFO     search command line string: /Users/vramos/Master_uc3m/PlanifAuto/downward/builds/release/bin/downward --search --if-unit-cost 'let(hlm,landmark_sum(lm_reasonable_orders_hps(lm_rhw()),pref=true),let(hff,ff(),iterated([lazy_greedy([hff,hlm],preferred=[hff,hlm]),lazy_wastar([hff,hlm],preferred=[hff,hlm],w=5),lazy_wastar([hff,hlm],preferred=[hff,hlm],w=3),lazy_wastar([hff,hlm],preferred=[hff,hlm],w=2),lazy_wastar([hff,hlm],preferred=[hff,hlm],w=1)],repeat_last=true,continue_on_fail=true)))' --if-non-unit-cost 'let(hlm1,landmark_sum(lm_reasonable_orders_hps(lm_rhw()),transform=adapt_costs(one),pref=true),let(hff1,ff(transform=adapt_costs(one)),let(hlm2,landmark_sum(lm_reasonable_orders_hps(lm_rhw()),transform=adapt_costs(plusone),pref=true),let(hff2,ff(transform=adapt_costs(plusone)),iterated([lazy_greedy([hff1,hlm1],preferred=[hff1,hlm1],cost_type=one,reopen_closed=false),lazy_greedy([hff2,hlm2],preferred=[hff2,hlm2],reopen_closed=false),lazy_wastar([hff2,hlm2],preferred=[hff2,hlm2],w=5),lazy_wastar([hff2,hlm2],preferred=[hff2,hlm2],w=3),lazy_wastar([hff2,hlm2],preferred=[hff2,hlm2],w=2),lazy_wastar([hff2,hlm2],preferred=[hff2,hlm2],w=1)],repeat_last=true,continue_on_fail=true)))))' --always --internal-plan-file sas_plan < output.sas
[t=0.000172s, 435303744 KB] Search code revision: 505701e0f
[t=0.000180s, 435303744 KB] reading input...
[t=0.002356s, 435303744 KB] done reading input!
[t=0.003712s, 435307840 KB] Initializing landmark sum heuristic...
[t=0.003719s, 435307840 KB] Generating landmark graph...
[t=0.003742s, 435307840 KB] Building a landmark graph with reasonable orders.
[t=0.003763s, 435307840 KB] Initializing Exploration...
[t=0.003998s, 435307840 KB] Generating landmarks using the RPG/SAS+ approach
[t=0.005124s, 435307840 KB] Landmarks generation time: 0.001380s
[t=0.005128s, 435307840 KB] Discovered 26 landmarks, of which 1 are disjunctive and 0 are conjunctive.
[t=0.005131s, 435307840 KB] There are 144 landmark orderings.
[t=0.005135s, 435307840 KB] approx. reasonable orders
[t=0.005272s, 435307840 KB] Landmarks generation time: 0.001551s
[t=0.005275s, 435307840 KB] Discovered 26 landmarks, of which 1 are disjunctive and 0 are conjunctive.
[t=0.005278s, 435307840 KB] There are 147 landmark orderings.
[t=0.005280s, 435307840 KB] Landmark graph generation time: 0.001562s
[t=0.005282s, 435307840 KB] Landmark graph contains 26 landmarks, of which 1 are disjunctive and 0 are conjunctive.
[t=0.005285s, 435307840 KB] Landmark graph contains 147 orderings.
[t=0.005456s, 435307840 KB] Simplifying 1818 unary operators... done! [1626 unary operators]
[t=0.006411s, 435307840 KB] time to simplify: 0.000956s
[t=0.006456s, 435307840 KB] Initializing additive heuristic...
[t=0.006459s, 435307840 KB] Initializing FF heuristic...
[t=0.006511s, 435307840 KB] Building successor generator...done!
[t=0.006557s, 435307840 KB] peak memory difference for successor generator creation: 0 KB
[t=0.006560s, 435307840 KB] time for successor generation creation: 0.000040s
[t=0.006563s, 435307840 KB] Variables: 30
[t=0.006566s, 435307840 KB] FactPairs: 79
[t=0.006568s, 435307840 KB] Bytes per state: 8
[t=0.006606s, 435307840 KB] Building successor generator...done!
[t=0.006611s, 435307840 KB] peak memory difference for successor generator creation: 0 KB
[t=0.006614s, 435307840 KB] time for successor generation creation: 0.000000s
[t=0.006617s, 435307840 KB] Variables: 30
[t=0.006619s, 435307840 KB] FactPairs: 79
[t=0.006621s, 435307840 KB] Bytes per state: 8
[t=0.006629s, 435307840 KB] Starting search: lazy_greedy
[t=0.006631s, 435307840 KB] Conducting lazy best first search, (real) bound = 2147483647
[t=0.006661s, 435307840 KB] New best heuristic value for landmark_sum_heuristic: 19
[t=0.006664s, 435307840 KB] New best heuristic value for ff: 16
[t=0.006666s, 435307840 KB] g=0, 1 evaluated, 0 expanded
[t=0.006672s, 435307840 KB] Initial heuristic value for landmark_sum_heuristic: 19
[t=0.006675s, 435307840 KB] Initial heuristic value for ff: 16
[t=0.006692s, 435307840 KB] New best heuristic value for landmark_sum_heuristic: 18
[t=0.006695s, 435307840 KB] g=1, 2 evaluated, 1 expanded
[t=0.006712s, 435307840 KB] New best heuristic value for landmark_sum_heuristic: 17
[t=0.006714s, 435307840 KB] New best heuristic value for ff: 15
[t=0.006716s, 435307840 KB] g=2, 3 evaluated, 2 expanded
[t=0.006737s, 435307840 KB] New best heuristic value for landmark_sum_heuristic: 16
[t=0.006740s, 435307840 KB] g=3, 4 evaluated, 3 expanded
[t=0.006768s, 435307840 KB] New best heuristic value for landmark_sum_heuristic: 15
[t=0.006771s, 435307840 KB] g=4, 6 evaluated, 5 expanded
[t=0.006919s, 435307840 KB] New best heuristic value for landmark_sum_heuristic: 14
[t=0.006928s, 435307840 KB] New best heuristic value for ff: 14
[t=0.006930s, 435307840 KB] g=4, 23 evaluated, 16 expanded
[t=0.006960s, 435307840 KB] New best heuristic value for landmark_sum_heuristic: 13
[t=0.006963s, 435307840 KB] New best heuristic value for ff: 13
[t=0.006965s, 435307840 KB] g=6, 27 evaluated, 18 expanded
[t=0.006992s, 435307840 KB] New best heuristic value for landmark_sum_heuristic: 12
[t=0.006994s, 435307840 KB] New best heuristic value for ff: 12
[t=0.006996s, 435307840 KB] g=8, 31 evaluated, 20 expanded
[t=0.010100s, 435307840 KB] New best heuristic value for landmark_sum_heuristic: 11
[t=0.010108s, 435307840 KB] New best heuristic value for ff: 11
[t=0.010111s, 435307840 KB] g=13, 426 evaluated, 254 expanded
[t=0.010127s, 435307840 KB] New best heuristic value for landmark_sum_heuristic: 9
[t=0.010130s, 435307840 KB] New best heuristic value for ff: 10
[t=0.010132s, 435307840 KB] g=14, 427 evaluated, 255 expanded
[t=0.010183s, 435307840 KB] New best heuristic value for landmark_sum_heuristic: 8
[t=0.010186s, 435307840 KB] New best heuristic value for ff: 9
[t=0.010188s, 435307840 KB] g=18, 432 evaluated, 259 expanded
[t=0.010543s, 435307840 KB] New best heuristic value for landmark_sum_heuristic: 7
[t=0.010546s, 435307840 KB] New best heuristic value for ff: 8
[t=0.010548s, 435307840 KB] g=23, 474 evaluated, 291 expanded
[t=0.010636s, 435307840 KB] New best heuristic value for landmark_sum_heuristic: 6
[t=0.010638s, 435307840 KB] New best heuristic value for ff: 7
[t=0.010641s, 435307840 KB] g=26, 483 evaluated, 299 expanded
[t=0.011205s, 435307840 KB] New best heuristic value for landmark_sum_heuristic: 5
[t=0.011209s, 435307840 KB] New best heuristic value for ff: 6
[t=0.011212s, 435307840 KB] g=31, 546 evaluated, 353 expanded
[t=0.011346s, 435307840 KB] New best heuristic value for landmark_sum_heuristic: 4
[t=0.011351s, 435307840 KB] New best heuristic value for ff: 5
[t=0.011354s, 435307840 KB] g=34, 557 evaluated, 363 expanded
[t=0.011369s, 435307840 KB] New best heuristic value for landmark_sum_heuristic: 2
[t=0.011372s, 435307840 KB] New best heuristic value for ff: 4
[t=0.011375s, 435307840 KB] g=35, 558 evaluated, 364 expanded
[t=0.011390s, 435307840 KB] New best heuristic value for ff: 3
[t=0.011393s, 435307840 KB] g=36, 559 evaluated, 365 expanded
[t=0.011405s, 435307840 KB] New best heuristic value for ff: 2
[t=0.011408s, 435307840 KB] g=37, 560 evaluated, 366 expanded
[t=0.011420s, 435307840 KB] New best heuristic value for landmark_sum_heuristic: 1
[t=0.011423s, 435307840 KB] New best heuristic value for ff: 1
[t=0.011425s, 435307840 KB] g=38, 561 evaluated, 367 expanded
[t=0.011436s, 435307840 KB] Solution found!
[t=0.011441s, 435307840 KB] Actual search time: 0.004806s
move firelink anor-entrance (1)
attack-minor minib1 anor-entrance hp2 hp1 (1)
execute-enemy minib1 anor-entrance s0 s1 (1)
move anor-entrance anor-hall (1)
rest anor-hall (1)
level-up-stats anor-hall pl0 pl1 hp2 hp3 s1 s0 (1)
move anor-hall ornstein-smough-approach (1)
attack-boss smough ornstein-smough-approach hp3 hp2 bp4 bp3 (1)
drink-estus e1 hp2 hp3 hp3 (1)
attack-boss smough ornstein-smough-approach hp3 hp2 bp3 bp2 (1)
drink-estus e2 hp2 hp3 hp3 (1)
attack-boss smough ornstein-smough-approach hp3 hp2 bp2 bp1 (1)
attack-boss smough ornstein-smough-approach hp2 hp1 bp1 bp0 (1)
kill-boss smough ornstein-smough-approach w2 e3 bp0 (1)
move ornstein-smough-approach anor-hall (1)
move anor-hall anor-entrance (1)
move anor-entrance firelink (1)
deposit-soul smough firelink (1)
rest firelink (1)
move firelink anor-entrance (1)
move anor-entrance anor-hall (1)
move anor-hall ornstein-smough-approach (1)
attack-boss ornstein ornstein-smough-approach hp3 hp1 bp4 bp3 (1)
drink-estus e3 hp1 hp2 hp3 (1)
drink-estus e1 hp2 hp3 hp3 (1)
attack-boss ornstein ornstein-smough-approach hp3 hp1 bp3 bp2 (1)
drink-estus e2 hp1 hp2 hp3 (1)
move ornstein-smough-approach anor-hall (1)
rest anor-hall (1)
move anor-hall ornstein-smough-approach (1)
attack-boss ornstein ornstein-smough-approach hp3 hp1 bp2 bp1 (1)
drink-estus e3 hp1 hp2 hp3 (1)
drink-estus e1 hp2 hp3 hp3 (1)
attack-boss ornstein ornstein-smough-approach hp3 hp1 bp1 bp0 (1)
kill-boss ornstein ornstein-smough-approach w2 e4 bp0 (1)
move ornstein-smough-approach anor-hall (1)
move anor-hall anor-entrance (1)
move anor-entrance firelink (1)
deposit-soul ornstein firelink (1)
[t=0.011730s, 435307840 KB] Plan length: 39 step(s).
[t=0.011735s, 435307840 KB] Plan cost: 39
[t=0.011738s, 435307840 KB] Expanded 368 state(s).
[t=0.011740s, 435307840 KB] Reopened 0 state(s).
[t=0.011743s, 435307840 KB] Evaluated 562 state(s).
[t=0.011746s, 435307840 KB] Evaluations: 931
[t=0.011749s, 435307840 KB] Generated 1258 state(s).
[t=0.011752s, 435307840 KB] Dead ends: 193 state(s).
[t=0.011755s, 435307840 KB] Number of registered states: 562
[t=0.011758s, 435307840 KB] Int hash set load factor: 562/1024 = 0.548828
[t=0.011762s, 435307840 KB] Int hash set resizes: 10
[t=0.011765s, 435307840 KB] Best solution cost so far: 39
[t=0.011768s, 435307840 KB] Solution found - keep searching
[t=0.011803s, 435307840 KB] Building successor generator...done!
[t=0.011808s, 435307840 KB] peak memory difference for successor generator creation: 0 KB
[t=0.011811s, 435307840 KB] time for successor generation creation: 0.000000s
[t=0.011814s, 435307840 KB] Variables: 30
[t=0.011816s, 435307840 KB] FactPairs: 79
[t=0.011819s, 435307840 KB] Bytes per state: 8
[t=0.011824s, 435307840 KB] Starting search: lazy_wastar
[t=0.011828s, 435307840 KB] Conducting lazy best first search, (real) bound = 39
[t=0.011866s, 435307840 KB] New best heuristic value for landmark_sum_heuristic: 19
[t=0.011876s, 435307840 KB] New best heuristic value for ff: 16
[t=0.011880s, 435307840 KB] g=0, 1 evaluated, 0 expanded
[t=0.011888s, 435307840 KB] Initial heuristic value for landmark_sum_heuristic: 19
[t=0.011892s, 435307840 KB] Initial heuristic value for ff: 16
[t=0.011911s, 435307840 KB] New best heuristic value for landmark_sum_heuristic: 18
[t=0.011914s, 435307840 KB] g=1, 2 evaluated, 1 expanded
[t=0.011936s, 435307840 KB] New best heuristic value for landmark_sum_heuristic: 17
[t=0.011939s, 435307840 KB] New best heuristic value for ff: 15
[t=0.011942s, 435307840 KB] g=2, 3 evaluated, 2 expanded
[t=0.011962s, 435307840 KB] New best heuristic value for landmark_sum_heuristic: 16
[t=0.011964s, 435307840 KB] g=3, 4 evaluated, 3 expanded
[t=0.011995s, 435307840 KB] New best heuristic value for landmark_sum_heuristic: 15
[t=0.011998s, 435307840 KB] g=4, 6 evaluated, 5 expanded
[t=0.012169s, 435307840 KB] New best heuristic value for landmark_sum_heuristic: 14
[t=0.012172s, 435307840 KB] New best heuristic value for ff: 14
[t=0.012174s, 435307840 KB] g=4, 23 evaluated, 16 expanded
[t=0.012205s, 435307840 KB] New best heuristic value for landmark_sum_heuristic: 13
[t=0.012208s, 435307840 KB] New best heuristic value for ff: 13
[t=0.012210s, 435307840 KB] g=6, 27 evaluated, 18 expanded
[t=0.012238s, 435307840 KB] New best heuristic value for landmark_sum_heuristic: 12
[t=0.012240s, 435307840 KB] New best heuristic value for ff: 12
[t=0.012242s, 435307840 KB] g=8, 31 evaluated, 20 expanded
[t=0.015390s, 435307840 KB] New best heuristic value for landmark_sum_heuristic: 11
[t=0.015394s, 435307840 KB] New best heuristic value for ff: 11
[t=0.015396s, 435307840 KB] g=13, 429 evaluated, 257 expanded, 3 reopened
[t=0.015410s, 435307840 KB] New best heuristic value for landmark_sum_heuristic: 9
[t=0.015413s, 435307840 KB] New best heuristic value for ff: 10
[t=0.015415s, 435307840 KB] g=14, 430 evaluated, 258 expanded, 3 reopened
[t=0.015479s, 435307840 KB] New best heuristic value for landmark_sum_heuristic: 8
[t=0.015482s, 435307840 KB] New best heuristic value for ff: 9
[t=0.015484s, 435307840 KB] g=18, 435 evaluated, 262 expanded, 3 reopened
[t=0.015909s, 435307840 KB] New best heuristic value for landmark_sum_heuristic: 7
[t=0.015912s, 435307840 KB] New best heuristic value for ff: 8
[t=0.015914s, 435307840 KB] g=23, 477 evaluated, 294 expanded, 3 reopened
[t=0.016797s, 435307840 KB] New best heuristic value for landmark_sum_heuristic: 6
[t=0.016808s, 435307840 KB] New best heuristic value for ff: 7
[t=0.016811s, 435307840 KB] g=26, 561 evaluated, 366 expanded, 3 reopened
[t=0.017459s, 435307840 KB] New best heuristic value for landmark_sum_heuristic: 5
[t=0.017462s, 435307840 KB] New best heuristic value for ff: 6
[t=0.017465s, 435307840 KB] g=31, 624 evaluated, 420 expanded, 3 reopened
[t=0.017591s, 435307840 KB] New best heuristic value for landmark_sum_heuristic: 4
[t=0.017593s, 435307840 KB] New best heuristic value for ff: 5
[t=0.017595s, 435307840 KB] g=34, 635 evaluated, 430 expanded, 3 reopened
[t=0.017607s, 435307840 KB] New best heuristic value for landmark_sum_heuristic: 2
[t=0.017610s, 435307840 KB] New best heuristic value for ff: 4
[t=0.017612s, 435307840 KB] g=35, 636 evaluated, 431 expanded, 3 reopened
[t=0.017626s, 435307840 KB] New best heuristic value for ff: 3
[t=0.017629s, 435307840 KB] g=36, 637 evaluated, 432 expanded, 3 reopened
[t=0.017642s, 435307840 KB] New best heuristic value for ff: 2
[t=0.017645s, 435307840 KB] g=37, 638 evaluated, 433 expanded, 3 reopened
[t=0.017658s, 435307840 KB] New best heuristic value for landmark_sum_heuristic: 1
[t=0.017661s, 435307840 KB] New best heuristic value for ff: 1
[t=0.017663s, 435307840 KB] g=38, 639 evaluated, 434 expanded, 3 reopened
[t=0.028855s, 435307840 KB] Solution found!
[t=0.028861s, 435307840 KB] Actual search time: 0.017029s
move firelink anor-entrance (1)
attack-minor minib1 anor-entrance hp2 hp1 (1)
execute-enemy minib1 anor-entrance s0 s1 (1)
move anor-entrance anor-hall (1)
rest anor-hall (1)
level-up-stats anor-hall pl0 pl1 hp2 hp3 s1 s0 (1)
move anor-hall ornstein-smough-approach (1)
attack-boss smough ornstein-smough-approach hp3 hp2 bp4 bp3 (1)
drink-estus e1 hp2 hp3 hp3 (1)
attack-boss smough ornstein-smough-approach hp3 hp2 bp3 bp2 (1)
drink-estus e2 hp2 hp3 hp3 (1)
attack-boss smough ornstein-smough-approach hp3 hp2 bp2 bp1 (1)
attack-boss smough ornstein-smough-approach hp2 hp1 bp1 bp0 (1)
kill-boss smough ornstein-smough-approach w2 e3 bp0 (1)
move ornstein-smough-approach anor-hall (1)
move anor-hall anor-entrance (1)
move anor-entrance firelink (1)
deposit-soul smough firelink (1)
rest firelink (1)
move firelink anor-entrance (1)
move anor-entrance anor-hall (1)
move anor-hall ornstein-smough-approach (1)
attack-boss ornstein ornstein-smough-approach hp3 hp1 bp4 bp3 (1)
drink-estus e3 hp1 hp2 hp3 (1)
drink-estus e1 hp2 hp3 hp3 (1)
attack-boss ornstein ornstein-smough-approach hp3 hp1 bp3 bp2 (1)
move ornstein-smough-approach anor-hall (1)
rest anor-hall (1)
move anor-hall ornstein-smough-approach (1)
attack-boss ornstein ornstein-smough-approach hp3 hp1 bp2 bp1 (1)
drink-estus e3 hp1 hp2 hp3 (1)
drink-estus e1 hp2 hp3 hp3 (1)
attack-boss ornstein ornstein-smough-approach hp3 hp1 bp1 bp0 (1)
kill-boss ornstein ornstein-smough-approach w2 e4 bp0 (1)
move ornstein-smough-approach anor-hall (1)
move anor-hall anor-entrance (1)
move anor-entrance firelink (1)
deposit-soul ornstein firelink (1)
[t=0.029106s, 435307840 KB] Plan length: 38 step(s).
[t=0.029110s, 435307840 KB] Plan cost: 38
[t=0.029112s, 435307840 KB] Expanded 1439 state(s).
[t=0.029115s, 435307840 KB] Reopened 21 state(s).
[t=0.029118s, 435307840 KB] Evaluated 1831 state(s).
[t=0.029121s, 435307840 KB] Evaluations: 3250
[t=0.029123s, 435307840 KB] Generated 5918 state(s).
[t=0.029126s, 435307840 KB] Dead ends: 391 state(s).
[t=0.029128s, 435307840 KB] Number of registered states: 1810
[t=0.029130s, 435307840 KB] Int hash set load factor: 1810/2048 = 0.883789
[t=0.029133s, 435307840 KB] Int hash set resizes: 11
[t=0.029136s, 435307840 KB] Best solution cost so far: 38
[t=0.029138s, 435307840 KB] Solution found - keep searching
[t=0.029177s, 435307840 KB] Building successor generator...done!
[t=0.029182s, 435307840 KB] peak memory difference for successor generator creation: 0 KB
[t=0.029184s, 435307840 KB] time for successor generation creation: 0.000000s
[t=0.029187s, 435307840 KB] Variables: 30
[t=0.029189s, 435307840 KB] FactPairs: 79
[t=0.029191s, 435307840 KB] Bytes per state: 8
[t=0.029196s, 435307840 KB] Starting search: lazy_wastar
[t=0.029202s, 435307840 KB] Conducting lazy best first search, (real) bound = 38
[t=0.029221s, 435307840 KB] New best heuristic value for landmark_sum_heuristic: 19
[t=0.029223s, 435307840 KB] New best heuristic value for ff: 16
[t=0.029226s, 435307840 KB] g=0, 1 evaluated, 0 expanded
[t=0.029230s, 435307840 KB] Initial heuristic value for landmark_sum_heuristic: 19
[t=0.029233s, 435307840 KB] Initial heuristic value for ff: 16
[t=0.029246s, 435307840 KB] New best heuristic value for landmark_sum_heuristic: 18
[t=0.029248s, 435307840 KB] g=1, 2 evaluated, 1 expanded
[t=0.029263s, 435307840 KB] New best heuristic value for landmark_sum_heuristic: 17
[t=0.029266s, 435307840 KB] New best heuristic value for ff: 15
[t=0.029268s, 435307840 KB] g=2, 3 evaluated, 2 expanded
[t=0.029287s, 435307840 KB] New best heuristic value for landmark_sum_heuristic: 16
[t=0.029290s, 435307840 KB] g=3, 4 evaluated, 3 expanded
[t=0.029326s, 435307840 KB] New best heuristic value for landmark_sum_heuristic: 15
[t=0.029329s, 435307840 KB] g=4, 6 evaluated, 5 expanded
[t=0.029472s, 435307840 KB] New best heuristic value for landmark_sum_heuristic: 14
[t=0.029474s, 435307840 KB] New best heuristic value for ff: 14
[t=0.029476s, 435307840 KB] g=4, 22 evaluated, 15 expanded
[t=0.029518s, 435307840 KB] New best heuristic value for landmark_sum_heuristic: 13
[t=0.029521s, 435307840 KB] New best heuristic value for ff: 13
[t=0.029523s, 435307840 KB] g=6, 27 evaluated, 18 expanded
[t=0.029549s, 435307840 KB] New best heuristic value for landmark_sum_heuristic: 12
[t=0.029552s, 435307840 KB] New best heuristic value for ff: 12
[t=0.029554s, 435307840 KB] g=8, 31 evaluated, 20 expanded
[t=0.032312s, 435307840 KB] New best heuristic value for landmark_sum_heuristic: 11
[t=0.032315s, 435307840 KB] New best heuristic value for ff: 11
[t=0.032317s, 435307840 KB] g=13, 373 evaluated, 229 expanded, 3 reopened
[t=0.032330s, 435307840 KB] New best heuristic value for landmark_sum_heuristic: 9
[t=0.032332s, 435307840 KB] New best heuristic value for ff: 10
[t=0.032334s, 435307840 KB] g=14, 374 evaluated, 230 expanded, 3 reopened
[t=0.032453s, 435307840 KB] New best heuristic value for landmark_sum_heuristic: 8
[t=0.032455s, 435307840 KB] New best heuristic value for ff: 9
[t=0.032457s, 435307840 KB] g=18, 388 evaluated, 240 expanded, 3 reopened
[t=0.033035s, 435307840 KB] New best heuristic value for landmark_sum_heuristic: 7
[t=0.033038s, 435307840 KB] New best heuristic value for ff: 8
[t=0.033041s, 435307840 KB] g=23, 452 evaluated, 292 expanded, 3 reopened
[t=0.034612s, 435307840 KB] New best heuristic value for landmark_sum_heuristic: 6
[t=0.034615s, 435307840 KB] New best heuristic value for ff: 7
[t=0.034617s, 435307840 KB] g=25, 614 evaluated, 429 expanded, 13 reopened
[t=0.038501s, 435307840 KB] New best heuristic value for landmark_sum_heuristic: 5
[t=0.038507s, 435307840 KB] New best heuristic value for ff: 6
[t=0.038509s, 435307840 KB] g=30, 1012 evaluated, 770 expanded, 17 reopened
[t=0.046621s, 435307840 KB] New best heuristic value for landmark_sum_heuristic: 3
[t=0.046626s, 435307840 KB] New best heuristic value for ff: 5
[t=0.046629s, 435307840 KB] g=31, 1861 evaluated, 1517 expanded, 77 reopened
[t=0.046644s, 435307840 KB] New best heuristic value for ff: 4
[t=0.046647s, 435307840 KB] g=32, 1862 evaluated, 1518 expanded, 77 reopened
[t=0.046660s, 435307840 KB] New best heuristic value for ff: 3
[t=0.046663s, 435307840 KB] g=33, 1863 evaluated, 1519 expanded, 77 reopened
[t=0.046678s, 435307840 KB] New best heuristic value for landmark_sum_heuristic: 2
[t=0.046680s, 435307840 KB] New best heuristic value for ff: 2
[t=0.046683s, 435307840 KB] g=34, 1864 evaluated, 1520 expanded, 77 reopened
[t=0.046697s, 435307840 KB] New best heuristic value for landmark_sum_heuristic: 1
[t=0.046700s, 435307840 KB] New best heuristic value for ff: 1
[t=0.046703s, 435307840 KB] g=35, 1865 evaluated, 1521 expanded, 77 reopened
[t=0.046714s, 435307840 KB] Solution found!
[t=0.046717s, 435307840 KB] Actual search time: 0.017513s
move firelink anor-entrance (1)
attack-minor minib1 anor-entrance hp2 hp1 (1)
execute-enemy minib1 anor-entrance s0 s1 (1)
move anor-entrance anor-hall (1)
rest anor-hall (1)
level-up-stats anor-hall pl0 pl1 hp2 hp3 s1 s0 (1)
move anor-hall ornstein-smough-approach (1)
attack-boss smough ornstein-smough-approach hp3 hp2 bp4 bp3 (1)
drink-estus e1 hp2 hp3 hp3 (1)
attack-boss smough ornstein-smough-approach hp3 hp2 bp3 bp2 (1)
drink-estus e2 hp2 hp3 hp3 (1)
attack-boss smough ornstein-smough-approach hp3 hp2 bp2 bp1 (1)
attack-boss smough ornstein-smough-approach hp2 hp1 bp1 bp0 (1)
kill-boss smough ornstein-smough-approach w2 e3 bp0 (1)
move ornstein-smough-approach anor-hall (1)
rest anor-hall (1)
move anor-hall ornstein-smough-approach (1)
attack-boss ornstein ornstein-smough-approach hp3 hp1 bp4 bp3 (1)
move ornstein-smough-approach anor-hall (1)
rest anor-hall (1)
move anor-hall ornstein-smough-approach (1)
attack-boss ornstein ornstein-smough-approach hp3 hp1 bp3 bp2 (1)
drink-estus e3 hp1 hp2 hp3 (1)
drink-estus e1 hp2 hp3 hp3 (1)
attack-boss ornstein ornstein-smough-approach hp3 hp1 bp2 bp1 (1)
drink-estus e2 hp1 hp2 hp3 (1)
move ornstein-smough-approach anor-hall (1)
rest anor-hall (1)
move anor-hall ornstein-smough-approach (1)
attack-boss ornstein ornstein-smough-approach hp3 hp1 bp1 bp0 (1)
kill-boss ornstein ornstein-smough-approach w2 e4 bp0 (1)
move ornstein-smough-approach anor-hall (1)
move anor-hall anor-entrance (1)
move anor-entrance firelink (1)
deposit-soul ornstein firelink (1)
deposit-soul smough firelink (1)
[t=0.046910s, 435307840 KB] Plan length: 36 step(s).
[t=0.046913s, 435307840 KB] Plan cost: 36
[t=0.046916s, 435307840 KB] Expanded 1522 state(s).
[t=0.046918s, 435307840 KB] Reopened 77 state(s).
[t=0.046920s, 435307840 KB] Evaluated 1866 state(s).
[t=0.046923s, 435307840 KB] Evaluations: 3312
[t=0.046926s, 435307840 KB] Generated 6312 state(s).
[t=0.046929s, 435307840 KB] Dead ends: 343 state(s).
[t=0.046932s, 435307840 KB] Number of registered states: 1789
[t=0.046935s, 435307840 KB] Int hash set load factor: 1789/2048 = 0.873535
[t=0.046939s, 435307840 KB] Int hash set resizes: 11
[t=0.046942s, 435307840 KB] Best solution cost so far: 36
[t=0.046945s, 435307840 KB] Solution found - keep searching
[t=0.046968s, 435307840 KB] Building successor generator...done!
[t=0.046973s, 435307840 KB] peak memory difference for successor generator creation: 0 KB
[t=0.046975s, 435307840 KB] time for successor generation creation: 0.000000s
[t=0.046978s, 435307840 KB] Variables: 30
[t=0.046981s, 435307840 KB] FactPairs: 79
[t=0.046983s, 435307840 KB] Bytes per state: 8
[t=0.046987s, 435307840 KB] Starting search: lazy_wastar
[t=0.046990s, 435307840 KB] Conducting lazy best first search, (real) bound = 36
[t=0.047008s, 435307840 KB] New best heuristic value for landmark_sum_heuristic: 19
[t=0.047010s, 435307840 KB] New best heuristic value for ff: 16
[t=0.047013s, 435307840 KB] g=0, 1 evaluated, 0 expanded
[t=0.047017s, 435307840 KB] Initial heuristic value for landmark_sum_heuristic: 19
[t=0.047020s, 435307840 KB] Initial heuristic value for ff: 16
[t=0.047033s, 435307840 KB] New best heuristic value for landmark_sum_heuristic: 18
[t=0.047036s, 435307840 KB] g=1, 2 evaluated, 1 expanded
[t=0.047052s, 435307840 KB] New best heuristic value for landmark_sum_heuristic: 17
[t=0.047054s, 435307840 KB] New best heuristic value for ff: 15
[t=0.047057s, 435307840 KB] g=2, 3 evaluated, 2 expanded
[t=0.047074s, 435307840 KB] New best heuristic value for landmark_sum_heuristic: 16
[t=0.047076s, 435307840 KB] g=3, 4 evaluated, 3 expanded
[t=0.047103s, 435307840 KB] New best heuristic value for landmark_sum_heuristic: 15
[t=0.047106s, 435307840 KB] g=4, 6 evaluated, 5 expanded
[t=0.047230s, 435307840 KB] New best heuristic value for landmark_sum_heuristic: 14
[t=0.047232s, 435307840 KB] New best heuristic value for ff: 14
[t=0.047234s, 435307840 KB] g=4, 21 evaluated, 14 expanded
[t=0.047349s, 435307840 KB] New best heuristic value for landmark_sum_heuristic: 13
[t=0.047351s, 435307840 KB] New best heuristic value for ff: 13
[t=0.047356s, 435307840 KB] g=6, 33 evaluated, 22 expanded
[t=0.047739s, 435307840 KB] New best heuristic value for landmark_sum_heuristic: 12
[t=0.047742s, 435307840 KB] New best heuristic value for ff: 12
[t=0.047744s, 435307840 KB] g=8, 79 evaluated, 52 expanded
[t=0.049880s, 435307840 KB] New best heuristic value for landmark_sum_heuristic: 11
[t=0.049883s, 435307840 KB] New best heuristic value for ff: 11
[t=0.049885s, 435307840 KB] g=13, 346 evaluated, 214 expanded, 1 reopened
[t=0.049897s, 435307840 KB] New best heuristic value for landmark_sum_heuristic: 9
[t=0.049899s, 435307840 KB] New best heuristic value for ff: 10
[t=0.049901s, 435307840 KB] g=14, 347 evaluated, 215 expanded, 1 reopened
[t=0.050017s, 435307840 KB] New best heuristic value for landmark_sum_heuristic: 8
[t=0.050019s, 435307840 KB] New best heuristic value for ff: 9
[t=0.050022s, 435307840 KB] g=18, 361 evaluated, 225 expanded, 1 reopened
[t=0.051070s, 435307840 KB] New best heuristic value for landmark_sum_heuristic: 7
[t=0.051073s, 435307840 KB] New best heuristic value for ff: 8
[t=0.051075s, 435307840 KB] g=22, 481 evaluated, 319 expanded, 1 reopened
[t=0.057134s, 435307840 KB] New best heuristic value for landmark_sum_heuristic: 6
[t=0.057138s, 435307840 KB] New best heuristic value for ff: 7
[t=0.057140s, 435307840 KB] g=24, 1156 evaluated, 847 expanded, 11 reopened
[t=0.063443s, 435307840 KB] New best heuristic value for landmark_sum_heuristic: 5
[t=0.063446s, 435307840 KB] New best heuristic value for ff: 6
[t=0.063448s, 435307840 KB] g=29, 1811 evaluated, 1399 expanded, 33 reopened
[t=0.122552s, 435307840 KB] New best heuristic value for landmark_sum_heuristic: 3
[t=0.122563s, 435307840 KB] New best heuristic value for ff: 5
[t=0.122566s, 435307840 KB] g=30, 7891 evaluated, 6486 expanded, 496 reopened
[t=0.122584s, 435307840 KB] New best heuristic value for ff: 4
[t=0.122587s, 435307840 KB] g=31, 7892 evaluated, 6487 expanded, 496 reopened
[t=0.122601s, 435307840 KB] New best heuristic value for ff: 3
[t=0.122604s, 435307840 KB] g=32, 7893 evaluated, 6488 expanded, 496 reopened
[t=0.122619s, 435307840 KB] New best heuristic value for landmark_sum_heuristic: 2
[t=0.122622s, 435307840 KB] New best heuristic value for ff: 2
[t=0.122624s, 435307840 KB] g=33, 7894 evaluated, 6489 expanded, 496 reopened
[t=0.122639s, 435307840 KB] New best heuristic value for landmark_sum_heuristic: 1
[t=0.122641s, 435307840 KB] New best heuristic value for ff: 1
[t=0.122644s, 435307840 KB] g=34, 7895 evaluated, 6490 expanded, 496 reopened
[t=0.122656s, 435307840 KB] Solution found!
[t=0.122660s, 435307840 KB] Actual search time: 0.075668s
move firelink anor-entrance (1)
attack-minor minib1 anor-entrance hp2 hp1 (1)
execute-enemy minib1 anor-entrance s0 s1 (1)
move anor-entrance anor-hall (1)
level-up-stats anor-hall pl0 pl1 hp2 hp3 s1 s0 (1)
move anor-hall ornstein-smough-approach (1)
attack-boss smough ornstein-smough-approach hp3 hp2 bp4 bp3 (1)
drink-estus e1 hp2 hp3 hp3 (1)
attack-boss smough ornstein-smough-approach hp3 hp2 bp3 bp2 (1)
drink-estus e2 hp2 hp3 hp3 (1)
attack-boss smough ornstein-smough-approach hp3 hp2 bp2 bp1 (1)
attack-boss smough ornstein-smough-approach hp2 hp1 bp1 bp0 (1)
kill-boss smough ornstein-smough-approach w2 e3 bp0 (1)
move ornstein-smough-approach anor-hall (1)
rest anor-hall (1)
move anor-hall ornstein-smough-approach (1)
attack-boss ornstein ornstein-smough-approach hp3 hp1 bp4 bp3 (1)
move ornstein-smough-approach anor-hall (1)
rest anor-hall (1)
move anor-hall ornstein-smough-approach (1)
attack-boss ornstein ornstein-smough-approach hp3 hp1 bp3 bp2 (1)
drink-estus e3 hp1 hp2 hp3 (1)
drink-estus e1 hp2 hp3 hp3 (1)
attack-boss ornstein ornstein-smough-approach hp3 hp1 bp2 bp1 (1)
drink-estus e2 hp1 hp2 hp3 (1)
move ornstein-smough-approach anor-hall (1)
rest anor-hall (1)
move anor-hall ornstein-smough-approach (1)
attack-boss ornstein ornstein-smough-approach hp3 hp1 bp1 bp0 (1)
kill-boss ornstein ornstein-smough-approach w2 e4 bp0 (1)
move ornstein-smough-approach anor-hall (1)
move anor-hall anor-entrance (1)
move anor-entrance firelink (1)
deposit-soul ornstein firelink (1)
deposit-soul smough firelink (1)
[t=0.122901s, 435307840 KB] Plan length: 35 step(s).
[t=0.122904s, 435307840 KB] Plan cost: 35
[t=0.122907s, 435307840 KB] Expanded 6491 state(s).
[t=0.122909s, 435307840 KB] Reopened 496 state(s).
[t=0.122912s, 435307840 KB] Evaluated 7896 state(s).
[t=0.122914s, 435307840 KB] Evaluations: 13892
[t=0.122916s, 435307840 KB] Generated 25146 state(s).
[t=0.122919s, 435307840 KB] Dead ends: 1404 state(s).
[t=0.122921s, 435307840 KB] Number of registered states: 7400
[t=0.122923s, 435307840 KB] Int hash set load factor: 7400/8192 = 0.903320
[t=0.122926s, 435307840 KB] Int hash set resizes: 13
[t=0.122928s, 435307840 KB] Best solution cost so far: 35
[t=0.122931s, 435307840 KB] Solution found - keep searching
[t=0.122970s, 435307840 KB] Building successor generator...done!
[t=0.122975s, 435307840 KB] peak memory difference for successor generator creation: 0 KB
[t=0.122978s, 435307840 KB] time for successor generation creation: 0.000000s
[t=0.122981s, 435307840 KB] Variables: 30
[t=0.122983s, 435307840 KB] FactPairs: 79
[t=0.122986s, 435307840 KB] Bytes per state: 8
[t=0.122991s, 435307840 KB] Starting search: lazy_wastar
[t=0.122994s, 435307840 KB] Conducting lazy best first search, (real) bound = 35
[t=0.123013s, 435307840 KB] New best heuristic value for landmark_sum_heuristic: 19
[t=0.123016s, 435307840 KB] New best heuristic value for ff: 16
[t=0.123019s, 435307840 KB] g=0, 1 evaluated, 0 expanded
[t=0.123023s, 435307840 KB] Initial heuristic value for landmark_sum_heuristic: 19
[t=0.123026s, 435307840 KB] Initial heuristic value for ff: 16
[t=0.123040s, 435307840 KB] New best heuristic value for landmark_sum_heuristic: 18
[t=0.123042s, 435307840 KB] g=1, 2 evaluated, 1 expanded
[t=0.123059s, 435307840 KB] New best heuristic value for landmark_sum_heuristic: 17
[t=0.123061s, 435307840 KB] New best heuristic value for ff: 15
[t=0.123063s, 435307840 KB] g=2, 3 evaluated, 2 expanded
[t=0.123096s, 435307840 KB] New best heuristic value for landmark_sum_heuristic: 16
[t=0.123098s, 435307840 KB] g=3, 5 evaluated, 4 expanded
[t=0.123169s, 435307840 KB] New best heuristic value for landmark_sum_heuristic: 15
[t=0.123173s, 435307840 KB] g=4, 10 evaluated, 9 expanded
[t=0.123224s, 435307840 KB] New best heuristic value for landmark_sum_heuristic: 14
[t=0.123227s, 435307840 KB] New best heuristic value for ff: 14
[t=0.123229s, 435307840 KB] g=4, 15 evaluated, 14 expanded
[t=0.123308s, 435307840 KB] New best heuristic value for landmark_sum_heuristic: 13
[t=0.123312s, 435307840 KB] New best heuristic value for ff: 13
[t=0.123315s, 435307840 KB] g=6, 27 evaluated, 18 expanded
[t=0.124926s, 435307840 KB] New best heuristic value for landmark_sum_heuristic: 12
[t=0.124932s, 435307840 KB] New best heuristic value for ff: 12
[t=0.124934s, 435307840 KB] g=11, 208 evaluated, 138 expanded, 1 reopened
[t=0.125711s, 435307840 KB] New best heuristic value for landmark_sum_heuristic: 11
[t=0.125714s, 435307840 KB] New best heuristic value for ff: 11
[t=0.125716s, 435307840 KB] g=13, 306 evaluated, 196 expanded, 1 reopened
[t=0.125727s, 435307840 KB] New best heuristic value for landmark_sum_heuristic: 9
[t=0.125730s, 435307840 KB] New best heuristic value for ff: 10
[t=0.125732s, 435307840 KB] g=14, 307 evaluated, 197 expanded, 1 reopened
[t=0.125865s, 435307840 KB] New best heuristic value for landmark_sum_heuristic: 8
[t=0.125868s, 435307840 KB] New best heuristic value for ff: 9
[t=0.125870s, 435307840 KB] g=18, 323 evaluated, 209 expanded, 1 reopened
[t=0.138483s, 435307840 KB] New best heuristic value for landmark_sum_heuristic: 7
[t=0.138490s, 435307840 KB] New best heuristic value for ff: 8
[t=0.138492s, 435307840 KB] g=22, 1858 evaluated, 1253 expanded, 34 reopened
[t=0.200300s, 435307840 KB] New best heuristic value for landmark_sum_heuristic: 6
[t=0.200310s, 435307840 KB] New best heuristic value for ff: 7
[t=0.200313s, 435307840 KB] g=24, 9201 evaluated, 6714 expanded, 587 reopened
[t=0.453532s, 435307840 KB] New best heuristic value for landmark_sum_heuristic: 5
[t=0.453562s, 435307840 KB] New best heuristic value for ff: 6
[t=0.453566s, 435307840 KB] g=27, 34741 evaluated, 27782 expanded, 2524 reopened
[t=0.456245s, 435307840 KB] New best heuristic value for landmark_sum_heuristic: 3
[t=0.456250s, 435307840 KB] New best heuristic value for ff: 5
[t=0.456253s, 435307840 KB] g=28, 35035 evaluated, 28034 expanded, 2530 reopened
[t=0.456267s, 435307840 KB] New best heuristic value for ff: 4
[t=0.456270s, 435307840 KB] g=29, 35036 evaluated, 28035 expanded, 2530 reopened
[t=0.457943s, 435307840 KB] New best heuristic value for ff: 3
[t=0.457946s, 435307840 KB] g=30, 35250 evaluated, 28180 expanded, 2530 reopened
[t=0.472833s, 435307840 KB] New best heuristic value for landmark_sum_heuristic: 2
[t=0.472841s, 435307840 KB] New best heuristic value for ff: 2
[t=0.472843s, 435307840 KB] g=31, 36599 evaluated, 29340 expanded, 2560 reopened
[t=0.477496s, 435307840 KB] New best heuristic value for landmark_sum_heuristic: 1
[t=0.477501s, 435307840 KB] New best heuristic value for ff: 1
[t=0.477504s, 435307840 KB] g=32, 37206 evaluated, 29752 expanded, 2560 reopened
[t=0.478716s, 435307840 KB] Solution found!
[t=0.478722s, 435307840 KB] Actual search time: 0.355725s
move firelink anor-entrance (1)
attack-minor minib1 anor-entrance hp2 hp1 (1)
execute-enemy minib1 anor-entrance s0 s1 (1)
move anor-entrance anor-hall (1)
level-up-stats anor-hall pl0 pl1 hp2 hp3 s1 s0 (1)
move anor-hall ornstein-smough-approach (1)
attack-boss smough ornstein-smough-approach hp3 hp2 bp4 bp3 (1)
drink-estus e1 hp2 hp3 hp3 (1)
attack-boss smough ornstein-smough-approach hp3 hp2 bp3 bp2 (1)
drink-estus e2 hp2 hp3 hp3 (1)
attack-boss smough ornstein-smough-approach hp3 hp2 bp2 bp1 (1)
attack-boss smough ornstein-smough-approach hp2 hp1 bp1 bp0 (1)
kill-boss smough ornstein-smough-approach w2 e3 bp0 (1)
move ornstein-smough-approach anor-hall (1)
rest anor-hall (1)
move anor-hall ornstein-smough-approach (1)
attack-boss ornstein ornstein-smough-approach hp3 hp1 bp4 bp3 (1)
drink-estus e3 hp1 hp2 hp3 (1)
drink-estus e1 hp2 hp3 hp3 (1)
attack-boss ornstein ornstein-smough-approach hp3 hp1 bp3 bp2 (1)
move ornstein-smough-approach anor-hall (1)
rest anor-hall (1)
move anor-hall ornstein-smough-approach (1)
attack-boss ornstein ornstein-smough-approach hp3 hp1 bp2 bp1 (1)
drink-estus e3 hp1 hp2 hp3 (1)
drink-estus e1 hp2 hp3 hp3 (1)
attack-boss ornstein ornstein-smough-approach hp3 hp1 bp1 bp0 (1)
kill-boss ornstein ornstein-smough-approach w2 e4 bp0 (1)
move ornstein-smough-approach anor-hall (1)
move anor-hall anor-entrance (1)
move anor-entrance firelink (1)
deposit-soul ornstein firelink (1)
deposit-soul smough firelink (1)
[t=0.479035s, 435307840 KB] Plan length: 33 step(s).
[t=0.479039s, 435307840 KB] Plan cost: 33
[t=0.479042s, 435307840 KB] Expanded 29839 state(s).
[t=0.479044s, 435307840 KB] Reopened 2560 state(s).
[t=0.479046s, 435307840 KB] Evaluated 37389 state(s).
[t=0.479050s, 435307840 KB] Evaluations: 64669
[t=0.479052s, 435307840 KB] Generated 107549 state(s).
[t=0.479054s, 435307840 KB] Dead ends: 7549 state(s).
[t=0.479057s, 435307840 KB] Number of registered states: 34829
[t=0.479059s, 435307840 KB] Int hash set load factor: 34829/65536 = 0.531448
[t=0.479062s, 435307840 KB] Int hash set resizes: 16
[t=0.479064s, 435307840 KB] Best solution cost so far: 33
[t=0.479066s, 435307840 KB] Solution found - keep searching
[t=0.479116s, 435307840 KB] Building successor generator...done!
[t=0.479122s, 435307840 KB] peak memory difference for successor generator creation: 0 KB
[t=0.479125s, 435307840 KB] time for successor generation creation: 0.000000s
[t=0.479128s, 435307840 KB] Variables: 30
[t=0.479130s, 435307840 KB] FactPairs: 79
[t=0.479132s, 435307840 KB] Bytes per state: 8
[t=0.479138s, 435307840 KB] Starting search: lazy_wastar
[t=0.479140s, 435307840 KB] Conducting lazy best first search, (real) bound = 33
[t=0.479159s, 435307840 KB] New best heuristic value for landmark_sum_heuristic: 19
[t=0.479162s, 435307840 KB] New best heuristic value for ff: 16
[t=0.479164s, 435307840 KB] g=0, 1 evaluated, 0 expanded
[t=0.479172s, 435307840 KB] Initial heuristic value for landmark_sum_heuristic: 19
[t=0.479174s, 435307840 KB] Initial heuristic value for ff: 16
[t=0.479188s, 435307840 KB] New best heuristic value for landmark_sum_heuristic: 18
[t=0.479191s, 435307840 KB] g=1, 2 evaluated, 1 expanded
[t=0.479207s, 435307840 KB] New best heuristic value for landmark_sum_heuristic: 17
[t=0.479211s, 435307840 KB] New best heuristic value for ff: 15
[t=0.479213s, 435307840 KB] g=2, 3 evaluated, 2 expanded
[t=0.479246s, 435307840 KB] New best heuristic value for landmark_sum_heuristic: 16
[t=0.479249s, 435307840 KB] g=3, 5 evaluated, 4 expanded
[t=0.479312s, 435307840 KB] New best heuristic value for landmark_sum_heuristic: 15
[t=0.479316s, 435307840 KB] g=4, 10 evaluated, 9 expanded
[t=0.479367s, 435307840 KB] New best heuristic value for landmark_sum_heuristic: 14
[t=0.479371s, 435307840 KB] New best heuristic value for ff: 14
[t=0.479373s, 435307840 KB] g=4, 15 evaluated, 14 expanded
[t=0.479448s, 435307840 KB] New best heuristic value for landmark_sum_heuristic: 13
[t=0.479452s, 435307840 KB] New best heuristic value for ff: 13
[t=0.479454s, 435307840 KB] g=6, 27 evaluated, 18 expanded
[t=0.481008s, 435307840 KB] New best heuristic value for landmark_sum_heuristic: 12
[t=0.481012s, 435307840 KB] New best heuristic value for ff: 12
[t=0.481014s, 435307840 KB] g=11, 208 evaluated, 138 expanded, 1 reopened
[t=0.481784s, 435307840 KB] New best heuristic value for landmark_sum_heuristic: 11
[t=0.481788s, 435307840 KB] New best heuristic value for ff: 11
[t=0.481792s, 435307840 KB] g=13, 306 evaluated, 196 expanded, 1 reopened
[t=0.481804s, 435307840 KB] New best heuristic value for landmark_sum_heuristic: 9
[t=0.481808s, 435307840 KB] New best heuristic value for ff: 10
[t=0.481810s, 435307840 KB] g=14, 307 evaluated, 197 expanded, 1 reopened
[t=0.481953s, 435307840 KB] New best heuristic value for landmark_sum_heuristic: 8
[t=0.481957s, 435307840 KB] New best heuristic value for ff: 9
[t=0.481960s, 435307840 KB] g=18, 323 evaluated, 209 expanded, 1 reopened
[t=0.494776s, 435307840 KB] New best heuristic value for landmark_sum_heuristic: 7
[t=0.494783s, 435307840 KB] New best heuristic value for ff: 8
[t=0.494786s, 435307840 KB] g=22, 1858 evaluated, 1253 expanded, 34 reopened
[t=0.556713s, 435307840 KB] New best heuristic value for landmark_sum_heuristic: 6
[t=0.556724s, 435307840 KB] New best heuristic value for ff: 7
[t=0.556727s, 435307840 KB] g=24, 9201 evaluated, 6714 expanded, 587 reopened
[t=0.809809s, 435307840 KB] New best heuristic value for landmark_sum_heuristic: 5
[t=0.809822s, 435307840 KB] New best heuristic value for ff: 6
[t=0.809825s, 435307840 KB] g=27, 34741 evaluated, 27782 expanded, 2524 reopened
[t=0.812528s, 435307840 KB] New best heuristic value for landmark_sum_heuristic: 3
[t=0.812533s, 435307840 KB] New best heuristic value for ff: 5
[t=0.812535s, 435307840 KB] g=28, 35035 evaluated, 28034 expanded, 2530 reopened
[t=0.812548s, 435307840 KB] New best heuristic value for ff: 4
[t=0.812550s, 435307840 KB] g=29, 35036 evaluated, 28035 expanded, 2530 reopened
[t=0.814313s, 435307840 KB] New best heuristic value for ff: 3
[t=0.814316s, 435307840 KB] g=30, 35250 evaluated, 28180 expanded, 2530 reopened
[t=0.829236s, 435307840 KB] New best heuristic value for landmark_sum_heuristic: 2
[t=0.829240s, 435307840 KB] New best heuristic value for ff: 2
[t=0.829242s, 435307840 KB] g=31, 36599 evaluated, 29340 expanded, 2560 reopened
[t=0.833937s, 435307840 KB] New best heuristic value for landmark_sum_heuristic: 1
[t=0.833940s, 435307840 KB] New best heuristic value for ff: 1
[t=0.833942s, 435307840 KB] g=32, 37206 evaluated, 29752 expanded, 2560 reopened
[t=2.570539s, 435307840 KB] Completely explored state space -- no solution!
[t=2.570574s, 435307840 KB] Actual search time: 2.091432s
[t=2.570580s, 435307840 KB] Expanded 150291 state(s).
[t=2.570584s, 435307840 KB] Reopened 9266 state(s).
[t=2.570587s, 435307840 KB] Evaluated 175697 state(s).
[t=2.570590s, 435307840 KB] Evaluations: 316722
[t=2.570605s, 435307840 KB] Generated 562385 state(s).
[t=2.570608s, 435307840 KB] Dead ends: 25406 state(s).
[t=2.570610s, 435307840 KB] Number of registered states: 166431
[t=2.570614s, 435307840 KB] Int hash set load factor: 166431/262144 = 0.634884
[t=2.570617s, 435307840 KB] Int hash set resizes: 18
[t=2.570620s, 435307840 KB] Best solution cost so far: 33
[t=2.570622s, 435307840 KB] No solution found - keep searching
[t=2.570695s, 435307840 KB] Actual search time: 2.564104s
[t=2.570698s, 435307840 KB] Cumulative statistics:
[t=2.570698s, 435307840 KB] Expanded 189950 state(s).
[t=2.570698s, 435307840 KB] Reopened 12420 state(s).
[t=2.570698s, 435307840 KB] Evaluated 225241 state(s).
[t=2.570698s, 435307840 KB] Evaluations: 402776
[t=2.570698s, 435307840 KB] Generated 708568 state(s).
[t=2.570698s, 435307840 KB] Dead ends: 0 state(s).
[t=2.570698s, 435307840 KB] Search time: 2.564107s
[t=2.570698s, 435307840 KB] Total time: 2.570698s
Solution found.
Peak memory: 435307840 KB
Remove intermediate file output.sas
search exit code: 0

INFO     Planner time: 2.66s

=== Experiment Summary ===
End Time: 2025-12-16 11:43:11
Runtime: 3 seconds
Exit Code: 0
Status: SUCCESS
Explanation: SUCCESS (solution found)
