=== Fast Downward Experiment Log ===
Domain: darksouls-fd
Planner: lama (seq-sat-lama-2011)
Problem: problem-10.pddl
Time Limit: 1800 seconds
Start Time: 2025-12-16 11:43:12
Domain File: .//darksouls-fd/domain.pddl
Problem File: .//darksouls-fd/problem-10.pddl

=== Fast Downward Output ===
INFO     planner time limit: None
INFO     planner memory limit: None

INFO     Running translator.
INFO     translator stdin: None
INFO     translator time limit: None
INFO     translator memory limit: None
INFO     translator command line string: /opt/homebrew/opt/python@3.14/bin/python3.14 -m translate darksouls-fd/domain.pddl darksouls-fd/problem-10.pddl --sas-file output.sas
Parsing...
Parsing: [0.000s CPU, 0.003s wall-clock]
Normalizing task... [0.000s CPU, 0.000s wall-clock]
Instantiating...
Generating Datalog program... [0.000s CPU, 0.000s wall-clock]
Normalizing Datalog program...
Unbound effect variables: Adding @object predicate.
Normalizing Datalog program: [0.010s CPU, 0.001s wall-clock]
Preparing model... [0.000s CPU, 0.001s wall-clock]
Generated 130 rules.
Computing model... [0.000s CPU, 0.001s wall-clock]
347 relevant atoms
349 auxiliary atoms
696 final queue length
833 total queue pushes
Completing instantiation... [0.000s CPU, 0.001s wall-clock]
Instantiating: [0.010s CPU, 0.005s wall-clock]
Computing fact groups...
Finding invariants...
47 initial candidates
Finding invariants: [0.000s CPU, 0.002s wall-clock]
Checking invariant weight... [0.000s CPU, 0.000s wall-clock]
Instantiating groups... [0.000s CPU, 0.000s wall-clock]
Collecting mutex groups... [0.000s CPU, 0.000s wall-clock]
Choosing groups...
52 uncovered facts
Choosing groups: [0.000s CPU, 0.000s wall-clock]
Building translation key... [0.000s CPU, 0.000s wall-clock]
Computing fact groups: [0.000s CPU, 0.002s wall-clock]
Building STRIPS to SAS dictionary... [0.000s CPU, 0.000s wall-clock]
Building dictionary for full mutex groups... [0.000s CPU, 0.000s wall-clock]
Building mutex information...
Building mutex information: [0.000s CPU, 0.000s wall-clock]
Translating task...
Processing axioms...
Simplifying axioms... [0.000s CPU, 0.000s wall-clock]
Translator axioms removed by simplifying: 0
Processing axioms: [0.000s CPU, 0.000s wall-clock]
Translating task: [0.000s CPU, 0.003s wall-clock]
145 effect conditions simplified
0 implied preconditions added
Detecting unreachable propositions...
1 operators removed
0 axioms removed
73 propositions removed
Detecting unreachable propositions: [0.000s CPU, 0.001s wall-clock]
Reordering and filtering variables...
23 of 23 variables necessary.
0 of 7 mutex groups necessary.
74 of 74 operators necessary.
0 of 0 axiom rules necessary.
Reordering and filtering variables: [0.010s CPU, 0.001s wall-clock]
Translator variables: 23
Translator derived variables: 0
Translator facts: 56
Translator goal facts: 2
Translator mutex groups: 0
Translator total mutex groups size: 0
Translator operators: 74
Translator axioms: 0
Translator task size: 1071
warning: could not determine peak memory
Writing output... [0.000s CPU, 0.001s wall-clock]
Done! [0.020s CPU, 0.015s wall-clock]
b"Warning: name clash between type and predicate 'boss-phase'.\nInterpreting as predicate in conditions.\nWarning: name clash between type and predicate 'player-level'.\nInterpreting as predicate in conditions.\n"
translate exit code: 0

INFO     Running search (release).
INFO     search stdin: output.sas
INFO     search time limit: 1800s
INFO     search memory limit: None
INFO     search command line string: /Users/vramos/Master_uc3m/PlanifAuto/downward/builds/release/bin/downward --search --if-unit-cost 'let(hlm,landmark_sum(lm_reasonable_orders_hps(lm_rhw()),pref=true),let(hff,ff(),iterated([lazy_greedy([hff,hlm],preferred=[hff,hlm]),lazy_wastar([hff,hlm],preferred=[hff,hlm],w=5),lazy_wastar([hff,hlm],preferred=[hff,hlm],w=3),lazy_wastar([hff,hlm],preferred=[hff,hlm],w=2),lazy_wastar([hff,hlm],preferred=[hff,hlm],w=1)],repeat_last=true,continue_on_fail=true)))' --if-non-unit-cost 'let(hlm1,landmark_sum(lm_reasonable_orders_hps(lm_rhw()),transform=adapt_costs(one),pref=true),let(hff1,ff(transform=adapt_costs(one)),let(hlm2,landmark_sum(lm_reasonable_orders_hps(lm_rhw()),transform=adapt_costs(plusone),pref=true),let(hff2,ff(transform=adapt_costs(plusone)),iterated([lazy_greedy([hff1,hlm1],preferred=[hff1,hlm1],cost_type=one,reopen_closed=false),lazy_greedy([hff2,hlm2],preferred=[hff2,hlm2],reopen_closed=false),lazy_wastar([hff2,hlm2],preferred=[hff2,hlm2],w=5),lazy_wastar([hff2,hlm2],preferred=[hff2,hlm2],w=3),lazy_wastar([hff2,hlm2],preferred=[hff2,hlm2],w=2),lazy_wastar([hff2,hlm2],preferred=[hff2,hlm2],w=1)],repeat_last=true,continue_on_fail=true)))))' --always --internal-plan-file sas_plan < output.sas
[t=0.000190s, 435303584 KB] Search code revision: 505701e0f
[t=0.000201s, 435303584 KB] reading input...
[t=0.000688s, 435303584 KB] done reading input!
[t=0.001975s, 435307680 KB] Initializing landmark sum heuristic...
[t=0.001982s, 435307680 KB] Generating landmark graph...
[t=0.001994s, 435307680 KB] Building a landmark graph with reasonable orders.
[t=0.002005s, 435307680 KB] Initializing Exploration...
[t=0.002056s, 435307680 KB] Generating landmarks using the RPG/SAS+ approach
[t=0.002226s, 435307680 KB] Landmarks generation time: 0.000230s
[t=0.002230s, 435307680 KB] Discovered 12 landmarks, of which 0 are disjunctive and 0 are conjunctive.
[t=0.002233s, 435307680 KB] There are 47 landmark orderings.
[t=0.002237s, 435307680 KB] approx. reasonable orders
[t=0.002259s, 435307680 KB] Landmarks generation time: 0.000275s
[t=0.002262s, 435307680 KB] Discovered 12 landmarks, of which 0 are disjunctive and 0 are conjunctive.
[t=0.002264s, 435307680 KB] There are 50 landmark orderings.
[t=0.002266s, 435307680 KB] Landmark graph generation time: 0.000285s
[t=0.002269s, 435307680 KB] Landmark graph contains 12 landmarks, of which 0 are disjunctive and 0 are conjunctive.
[t=0.002271s, 435307680 KB] Landmark graph contains 50 orderings.
[t=0.002333s, 435307680 KB] Simplifying 366 unary operators... done! [330 unary operators]
[t=0.002598s, 435307680 KB] time to simplify: 0.000267s
[t=0.002621s, 435307680 KB] Initializing additive heuristic...
[t=0.002626s, 435307680 KB] Initializing FF heuristic...
[t=0.002677s, 435307680 KB] Building successor generator...done!
[t=0.002703s, 435307680 KB] peak memory difference for successor generator creation: 0 KB
[t=0.002706s, 435307680 KB] time for successor generation creation: 0.000018s
[t=0.002709s, 435307680 KB] Variables: 23
[t=0.002711s, 435307680 KB] FactPairs: 56
[t=0.002714s, 435307680 KB] Bytes per state: 4
[t=0.002750s, 435307680 KB] Building successor generator...done!
[t=0.002756s, 435307680 KB] peak memory difference for successor generator creation: 0 KB
[t=0.002758s, 435307680 KB] time for successor generation creation: 0.000000s
[t=0.002761s, 435307680 KB] Variables: 23
[t=0.002763s, 435307680 KB] FactPairs: 56
[t=0.002766s, 435307680 KB] Bytes per state: 4
[t=0.002773s, 435307680 KB] Starting search: lazy_greedy
[t=0.002775s, 435307680 KB] Conducting lazy best first search, (real) bound = 2147483647
[t=0.002792s, 435307680 KB] New best heuristic value for landmark_sum_heuristic: 9
[t=0.002796s, 435307680 KB] New best heuristic value for ff: 7
[t=0.002799s, 435307680 KB] g=0, 1 evaluated, 0 expanded
[t=0.002806s, 435307680 KB] Initial heuristic value for landmark_sum_heuristic: 9
[t=0.002809s, 435307680 KB] Initial heuristic value for ff: 7
[t=0.002818s, 435307680 KB] New best heuristic value for landmark_sum_heuristic: 8
[t=0.002821s, 435307680 KB] g=1, 2 evaluated, 1 expanded
[t=0.002832s, 435307680 KB] New best heuristic value for landmark_sum_heuristic: 7
[t=0.002835s, 435307680 KB] g=2, 3 evaluated, 2 expanded
[t=0.002844s, 435307680 KB] New best heuristic value for landmark_sum_heuristic: 6
[t=0.002846s, 435307680 KB] g=3, 4 evaluated, 3 expanded
[t=0.002855s, 435307680 KB] New best heuristic value for landmark_sum_heuristic: 5
[t=0.002857s, 435307680 KB] New best heuristic value for ff: 6
[t=0.002860s, 435307680 KB] g=4, 5 evaluated, 4 expanded
[t=0.002873s, 435307680 KB] New best heuristic value for landmark_sum_heuristic: 4
[t=0.002882s, 435307680 KB] New best heuristic value for ff: 5
[t=0.002884s, 435307680 KB] g=6, 8 evaluated, 6 expanded
[t=0.002892s, 435307680 KB] New best heuristic value for landmark_sum_heuristic: 2
[t=0.002894s, 435307680 KB] New best heuristic value for ff: 4
[t=0.002896s, 435307680 KB] g=7, 9 evaluated, 7 expanded
[t=0.002904s, 435307680 KB] New best heuristic value for ff: 3
[t=0.002907s, 435307680 KB] g=8, 10 evaluated, 8 expanded
[t=0.002915s, 435307680 KB] New best heuristic value for ff: 2
[t=0.002917s, 435307680 KB] g=9, 11 evaluated, 9 expanded
[t=0.002924s, 435307680 KB] New best heuristic value for landmark_sum_heuristic: 1
[t=0.002926s, 435307680 KB] New best heuristic value for ff: 1
[t=0.002929s, 435307680 KB] g=10, 12 evaluated, 10 expanded
[t=0.002935s, 435307680 KB] Solution found!
[t=0.002938s, 435307680 KB] Actual search time: 0.000158s
move firelink long-road (1)
move long-road mid-camp (1)
move mid-camp boss-lair (1)
attack-boss lair-boss boss-lair hp2 hp1 bp2 bp1 (1)
drink-estus e1 hp1 hp2 hp2 (1)
attack-boss lair-boss boss-lair hp2 hp1 bp1 bp0 (1)
kill-boss lair-boss boss-lair w1 e2 bp0 (1)
move boss-lair mid-camp (1)
move mid-camp long-road (1)
move long-road firelink (1)
deposit-soul lair-boss firelink (1)
[t=0.003095s, 435307680 KB] Plan length: 11 step(s).
[t=0.003099s, 435307680 KB] Plan cost: 11
[t=0.003102s, 435307680 KB] Expanded 11 state(s).
[t=0.003104s, 435307680 KB] Reopened 0 state(s).
[t=0.003107s, 435307680 KB] Evaluated 13 state(s).
[t=0.003110s, 435307680 KB] Evaluations: 25
[t=0.003112s, 435307680 KB] Generated 32 state(s).
[t=0.003114s, 435307680 KB] Dead ends: 1 state(s).
[t=0.003117s, 435307680 KB] Number of registered states: 13
[t=0.003119s, 435307680 KB] Int hash set load factor: 13/16 = 0.812500
[t=0.003122s, 435307680 KB] Int hash set resizes: 4
[t=0.003124s, 435307680 KB] Best solution cost so far: 11
[t=0.003127s, 435307680 KB] Solution found - keep searching
[t=0.003145s, 435307680 KB] Building successor generator...done!
[t=0.003150s, 435307680 KB] peak memory difference for successor generator creation: 0 KB
[t=0.003152s, 435307680 KB] time for successor generation creation: 0.000000s
[t=0.003155s, 435307680 KB] Variables: 23
[t=0.003157s, 435307680 KB] FactPairs: 56
[t=0.003159s, 435307680 KB] Bytes per state: 4
[t=0.003163s, 435307680 KB] Starting search: lazy_wastar
[t=0.003165s, 435307680 KB] Conducting lazy best first search, (real) bound = 11
[t=0.003175s, 435307680 KB] New best heuristic value for landmark_sum_heuristic: 9
[t=0.003178s, 435307680 KB] New best heuristic value for ff: 7
[t=0.003181s, 435307680 KB] g=0, 1 evaluated, 0 expanded
[t=0.003185s, 435307680 KB] Initial heuristic value for landmark_sum_heuristic: 9
[t=0.003187s, 435307680 KB] Initial heuristic value for ff: 7
[t=0.003194s, 435307680 KB] New best heuristic value for landmark_sum_heuristic: 8
[t=0.003196s, 435307680 KB] g=1, 2 evaluated, 1 expanded
[t=0.003206s, 435307680 KB] New best heuristic value for landmark_sum_heuristic: 7
[t=0.003208s, 435307680 KB] g=2, 3 evaluated, 2 expanded
[t=0.003217s, 435307680 KB] New best heuristic value for landmark_sum_heuristic: 6
[t=0.003219s, 435307680 KB] g=3, 4 evaluated, 3 expanded
[t=0.003226s, 435307680 KB] New best heuristic value for landmark_sum_heuristic: 5
[t=0.003228s, 435307680 KB] New best heuristic value for ff: 6
[t=0.003230s, 435307680 KB] g=4, 5 evaluated, 4 expanded
[t=0.003243s, 435307680 KB] New best heuristic value for landmark_sum_heuristic: 4
[t=0.003245s, 435307680 KB] New best heuristic value for ff: 5
[t=0.003248s, 435307680 KB] g=6, 8 evaluated, 6 expanded
[t=0.003255s, 435307680 KB] New best heuristic value for landmark_sum_heuristic: 2
[t=0.003257s, 435307680 KB] New best heuristic value for ff: 4
[t=0.003259s, 435307680 KB] g=7, 9 evaluated, 7 expanded
[t=0.003266s, 435307680 KB] New best heuristic value for ff: 3
[t=0.003268s, 435307680 KB] g=8, 10 evaluated, 8 expanded
[t=0.003276s, 435307680 KB] New best heuristic value for ff: 2
[t=0.003278s, 435307680 KB] g=9, 11 evaluated, 9 expanded
[t=0.003285s, 435307680 KB] New best heuristic value for landmark_sum_heuristic: 1
[t=0.003290s, 435307680 KB] New best heuristic value for ff: 1
[t=0.003292s, 435307680 KB] g=10, 12 evaluated, 10 expanded
[t=0.009059s, 435307680 KB] Completely explored state space -- no solution!
[t=0.009064s, 435307680 KB] Actual search time: 0.005895s
[t=0.009066s, 435307680 KB] Expanded 1195 state(s).
[t=0.009069s, 435307680 KB] Reopened 14 state(s).
[t=0.009071s, 435307680 KB] Evaluated 1344 state(s).
[t=0.009074s, 435307680 KB] Evaluations: 2525
[t=0.009076s, 435307680 KB] Generated 3597 state(s).
[t=0.009078s, 435307680 KB] Dead ends: 149 state(s).
[t=0.009081s, 435307680 KB] Number of registered states: 1330
[t=0.009083s, 435307680 KB] Int hash set load factor: 1330/2048 = 0.649414
[t=0.009086s, 435307680 KB] Int hash set resizes: 11
[t=0.009089s, 435307680 KB] Best solution cost so far: 11
[t=0.009091s, 435307680 KB] No solution found - keep searching
[t=0.009108s, 435307680 KB] Building successor generator...done!
[t=0.009114s, 435307680 KB] peak memory difference for successor generator creation: 0 KB
[t=0.009116s, 435307680 KB] time for successor generation creation: 0.000000s
[t=0.009119s, 435307680 KB] Variables: 23
[t=0.009121s, 435307680 KB] FactPairs: 56
[t=0.009124s, 435307680 KB] Bytes per state: 4
[t=0.009128s, 435307680 KB] Starting search: lazy_wastar
[t=0.009130s, 435307680 KB] Conducting lazy best first search, (real) bound = 11
[t=0.009138s, 435307680 KB] New best heuristic value for landmark_sum_heuristic: 9
[t=0.009141s, 435307680 KB] New best heuristic value for ff: 7
[t=0.009143s, 435307680 KB] g=0, 1 evaluated, 0 expanded
[t=0.009148s, 435307680 KB] Initial heuristic value for landmark_sum_heuristic: 9
[t=0.009150s, 435307680 KB] Initial heuristic value for ff: 7
[t=0.009157s, 435307680 KB] New best heuristic value for landmark_sum_heuristic: 8
[t=0.009160s, 435307680 KB] g=1, 2 evaluated, 1 expanded
[t=0.009169s, 435307680 KB] New best heuristic value for landmark_sum_heuristic: 7
[t=0.009172s, 435307680 KB] g=2, 3 evaluated, 2 expanded
[t=0.009180s, 435307680 KB] New best heuristic value for landmark_sum_heuristic: 6
[t=0.009183s, 435307680 KB] g=3, 4 evaluated, 3 expanded
[t=0.009191s, 435307680 KB] New best heuristic value for landmark_sum_heuristic: 5
[t=0.009193s, 435307680 KB] New best heuristic value for ff: 6
[t=0.009196s, 435307680 KB] g=4, 5 evaluated, 4 expanded
[t=0.009210s, 435307680 KB] New best heuristic value for landmark_sum_heuristic: 4
[t=0.009212s, 435307680 KB] New best heuristic value for ff: 5
[t=0.009215s, 435307680 KB] g=6, 8 evaluated, 6 expanded
[t=0.009222s, 435307680 KB] New best heuristic value for landmark_sum_heuristic: 2
[t=0.009225s, 435307680 KB] New best heuristic value for ff: 4
[t=0.009227s, 435307680 KB] g=7, 9 evaluated, 7 expanded
[t=0.009235s, 435307680 KB] New best heuristic value for ff: 3
[t=0.009238s, 435307680 KB] g=8, 10 evaluated, 8 expanded
[t=0.009247s, 435307680 KB] New best heuristic value for ff: 2
[t=0.009250s, 435307680 KB] g=9, 11 evaluated, 9 expanded
[t=0.009258s, 435307680 KB] New best heuristic value for landmark_sum_heuristic: 1
[t=0.009260s, 435307680 KB] New best heuristic value for ff: 1
[t=0.009263s, 435307680 KB] g=10, 12 evaluated, 10 expanded
[t=0.014840s, 435307680 KB] Completely explored state space -- no solution!
[t=0.014844s, 435307680 KB] Actual search time: 0.005712s
[t=0.014847s, 435307680 KB] Expanded 1198 state(s).
[t=0.014849s, 435307680 KB] Reopened 17 state(s).
[t=0.014851s, 435307680 KB] Evaluated 1347 state(s).
[t=0.014853s, 435307680 KB] Evaluations: 2528
[t=0.014855s, 435307680 KB] Generated 3609 state(s).
[t=0.014857s, 435307680 KB] Dead ends: 149 state(s).
[t=0.014859s, 435307680 KB] Number of registered states: 1330
[t=0.014861s, 435307680 KB] Int hash set load factor: 1330/2048 = 0.649414
[t=0.014864s, 435307680 KB] Int hash set resizes: 11
[t=0.014866s, 435307680 KB] Best solution cost so far: 11
[t=0.014868s, 435307680 KB] No solution found - keep searching
[t=0.014881s, 435307680 KB] Building successor generator...done!
[t=0.014886s, 435307680 KB] peak memory difference for successor generator creation: 0 KB
[t=0.014892s, 435307680 KB] time for successor generation creation: 0.000000s
[t=0.014895s, 435307680 KB] Variables: 23
[t=0.014897s, 435307680 KB] FactPairs: 56
[t=0.014899s, 435307680 KB] Bytes per state: 4
[t=0.014903s, 435307680 KB] Starting search: lazy_wastar
[t=0.014905s, 435307680 KB] Conducting lazy best first search, (real) bound = 11
[t=0.014912s, 435307680 KB] New best heuristic value for landmark_sum_heuristic: 9
[t=0.014914s, 435307680 KB] New best heuristic value for ff: 7
[t=0.014916s, 435307680 KB] g=0, 1 evaluated, 0 expanded
[t=0.014920s, 435307680 KB] Initial heuristic value for landmark_sum_heuristic: 9
[t=0.014922s, 435307680 KB] Initial heuristic value for ff: 7
[t=0.014928s, 435307680 KB] New best heuristic value for landmark_sum_heuristic: 8
[t=0.014931s, 435307680 KB] g=1, 2 evaluated, 1 expanded
[t=0.014939s, 435307680 KB] New best heuristic value for landmark_sum_heuristic: 7
[t=0.014941s, 435307680 KB] g=2, 3 evaluated, 2 expanded
[t=0.014949s, 435307680 KB] New best heuristic value for landmark_sum_heuristic: 6
[t=0.014951s, 435307680 KB] g=3, 4 evaluated, 3 expanded
[t=0.014958s, 435307680 KB] New best heuristic value for landmark_sum_heuristic: 5
[t=0.014960s, 435307680 KB] New best heuristic value for ff: 6
[t=0.014963s, 435307680 KB] g=4, 5 evaluated, 4 expanded
[t=0.014975s, 435307680 KB] New best heuristic value for landmark_sum_heuristic: 4
[t=0.014977s, 435307680 KB] New best heuristic value for ff: 5
[t=0.014979s, 435307680 KB] g=6, 8 evaluated, 6 expanded
[t=0.014986s, 435307680 KB] New best heuristic value for landmark_sum_heuristic: 2
[t=0.014988s, 435307680 KB] New best heuristic value for ff: 4
[t=0.014990s, 435307680 KB] g=7, 9 evaluated, 7 expanded
[t=0.014997s, 435307680 KB] New best heuristic value for ff: 3
[t=0.014999s, 435307680 KB] g=8, 10 evaluated, 8 expanded
[t=0.015007s, 435307680 KB] New best heuristic value for ff: 2
[t=0.015009s, 435307680 KB] g=9, 11 evaluated, 9 expanded
[t=0.015016s, 435307680 KB] New best heuristic value for landmark_sum_heuristic: 1
[t=0.015019s, 435307680 KB] New best heuristic value for ff: 1
[t=0.015021s, 435307680 KB] g=10, 12 evaluated, 10 expanded
[t=0.020549s, 435307680 KB] Completely explored state space -- no solution!
[t=0.020551s, 435307680 KB] Actual search time: 0.005644s
[t=0.020554s, 435307680 KB] Expanded 1200 state(s).
[t=0.020556s, 435307680 KB] Reopened 19 state(s).
[t=0.020558s, 435307680 KB] Evaluated 1349 state(s).
[t=0.020560s, 435307680 KB] Evaluations: 2530
[t=0.020562s, 435307680 KB] Generated 3620 state(s).
[t=0.020565s, 435307680 KB] Dead ends: 149 state(s).
[t=0.020567s, 435307680 KB] Number of registered states: 1330
[t=0.020569s, 435307680 KB] Int hash set load factor: 1330/2048 = 0.649414
[t=0.020571s, 435307680 KB] Int hash set resizes: 11
[t=0.020573s, 435307680 KB] Best solution cost so far: 11
[t=0.020576s, 435307680 KB] No solution found - keep searching
[t=0.020588s, 435307680 KB] Building successor generator...done!
[t=0.020593s, 435307680 KB] peak memory difference for successor generator creation: 0 KB
[t=0.020595s, 435307680 KB] time for successor generation creation: 0.000000s
[t=0.020598s, 435307680 KB] Variables: 23
[t=0.020600s, 435307680 KB] FactPairs: 56
[t=0.020602s, 435307680 KB] Bytes per state: 4
[t=0.020606s, 435307680 KB] Starting search: lazy_wastar
[t=0.020608s, 435307680 KB] Conducting lazy best first search, (real) bound = 11
[t=0.020614s, 435307680 KB] New best heuristic value for ff: 7
[t=0.020617s, 435307680 KB] New best heuristic value for landmark_sum_heuristic: 9
[t=0.020619s, 435307680 KB] g=0, 1 evaluated, 0 expanded
[t=0.020623s, 435307680 KB] Initial heuristic value for ff: 7
[t=0.020625s, 435307680 KB] Initial heuristic value for landmark_sum_heuristic: 9
[t=0.020631s, 435307680 KB] New best heuristic value for landmark_sum_heuristic: 8
[t=0.020633s, 435307680 KB] g=1, 2 evaluated, 1 expanded
[t=0.020642s, 435307680 KB] New best heuristic value for landmark_sum_heuristic: 7
[t=0.020644s, 435307680 KB] g=2, 3 evaluated, 2 expanded
[t=0.020654s, 435307680 KB] New best heuristic value for landmark_sum_heuristic: 6
[t=0.020656s, 435307680 KB] g=3, 4 evaluated, 3 expanded
[t=0.020663s, 435307680 KB] New best heuristic value for ff: 6
[t=0.020665s, 435307680 KB] New best heuristic value for landmark_sum_heuristic: 5
[t=0.020667s, 435307680 KB] g=4, 5 evaluated, 4 expanded
[t=0.020763s, 435307680 KB] New best heuristic value for ff: 5
[t=0.020766s, 435307680 KB] New best heuristic value for landmark_sum_heuristic: 4
[t=0.020768s, 435307680 KB] g=6, 28 evaluated, 22 expanded
[t=0.020774s, 435307680 KB] New best heuristic value for ff: 4
[t=0.020776s, 435307680 KB] New best heuristic value for landmark_sum_heuristic: 2
[t=0.020778s, 435307680 KB] g=7, 29 evaluated, 23 expanded
[t=0.020785s, 435307680 KB] New best heuristic value for ff: 3
[t=0.020787s, 435307680 KB] g=8, 30 evaluated, 24 expanded
[t=0.020803s, 435307680 KB] New best heuristic value for ff: 2
[t=0.020805s, 435307680 KB] g=9, 33 evaluated, 27 expanded
[t=0.020816s, 435307680 KB] New best heuristic value for ff: 1
[t=0.020818s, 435307680 KB] New best heuristic value for landmark_sum_heuristic: 1
[t=0.020820s, 435307680 KB] g=10, 35 evaluated, 29 expanded
[t=0.026004s, 435307680 KB] Completely explored state space -- no solution!
[t=0.026007s, 435307680 KB] Actual search time: 0.005398s
[t=0.026010s, 435307680 KB] Expanded 1198 state(s).
[t=0.026012s, 435307680 KB] Reopened 17 state(s).
[t=0.026014s, 435307680 KB] Evaluated 1347 state(s).
[t=0.026016s, 435307680 KB] Evaluations: 2528
[t=0.026018s, 435307680 KB] Generated 3616 state(s).
[t=0.026020s, 435307680 KB] Dead ends: 149 state(s).
[t=0.026022s, 435307680 KB] Number of registered states: 1330
[t=0.026024s, 435307680 KB] Int hash set load factor: 1330/2048 = 0.649414
[t=0.026027s, 435307680 KB] Int hash set resizes: 11
[t=0.026029s, 435307680 KB] Best solution cost so far: 11
[t=0.026031s, 435307680 KB] No solution found - keep searching
[t=0.026034s, 435307680 KB] Actual search time: 0.023299s
[t=0.026036s, 435307680 KB] Cumulative statistics:
[t=0.026036s, 435307680 KB] Expanded 4802 state(s).
[t=0.026036s, 435307680 KB] Reopened 67 state(s).
[t=0.026036s, 435307680 KB] Evaluated 5400 state(s).
[t=0.026036s, 435307680 KB] Evaluations: 10136
[t=0.026036s, 435307680 KB] Generated 14474 state(s).
[t=0.026036s, 435307680 KB] Dead ends: 0 state(s).
[t=0.026036s, 435307680 KB] Search time: 0.023301s
[t=0.026036s, 435307680 KB] Total time: 0.026036s
Solution found.
Peak memory: 435307680 KB
Remove intermediate file output.sas
search exit code: 0

INFO     Planner time: 0.09s

=== Experiment Summary ===
End Time: 2025-12-16 11:43:12
Runtime: 0 seconds
Exit Code: 0
Status: SUCCESS
Explanation: SUCCESS (solution found)
