=== Fast Downward Experiment Log ===
Domain: darksouls-fd
Planner: lama (seq-sat-lama-2011)
Problem: problem-02.pddl
Time Limit: 1800 seconds
Start Time: 2025-12-16 11:43:05
Domain File: .//darksouls-fd/domain.pddl
Problem File: .//darksouls-fd/problem-02.pddl

=== Fast Downward Output ===
INFO     planner time limit: None
INFO     planner memory limit: None

INFO     Running translator.
INFO     translator stdin: None
INFO     translator time limit: None
INFO     translator memory limit: None
INFO     translator command line string: /opt/homebrew/opt/python@3.14/bin/python3.14 -m translate darksouls-fd/domain.pddl darksouls-fd/problem-02.pddl --sas-file output.sas
Parsing...
Parsing: [0.000s CPU, 0.003s wall-clock]
Normalizing task... [0.010s CPU, 0.000s wall-clock]
Instantiating...
Generating Datalog program... [0.000s CPU, 0.000s wall-clock]
Normalizing Datalog program...
Unbound effect variables: Adding @object predicate.
Normalizing Datalog program: [0.000s CPU, 0.001s wall-clock]
Preparing model... [0.000s CPU, 0.001s wall-clock]
Generated 130 rules.
Computing model... [0.000s CPU, 0.001s wall-clock]
358 relevant atoms
344 auxiliary atoms
702 final queue length
869 total queue pushes
Completing instantiation... [0.000s CPU, 0.001s wall-clock]
Instantiating: [0.000s CPU, 0.005s wall-clock]
Computing fact groups...
Finding invariants...
47 initial candidates
Finding invariants: [0.000s CPU, 0.002s wall-clock]
Checking invariant weight... [0.000s CPU, 0.000s wall-clock]
Instantiating groups... [0.000s CPU, 0.000s wall-clock]
Collecting mutex groups... [0.000s CPU, 0.000s wall-clock]
Choosing groups...
53 uncovered facts
Choosing groups: [0.000s CPU, 0.000s wall-clock]
Building translation key... [0.000s CPU, 0.000s wall-clock]
Computing fact groups: [0.000s CPU, 0.002s wall-clock]
Building STRIPS to SAS dictionary... [0.000s CPU, 0.000s wall-clock]
Building dictionary for full mutex groups... [0.000s CPU, 0.000s wall-clock]
Building mutex information...
Building mutex information: [0.000s CPU, 0.000s wall-clock]
Translating task...
Processing axioms...
Simplifying axioms... [0.000s CPU, 0.000s wall-clock]
Translator axioms removed by simplifying: 0
Processing axioms: [0.000s CPU, 0.000s wall-clock]
Translating task: [0.000s CPU, 0.003s wall-clock]
164 effect conditions simplified
0 implied preconditions added
Detecting unreachable propositions...
4 operators removed
0 axioms removed
72 propositions removed
Detecting unreachable propositions: [0.010s CPU, 0.001s wall-clock]
Reordering and filtering variables...
26 of 26 variables necessary.
0 of 10 mutex groups necessary.
83 of 83 operators necessary.
0 of 0 axiom rules necessary.
Reordering and filtering variables: [0.000s CPU, 0.001s wall-clock]
Translator variables: 26
Translator derived variables: 0
Translator facts: 64
Translator goal facts: 2
Translator mutex groups: 0
Translator total mutex groups size: 0
Translator operators: 83
Translator axioms: 0
Translator task size: 1174
warning: could not determine peak memory
Writing output... [0.000s CPU, 0.001s wall-clock]
Done! [0.020s CPU, 0.015s wall-clock]
b"Warning: name clash between type and predicate 'boss-phase'.\nInterpreting as predicate in conditions.\nWarning: name clash between type and predicate 'player-level'.\nInterpreting as predicate in conditions.\n"
translate exit code: 0

INFO     Running search (release).
INFO     search stdin: output.sas
INFO     search time limit: 1800s
INFO     search memory limit: None
INFO     search command line string: /Users/vramos/Master_uc3m/PlanifAuto/downward/builds/release/bin/downward --search --if-unit-cost 'let(hlm,landmark_sum(lm_reasonable_orders_hps(lm_rhw()),pref=true),let(hff,ff(),iterated([lazy_greedy([hff,hlm],preferred=[hff,hlm]),lazy_wastar([hff,hlm],preferred=[hff,hlm],w=5),lazy_wastar([hff,hlm],preferred=[hff,hlm],w=3),lazy_wastar([hff,hlm],preferred=[hff,hlm],w=2),lazy_wastar([hff,hlm],preferred=[hff,hlm],w=1)],repeat_last=true,continue_on_fail=true)))' --if-non-unit-cost 'let(hlm1,landmark_sum(lm_reasonable_orders_hps(lm_rhw()),transform=adapt_costs(one),pref=true),let(hff1,ff(transform=adapt_costs(one)),let(hlm2,landmark_sum(lm_reasonable_orders_hps(lm_rhw()),transform=adapt_costs(plusone),pref=true),let(hff2,ff(transform=adapt_costs(plusone)),iterated([lazy_greedy([hff1,hlm1],preferred=[hff1,hlm1],cost_type=one,reopen_closed=false),lazy_greedy([hff2,hlm2],preferred=[hff2,hlm2],reopen_closed=false),lazy_wastar([hff2,hlm2],preferred=[hff2,hlm2],w=5),lazy_wastar([hff2,hlm2],preferred=[hff2,hlm2],w=3),lazy_wastar([hff2,hlm2],preferred=[hff2,hlm2],w=2),lazy_wastar([hff2,hlm2],preferred=[hff2,hlm2],w=1)],repeat_last=true,continue_on_fail=true)))))' --always --internal-plan-file sas_plan < output.sas
[t=0.000171s, 435303328 KB] Search code revision: 505701e0f
[t=0.000182s, 435303328 KB] reading input...
[t=0.000724s, 435303328 KB] done reading input!
[t=0.002000s, 435307424 KB] Initializing landmark sum heuristic...
[t=0.002005s, 435307424 KB] Generating landmark graph...
[t=0.002018s, 435307424 KB] Building a landmark graph with reasonable orders.
[t=0.002028s, 435307424 KB] Initializing Exploration...
[t=0.002085s, 435307424 KB] Generating landmarks using the RPG/SAS+ approach
[t=0.002299s, 435307424 KB] Landmarks generation time: 0.000280s
[t=0.002303s, 435307424 KB] Discovered 16 landmarks, of which 0 are disjunctive and 0 are conjunctive.
[t=0.002305s, 435307424 KB] There are 57 landmark orderings.
[t=0.002308s, 435307424 KB] approx. reasonable orders
[t=0.002336s, 435307424 KB] Landmarks generation time: 0.000329s
[t=0.002338s, 435307424 KB] Discovered 16 landmarks, of which 0 are disjunctive and 0 are conjunctive.
[t=0.002341s, 435307424 KB] There are 59 landmark orderings.
[t=0.002343s, 435307424 KB] Landmark graph generation time: 0.000340s
[t=0.002346s, 435307424 KB] Landmark graph contains 16 landmarks, of which 0 are disjunctive and 0 are conjunctive.
[t=0.002348s, 435307424 KB] Landmark graph contains 59 orderings.
[t=0.002414s, 435307424 KB] Simplifying 405 unary operators... done! [369 unary operators]
[t=0.002711s, 435307424 KB] time to simplify: 0.000299s
[t=0.002734s, 435307424 KB] Initializing additive heuristic...
[t=0.002737s, 435307424 KB] Initializing FF heuristic...
[t=0.002788s, 435307424 KB] Building successor generator...done!
[t=0.002813s, 435307424 KB] peak memory difference for successor generator creation: 0 KB
[t=0.002815s, 435307424 KB] time for successor generation creation: 0.000020s
[t=0.002819s, 435307424 KB] Variables: 26
[t=0.002821s, 435307424 KB] FactPairs: 64
[t=0.002823s, 435307424 KB] Bytes per state: 8
[t=0.002860s, 435307424 KB] Building successor generator...done!
[t=0.002865s, 435307424 KB] peak memory difference for successor generator creation: 0 KB
[t=0.002867s, 435307424 KB] time for successor generation creation: 0.000000s
[t=0.002870s, 435307424 KB] Variables: 26
[t=0.002873s, 435307424 KB] FactPairs: 64
[t=0.002875s, 435307424 KB] Bytes per state: 8
[t=0.002883s, 435307424 KB] Starting search: lazy_greedy
[t=0.002886s, 435307424 KB] Conducting lazy best first search, (real) bound = 2147483647
[t=0.002903s, 435307424 KB] New best heuristic value for landmark_sum_heuristic: 11
[t=0.002906s, 435307424 KB] New best heuristic value for ff: 10
[t=0.002909s, 435307424 KB] g=0, 1 evaluated, 0 expanded
[t=0.002915s, 435307424 KB] Initial heuristic value for landmark_sum_heuristic: 11
[t=0.002918s, 435307424 KB] Initial heuristic value for ff: 10
[t=0.002930s, 435307424 KB] New best heuristic value for landmark_sum_heuristic: 10
[t=0.002933s, 435307424 KB] g=1, 2 evaluated, 1 expanded
[t=0.002943s, 435307424 KB] New best heuristic value for landmark_sum_heuristic: 9
[t=0.002946s, 435307424 KB] g=2, 3 evaluated, 2 expanded
[t=0.002955s, 435307424 KB] New best heuristic value for landmark_sum_heuristic: 8
[t=0.002957s, 435307424 KB] New best heuristic value for ff: 9
[t=0.002960s, 435307424 KB] g=3, 4 evaluated, 3 expanded
[t=0.002985s, 435307424 KB] New best heuristic value for landmark_sum_heuristic: 7
[t=0.002988s, 435307424 KB] New best heuristic value for ff: 8
[t=0.002990s, 435307424 KB] g=5, 10 evaluated, 6 expanded
[t=0.003001s, 435307424 KB] New best heuristic value for landmark_sum_heuristic: 6
[t=0.003008s, 435307424 KB] New best heuristic value for ff: 7
[t=0.003011s, 435307424 KB] g=6, 11 evaluated, 7 expanded
[t=0.003034s, 435307424 KB] New best heuristic value for landmark_sum_heuristic: 5
[t=0.003037s, 435307424 KB] New best heuristic value for ff: 6
[t=0.003039s, 435307424 KB] g=9, 15 evaluated, 10 expanded
[t=0.003146s, 435307424 KB] New best heuristic value for landmark_sum_heuristic: 4
[t=0.003149s, 435307424 KB] New best heuristic value for ff: 5
[t=0.003152s, 435307424 KB] g=13, 41 evaluated, 29 expanded
[t=0.003177s, 435307424 KB] New best heuristic value for landmark_sum_heuristic: 3
[t=0.003179s, 435307424 KB] New best heuristic value for ff: 4
[t=0.003182s, 435307424 KB] g=15, 46 evaluated, 33 expanded
[t=0.003189s, 435307424 KB] New best heuristic value for landmark_sum_heuristic: 2
[t=0.003191s, 435307424 KB] New best heuristic value for ff: 3
[t=0.003193s, 435307424 KB] g=16, 47 evaluated, 34 expanded
[t=0.003202s, 435307424 KB] New best heuristic value for ff: 2
[t=0.003204s, 435307424 KB] g=17, 48 evaluated, 35 expanded
[t=0.003212s, 435307424 KB] New best heuristic value for landmark_sum_heuristic: 1
[t=0.003214s, 435307424 KB] New best heuristic value for ff: 1
[t=0.003216s, 435307424 KB] g=18, 49 evaluated, 36 expanded
[t=0.003223s, 435307424 KB] Solution found!
[t=0.003227s, 435307424 KB] Actual search time: 0.000337s
move firelink burg-square (1)
move burg-square gargoyle-rooftop (1)
attack-boss gargoyle1 gargoyle-rooftop hp2 hp1 bp2 bp1 (1)
drink-estus e1 hp1 hp2 hp2 (1)
attack-boss gargoyle1 gargoyle-rooftop hp2 hp1 bp1 bp0 (1)
kill-boss gargoyle1 gargoyle-rooftop w0 e3 bp0 (1)
move gargoyle-rooftop burg-square (1)
move burg-square firelink (1)
deposit-soul gargoyle1 firelink (1)
rest firelink (1)
move firelink burg-square (1)
move burg-square gargoyle-rooftop (1)
attack-boss gargoyle2 gargoyle-rooftop hp2 hp1 bp2 bp1 (1)
drink-estus e3 hp1 hp2 hp2 (1)
attack-boss gargoyle2 gargoyle-rooftop hp2 hp1 bp1 bp0 (1)
kill-boss gargoyle2 gargoyle-rooftop w0 e4 bp0 (1)
move gargoyle-rooftop burg-square (1)
move burg-square firelink (1)
deposit-soul gargoyle2 firelink (1)
[t=0.003406s, 435307424 KB] Plan length: 19 step(s).
[t=0.003409s, 435307424 KB] Plan cost: 19
[t=0.003412s, 435307424 KB] Expanded 37 state(s).
[t=0.003415s, 435307424 KB] Reopened 0 state(s).
[t=0.003417s, 435307424 KB] Evaluated 50 state(s).
[t=0.003420s, 435307424 KB] Evaluations: 88
[t=0.003423s, 435307424 KB] Generated 172 state(s).
[t=0.003425s, 435307424 KB] Dead ends: 12 state(s).
[t=0.003427s, 435307424 KB] Number of registered states: 50
[t=0.003430s, 435307424 KB] Int hash set load factor: 50/64 = 0.781250
[t=0.003432s, 435307424 KB] Int hash set resizes: 6
[t=0.003435s, 435307424 KB] Best solution cost so far: 19
[t=0.003437s, 435307424 KB] Solution found - keep searching
[t=0.003456s, 435307424 KB] Building successor generator...done!
[t=0.003460s, 435307424 KB] peak memory difference for successor generator creation: 0 KB
[t=0.003463s, 435307424 KB] time for successor generation creation: 0.000000s
[t=0.003465s, 435307424 KB] Variables: 26
[t=0.003467s, 435307424 KB] FactPairs: 64
[t=0.003469s, 435307424 KB] Bytes per state: 8
[t=0.003474s, 435307424 KB] Starting search: lazy_wastar
[t=0.003476s, 435307424 KB] Conducting lazy best first search, (real) bound = 19
[t=0.003485s, 435307424 KB] New best heuristic value for landmark_sum_heuristic: 11
[t=0.003488s, 435307424 KB] New best heuristic value for ff: 10
[t=0.003490s, 435307424 KB] g=0, 1 evaluated, 0 expanded
[t=0.003495s, 435307424 KB] Initial heuristic value for landmark_sum_heuristic: 11
[t=0.003497s, 435307424 KB] Initial heuristic value for ff: 10
[t=0.003504s, 435307424 KB] New best heuristic value for landmark_sum_heuristic: 10
[t=0.003507s, 435307424 KB] g=1, 2 evaluated, 1 expanded
[t=0.003516s, 435307424 KB] New best heuristic value for landmark_sum_heuristic: 9
[t=0.003519s, 435307424 KB] g=2, 3 evaluated, 2 expanded
[t=0.003527s, 435307424 KB] New best heuristic value for landmark_sum_heuristic: 8
[t=0.003532s, 435307424 KB] New best heuristic value for ff: 9
[t=0.003534s, 435307424 KB] g=3, 4 evaluated, 3 expanded
[t=0.003559s, 435307424 KB] New best heuristic value for landmark_sum_heuristic: 7
[t=0.003562s, 435307424 KB] New best heuristic value for ff: 8
[t=0.003564s, 435307424 KB] g=5, 10 evaluated, 6 expanded
[t=0.003573s, 435307424 KB] New best heuristic value for landmark_sum_heuristic: 6
[t=0.003575s, 435307424 KB] New best heuristic value for ff: 7
[t=0.003577s, 435307424 KB] g=6, 11 evaluated, 7 expanded
[t=0.003599s, 435307424 KB] New best heuristic value for landmark_sum_heuristic: 5
[t=0.003602s, 435307424 KB] New best heuristic value for ff: 6
[t=0.003604s, 435307424 KB] g=9, 15 evaluated, 10 expanded
[t=0.003721s, 435307424 KB] New best heuristic value for landmark_sum_heuristic: 4
[t=0.003725s, 435307424 KB] New best heuristic value for ff: 5
[t=0.003728s, 435307424 KB] g=13, 41 evaluated, 29 expanded
[t=0.003756s, 435307424 KB] New best heuristic value for landmark_sum_heuristic: 3
[t=0.003761s, 435307424 KB] New best heuristic value for ff: 4
[t=0.003763s, 435307424 KB] g=15, 46 evaluated, 33 expanded
[t=0.003771s, 435307424 KB] New best heuristic value for landmark_sum_heuristic: 2
[t=0.003773s, 435307424 KB] New best heuristic value for ff: 3
[t=0.003775s, 435307424 KB] g=16, 47 evaluated, 34 expanded
[t=0.003784s, 435307424 KB] New best heuristic value for ff: 2
[t=0.003787s, 435307424 KB] g=17, 48 evaluated, 35 expanded
[t=0.003796s, 435307424 KB] New best heuristic value for landmark_sum_heuristic: 1
[t=0.003800s, 435307424 KB] New best heuristic value for ff: 1
[t=0.003803s, 435307424 KB] g=18, 49 evaluated, 36 expanded
[t=0.005565s, 435307424 KB] Solution found!
[t=0.005570s, 435307424 KB] Actual search time: 0.002092s
move firelink burg-square (1)
move burg-square gargoyle-rooftop (1)
attack-boss gargoyle1 gargoyle-rooftop hp2 hp1 bp2 bp1 (1)
drink-estus e1 hp1 hp2 hp2 (1)
attack-boss gargoyle1 gargoyle-rooftop hp2 hp1 bp1 bp0 (1)
kill-boss gargoyle1 gargoyle-rooftop w0 e3 bp0 (1)
drink-estus e3 hp1 hp2 hp2 (1)
attack-boss gargoyle2 gargoyle-rooftop hp2 hp1 bp2 bp1 (1)
drink-estus e2 hp1 hp2 hp2 (1)
attack-boss gargoyle2 gargoyle-rooftop hp2 hp1 bp1 bp0 (1)
kill-boss gargoyle2 gargoyle-rooftop w0 e4 bp0 (1)
move gargoyle-rooftop burg-square (1)
move burg-square firelink (1)
deposit-soul gargoyle1 firelink (1)
deposit-soul gargoyle2 firelink (1)
[t=0.005690s, 435307424 KB] Plan length: 15 step(s).
[t=0.005694s, 435307424 KB] Plan cost: 15
[t=0.005696s, 435307424 KB] Expanded 371 state(s).
[t=0.005699s, 435307424 KB] Reopened 8 state(s).
[t=0.005701s, 435307424 KB] Evaluated 459 state(s).
[t=0.005704s, 435307424 KB] Evaluations: 823
[t=0.005706s, 435307424 KB] Generated 1538 state(s).
[t=0.005708s, 435307424 KB] Dead ends: 87 state(s).
[t=0.005711s, 435307424 KB] Number of registered states: 451
[t=0.005713s, 435307424 KB] Int hash set load factor: 451/512 = 0.880859
[t=0.005716s, 435307424 KB] Int hash set resizes: 9
[t=0.005718s, 435307424 KB] Best solution cost so far: 15
[t=0.005720s, 435307424 KB] Solution found - keep searching
[t=0.005741s, 435307424 KB] Building successor generator...done!
[t=0.005747s, 435307424 KB] peak memory difference for successor generator creation: 0 KB
[t=0.005749s, 435307424 KB] time for successor generation creation: 0.000000s
[t=0.005752s, 435307424 KB] Variables: 26
[t=0.005754s, 435307424 KB] FactPairs: 64
[t=0.005757s, 435307424 KB] Bytes per state: 8
[t=0.005761s, 435307424 KB] Starting search: lazy_wastar
[t=0.005763s, 435307424 KB] Conducting lazy best first search, (real) bound = 15
[t=0.005771s, 435307424 KB] New best heuristic value for landmark_sum_heuristic: 11
[t=0.005774s, 435307424 KB] New best heuristic value for ff: 10
[t=0.005776s, 435307424 KB] g=0, 1 evaluated, 0 expanded
[t=0.005781s, 435307424 KB] Initial heuristic value for landmark_sum_heuristic: 11
[t=0.005783s, 435307424 KB] Initial heuristic value for ff: 10
[t=0.005790s, 435307424 KB] New best heuristic value for landmark_sum_heuristic: 10
[t=0.005793s, 435307424 KB] g=1, 2 evaluated, 1 expanded
[t=0.005811s, 435307424 KB] New best heuristic value for landmark_sum_heuristic: 9
[t=0.005814s, 435307424 KB] g=2, 3 evaluated, 2 expanded
[t=0.005822s, 435307424 KB] New best heuristic value for landmark_sum_heuristic: 8
[t=0.005825s, 435307424 KB] New best heuristic value for ff: 9
[t=0.005827s, 435307424 KB] g=3, 4 evaluated, 3 expanded
[t=0.005855s, 435307424 KB] New best heuristic value for landmark_sum_heuristic: 7
[t=0.005857s, 435307424 KB] New best heuristic value for ff: 8
[t=0.005860s, 435307424 KB] g=5, 10 evaluated, 6 expanded
[t=0.005869s, 435307424 KB] New best heuristic value for landmark_sum_heuristic: 6
[t=0.005872s, 435307424 KB] New best heuristic value for ff: 7
[t=0.005874s, 435307424 KB] g=6, 11 evaluated, 7 expanded
[t=0.005939s, 435307424 KB] New best heuristic value for landmark_sum_heuristic: 5
[t=0.005941s, 435307424 KB] New best heuristic value for ff: 6
[t=0.005944s, 435307424 KB] g=9, 24 evaluated, 16 expanded
[t=0.006038s, 435307424 KB] New best heuristic value for landmark_sum_heuristic: 4
[t=0.006040s, 435307424 KB] New best heuristic value for ff: 5
[t=0.006042s, 435307424 KB] g=11, 44 evaluated, 31 expanded
[t=0.006091s, 435307424 KB] New best heuristic value for landmark_sum_heuristic: 3
[t=0.006094s, 435307424 KB] New best heuristic value for ff: 4
[t=0.006096s, 435307424 KB] g=11, 54 evaluated, 40 expanded
[t=0.006103s, 435307424 KB] New best heuristic value for ff: 3
[t=0.006105s, 435307424 KB] g=12, 55 evaluated, 41 expanded
[t=0.006114s, 435307424 KB] New best heuristic value for landmark_sum_heuristic: 2
[t=0.006116s, 435307424 KB] New best heuristic value for ff: 2
[t=0.006118s, 435307424 KB] g=13, 56 evaluated, 42 expanded
[t=0.006126s, 435307424 KB] New best heuristic value for landmark_sum_heuristic: 1
[t=0.006129s, 435307424 KB] New best heuristic value for ff: 1
[t=0.006131s, 435307424 KB] g=14, 57 evaluated, 43 expanded
[t=0.112454s, 435307424 KB] Completely explored state space -- no solution!
[t=0.112470s, 435307424 KB] Actual search time: 0.106705s
[t=0.112473s, 435307424 KB] Expanded 20166 state(s).
[t=0.112476s, 435307424 KB] Reopened 2007 state(s).
[t=0.112479s, 435307424 KB] Evaluated 23669 state(s).
[t=0.112481s, 435307424 KB] Evaluations: 41828
[t=0.112484s, 435307424 KB] Generated 82958 state(s).
[t=0.112486s, 435307424 KB] Dead ends: 3503 state(s).
[t=0.112488s, 435307424 KB] Number of registered states: 21662
[t=0.112490s, 435307424 KB] Int hash set load factor: 21662/32768 = 0.661072
[t=0.112493s, 435307424 KB] Int hash set resizes: 15
[t=0.112495s, 435307424 KB] Best solution cost so far: 15
[t=0.112498s, 435307424 KB] No solution found - keep searching
[t=0.112527s, 435307424 KB] Building successor generator...done!
[t=0.112532s, 435307424 KB] peak memory difference for successor generator creation: 0 KB
[t=0.112534s, 435307424 KB] time for successor generation creation: 0.000000s
[t=0.112537s, 435307424 KB] Variables: 26
[t=0.112539s, 435307424 KB] FactPairs: 64
[t=0.112541s, 435307424 KB] Bytes per state: 8
[t=0.112546s, 435307424 KB] Starting search: lazy_wastar
[t=0.112548s, 435307424 KB] Conducting lazy best first search, (real) bound = 15
[t=0.112558s, 435307424 KB] New best heuristic value for landmark_sum_heuristic: 11
[t=0.112560s, 435307424 KB] New best heuristic value for ff: 10
[t=0.112562s, 435307424 KB] g=0, 1 evaluated, 0 expanded
[t=0.112567s, 435307424 KB] Initial heuristic value for landmark_sum_heuristic: 11
[t=0.112569s, 435307424 KB] Initial heuristic value for ff: 10
[t=0.112576s, 435307424 KB] New best heuristic value for landmark_sum_heuristic: 10
[t=0.112579s, 435307424 KB] g=1, 2 evaluated, 1 expanded
[t=0.112587s, 435307424 KB] New best heuristic value for landmark_sum_heuristic: 9
[t=0.112589s, 435307424 KB] g=2, 3 evaluated, 2 expanded
[t=0.112597s, 435307424 KB] New best heuristic value for landmark_sum_heuristic: 8
[t=0.112599s, 435307424 KB] New best heuristic value for ff: 9
[t=0.112601s, 435307424 KB] g=3, 4 evaluated, 3 expanded
[t=0.112625s, 435307424 KB] New best heuristic value for landmark_sum_heuristic: 7
[t=0.112634s, 435307424 KB] New best heuristic value for ff: 8
[t=0.112636s, 435307424 KB] g=5, 10 evaluated, 6 expanded
[t=0.112645s, 435307424 KB] New best heuristic value for landmark_sum_heuristic: 6
[t=0.112647s, 435307424 KB] New best heuristic value for ff: 7
[t=0.112649s, 435307424 KB] g=6, 11 evaluated, 7 expanded
[t=0.112717s, 435307424 KB] New best heuristic value for landmark_sum_heuristic: 5
[t=0.112719s, 435307424 KB] New best heuristic value for ff: 6
[t=0.112721s, 435307424 KB] g=9, 26 evaluated, 17 expanded
[t=0.112807s, 435307424 KB] New best heuristic value for landmark_sum_heuristic: 4
[t=0.112810s, 435307424 KB] New best heuristic value for ff: 5
[t=0.112812s, 435307424 KB] g=11, 44 evaluated, 31 expanded
[t=0.113182s, 435307424 KB] New best heuristic value for landmark_sum_heuristic: 3
[t=0.113184s, 435307424 KB] New best heuristic value for ff: 4
[t=0.113186s, 435307424 KB] g=11, 124 evaluated, 100 expanded
[t=0.113194s, 435307424 KB] New best heuristic value for ff: 3
[t=0.113196s, 435307424 KB] g=12, 125 evaluated, 101 expanded
[t=0.113204s, 435307424 KB] New best heuristic value for landmark_sum_heuristic: 2
[t=0.113206s, 435307424 KB] New best heuristic value for ff: 2
[t=0.113208s, 435307424 KB] g=13, 126 evaluated, 102 expanded
[t=0.113216s, 435307424 KB] New best heuristic value for landmark_sum_heuristic: 1
[t=0.113218s, 435307424 KB] New best heuristic value for ff: 1
[t=0.113220s, 435307424 KB] g=14, 127 evaluated, 103 expanded
[t=0.213437s, 435307424 KB] Completely explored state space -- no solution!
[t=0.213442s, 435307424 KB] Actual search time: 0.100891s
[t=0.213444s, 435307424 KB] Expanded 18669 state(s).
[t=0.213446s, 435307424 KB] Reopened 510 state(s).
[t=0.213448s, 435307424 KB] Evaluated 22172 state(s).
[t=0.213451s, 435307424 KB] Evaluations: 40331
[t=0.213453s, 435307424 KB] Generated 77942 state(s).
[t=0.213455s, 435307424 KB] Dead ends: 3503 state(s).
[t=0.213457s, 435307424 KB] Number of registered states: 21662
[t=0.213459s, 435307424 KB] Int hash set load factor: 21662/32768 = 0.661072
[t=0.213461s, 435307424 KB] Int hash set resizes: 15
[t=0.213464s, 435307424 KB] Best solution cost so far: 15
[t=0.213466s, 435307424 KB] No solution found - keep searching
[t=0.213488s, 435307424 KB] Building successor generator...done!
[t=0.213492s, 435307424 KB] peak memory difference for successor generator creation: 0 KB
[t=0.213495s, 435307424 KB] time for successor generation creation: 0.000000s
[t=0.213497s, 435307424 KB] Variables: 26
[t=0.213499s, 435307424 KB] FactPairs: 64
[t=0.213501s, 435307424 KB] Bytes per state: 8
[t=0.213505s, 435307424 KB] Starting search: lazy_wastar
[t=0.213507s, 435307424 KB] Conducting lazy best first search, (real) bound = 15
[t=0.213515s, 435307424 KB] New best heuristic value for landmark_sum_heuristic: 11
[t=0.213517s, 435307424 KB] New best heuristic value for ff: 10
[t=0.213519s, 435307424 KB] g=0, 1 evaluated, 0 expanded
[t=0.213524s, 435307424 KB] Initial heuristic value for landmark_sum_heuristic: 11
[t=0.213526s, 435307424 KB] Initial heuristic value for ff: 10
[t=0.213533s, 435307424 KB] New best heuristic value for landmark_sum_heuristic: 10
[t=0.213535s, 435307424 KB] g=1, 2 evaluated, 1 expanded
[t=0.213544s, 435307424 KB] New best heuristic value for landmark_sum_heuristic: 9
[t=0.213546s, 435307424 KB] g=2, 3 evaluated, 2 expanded
[t=0.213553s, 435307424 KB] New best heuristic value for landmark_sum_heuristic: 8
[t=0.213555s, 435307424 KB] New best heuristic value for ff: 9
[t=0.213557s, 435307424 KB] g=3, 4 evaluated, 3 expanded
[t=0.213621s, 435307424 KB] New best heuristic value for landmark_sum_heuristic: 7
[t=0.213623s, 435307424 KB] New best heuristic value for ff: 8
[t=0.213625s, 435307424 KB] g=5, 20 evaluated, 12 expanded
[t=0.213638s, 435307424 KB] New best heuristic value for landmark_sum_heuristic: 6
[t=0.213640s, 435307424 KB] New best heuristic value for ff: 7
[t=0.213642s, 435307424 KB] g=6, 22 evaluated, 14 expanded
[t=0.213705s, 435307424 KB] New best heuristic value for landmark_sum_heuristic: 5
[t=0.213711s, 435307424 KB] New best heuristic value for ff: 6
[t=0.213713s, 435307424 KB] g=9, 36 evaluated, 23 expanded
[t=0.214460s, 435307424 KB] New best heuristic value for landmark_sum_heuristic: 4
[t=0.214463s, 435307424 KB] New best heuristic value for ff: 5
[t=0.214465s, 435307424 KB] g=11, 215 evaluated, 152 expanded
[t=0.218013s, 435307424 KB] New best heuristic value for landmark_sum_heuristic: 3
[t=0.218016s, 435307424 KB] New best heuristic value for ff: 4
[t=0.218018s, 435307424 KB] g=11, 1072 evaluated, 803 expanded
[t=0.218034s, 435307424 KB] New best heuristic value for ff: 3
[t=0.218036s, 435307424 KB] g=12, 1075 evaluated, 806 expanded
[t=0.218049s, 435307424 KB] New best heuristic value for landmark_sum_heuristic: 2
[t=0.218051s, 435307424 KB] New best heuristic value for ff: 2
[t=0.218053s, 435307424 KB] g=13, 1077 evaluated, 808 expanded
[t=0.218065s, 435307424 KB] New best heuristic value for landmark_sum_heuristic: 1
[t=0.218067s, 435307424 KB] New best heuristic value for ff: 1
[t=0.218069s, 435307424 KB] g=14, 1079 evaluated, 810 expanded
[t=0.309166s, 435307424 KB] Completely explored state space -- no solution!
[t=0.309172s, 435307424 KB] Actual search time: 0.095664s
[t=0.309175s, 435307424 KB] Expanded 18237 state(s).
[t=0.309177s, 435307424 KB] Reopened 78 state(s).
[t=0.309179s, 435307424 KB] Evaluated 21740 state(s).
[t=0.309182s, 435307424 KB] Evaluations: 39899
[t=0.309184s, 435307424 KB] Generated 76574 state(s).
[t=0.309186s, 435307424 KB] Dead ends: 3503 state(s).
[t=0.309188s, 435307424 KB] Number of registered states: 21662
[t=0.309190s, 435307424 KB] Int hash set load factor: 21662/32768 = 0.661072
[t=0.309192s, 435307424 KB] Int hash set resizes: 15
[t=0.309194s, 435307424 KB] Best solution cost so far: 15
[t=0.309196s, 435307424 KB] No solution found - keep searching
[t=0.309202s, 435307424 KB] Actual search time: 0.306357s
[t=0.309205s, 435307424 KB] Cumulative statistics:
[t=0.309205s, 435307424 KB] Expanded 57480 state(s).
[t=0.309205s, 435307424 KB] Reopened 2603 state(s).
[t=0.309205s, 435307424 KB] Evaluated 68090 state(s).
[t=0.309205s, 435307424 KB] Evaluations: 122969
[t=0.309205s, 435307424 KB] Generated 239184 state(s).
[t=0.309205s, 435307424 KB] Dead ends: 0 state(s).
[t=0.309205s, 435307424 KB] Search time: 0.306359s
[t=0.309205s, 435307424 KB] Total time: 0.309205s
Solution found.
Peak memory: 435307424 KB
Remove intermediate file output.sas
search exit code: 0

INFO     Planner time: 0.38s

=== Experiment Summary ===
End Time: 2025-12-16 11:43:05
Runtime: 0 seconds
Exit Code: 0
Status: SUCCESS
Explanation: SUCCESS (solution found)
