=== Fast Downward Experiment Log ===
Domain: darksouls-fd
Planner: lama (seq-sat-lama-2011)
Problem: problem-03.pddl
Time Limit: 1800 seconds
Start Time: 2025-12-16 11:43:06
Domain File: .//darksouls-fd/domain.pddl
Problem File: .//darksouls-fd/problem-03.pddl

=== Fast Downward Output ===
INFO     planner time limit: None
INFO     planner memory limit: None

INFO     Running translator.
INFO     translator stdin: None
INFO     translator time limit: None
INFO     translator memory limit: None
INFO     translator command line string: /opt/homebrew/opt/python@3.14/bin/python3.14 -m translate darksouls-fd/domain.pddl darksouls-fd/problem-03.pddl --sas-file output.sas
Parsing...
Parsing: [0.010s CPU, 0.003s wall-clock]
Normalizing task... [0.000s CPU, 0.000s wall-clock]
Instantiating...
Generating Datalog program... [0.000s CPU, 0.000s wall-clock]
Normalizing Datalog program...
Unbound effect variables: Adding @object predicate.
Trivial rules: Converted to facts.
Normalizing Datalog program: [0.000s CPU, 0.001s wall-clock]
Preparing model... [0.000s CPU, 0.001s wall-clock]
Generated 129 rules.
Computing model... [0.000s CPU, 0.001s wall-clock]
262 relevant atoms
239 auxiliary atoms
501 final queue length
577 total queue pushes
Completing instantiation... [0.000s CPU, 0.001s wall-clock]
Instantiating: [0.000s CPU, 0.004s wall-clock]
Computing fact groups...
Finding invariants...
47 initial candidates
Finding invariants: [0.000s CPU, 0.002s wall-clock]
Checking invariant weight... [0.000s CPU, 0.000s wall-clock]
Instantiating groups... [0.000s CPU, 0.000s wall-clock]
Collecting mutex groups... [0.000s CPU, 0.000s wall-clock]
Choosing groups...
44 uncovered facts
Choosing groups: [0.000s CPU, 0.000s wall-clock]
Building translation key... [0.000s CPU, 0.000s wall-clock]
Computing fact groups: [0.000s CPU, 0.002s wall-clock]
Building STRIPS to SAS dictionary... [0.000s CPU, 0.000s wall-clock]
Building dictionary for full mutex groups... [0.000s CPU, 0.000s wall-clock]
Building mutex information...
Building mutex information: [0.000s CPU, 0.000s wall-clock]
Translating task...
Processing axioms...
Simplifying axioms... [0.000s CPU, 0.000s wall-clock]
Translator axioms removed by simplifying: 0
Processing axioms: [0.000s CPU, 0.000s wall-clock]
Translating task: [0.000s CPU, 0.002s wall-clock]
83 effect conditions simplified
0 implied preconditions added
Detecting unreachable propositions...
0 operators removed
0 axioms removed
71 propositions removed
Detecting unreachable propositions: [0.000s CPU, 0.001s wall-clock]
Reordering and filtering variables...
15 of 16 variables necessary.
0 of 5 mutex groups necessary.
39 of 39 operators necessary.
0 of 0 axiom rules necessary.
Reordering and filtering variables: [0.000s CPU, 0.000s wall-clock]
Translator variables: 15
Translator derived variables: 0
Translator facts: 36
Translator goal facts: 1
Translator mutex groups: 0
Translator total mutex groups size: 0
Translator operators: 39
Translator axioms: 0
Translator task size: 710
warning: could not determine peak memory
Writing output... [0.000s CPU, 0.000s wall-clock]
Done! [0.010s CPU, 0.012s wall-clock]
b"Warning: name clash between type and predicate 'boss-phase'.\nInterpreting as predicate in conditions.\nWarning: name clash between type and predicate 'player-level'.\nInterpreting as predicate in conditions.\n"
translate exit code: 0

INFO     Running search (release).
INFO     search stdin: output.sas
INFO     search time limit: 1800s
INFO     search memory limit: None
INFO     search command line string: /Users/vramos/Master_uc3m/PlanifAuto/downward/builds/release/bin/downward --search --if-unit-cost 'let(hlm,landmark_sum(lm_reasonable_orders_hps(lm_rhw()),pref=true),let(hff,ff(),iterated([lazy_greedy([hff,hlm],preferred=[hff,hlm]),lazy_wastar([hff,hlm],preferred=[hff,hlm],w=5),lazy_wastar([hff,hlm],preferred=[hff,hlm],w=3),lazy_wastar([hff,hlm],preferred=[hff,hlm],w=2),lazy_wastar([hff,hlm],preferred=[hff,hlm],w=1)],repeat_last=true,continue_on_fail=true)))' --if-non-unit-cost 'let(hlm1,landmark_sum(lm_reasonable_orders_hps(lm_rhw()),transform=adapt_costs(one),pref=true),let(hff1,ff(transform=adapt_costs(one)),let(hlm2,landmark_sum(lm_reasonable_orders_hps(lm_rhw()),transform=adapt_costs(plusone),pref=true),let(hff2,ff(transform=adapt_costs(plusone)),iterated([lazy_greedy([hff1,hlm1],preferred=[hff1,hlm1],cost_type=one,reopen_closed=false),lazy_greedy([hff2,hlm2],preferred=[hff2,hlm2],reopen_closed=false),lazy_wastar([hff2,hlm2],preferred=[hff2,hlm2],w=5),lazy_wastar([hff2,hlm2],preferred=[hff2,hlm2],w=3),lazy_wastar([hff2,hlm2],preferred=[hff2,hlm2],w=2),lazy_wastar([hff2,hlm2],preferred=[hff2,hlm2],w=1)],repeat_last=true,continue_on_fail=true)))))' --always --internal-plan-file sas_plan < output.sas
[t=0.000167s, 435302880 KB] Search code revision: 505701e0f
[t=0.000176s, 435302880 KB] reading input...
[t=0.000508s, 435302880 KB] done reading input!
[t=0.001714s, 435306976 KB] Initializing landmark sum heuristic...
[t=0.001719s, 435306976 KB] Generating landmark graph...
[t=0.001729s, 435306976 KB] Building a landmark graph with reasonable orders.
[t=0.001737s, 435306976 KB] Initializing Exploration...
[t=0.001771s, 435306976 KB] Generating landmarks using the RPG/SAS+ approach
[t=0.001842s, 435306976 KB] Landmarks generation time: 0.000111s
[t=0.001845s, 435306976 KB] Discovered 7 landmarks, of which 0 are disjunctive and 0 are conjunctive.
[t=0.001848s, 435306976 KB] There are 9 landmark orderings.
[t=0.001850s, 435306976 KB] approx. reasonable orders
[t=0.001856s, 435306976 KB] Landmarks generation time: 0.000136s
[t=0.001859s, 435306976 KB] Discovered 7 landmarks, of which 0 are disjunctive and 0 are conjunctive.
[t=0.001861s, 435306976 KB] There are 9 landmark orderings.
[t=0.001864s, 435306976 KB] Landmark graph generation time: 0.000146s
[t=0.001866s, 435306976 KB] Landmark graph contains 7 landmarks, of which 0 are disjunctive and 0 are conjunctive.
[t=0.001869s, 435306976 KB] Landmark graph contains 9 orderings.
[t=0.001910s, 435306976 KB] Simplifying 249 unary operators... done! [213 unary operators]
[t=0.002059s, 435306976 KB] time to simplify: 0.000150s
[t=0.002074s, 435306976 KB] Initializing additive heuristic...
[t=0.002076s, 435306976 KB] Initializing FF heuristic...
[t=0.002124s, 435306976 KB] Building successor generator...done!
[t=0.002138s, 435306976 KB] peak memory difference for successor generator creation: 0 KB
[t=0.002140s, 435306976 KB] time for successor generation creation: 0.000009s
[t=0.002144s, 435306976 KB] Variables: 15
[t=0.002147s, 435306976 KB] FactPairs: 36
[t=0.002150s, 435306976 KB] Bytes per state: 4
[t=0.002185s, 435306976 KB] Building successor generator...done!
[t=0.002190s, 435306976 KB] peak memory difference for successor generator creation: 0 KB
[t=0.002192s, 435306976 KB] time for successor generation creation: 0.000000s
[t=0.002195s, 435306976 KB] Variables: 15
[t=0.002197s, 435306976 KB] FactPairs: 36
[t=0.002199s, 435306976 KB] Bytes per state: 4
[t=0.002207s, 435306976 KB] Starting search: lazy_greedy
[t=0.002210s, 435306976 KB] Conducting lazy best first search, (real) bound = 2147483647
[t=0.002224s, 435306976 KB] New best heuristic value for landmark_sum_heuristic: 3
[t=0.002227s, 435306976 KB] New best heuristic value for ff: 3
[t=0.002229s, 435306976 KB] g=0, 1 evaluated, 0 expanded
[t=0.002234s, 435306976 KB] Initial heuristic value for landmark_sum_heuristic: 3
[t=0.002236s, 435306976 KB] Initial heuristic value for ff: 3
[t=0.002243s, 435306976 KB] New best heuristic value for landmark_sum_heuristic: 2
[t=0.002246s, 435306976 KB] New best heuristic value for ff: 2
[t=0.002248s, 435306976 KB] g=1, 2 evaluated, 1 expanded
[t=0.002256s, 435306976 KB] New best heuristic value for landmark_sum_heuristic: 1
[t=0.002258s, 435306976 KB] New best heuristic value for ff: 1
[t=0.002260s, 435306976 KB] g=2, 3 evaluated, 2 expanded
[t=0.002267s, 435306976 KB] Solution found!
[t=0.002270s, 435306976 KB] Actual search time: 0.000055s
pick-up-key key-bell firelink (1)
move firelink parish (1)
unlock-door key-bell parish bell-tower (1)
[t=0.002410s, 435306976 KB] Plan length: 3 step(s).
[t=0.002413s, 435306976 KB] Plan cost: 3
[t=0.002429s, 435306976 KB] Expanded 3 state(s).
[t=0.002431s, 435306976 KB] Reopened 0 state(s).
[t=0.002434s, 435306976 KB] Evaluated 4 state(s).
[t=0.002436s, 435306976 KB] Evaluations: 8
[t=0.002438s, 435306976 KB] Generated 8 state(s).
[t=0.002441s, 435306976 KB] Dead ends: 0 state(s).
[t=0.002443s, 435306976 KB] Number of registered states: 4
[t=0.002445s, 435306976 KB] Int hash set load factor: 4/4 = 1.000000
[t=0.002448s, 435306976 KB] Int hash set resizes: 2
[t=0.002450s, 435306976 KB] Best solution cost so far: 3
[t=0.002452s, 435306976 KB] Solution found - keep searching
[t=0.002471s, 435306976 KB] Building successor generator...done!
[t=0.002476s, 435306976 KB] peak memory difference for successor generator creation: 0 KB
[t=0.002478s, 435306976 KB] time for successor generation creation: 0.000000s
[t=0.002481s, 435306976 KB] Variables: 15
[t=0.002483s, 435306976 KB] FactPairs: 36
[t=0.002485s, 435306976 KB] Bytes per state: 4
[t=0.002490s, 435306976 KB] Starting search: lazy_wastar
[t=0.002492s, 435306976 KB] Conducting lazy best first search, (real) bound = 3
[t=0.002499s, 435306976 KB] New best heuristic value for ff: 3
[t=0.002502s, 435306976 KB] New best heuristic value for landmark_sum_heuristic: 3
[t=0.002504s, 435306976 KB] g=0, 1 evaluated, 0 expanded
[t=0.002509s, 435306976 KB] Initial heuristic value for ff: 3
[t=0.002511s, 435306976 KB] Initial heuristic value for landmark_sum_heuristic: 3
[t=0.002516s, 435306976 KB] New best heuristic value for ff: 2
[t=0.002519s, 435306976 KB] New best heuristic value for landmark_sum_heuristic: 2
[t=0.002521s, 435306976 KB] g=1, 2 evaluated, 1 expanded
[t=0.002527s, 435306976 KB] New best heuristic value for ff: 1
[t=0.002529s, 435306976 KB] New best heuristic value for landmark_sum_heuristic: 1
[t=0.002531s, 435306976 KB] g=2, 3 evaluated, 2 expanded
[t=0.002542s, 435306976 KB] Completely explored state space -- no solution!
[t=0.002544s, 435306976 KB] Actual search time: 0.000050s
[t=0.002546s, 435306976 KB] Expanded 4 state(s).
[t=0.002548s, 435306976 KB] Reopened 0 state(s).
[t=0.002550s, 435306976 KB] Evaluated 4 state(s).
[t=0.002553s, 435306976 KB] Evaluations: 8
[t=0.002555s, 435306976 KB] Generated 10 state(s).
[t=0.002557s, 435306976 KB] Dead ends: 0 state(s).
[t=0.002559s, 435306976 KB] Number of registered states: 4
[t=0.002561s, 435306976 KB] Int hash set load factor: 4/4 = 1.000000
[t=0.002563s, 435306976 KB] Int hash set resizes: 2
[t=0.002565s, 435306976 KB] Best solution cost so far: 3
[t=0.002567s, 435306976 KB] No solution found - keep searching
[t=0.002581s, 435306976 KB] Building successor generator...done!
[t=0.002586s, 435306976 KB] peak memory difference for successor generator creation: 0 KB
[t=0.002588s, 435306976 KB] time for successor generation creation: 0.000000s
[t=0.002590s, 435306976 KB] Variables: 15
[t=0.002592s, 435306976 KB] FactPairs: 36
[t=0.002594s, 435306976 KB] Bytes per state: 4
[t=0.002598s, 435306976 KB] Starting search: lazy_wastar
[t=0.002600s, 435306976 KB] Conducting lazy best first search, (real) bound = 3
[t=0.002605s, 435306976 KB] New best heuristic value for landmark_sum_heuristic: 3
[t=0.002608s, 435306976 KB] New best heuristic value for ff: 3
[t=0.002610s, 435306976 KB] g=0, 1 evaluated, 0 expanded
[t=0.002614s, 435306976 KB] Initial heuristic value for landmark_sum_heuristic: 3
[t=0.002616s, 435306976 KB] Initial heuristic value for ff: 3
[t=0.002621s, 435306976 KB] New best heuristic value for landmark_sum_heuristic: 2
[t=0.002623s, 435306976 KB] New best heuristic value for ff: 2
[t=0.002625s, 435306976 KB] g=1, 2 evaluated, 1 expanded
[t=0.002631s, 435306976 KB] New best heuristic value for landmark_sum_heuristic: 1
[t=0.002633s, 435306976 KB] New best heuristic value for ff: 1
[t=0.002636s, 435306976 KB] g=2, 3 evaluated, 2 expanded
[t=0.002645s, 435306976 KB] Completely explored state space -- no solution!
[t=0.002647s, 435306976 KB] Actual search time: 0.000046s
[t=0.002649s, 435306976 KB] Expanded 4 state(s).
[t=0.002651s, 435306976 KB] Reopened 0 state(s).
[t=0.002653s, 435306976 KB] Evaluated 4 state(s).
[t=0.002658s, 435306976 KB] Evaluations: 8
[t=0.002660s, 435306976 KB] Generated 10 state(s).
[t=0.002662s, 435306976 KB] Dead ends: 0 state(s).
[t=0.002664s, 435306976 KB] Number of registered states: 4
[t=0.002666s, 435306976 KB] Int hash set load factor: 4/4 = 1.000000
[t=0.002668s, 435306976 KB] Int hash set resizes: 2
[t=0.002671s, 435306976 KB] Best solution cost so far: 3
[t=0.002673s, 435306976 KB] No solution found - keep searching
[t=0.002685s, 435306976 KB] Building successor generator...done!
[t=0.002690s, 435306976 KB] peak memory difference for successor generator creation: 0 KB
[t=0.002692s, 435306976 KB] time for successor generation creation: 0.000000s
[t=0.002694s, 435306976 KB] Variables: 15
[t=0.002696s, 435306976 KB] FactPairs: 36
[t=0.002698s, 435306976 KB] Bytes per state: 4
[t=0.002702s, 435306976 KB] Starting search: lazy_wastar
[t=0.002704s, 435306976 KB] Conducting lazy best first search, (real) bound = 3
[t=0.002709s, 435306976 KB] New best heuristic value for landmark_sum_heuristic: 3
[t=0.002711s, 435306976 KB] New best heuristic value for ff: 3
[t=0.002713s, 435306976 KB] g=0, 1 evaluated, 0 expanded
[t=0.002718s, 435306976 KB] Initial heuristic value for landmark_sum_heuristic: 3
[t=0.002720s, 435306976 KB] Initial heuristic value for ff: 3
[t=0.002724s, 435306976 KB] New best heuristic value for landmark_sum_heuristic: 2
[t=0.002727s, 435306976 KB] New best heuristic value for ff: 2
[t=0.002729s, 435306976 KB] g=1, 2 evaluated, 1 expanded
[t=0.002734s, 435306976 KB] New best heuristic value for landmark_sum_heuristic: 1
[t=0.002737s, 435306976 KB] New best heuristic value for ff: 1
[t=0.002739s, 435306976 KB] g=2, 3 evaluated, 2 expanded
[t=0.002748s, 435306976 KB] Completely explored state space -- no solution!
[t=0.002750s, 435306976 KB] Actual search time: 0.000044s
[t=0.002752s, 435306976 KB] Expanded 4 state(s).
[t=0.002754s, 435306976 KB] Reopened 0 state(s).
[t=0.002756s, 435306976 KB] Evaluated 4 state(s).
[t=0.002758s, 435306976 KB] Evaluations: 8
[t=0.002760s, 435306976 KB] Generated 10 state(s).
[t=0.002762s, 435306976 KB] Dead ends: 0 state(s).
[t=0.002764s, 435306976 KB] Number of registered states: 4
[t=0.002766s, 435306976 KB] Int hash set load factor: 4/4 = 1.000000
[t=0.002768s, 435306976 KB] Int hash set resizes: 2
[t=0.002770s, 435306976 KB] Best solution cost so far: 3
[t=0.002772s, 435306976 KB] No solution found - keep searching
[t=0.002784s, 435306976 KB] Building successor generator...done!
[t=0.002789s, 435306976 KB] peak memory difference for successor generator creation: 0 KB
[t=0.002791s, 435306976 KB] time for successor generation creation: 0.000000s
[t=0.002794s, 435306976 KB] Variables: 15
[t=0.002796s, 435306976 KB] FactPairs: 36
[t=0.002798s, 435306976 KB] Bytes per state: 4
[t=0.002801s, 435306976 KB] Starting search: lazy_wastar
[t=0.002803s, 435306976 KB] Conducting lazy best first search, (real) bound = 3
[t=0.002808s, 435306976 KB] New best heuristic value for ff: 3
[t=0.002810s, 435306976 KB] New best heuristic value for landmark_sum_heuristic: 3
[t=0.002812s, 435306976 KB] g=0, 1 evaluated, 0 expanded
[t=0.002816s, 435306976 KB] Initial heuristic value for ff: 3
[t=0.002819s, 435306976 KB] Initial heuristic value for landmark_sum_heuristic: 3
[t=0.002823s, 435306976 KB] New best heuristic value for ff: 2
[t=0.002825s, 435306976 KB] New best heuristic value for landmark_sum_heuristic: 2
[t=0.002827s, 435306976 KB] g=1, 2 evaluated, 1 expanded
[t=0.002836s, 435306976 KB] New best heuristic value for ff: 1
[t=0.002838s, 435306976 KB] New best heuristic value for landmark_sum_heuristic: 1
[t=0.002840s, 435306976 KB] g=2, 4 evaluated, 3 expanded
[t=0.002845s, 435306976 KB] Completely explored state space -- no solution!
[t=0.002847s, 435306976 KB] Actual search time: 0.000043s
[t=0.002850s, 435306976 KB] Expanded 4 state(s).
[t=0.002852s, 435306976 KB] Reopened 0 state(s).
[t=0.002854s, 435306976 KB] Evaluated 4 state(s).
[t=0.002856s, 435306976 KB] Evaluations: 8
[t=0.002858s, 435306976 KB] Generated 10 state(s).
[t=0.002864s, 435306976 KB] Dead ends: 0 state(s).
[t=0.002866s, 435306976 KB] Number of registered states: 4
[t=0.002868s, 435306976 KB] Int hash set load factor: 4/4 = 1.000000
[t=0.002870s, 435306976 KB] Int hash set resizes: 2
[t=0.002872s, 435306976 KB] Best solution cost so far: 3
[t=0.002874s, 435306976 KB] No solution found - keep searching
[t=0.002877s, 435306976 KB] Actual search time: 0.000706s
[t=0.002880s, 435306976 KB] Cumulative statistics:
[t=0.002880s, 435306976 KB] Expanded 19 state(s).
[t=0.002880s, 435306976 KB] Reopened 0 state(s).
[t=0.002880s, 435306976 KB] Evaluated 20 state(s).
[t=0.002880s, 435306976 KB] Evaluations: 40
[t=0.002880s, 435306976 KB] Generated 48 state(s).
[t=0.002880s, 435306976 KB] Dead ends: 0 state(s).
[t=0.002880s, 435306976 KB] Search time: 0.000708s
[t=0.002880s, 435306976 KB] Total time: 0.002880s
Solution found.
Peak memory: 435306976 KB
Remove intermediate file output.sas
search exit code: 0

INFO     Planner time: 0.06s

=== Experiment Summary ===
End Time: 2025-12-16 11:43:06
Runtime: 0 seconds
Exit Code: 0
Status: SUCCESS
Explanation: SUCCESS (solution found)
