=== Fast Downward Experiment Log ===
Domain: darksouls-fd
Planner: lama (seq-sat-lama-2011)
Problem: problem-11.pddl
Time Limit: 1800 seconds
Start Time: 2025-12-16 11:43:13
Domain File: .//darksouls-fd/domain.pddl
Problem File: .//darksouls-fd/problem-11.pddl

=== Fast Downward Output ===
INFO     planner time limit: None
INFO     planner memory limit: None

INFO     Running translator.
INFO     translator stdin: None
INFO     translator time limit: None
INFO     translator memory limit: None
INFO     translator command line string: /opt/homebrew/opt/python@3.14/bin/python3.14 -m translate darksouls-fd/domain.pddl darksouls-fd/problem-11.pddl --sas-file output.sas
Parsing...
Parsing: [0.000s CPU, 0.003s wall-clock]
Normalizing task... [0.000s CPU, 0.000s wall-clock]
Instantiating...
Generating Datalog program... [0.000s CPU, 0.000s wall-clock]
Normalizing Datalog program...
Unbound effect variables: Adding @object predicate.
Normalizing Datalog program: [0.010s CPU, 0.001s wall-clock]
Preparing model... [0.000s CPU, 0.001s wall-clock]
Generated 130 rules.
Computing model... [0.000s CPU, 0.001s wall-clock]
331 relevant atoms
320 auxiliary atoms
651 final queue length
772 total queue pushes
Completing instantiation... [0.000s CPU, 0.001s wall-clock]
Instantiating: [0.010s CPU, 0.004s wall-clock]
Computing fact groups...
Finding invariants...
47 initial candidates
Finding invariants: [0.000s CPU, 0.002s wall-clock]
Checking invariant weight... [0.000s CPU, 0.000s wall-clock]
Instantiating groups... [0.000s CPU, 0.000s wall-clock]
Collecting mutex groups... [0.000s CPU, 0.000s wall-clock]
Choosing groups...
51 uncovered facts
Choosing groups: [0.000s CPU, 0.000s wall-clock]
Building translation key... [0.000s CPU, 0.000s wall-clock]
Computing fact groups: [0.000s CPU, 0.002s wall-clock]
Building STRIPS to SAS dictionary... [0.000s CPU, 0.000s wall-clock]
Building dictionary for full mutex groups... [0.000s CPU, 0.000s wall-clock]
Building mutex information...
Building mutex information: [0.000s CPU, 0.000s wall-clock]
Translating task...
Processing axioms...
Simplifying axioms... [0.000s CPU, 0.000s wall-clock]
Translator axioms removed by simplifying: 0
Processing axioms: [0.000s CPU, 0.000s wall-clock]
Translating task: [0.000s CPU, 0.002s wall-clock]
126 effect conditions simplified
0 implied preconditions added
Detecting unreachable propositions...
1 operators removed
0 axioms removed
73 propositions removed
Detecting unreachable propositions: [0.000s CPU, 0.001s wall-clock]
Reordering and filtering variables...
26 of 26 variables necessary.
0 of 10 mutex groups necessary.
68 of 68 operators necessary.
0 of 0 axiom rules necessary.
Reordering and filtering variables: [0.000s CPU, 0.001s wall-clock]
Translator variables: 26
Translator derived variables: 0
Translator facts: 63
Translator goal facts: 2
Translator mutex groups: 0
Translator total mutex groups size: 0
Translator operators: 68
Translator axioms: 0
Translator task size: 1013
warning: could not determine peak memory
Writing output... [0.000s CPU, 0.001s wall-clock]
Done! [0.010s CPU, 0.014s wall-clock]
b"Warning: name clash between type and predicate 'boss-phase'.\nInterpreting as predicate in conditions.\nWarning: name clash between type and predicate 'player-level'.\nInterpreting as predicate in conditions.\n"
translate exit code: 0

INFO     Running search (release).
INFO     search stdin: output.sas
INFO     search time limit: 1800s
INFO     search memory limit: None
INFO     search command line string: /Users/vramos/Master_uc3m/PlanifAuto/downward/builds/release/bin/downward --search --if-unit-cost 'let(hlm,landmark_sum(lm_reasonable_orders_hps(lm_rhw()),pref=true),let(hff,ff(),iterated([lazy_greedy([hff,hlm],preferred=[hff,hlm]),lazy_wastar([hff,hlm],preferred=[hff,hlm],w=5),lazy_wastar([hff,hlm],preferred=[hff,hlm],w=3),lazy_wastar([hff,hlm],preferred=[hff,hlm],w=2),lazy_wastar([hff,hlm],preferred=[hff,hlm],w=1)],repeat_last=true,continue_on_fail=true)))' --if-non-unit-cost 'let(hlm1,landmark_sum(lm_reasonable_orders_hps(lm_rhw()),transform=adapt_costs(one),pref=true),let(hff1,ff(transform=adapt_costs(one)),let(hlm2,landmark_sum(lm_reasonable_orders_hps(lm_rhw()),transform=adapt_costs(plusone),pref=true),let(hff2,ff(transform=adapt_costs(plusone)),iterated([lazy_greedy([hff1,hlm1],preferred=[hff1,hlm1],cost_type=one,reopen_closed=false),lazy_greedy([hff2,hlm2],preferred=[hff2,hlm2],reopen_closed=false),lazy_wastar([hff2,hlm2],preferred=[hff2,hlm2],w=5),lazy_wastar([hff2,hlm2],preferred=[hff2,hlm2],w=3),lazy_wastar([hff2,hlm2],preferred=[hff2,hlm2],w=2),lazy_wastar([hff2,hlm2],preferred=[hff2,hlm2],w=1)],repeat_last=true,continue_on_fail=true)))))' --always --internal-plan-file sas_plan < output.sas
[t=0.000170s, 435303424 KB] Search code revision: 505701e0f
[t=0.000181s, 435303424 KB] reading input...
[t=0.000663s, 435303424 KB] done reading input!
[t=0.002064s, 435307520 KB] Initializing landmark sum heuristic...
[t=0.002069s, 435307520 KB] Generating landmark graph...
[t=0.002082s, 435307520 KB] Building a landmark graph with reasonable orders.
[t=0.002093s, 435307520 KB] Initializing Exploration...
[t=0.002154s, 435307520 KB] Generating landmarks using the RPG/SAS+ approach
[t=0.002407s, 435307520 KB] Landmarks generation time: 0.000324s
[t=0.002412s, 435307520 KB] Discovered 20 landmarks, of which 0 are disjunctive and 0 are conjunctive.
[t=0.002415s, 435307520 KB] There are 81 landmark orderings.
[t=0.002418s, 435307520 KB] approx. reasonable orders
[t=0.002464s, 435307520 KB] Landmarks generation time: 0.000393s
[t=0.002467s, 435307520 KB] Discovered 20 landmarks, of which 0 are disjunctive and 0 are conjunctive.
[t=0.002470s, 435307520 KB] There are 84 landmark orderings.
[t=0.002472s, 435307520 KB] Landmark graph generation time: 0.000405s
[t=0.002475s, 435307520 KB] Landmark graph contains 20 landmarks, of which 0 are disjunctive and 0 are conjunctive.
[t=0.002477s, 435307520 KB] Landmark graph contains 84 orderings.
[t=0.002549s, 435307520 KB] Simplifying 338 unary operators... done! [302 unary operators]
[t=0.002801s, 435307520 KB] time to simplify: 0.000254s
[t=0.002825s, 435307520 KB] Initializing additive heuristic...
[t=0.002828s, 435307520 KB] Initializing FF heuristic...
[t=0.002884s, 435307520 KB] Building successor generator...done!
[t=0.002910s, 435307520 KB] peak memory difference for successor generator creation: 0 KB
[t=0.002913s, 435307520 KB] time for successor generation creation: 0.000020s
[t=0.002917s, 435307520 KB] Variables: 26
[t=0.002920s, 435307520 KB] FactPairs: 63
[t=0.002922s, 435307520 KB] Bytes per state: 4
[t=0.002963s, 435307520 KB] Building successor generator...done!
[t=0.002969s, 435307520 KB] peak memory difference for successor generator creation: 0 KB
[t=0.002971s, 435307520 KB] time for successor generation creation: 0.000000s
[t=0.002974s, 435307520 KB] Variables: 26
[t=0.002977s, 435307520 KB] FactPairs: 63
[t=0.002979s, 435307520 KB] Bytes per state: 4
[t=0.002989s, 435307520 KB] Starting search: lazy_greedy
[t=0.002991s, 435307520 KB] Conducting lazy best first search, (real) bound = 2147483647
[t=0.003011s, 435307520 KB] New best heuristic value for landmark_sum_heuristic: 13
[t=0.003014s, 435307520 KB] New best heuristic value for ff: 11
[t=0.003016s, 435307520 KB] g=0, 1 evaluated, 0 expanded
[t=0.003022s, 435307520 KB] Initial heuristic value for landmark_sum_heuristic: 13
[t=0.003024s, 435307520 KB] Initial heuristic value for ff: 11
[t=0.003036s, 435307520 KB] New best heuristic value for landmark_sum_heuristic: 12
[t=0.003039s, 435307520 KB] g=1, 2 evaluated, 1 expanded
[t=0.003053s, 435307520 KB] New best heuristic value for landmark_sum_heuristic: 11
[t=0.003056s, 435307520 KB] New best heuristic value for ff: 10
[t=0.003058s, 435307520 KB] g=2, 3 evaluated, 2 expanded
[t=0.003069s, 435307520 KB] New best heuristic value for landmark_sum_heuristic: 10
[t=0.003073s, 435307520 KB] New best heuristic value for ff: 9
[t=0.003075s, 435307520 KB] g=3, 4 evaluated, 3 expanded
[t=0.003093s, 435307520 KB] New best heuristic value for landmark_sum_heuristic: 9
[t=0.003097s, 435307520 KB] g=4, 6 evaluated, 5 expanded
[t=0.003106s, 435307520 KB] New best heuristic value for landmark_sum_heuristic: 8
[t=0.003115s, 435307520 KB] New best heuristic value for ff: 8
[t=0.003118s, 435307520 KB] g=5, 7 evaluated, 6 expanded
[t=0.003142s, 435307520 KB] New best heuristic value for ff: 7
[t=0.003145s, 435307520 KB] g=8, 11 evaluated, 9 expanded
[t=0.003160s, 435307520 KB] New best heuristic value for landmark_sum_heuristic: 7
[t=0.003164s, 435307520 KB] g=10, 13 evaluated, 11 expanded
[t=0.003172s, 435307520 KB] New best heuristic value for landmark_sum_heuristic: 6
[t=0.003175s, 435307520 KB] g=11, 14 evaluated, 12 expanded
[t=0.003184s, 435307520 KB] New best heuristic value for landmark_sum_heuristic: 5
[t=0.003188s, 435307520 KB] New best heuristic value for ff: 6
[t=0.003191s, 435307520 KB] g=12, 15 evaluated, 13 expanded
[t=0.003299s, 435307520 KB] New best heuristic value for landmark_sum_heuristic: 4
[t=0.003304s, 435307520 KB] New best heuristic value for ff: 5
[t=0.003308s, 435307520 KB] g=14, 34 evaluated, 30 expanded
[t=0.003316s, 435307520 KB] New best heuristic value for landmark_sum_heuristic: 2
[t=0.003320s, 435307520 KB] New best heuristic value for ff: 4
[t=0.003322s, 435307520 KB] g=15, 35 evaluated, 31 expanded
[t=0.003330s, 435307520 KB] New best heuristic value for ff: 3
[t=0.003334s, 435307520 KB] g=16, 36 evaluated, 32 expanded
[t=0.003342s, 435307520 KB] New best heuristic value for ff: 2
[t=0.003345s, 435307520 KB] g=17, 37 evaluated, 33 expanded
[t=0.003352s, 435307520 KB] New best heuristic value for landmark_sum_heuristic: 1
[t=0.003355s, 435307520 KB] New best heuristic value for ff: 1
[t=0.003358s, 435307520 KB] g=18, 38 evaluated, 34 expanded
[t=0.003365s, 435307520 KB] Solution found!
[t=0.003368s, 435307520 KB] Actual search time: 0.000373s
move firelink undead-burg (1)
pick-up-key gate-key undead-burg (1)
pick-up-titanite undead-burg (1)
move undead-burg lower-burg (1)
unlock-door gate-key lower-burg boss-arena (1)
move lower-burg undead-burg (1)
move undead-burg firelink (1)
upgrade-weapon firelink w0 w1 (1)
move firelink undead-burg (1)
move undead-burg lower-burg (1)
move lower-burg boss-arena (1)
attack-boss taurus-demon boss-arena hp2 hp1 bp2 bp1 (1)
drink-estus e1 hp1 hp2 hp2 (1)
attack-boss taurus-demon boss-arena hp2 hp1 bp1 bp0 (1)
kill-boss taurus-demon boss-arena w1 e2 bp0 (1)
move boss-arena lower-burg (1)
move lower-burg undead-burg (1)
move undead-burg firelink (1)
deposit-soul taurus-demon firelink (1)
[t=0.003571s, 435307520 KB] Plan length: 19 step(s).
[t=0.003575s, 435307520 KB] Plan cost: 19
[t=0.003578s, 435307520 KB] Expanded 35 state(s).
[t=0.003580s, 435307520 KB] Reopened 0 state(s).
[t=0.003583s, 435307520 KB] Evaluated 39 state(s).
[t=0.003585s, 435307520 KB] Evaluations: 75
[t=0.003588s, 435307520 KB] Generated 108 state(s).
[t=0.003590s, 435307520 KB] Dead ends: 3 state(s).
[t=0.003593s, 435307520 KB] Number of registered states: 39
[t=0.003595s, 435307520 KB] Int hash set load factor: 39/64 = 0.609375
[t=0.003598s, 435307520 KB] Int hash set resizes: 6
[t=0.003600s, 435307520 KB] Best solution cost so far: 19
[t=0.003603s, 435307520 KB] Solution found - keep searching
[t=0.003623s, 435307520 KB] Building successor generator...done!
[t=0.003629s, 435307520 KB] peak memory difference for successor generator creation: 0 KB
[t=0.003632s, 435307520 KB] time for successor generation creation: 0.000000s
[t=0.003635s, 435307520 KB] Variables: 26
[t=0.003637s, 435307520 KB] FactPairs: 63
[t=0.003640s, 435307520 KB] Bytes per state: 4
[t=0.003645s, 435307520 KB] Starting search: lazy_wastar
[t=0.003647s, 435307520 KB] Conducting lazy best first search, (real) bound = 19
[t=0.003658s, 435307520 KB] New best heuristic value for landmark_sum_heuristic: 13
[t=0.003661s, 435307520 KB] New best heuristic value for ff: 11
[t=0.003664s, 435307520 KB] g=0, 1 evaluated, 0 expanded
[t=0.003669s, 435307520 KB] Initial heuristic value for landmark_sum_heuristic: 13
[t=0.003671s, 435307520 KB] Initial heuristic value for ff: 11
[t=0.003679s, 435307520 KB] New best heuristic value for landmark_sum_heuristic: 12
[t=0.003686s, 435307520 KB] g=1, 2 evaluated, 1 expanded
[t=0.003697s, 435307520 KB] New best heuristic value for landmark_sum_heuristic: 11
[t=0.003700s, 435307520 KB] New best heuristic value for ff: 10
[t=0.003703s, 435307520 KB] g=2, 3 evaluated, 2 expanded
[t=0.003713s, 435307520 KB] New best heuristic value for landmark_sum_heuristic: 10
[t=0.003715s, 435307520 KB] New best heuristic value for ff: 9
[t=0.003718s, 435307520 KB] g=3, 4 evaluated, 3 expanded
[t=0.003734s, 435307520 KB] New best heuristic value for landmark_sum_heuristic: 9
[t=0.003736s, 435307520 KB] g=4, 6 evaluated, 5 expanded
[t=0.003745s, 435307520 KB] New best heuristic value for landmark_sum_heuristic: 8
[t=0.003748s, 435307520 KB] New best heuristic value for ff: 8
[t=0.003750s, 435307520 KB] g=5, 7 evaluated, 6 expanded
[t=0.003774s, 435307520 KB] New best heuristic value for ff: 7
[t=0.003777s, 435307520 KB] g=8, 11 evaluated, 9 expanded
[t=0.003793s, 435307520 KB] New best heuristic value for landmark_sum_heuristic: 7
[t=0.003796s, 435307520 KB] g=10, 13 evaluated, 11 expanded
[t=0.003805s, 435307520 KB] New best heuristic value for landmark_sum_heuristic: 6
[t=0.003808s, 435307520 KB] g=11, 14 evaluated, 12 expanded
[t=0.003815s, 435307520 KB] New best heuristic value for landmark_sum_heuristic: 5
[t=0.003818s, 435307520 KB] New best heuristic value for ff: 6
[t=0.003820s, 435307520 KB] g=12, 15 evaluated, 13 expanded
[t=0.003941s, 435307520 KB] New best heuristic value for landmark_sum_heuristic: 4
[t=0.003945s, 435307520 KB] New best heuristic value for ff: 5
[t=0.003948s, 435307520 KB] g=12, 37 evaluated, 33 expanded, 3 reopened
[t=0.003957s, 435307520 KB] New best heuristic value for landmark_sum_heuristic: 2
[t=0.003960s, 435307520 KB] New best heuristic value for ff: 4
[t=0.003962s, 435307520 KB] g=13, 38 evaluated, 34 expanded, 3 reopened
[t=0.003970s, 435307520 KB] New best heuristic value for ff: 3
[t=0.003973s, 435307520 KB] g=14, 39 evaluated, 35 expanded, 3 reopened
[t=0.003983s, 435307520 KB] New best heuristic value for ff: 2
[t=0.003986s, 435307520 KB] g=15, 40 evaluated, 36 expanded, 3 reopened
[t=0.003996s, 435307520 KB] New best heuristic value for landmark_sum_heuristic: 1
[t=0.003999s, 435307520 KB] New best heuristic value for ff: 1
[t=0.004002s, 435307520 KB] g=16, 41 evaluated, 37 expanded, 3 reopened
[t=0.004009s, 435307520 KB] Solution found!
[t=0.004012s, 435307520 KB] Actual search time: 0.000362s
move firelink undead-burg (1)
pick-up-key gate-key undead-burg (1)
pick-up-titanite undead-burg (1)
move undead-burg firelink (1)
upgrade-weapon firelink w0 w1 (1)
move firelink undead-burg (1)
move undead-burg lower-burg (1)
unlock-door gate-key lower-burg boss-arena (1)
move lower-burg boss-arena (1)
attack-boss taurus-demon boss-arena hp2 hp1 bp2 bp1 (1)
drink-estus e1 hp1 hp2 hp2 (1)
attack-boss taurus-demon boss-arena hp2 hp1 bp1 bp0 (1)
kill-boss taurus-demon boss-arena w1 e2 bp0 (1)
move boss-arena lower-burg (1)
move lower-burg undead-burg (1)
move undead-burg firelink (1)
deposit-soul taurus-demon firelink (1)
[t=0.004148s, 435307520 KB] Plan length: 17 step(s).
[t=0.004151s, 435307520 KB] Plan cost: 17
[t=0.004154s, 435307520 KB] Expanded 38 state(s).
[t=0.004157s, 435307520 KB] Reopened 3 state(s).
[t=0.004159s, 435307520 KB] Evaluated 42 state(s).
[t=0.004162s, 435307520 KB] Evaluations: 78
[t=0.004164s, 435307520 KB] Generated 114 state(s).
[t=0.004167s, 435307520 KB] Dead ends: 3 state(s).
[t=0.004169s, 435307520 KB] Number of registered states: 39
[t=0.004172s, 435307520 KB] Int hash set load factor: 39/64 = 0.609375
[t=0.004174s, 435307520 KB] Int hash set resizes: 6
[t=0.004177s, 435307520 KB] Best solution cost so far: 17
[t=0.004179s, 435307520 KB] Solution found - keep searching
[t=0.004201s, 435307520 KB] Building successor generator...done!
[t=0.004207s, 435307520 KB] peak memory difference for successor generator creation: 0 KB
[t=0.004209s, 435307520 KB] time for successor generation creation: 0.000000s
[t=0.004212s, 435307520 KB] Variables: 26
[t=0.004215s, 435307520 KB] FactPairs: 63
[t=0.004217s, 435307520 KB] Bytes per state: 4
[t=0.004225s, 435307520 KB] Starting search: lazy_wastar
[t=0.004227s, 435307520 KB] Conducting lazy best first search, (real) bound = 17
[t=0.004235s, 435307520 KB] New best heuristic value for landmark_sum_heuristic: 13
[t=0.004238s, 435307520 KB] New best heuristic value for ff: 11
[t=0.004240s, 435307520 KB] g=0, 1 evaluated, 0 expanded
[t=0.004246s, 435307520 KB] Initial heuristic value for landmark_sum_heuristic: 13
[t=0.004248s, 435307520 KB] Initial heuristic value for ff: 11
[t=0.004256s, 435307520 KB] New best heuristic value for landmark_sum_heuristic: 12
[t=0.004258s, 435307520 KB] g=1, 2 evaluated, 1 expanded
[t=0.004270s, 435307520 KB] New best heuristic value for landmark_sum_heuristic: 11
[t=0.004272s, 435307520 KB] New best heuristic value for ff: 10
[t=0.004275s, 435307520 KB] g=2, 3 evaluated, 2 expanded
[t=0.004285s, 435307520 KB] New best heuristic value for landmark_sum_heuristic: 10
[t=0.004287s, 435307520 KB] New best heuristic value for ff: 9
[t=0.004290s, 435307520 KB] g=3, 4 evaluated, 3 expanded
[t=0.004309s, 435307520 KB] New best heuristic value for landmark_sum_heuristic: 9
[t=0.004313s, 435307520 KB] g=4, 6 evaluated, 5 expanded
[t=0.004321s, 435307520 KB] New best heuristic value for landmark_sum_heuristic: 8
[t=0.004324s, 435307520 KB] New best heuristic value for ff: 8
[t=0.004326s, 435307520 KB] g=5, 7 evaluated, 6 expanded
[t=0.004366s, 435307520 KB] New best heuristic value for landmark_sum_heuristic: 7
[t=0.004369s, 435307520 KB] New best heuristic value for ff: 7
[t=0.004371s, 435307520 KB] g=8, 14 evaluated, 12 expanded
[t=0.004379s, 435307520 KB] New best heuristic value for landmark_sum_heuristic: 6
[t=0.004381s, 435307520 KB] g=9, 15 evaluated, 13 expanded
[t=0.004389s, 435307520 KB] New best heuristic value for landmark_sum_heuristic: 5
[t=0.004391s, 435307520 KB] New best heuristic value for ff: 6
[t=0.004394s, 435307520 KB] g=10, 16 evaluated, 14 expanded
[t=0.004496s, 435307520 KB] New best heuristic value for landmark_sum_heuristic: 4
[t=0.004498s, 435307520 KB] New best heuristic value for ff: 5
[t=0.004501s, 435307520 KB] g=12, 35 evaluated, 31 expanded, 1 reopened
[t=0.004509s, 435307520 KB] New best heuristic value for landmark_sum_heuristic: 2
[t=0.004511s, 435307520 KB] New best heuristic value for ff: 4
[t=0.004514s, 435307520 KB] g=13, 36 evaluated, 32 expanded, 1 reopened
[t=0.004521s, 435307520 KB] New best heuristic value for ff: 3
[t=0.004524s, 435307520 KB] g=14, 37 evaluated, 33 expanded, 1 reopened
[t=0.004533s, 435307520 KB] New best heuristic value for ff: 2
[t=0.004535s, 435307520 KB] g=15, 38 evaluated, 34 expanded, 1 reopened
[t=0.004544s, 435307520 KB] New best heuristic value for landmark_sum_heuristic: 1
[t=0.004547s, 435307520 KB] New best heuristic value for ff: 1
[t=0.004550s, 435307520 KB] g=16, 39 evaluated, 35 expanded, 1 reopened
[t=0.035115s, 435307520 KB] Completely explored state space -- no solution!
[t=0.035126s, 435307520 KB] Actual search time: 0.030897s
[t=0.035129s, 435307520 KB] Expanded 5104 state(s).
[t=0.035132s, 435307520 KB] Reopened 379 state(s).
[t=0.035135s, 435307520 KB] Evaluated 5590 state(s).
[t=0.035137s, 435307520 KB] Evaluations: 10315
[t=0.035139s, 435307520 KB] Generated 17967 state(s).
[t=0.035142s, 435307520 KB] Dead ends: 486 state(s).
[t=0.035144s, 435307520 KB] Number of registered states: 5211
[t=0.035146s, 435307520 KB] Int hash set load factor: 5211/8192 = 0.636108
[t=0.035149s, 435307520 KB] Int hash set resizes: 13
[t=0.035151s, 435307520 KB] Best solution cost so far: 17
[t=0.035153s, 435307520 KB] No solution found - keep searching
[t=0.035180s, 435307520 KB] Building successor generator...done!
[t=0.035185s, 435307520 KB] peak memory difference for successor generator creation: 0 KB
[t=0.035188s, 435307520 KB] time for successor generation creation: 0.000000s
[t=0.035190s, 435307520 KB] Variables: 26
[t=0.035192s, 435307520 KB] FactPairs: 63
[t=0.035195s, 435307520 KB] Bytes per state: 4
[t=0.035200s, 435307520 KB] Starting search: lazy_wastar
[t=0.035202s, 435307520 KB] Conducting lazy best first search, (real) bound = 17
[t=0.035218s, 435307520 KB] New best heuristic value for landmark_sum_heuristic: 13
[t=0.035220s, 435307520 KB] New best heuristic value for ff: 11
[t=0.035223s, 435307520 KB] g=0, 1 evaluated, 0 expanded
[t=0.035227s, 435307520 KB] Initial heuristic value for landmark_sum_heuristic: 13
[t=0.035229s, 435307520 KB] Initial heuristic value for ff: 11
[t=0.035236s, 435307520 KB] New best heuristic value for landmark_sum_heuristic: 12
[t=0.035239s, 435307520 KB] g=1, 2 evaluated, 1 expanded
[t=0.035249s, 435307520 KB] New best heuristic value for landmark_sum_heuristic: 11
[t=0.035251s, 435307520 KB] New best heuristic value for ff: 10
[t=0.035254s, 435307520 KB] g=2, 3 evaluated, 2 expanded
[t=0.035263s, 435307520 KB] New best heuristic value for landmark_sum_heuristic: 10
[t=0.035265s, 435307520 KB] New best heuristic value for ff: 9
[t=0.035267s, 435307520 KB] g=3, 4 evaluated, 3 expanded
[t=0.035281s, 435307520 KB] New best heuristic value for landmark_sum_heuristic: 9
[t=0.035284s, 435307520 KB] g=4, 6 evaluated, 5 expanded
[t=0.035292s, 435307520 KB] New best heuristic value for landmark_sum_heuristic: 8
[t=0.035294s, 435307520 KB] New best heuristic value for ff: 8
[t=0.035296s, 435307520 KB] g=5, 7 evaluated, 6 expanded
[t=0.035345s, 435307520 KB] New best heuristic value for landmark_sum_heuristic: 7
[t=0.035347s, 435307520 KB] New best heuristic value for ff: 7
[t=0.035349s, 435307520 KB] g=8, 16 evaluated, 14 expanded
[t=0.035358s, 435307520 KB] New best heuristic value for landmark_sum_heuristic: 6
[t=0.035360s, 435307520 KB] g=9, 17 evaluated, 15 expanded
[t=0.035367s, 435307520 KB] New best heuristic value for landmark_sum_heuristic: 5
[t=0.035370s, 435307520 KB] New best heuristic value for ff: 6
[t=0.035373s, 435307520 KB] g=10, 18 evaluated, 16 expanded
[t=0.035462s, 435307520 KB] New best heuristic value for landmark_sum_heuristic: 4
[t=0.035464s, 435307520 KB] New best heuristic value for ff: 5
[t=0.035467s, 435307520 KB] g=12, 34 evaluated, 30 expanded
[t=0.035474s, 435307520 KB] New best heuristic value for landmark_sum_heuristic: 2
[t=0.035476s, 435307520 KB] New best heuristic value for ff: 4
[t=0.035478s, 435307520 KB] g=13, 35 evaluated, 31 expanded
[t=0.035485s, 435307520 KB] New best heuristic value for ff: 3
[t=0.035487s, 435307520 KB] g=14, 36 evaluated, 32 expanded
[t=0.035495s, 435307520 KB] New best heuristic value for ff: 2
[t=0.035497s, 435307520 KB] g=15, 37 evaluated, 33 expanded
[t=0.035505s, 435307520 KB] New best heuristic value for landmark_sum_heuristic: 1
[t=0.035507s, 435307520 KB] New best heuristic value for ff: 1
[t=0.035510s, 435307520 KB] g=16, 38 evaluated, 34 expanded
[t=0.064226s, 435307520 KB] Completely explored state space -- no solution!
[t=0.064231s, 435307520 KB] Actual search time: 0.029020s
[t=0.064233s, 435307520 KB] Expanded 4979 state(s).
[t=0.064235s, 435307520 KB] Reopened 254 state(s).
[t=0.064237s, 435307520 KB] Evaluated 5465 state(s).
[t=0.064240s, 435307520 KB] Evaluations: 10190
[t=0.064242s, 435307520 KB] Generated 17442 state(s).
[t=0.064244s, 435307520 KB] Dead ends: 486 state(s).
[t=0.064246s, 435307520 KB] Number of registered states: 5211
[t=0.064248s, 435307520 KB] Int hash set load factor: 5211/8192 = 0.636108
[t=0.064251s, 435307520 KB] Int hash set resizes: 13
[t=0.064253s, 435307520 KB] Best solution cost so far: 17
[t=0.064255s, 435307520 KB] No solution found - keep searching
[t=0.064270s, 435307520 KB] Building successor generator...done!
[t=0.064275s, 435307520 KB] peak memory difference for successor generator creation: 0 KB
[t=0.064277s, 435307520 KB] time for successor generation creation: 0.000000s
[t=0.064279s, 435307520 KB] Variables: 26
[t=0.064282s, 435307520 KB] FactPairs: 63
[t=0.064284s, 435307520 KB] Bytes per state: 4
[t=0.064287s, 435307520 KB] Starting search: lazy_wastar
[t=0.064289s, 435307520 KB] Conducting lazy best first search, (real) bound = 17
[t=0.064296s, 435307520 KB] New best heuristic value for landmark_sum_heuristic: 13
[t=0.064299s, 435307520 KB] New best heuristic value for ff: 11
[t=0.064304s, 435307520 KB] g=0, 1 evaluated, 0 expanded
[t=0.064308s, 435307520 KB] Initial heuristic value for landmark_sum_heuristic: 13
[t=0.064310s, 435307520 KB] Initial heuristic value for ff: 11
[t=0.064317s, 435307520 KB] New best heuristic value for landmark_sum_heuristic: 12
[t=0.064319s, 435307520 KB] g=1, 2 evaluated, 1 expanded
[t=0.064329s, 435307520 KB] New best heuristic value for landmark_sum_heuristic: 11
[t=0.064331s, 435307520 KB] New best heuristic value for ff: 10
[t=0.064333s, 435307520 KB] g=2, 3 evaluated, 2 expanded
[t=0.064353s, 435307520 KB] New best heuristic value for landmark_sum_heuristic: 10
[t=0.064355s, 435307520 KB] New best heuristic value for ff: 9
[t=0.064357s, 435307520 KB] g=3, 6 evaluated, 5 expanded
[t=0.064389s, 435307520 KB] New best heuristic value for landmark_sum_heuristic: 9
[t=0.064391s, 435307520 KB] g=4, 12 evaluated, 11 expanded
[t=0.064399s, 435307520 KB] New best heuristic value for landmark_sum_heuristic: 8
[t=0.064401s, 435307520 KB] New best heuristic value for ff: 8
[t=0.064403s, 435307520 KB] g=5, 13 evaluated, 12 expanded
[t=0.064468s, 435307520 KB] New best heuristic value for ff: 7
[t=0.064470s, 435307520 KB] g=8, 27 evaluated, 24 expanded
[t=0.064477s, 435307520 KB] New best heuristic value for landmark_sum_heuristic: 7
[t=0.064479s, 435307520 KB] g=8, 28 evaluated, 25 expanded
[t=0.064486s, 435307520 KB] New best heuristic value for landmark_sum_heuristic: 6
[t=0.064489s, 435307520 KB] g=9, 29 evaluated, 26 expanded
[t=0.064500s, 435307520 KB] New best heuristic value for landmark_sum_heuristic: 5
[t=0.064502s, 435307520 KB] New best heuristic value for ff: 6
[t=0.064504s, 435307520 KB] g=10, 31 evaluated, 28 expanded
[t=0.065460s, 435307520 KB] New best heuristic value for landmark_sum_heuristic: 4
[t=0.065463s, 435307520 KB] New best heuristic value for ff: 5
[t=0.065465s, 435307520 KB] g=12, 240 evaluated, 212 expanded, 13 reopened
[t=0.065472s, 435307520 KB] New best heuristic value for landmark_sum_heuristic: 2
[t=0.065475s, 435307520 KB] New best heuristic value for ff: 4
[t=0.065477s, 435307520 KB] g=13, 241 evaluated, 213 expanded, 13 reopened
[t=0.065484s, 435307520 KB] New best heuristic value for ff: 3
[t=0.065486s, 435307520 KB] g=14, 242 evaluated, 214 expanded, 13 reopened
[t=0.065502s, 435307520 KB] New best heuristic value for ff: 2
[t=0.065505s, 435307520 KB] g=15, 245 evaluated, 217 expanded, 13 reopened
[t=0.065518s, 435307520 KB] New best heuristic value for landmark_sum_heuristic: 1
[t=0.065520s, 435307520 KB] New best heuristic value for ff: 1
[t=0.065522s, 435307520 KB] g=16, 247 evaluated, 219 expanded, 13 reopened
[t=0.093309s, 435307520 KB] Completely explored state space -- no solution!
[t=0.093316s, 435307520 KB] Actual search time: 0.029024s
[t=0.093318s, 435307520 KB] Expanded 5464 state(s).
[t=0.093321s, 435307520 KB] Reopened 739 state(s).
[t=0.093323s, 435307520 KB] Evaluated 5950 state(s).
[t=0.093325s, 435307520 KB] Evaluations: 10675
[t=0.093327s, 435307520 KB] Generated 19022 state(s).
[t=0.093329s, 435307520 KB] Dead ends: 486 state(s).
[t=0.093332s, 435307520 KB] Number of registered states: 5211
[t=0.093334s, 435307520 KB] Int hash set load factor: 5211/8192 = 0.636108
[t=0.093336s, 435307520 KB] Int hash set resizes: 13
[t=0.093339s, 435307520 KB] Best solution cost so far: 17
[t=0.093341s, 435307520 KB] No solution found - keep searching
[t=0.093346s, 435307520 KB] Actual search time: 0.090400s
[t=0.093348s, 435307520 KB] Cumulative statistics:
[t=0.093348s, 435307520 KB] Expanded 15620 state(s).
[t=0.093348s, 435307520 KB] Reopened 1375 state(s).
[t=0.093348s, 435307520 KB] Evaluated 17086 state(s).
[t=0.093348s, 435307520 KB] Evaluations: 31333
[t=0.093348s, 435307520 KB] Generated 54653 state(s).
[t=0.093348s, 435307520 KB] Dead ends: 0 state(s).
[t=0.093348s, 435307520 KB] Search time: 0.090401s
[t=0.093348s, 435307520 KB] Total time: 0.093348s
Solution found.
Peak memory: 435307520 KB
Remove intermediate file output.sas
search exit code: 0

INFO     Planner time: 0.15s

=== Experiment Summary ===
End Time: 2025-12-16 11:43:13
Runtime: 0 seconds
Exit Code: 0
Status: SUCCESS
Explanation: SUCCESS (solution found)
