=== Fast Downward Experiment Log ===
Domain: darksouls-fd
Planner: lama (seq-sat-lama-2011)
Problem: problem-04.pddl
Time Limit: 1800 seconds
Start Time: 2025-12-16 11:43:06
Domain File: .//darksouls-fd/domain.pddl
Problem File: .//darksouls-fd/problem-04.pddl

=== Fast Downward Output ===
INFO     planner time limit: None
INFO     planner memory limit: None

INFO     Running translator.
INFO     translator stdin: None
INFO     translator time limit: None
INFO     translator memory limit: None
INFO     translator command line string: /opt/homebrew/opt/python@3.14/bin/python3.14 -m translate darksouls-fd/domain.pddl darksouls-fd/problem-04.pddl --sas-file output.sas
Parsing...
Parsing: [0.000s CPU, 0.003s wall-clock]
Normalizing task... [0.000s CPU, 0.000s wall-clock]
Instantiating...
Generating Datalog program... [0.000s CPU, 0.000s wall-clock]
Normalizing Datalog program...
Unbound effect variables: Adding @object predicate.
Normalizing Datalog program: [0.010s CPU, 0.001s wall-clock]
Preparing model... [0.000s CPU, 0.001s wall-clock]
Generated 130 rules.
Computing model... [0.000s CPU, 0.001s wall-clock]
267 relevant atoms
222 auxiliary atoms
489 final queue length
527 total queue pushes
Completing instantiation... [0.000s CPU, 0.000s wall-clock]
Instantiating: [0.010s CPU, 0.003s wall-clock]
Computing fact groups...
Finding invariants...
47 initial candidates
Finding invariants: [0.000s CPU, 0.002s wall-clock]
Checking invariant weight... [0.000s CPU, 0.000s wall-clock]
Instantiating groups... [0.000s CPU, 0.000s wall-clock]
Collecting mutex groups... [0.000s CPU, 0.000s wall-clock]
Choosing groups...
52 uncovered facts
Choosing groups: [0.000s CPU, 0.000s wall-clock]
Building translation key... [0.000s CPU, 0.000s wall-clock]
Computing fact groups: [0.000s CPU, 0.002s wall-clock]
Building STRIPS to SAS dictionary... [0.000s CPU, 0.000s wall-clock]
Building dictionary for full mutex groups... [0.000s CPU, 0.000s wall-clock]
Building mutex information...
Building mutex information: [0.000s CPU, 0.000s wall-clock]
Translating task...
Processing axioms...
Simplifying axioms... [0.000s CPU, 0.000s wall-clock]
Translator axioms removed by simplifying: 0
Processing axioms: [0.000s CPU, 0.000s wall-clock]
Translating task: [0.000s CPU, 0.001s wall-clock]
34 effect conditions simplified
0 implied preconditions added
Detecting unreachable propositions...
2 operators removed
0 axioms removed
81 propositions removed
Detecting unreachable propositions: [0.000s CPU, 0.000s wall-clock]
Reordering and filtering variables...
16 of 17 variables necessary.
0 of 6 mutex groups necessary.
25 of 25 operators necessary.
0 of 0 axiom rules necessary.
Reordering and filtering variables: [0.000s CPU, 0.000s wall-clock]
Translator variables: 16
Translator derived variables: 0
Translator facts: 38
Translator goal facts: 1
Translator mutex groups: 0
Translator total mutex groups size: 0
Translator operators: 25
Translator axioms: 0
Translator task size: 253
warning: could not determine peak memory
Writing output... [0.000s CPU, 0.000s wall-clock]
Done! [0.010s CPU, 0.010s wall-clock]
b"Warning: name clash between type and predicate 'boss-phase'.\nInterpreting as predicate in conditions.\nWarning: name clash between type and predicate 'player-level'.\nInterpreting as predicate in conditions.\n"
translate exit code: 0

INFO     Running search (release).
INFO     search stdin: output.sas
INFO     search time limit: 1800s
INFO     search memory limit: None
INFO     search command line string: /Users/vramos/Master_uc3m/PlanifAuto/downward/builds/release/bin/downward --search --if-unit-cost 'let(hlm,landmark_sum(lm_reasonable_orders_hps(lm_rhw()),pref=true),let(hff,ff(),iterated([lazy_greedy([hff,hlm],preferred=[hff,hlm]),lazy_wastar([hff,hlm],preferred=[hff,hlm],w=5),lazy_wastar([hff,hlm],preferred=[hff,hlm],w=3),lazy_wastar([hff,hlm],preferred=[hff,hlm],w=2),lazy_wastar([hff,hlm],preferred=[hff,hlm],w=1)],repeat_last=true,continue_on_fail=true)))' --if-non-unit-cost 'let(hlm1,landmark_sum(lm_reasonable_orders_hps(lm_rhw()),transform=adapt_costs(one),pref=true),let(hff1,ff(transform=adapt_costs(one)),let(hlm2,landmark_sum(lm_reasonable_orders_hps(lm_rhw()),transform=adapt_costs(plusone),pref=true),let(hff2,ff(transform=adapt_costs(plusone)),iterated([lazy_greedy([hff1,hlm1],preferred=[hff1,hlm1],cost_type=one,reopen_closed=false),lazy_greedy([hff2,hlm2],preferred=[hff2,hlm2],reopen_closed=false),lazy_wastar([hff2,hlm2],preferred=[hff2,hlm2],w=5),lazy_wastar([hff2,hlm2],preferred=[hff2,hlm2],w=3),lazy_wastar([hff2,hlm2],preferred=[hff2,hlm2],w=2),lazy_wastar([hff2,hlm2],preferred=[hff2,hlm2],w=1)],repeat_last=true,continue_on_fail=true)))))' --always --internal-plan-file sas_plan < output.sas
[t=0.000167s, 435303216 KB] Search code revision: 505701e0f
[t=0.000175s, 435303216 KB] reading input...
[t=0.000345s, 435303216 KB] done reading input!
[t=0.001576s, 435307312 KB] Initializing landmark sum heuristic...
[t=0.001580s, 435307312 KB] Generating landmark graph...
[t=0.001587s, 435307312 KB] Building a landmark graph with reasonable orders.
[t=0.001594s, 435307312 KB] Initializing Exploration...
[t=0.001614s, 435307312 KB] Generating landmarks using the RPG/SAS+ approach
[t=0.001714s, 435307312 KB] Landmarks generation time: 0.000126s
[t=0.001717s, 435307312 KB] Discovered 16 landmarks, of which 0 are disjunctive and 0 are conjunctive.
[t=0.001720s, 435307312 KB] There are 52 landmark orderings.
[t=0.001722s, 435307312 KB] approx. reasonable orders
[t=0.001811s, 435307312 KB] Landmarks generation time: 0.000229s
[t=0.001814s, 435307312 KB] Discovered 16 landmarks, of which 0 are disjunctive and 0 are conjunctive.
[t=0.001816s, 435307312 KB] There are 55 landmark orderings.
[t=0.001819s, 435307312 KB] Landmark graph generation time: 0.000239s
[t=0.001821s, 435307312 KB] Landmark graph contains 16 landmarks, of which 0 are disjunctive and 0 are conjunctive.
[t=0.001823s, 435307312 KB] Landmark graph contains 55 orderings.
[t=0.001859s, 435307312 KB] Simplifying 76 unary operators... done! [76 unary operators]
[t=0.001902s, 435307312 KB] time to simplify: 0.000045s
[t=0.001910s, 435307312 KB] Initializing additive heuristic...
[t=0.001913s, 435307312 KB] Initializing FF heuristic...
[t=0.001962s, 435307312 KB] Building successor generator...done!
[t=0.001975s, 435307312 KB] peak memory difference for successor generator creation: 0 KB
[t=0.001978s, 435307312 KB] time for successor generation creation: 0.000008s
[t=0.001981s, 435307312 KB] Variables: 16
[t=0.001983s, 435307312 KB] FactPairs: 38
[t=0.001985s, 435307312 KB] Bytes per state: 4
[t=0.002021s, 435307312 KB] Building successor generator...done!
[t=0.002026s, 435307312 KB] peak memory difference for successor generator creation: 0 KB
[t=0.002028s, 435307312 KB] time for successor generation creation: 0.000000s
[t=0.002031s, 435307312 KB] Variables: 16
[t=0.002033s, 435307312 KB] FactPairs: 38
[t=0.002035s, 435307312 KB] Bytes per state: 4
[t=0.002042s, 435307312 KB] Starting search: lazy_greedy
[t=0.002044s, 435307312 KB] Conducting lazy best first search, (real) bound = 2147483647
[t=0.002059s, 435307312 KB] New best heuristic value for landmark_sum_heuristic: 10
[t=0.002062s, 435307312 KB] New best heuristic value for ff: 9
[t=0.002064s, 435307312 KB] g=0, 1 evaluated, 0 expanded
[t=0.002070s, 435307312 KB] Initial heuristic value for landmark_sum_heuristic: 10
[t=0.002073s, 435307312 KB] Initial heuristic value for ff: 9
[t=0.002081s, 435307312 KB] New best heuristic value for landmark_sum_heuristic: 9
[t=0.002083s, 435307312 KB] g=1, 2 evaluated, 1 expanded
[t=0.002091s, 435307312 KB] New best heuristic value for landmark_sum_heuristic: 8
[t=0.002093s, 435307312 KB] New best heuristic value for ff: 8
[t=0.002095s, 435307312 KB] g=2, 3 evaluated, 2 expanded
[t=0.002103s, 435307312 KB] New best heuristic value for landmark_sum_heuristic: 7
[t=0.002105s, 435307312 KB] g=3, 4 evaluated, 3 expanded
[t=0.002118s, 435307312 KB] New best heuristic value for ff: 7
[t=0.002120s, 435307312 KB] g=4, 7 evaluated, 5 expanded
[t=0.002130s, 435307312 KB] New best heuristic value for landmark_sum_heuristic: 6
[t=0.002132s, 435307312 KB] g=6, 9 evaluated, 7 expanded
[t=0.002142s, 435307312 KB] New best heuristic value for landmark_sum_heuristic: 5
[t=0.002145s, 435307312 KB] g=7, 10 evaluated, 8 expanded
[t=0.002152s, 435307312 KB] New best heuristic value for landmark_sum_heuristic: 4
[t=0.002155s, 435307312 KB] New best heuristic value for ff: 6
[t=0.002157s, 435307312 KB] g=8, 11 evaluated, 9 expanded
[t=0.002174s, 435307312 KB] New best heuristic value for landmark_sum_heuristic: 3
[t=0.002177s, 435307312 KB] New best heuristic value for ff: 5
[t=0.002179s, 435307312 KB] g=10, 16 evaluated, 12 expanded
[t=0.002186s, 435307312 KB] New best heuristic value for landmark_sum_heuristic: 2
[t=0.002188s, 435307312 KB] New best heuristic value for ff: 4
[t=0.002190s, 435307312 KB] g=11, 17 evaluated, 13 expanded
[t=0.002196s, 435307312 KB] New best heuristic value for ff: 3
[t=0.002198s, 435307312 KB] g=12, 18 evaluated, 14 expanded
[t=0.002204s, 435307312 KB] New best heuristic value for ff: 2
[t=0.002206s, 435307312 KB] g=13, 19 evaluated, 15 expanded
[t=0.002212s, 435307312 KB] New best heuristic value for landmark_sum_heuristic: 1
[t=0.002214s, 435307312 KB] New best heuristic value for ff: 1
[t=0.002216s, 435307312 KB] g=14, 20 evaluated, 16 expanded
[t=0.002223s, 435307312 KB] Solution found!
[t=0.002226s, 435307312 KB] Actual search time: 0.000177s
move firelink sewer-entrance (1)
pick-up-titanite sewer-entrance (1)
move sewer-entrance firelink (1)
upgrade-weapon firelink w0 w1 (1)
move firelink sewer-entrance (1)
move sewer-entrance depths (1)
move depths depths-boss-arena (1)
attack-boss mini-boss depths-boss-arena hp2 hp1 bp2 bp1 (1)
drink-estus e1 hp1 hp2 hp2 (1)
attack-boss mini-boss depths-boss-arena hp2 hp1 bp1 bp0 (1)
kill-boss mini-boss depths-boss-arena w1 e3 bp0 (1)
move depths-boss-arena depths (1)
move depths sewer-entrance (1)
move sewer-entrance firelink (1)
deposit-soul mini-boss firelink (1)
[t=0.002388s, 435307312 KB] Plan length: 15 step(s).
[t=0.002392s, 435307312 KB] Plan cost: 15
[t=0.002396s, 435307312 KB] Expanded 17 state(s).
[t=0.002398s, 435307312 KB] Reopened 0 state(s).
[t=0.002400s, 435307312 KB] Evaluated 21 state(s).
[t=0.002403s, 435307312 KB] Evaluations: 39
[t=0.002405s, 435307312 KB] Generated 48 state(s).
[t=0.002407s, 435307312 KB] Dead ends: 3 state(s).
[t=0.002409s, 435307312 KB] Number of registered states: 21
[t=0.002412s, 435307312 KB] Int hash set load factor: 21/32 = 0.656250
[t=0.002414s, 435307312 KB] Int hash set resizes: 5
[t=0.002417s, 435307312 KB] Best solution cost so far: 15
[t=0.002419s, 435307312 KB] Solution found - keep searching
[t=0.002444s, 435307312 KB] Building successor generator...done!
[t=0.002448s, 435307312 KB] peak memory difference for successor generator creation: 0 KB
[t=0.002451s, 435307312 KB] time for successor generation creation: 0.000000s
[t=0.002453s, 435307312 KB] Variables: 16
[t=0.002455s, 435307312 KB] FactPairs: 38
[t=0.002457s, 435307312 KB] Bytes per state: 4
[t=0.002461s, 435307312 KB] Starting search: lazy_wastar
[t=0.002463s, 435307312 KB] Conducting lazy best first search, (real) bound = 15
[t=0.002472s, 435307312 KB] New best heuristic value for landmark_sum_heuristic: 10
[t=0.002475s, 435307312 KB] New best heuristic value for ff: 9
[t=0.002477s, 435307312 KB] g=0, 1 evaluated, 0 expanded
[t=0.002482s, 435307312 KB] Initial heuristic value for landmark_sum_heuristic: 10
[t=0.002484s, 435307312 KB] Initial heuristic value for ff: 9
[t=0.002490s, 435307312 KB] New best heuristic value for landmark_sum_heuristic: 9
[t=0.002492s, 435307312 KB] g=1, 2 evaluated, 1 expanded
[t=0.002499s, 435307312 KB] New best heuristic value for landmark_sum_heuristic: 8
[t=0.002502s, 435307312 KB] New best heuristic value for ff: 8
[t=0.002504s, 435307312 KB] g=2, 3 evaluated, 2 expanded
[t=0.002510s, 435307312 KB] New best heuristic value for landmark_sum_heuristic: 7
[t=0.002512s, 435307312 KB] g=3, 4 evaluated, 3 expanded
[t=0.002525s, 435307312 KB] New best heuristic value for ff: 7
[t=0.002527s, 435307312 KB] g=4, 7 evaluated, 5 expanded
[t=0.002537s, 435307312 KB] New best heuristic value for landmark_sum_heuristic: 6
[t=0.002542s, 435307312 KB] g=6, 9 evaluated, 7 expanded
[t=0.002549s, 435307312 KB] New best heuristic value for landmark_sum_heuristic: 5
[t=0.002551s, 435307312 KB] g=7, 10 evaluated, 8 expanded
[t=0.002557s, 435307312 KB] New best heuristic value for landmark_sum_heuristic: 4
[t=0.002560s, 435307312 KB] New best heuristic value for ff: 6
[t=0.002562s, 435307312 KB] g=8, 11 evaluated, 9 expanded
[t=0.002580s, 435307312 KB] New best heuristic value for landmark_sum_heuristic: 3
[t=0.002583s, 435307312 KB] New best heuristic value for ff: 5
[t=0.002585s, 435307312 KB] g=10, 16 evaluated, 12 expanded
[t=0.002592s, 435307312 KB] New best heuristic value for landmark_sum_heuristic: 2
[t=0.002594s, 435307312 KB] New best heuristic value for ff: 4
[t=0.002596s, 435307312 KB] g=11, 17 evaluated, 13 expanded
[t=0.002602s, 435307312 KB] New best heuristic value for ff: 3
[t=0.002605s, 435307312 KB] g=12, 18 evaluated, 14 expanded
[t=0.002612s, 435307312 KB] New best heuristic value for ff: 2
[t=0.002615s, 435307312 KB] g=13, 19 evaluated, 15 expanded
[t=0.002621s, 435307312 KB] New best heuristic value for landmark_sum_heuristic: 1
[t=0.002623s, 435307312 KB] New best heuristic value for ff: 1
[t=0.002626s, 435307312 KB] g=14, 20 evaluated, 16 expanded
[t=0.002756s, 435307312 KB] Completely explored state space -- no solution!
[t=0.002759s, 435307312 KB] Actual search time: 0.000292s
[t=0.002761s, 435307312 KB] Expanded 56 state(s).
[t=0.002763s, 435307312 KB] Reopened 0 state(s).
[t=0.002765s, 435307312 KB] Evaluated 59 state(s).
[t=0.002767s, 435307312 KB] Evaluations: 115
[t=0.002770s, 435307312 KB] Generated 153 state(s).
[t=0.002772s, 435307312 KB] Dead ends: 3 state(s).
[t=0.002774s, 435307312 KB] Number of registered states: 59
[t=0.002776s, 435307312 KB] Int hash set load factor: 59/64 = 0.921875
[t=0.002778s, 435307312 KB] Int hash set resizes: 6
[t=0.002781s, 435307312 KB] Best solution cost so far: 15
[t=0.002783s, 435307312 KB] No solution found - keep searching
[t=0.002797s, 435307312 KB] Building successor generator...done!
[t=0.002801s, 435307312 KB] peak memory difference for successor generator creation: 0 KB
[t=0.002803s, 435307312 KB] time for successor generation creation: 0.000000s
[t=0.002806s, 435307312 KB] Variables: 16
[t=0.002808s, 435307312 KB] FactPairs: 38
[t=0.002810s, 435307312 KB] Bytes per state: 4
[t=0.002814s, 435307312 KB] Starting search: lazy_wastar
[t=0.002816s, 435307312 KB] Conducting lazy best first search, (real) bound = 15
[t=0.002821s, 435307312 KB] New best heuristic value for landmark_sum_heuristic: 10
[t=0.002824s, 435307312 KB] New best heuristic value for ff: 9
[t=0.002826s, 435307312 KB] g=0, 1 evaluated, 0 expanded
[t=0.002830s, 435307312 KB] Initial heuristic value for landmark_sum_heuristic: 10
[t=0.002832s, 435307312 KB] Initial heuristic value for ff: 9
[t=0.002837s, 435307312 KB] New best heuristic value for landmark_sum_heuristic: 9
[t=0.002840s, 435307312 KB] g=1, 2 evaluated, 1 expanded
[t=0.002847s, 435307312 KB] New best heuristic value for landmark_sum_heuristic: 8
[t=0.002849s, 435307312 KB] New best heuristic value for ff: 8
[t=0.002851s, 435307312 KB] g=2, 3 evaluated, 2 expanded
[t=0.002857s, 435307312 KB] New best heuristic value for landmark_sum_heuristic: 7
[t=0.002860s, 435307312 KB] g=3, 4 evaluated, 3 expanded
[t=0.002872s, 435307312 KB] New best heuristic value for ff: 7
[t=0.002874s, 435307312 KB] g=4, 7 evaluated, 5 expanded
[t=0.002887s, 435307312 KB] New best heuristic value for landmark_sum_heuristic: 6
[t=0.002890s, 435307312 KB] g=6, 10 evaluated, 8 expanded
[t=0.002896s, 435307312 KB] New best heuristic value for landmark_sum_heuristic: 5
[t=0.002898s, 435307312 KB] g=7, 11 evaluated, 9 expanded
[t=0.002904s, 435307312 KB] New best heuristic value for landmark_sum_heuristic: 4
[t=0.002906s, 435307312 KB] New best heuristic value for ff: 6
[t=0.002908s, 435307312 KB] g=8, 12 evaluated, 10 expanded
[t=0.002921s, 435307312 KB] New best heuristic value for landmark_sum_heuristic: 3
[t=0.002923s, 435307312 KB] New best heuristic value for ff: 5
[t=0.002928s, 435307312 KB] g=10, 16 evaluated, 12 expanded
[t=0.002935s, 435307312 KB] New best heuristic value for landmark_sum_heuristic: 2
[t=0.002937s, 435307312 KB] New best heuristic value for ff: 4
[t=0.002939s, 435307312 KB] g=11, 17 evaluated, 13 expanded
[t=0.002945s, 435307312 KB] New best heuristic value for ff: 3
[t=0.002948s, 435307312 KB] g=12, 18 evaluated, 14 expanded
[t=0.002954s, 435307312 KB] New best heuristic value for ff: 2
[t=0.002956s, 435307312 KB] g=13, 19 evaluated, 15 expanded
[t=0.002963s, 435307312 KB] New best heuristic value for landmark_sum_heuristic: 1
[t=0.002965s, 435307312 KB] New best heuristic value for ff: 1
[t=0.002967s, 435307312 KB] g=14, 20 evaluated, 16 expanded
[t=0.003091s, 435307312 KB] Completely explored state space -- no solution!
[t=0.003094s, 435307312 KB] Actual search time: 0.000276s
[t=0.003096s, 435307312 KB] Expanded 56 state(s).
[t=0.003098s, 435307312 KB] Reopened 0 state(s).
[t=0.003100s, 435307312 KB] Evaluated 59 state(s).
[t=0.003103s, 435307312 KB] Evaluations: 115
[t=0.003105s, 435307312 KB] Generated 153 state(s).
[t=0.003107s, 435307312 KB] Dead ends: 3 state(s).
[t=0.003109s, 435307312 KB] Number of registered states: 59
[t=0.003112s, 435307312 KB] Int hash set load factor: 59/64 = 0.921875
[t=0.003114s, 435307312 KB] Int hash set resizes: 6
[t=0.003116s, 435307312 KB] Best solution cost so far: 15
[t=0.003118s, 435307312 KB] No solution found - keep searching
[t=0.003131s, 435307312 KB] Building successor generator...done!
[t=0.003136s, 435307312 KB] peak memory difference for successor generator creation: 0 KB
[t=0.003138s, 435307312 KB] time for successor generation creation: 0.000000s
[t=0.003140s, 435307312 KB] Variables: 16
[t=0.003142s, 435307312 KB] FactPairs: 38
[t=0.003145s, 435307312 KB] Bytes per state: 4
[t=0.003148s, 435307312 KB] Starting search: lazy_wastar
[t=0.003151s, 435307312 KB] Conducting lazy best first search, (real) bound = 15
[t=0.003156s, 435307312 KB] New best heuristic value for landmark_sum_heuristic: 10
[t=0.003158s, 435307312 KB] New best heuristic value for ff: 9
[t=0.003161s, 435307312 KB] g=0, 1 evaluated, 0 expanded
[t=0.003165s, 435307312 KB] Initial heuristic value for landmark_sum_heuristic: 10
[t=0.003167s, 435307312 KB] Initial heuristic value for ff: 9
[t=0.003172s, 435307312 KB] New best heuristic value for landmark_sum_heuristic: 9
[t=0.003174s, 435307312 KB] g=1, 2 evaluated, 1 expanded
[t=0.003181s, 435307312 KB] New best heuristic value for landmark_sum_heuristic: 8
[t=0.003184s, 435307312 KB] New best heuristic value for ff: 8
[t=0.003186s, 435307312 KB] g=2, 3 evaluated, 2 expanded
[t=0.003192s, 435307312 KB] New best heuristic value for landmark_sum_heuristic: 7
[t=0.003194s, 435307312 KB] g=3, 4 evaluated, 3 expanded
[t=0.003210s, 435307312 KB] New best heuristic value for ff: 7
[t=0.003212s, 435307312 KB] g=4, 8 evaluated, 6 expanded
[t=0.003222s, 435307312 KB] New best heuristic value for landmark_sum_heuristic: 6
[t=0.003225s, 435307312 KB] g=6, 11 evaluated, 8 expanded
[t=0.003231s, 435307312 KB] New best heuristic value for landmark_sum_heuristic: 5
[t=0.003233s, 435307312 KB] g=7, 12 evaluated, 9 expanded
[t=0.003238s, 435307312 KB] New best heuristic value for landmark_sum_heuristic: 4
[t=0.003241s, 435307312 KB] New best heuristic value for ff: 6
[t=0.003243s, 435307312 KB] g=8, 13 evaluated, 10 expanded
[t=0.003254s, 435307312 KB] New best heuristic value for landmark_sum_heuristic: 3
[t=0.003256s, 435307312 KB] New best heuristic value for ff: 5
[t=0.003258s, 435307312 KB] g=10, 16 evaluated, 12 expanded
[t=0.003264s, 435307312 KB] New best heuristic value for landmark_sum_heuristic: 2
[t=0.003267s, 435307312 KB] New best heuristic value for ff: 4
[t=0.003269s, 435307312 KB] g=11, 17 evaluated, 13 expanded
[t=0.003274s, 435307312 KB] New best heuristic value for ff: 3
[t=0.003277s, 435307312 KB] g=12, 18 evaluated, 14 expanded
[t=0.003283s, 435307312 KB] New best heuristic value for ff: 2
[t=0.003285s, 435307312 KB] g=13, 19 evaluated, 15 expanded
[t=0.003297s, 435307312 KB] New best heuristic value for landmark_sum_heuristic: 1
[t=0.003299s, 435307312 KB] New best heuristic value for ff: 1
[t=0.003301s, 435307312 KB] g=14, 21 evaluated, 17 expanded
[t=0.003431s, 435307312 KB] Completely explored state space -- no solution!
[t=0.003435s, 435307312 KB] Actual search time: 0.000282s
[t=0.003437s, 435307312 KB] Expanded 56 state(s).
[t=0.003440s, 435307312 KB] Reopened 0 state(s).
[t=0.003442s, 435307312 KB] Evaluated 59 state(s).
[t=0.003444s, 435307312 KB] Evaluations: 115
[t=0.003446s, 435307312 KB] Generated 153 state(s).
[t=0.003448s, 435307312 KB] Dead ends: 3 state(s).
[t=0.003450s, 435307312 KB] Number of registered states: 59
[t=0.003452s, 435307312 KB] Int hash set load factor: 59/64 = 0.921875
[t=0.003455s, 435307312 KB] Int hash set resizes: 6
[t=0.003457s, 435307312 KB] Best solution cost so far: 15
[t=0.003459s, 435307312 KB] No solution found - keep searching
[t=0.003471s, 435307312 KB] Building successor generator...done!
[t=0.003476s, 435307312 KB] peak memory difference for successor generator creation: 0 KB
[t=0.003478s, 435307312 KB] time for successor generation creation: 0.000000s
[t=0.003480s, 435307312 KB] Variables: 16
[t=0.003482s, 435307312 KB] FactPairs: 38
[t=0.003484s, 435307312 KB] Bytes per state: 4
[t=0.003488s, 435307312 KB] Starting search: lazy_wastar
[t=0.003490s, 435307312 KB] Conducting lazy best first search, (real) bound = 15
[t=0.003495s, 435307312 KB] New best heuristic value for ff: 9
[t=0.003497s, 435307312 KB] New best heuristic value for landmark_sum_heuristic: 10
[t=0.003499s, 435307312 KB] g=0, 1 evaluated, 0 expanded
[t=0.003503s, 435307312 KB] Initial heuristic value for ff: 9
[t=0.003506s, 435307312 KB] Initial heuristic value for landmark_sum_heuristic: 10
[t=0.003511s, 435307312 KB] New best heuristic value for landmark_sum_heuristic: 9
[t=0.003513s, 435307312 KB] g=1, 2 evaluated, 1 expanded
[t=0.003520s, 435307312 KB] New best heuristic value for ff: 8
[t=0.003522s, 435307312 KB] New best heuristic value for landmark_sum_heuristic: 8
[t=0.003524s, 435307312 KB] g=2, 3 evaluated, 2 expanded
[t=0.003533s, 435307312 KB] New best heuristic value for landmark_sum_heuristic: 7
[t=0.003536s, 435307312 KB] g=3, 5 evaluated, 4 expanded
[t=0.003548s, 435307312 KB] New best heuristic value for ff: 7
[t=0.003550s, 435307312 KB] g=4, 9 evaluated, 6 expanded
[t=0.003559s, 435307312 KB] New best heuristic value for landmark_sum_heuristic: 6
[t=0.003561s, 435307312 KB] g=6, 11 evaluated, 8 expanded
[t=0.003567s, 435307312 KB] New best heuristic value for landmark_sum_heuristic: 5
[t=0.003569s, 435307312 KB] g=7, 12 evaluated, 9 expanded
[t=0.003575s, 435307312 KB] New best heuristic value for ff: 6
[t=0.003578s, 435307312 KB] New best heuristic value for landmark_sum_heuristic: 4
[t=0.003580s, 435307312 KB] g=8, 13 evaluated, 10 expanded
[t=0.003593s, 435307312 KB] New best heuristic value for ff: 5
[t=0.003597s, 435307312 KB] New best heuristic value for landmark_sum_heuristic: 3
[t=0.003599s, 435307312 KB] g=10, 16 evaluated, 12 expanded
[t=0.003606s, 435307312 KB] New best heuristic value for ff: 4
[t=0.003609s, 435307312 KB] New best heuristic value for landmark_sum_heuristic: 2
[t=0.003612s, 435307312 KB] g=11, 17 evaluated, 13 expanded
[t=0.003621s, 435307312 KB] New best heuristic value for ff: 3
[t=0.003625s, 435307312 KB] g=12, 19 evaluated, 15 expanded
[t=0.003634s, 435307312 KB] New best heuristic value for ff: 2
[t=0.003636s, 435307312 KB] g=13, 21 evaluated, 17 expanded
[t=0.003645s, 435307312 KB] New best heuristic value for ff: 1
[t=0.003647s, 435307312 KB] New best heuristic value for landmark_sum_heuristic: 1
[t=0.003649s, 435307312 KB] g=14, 23 evaluated, 19 expanded
[t=0.003747s, 435307312 KB] Completely explored state space -- no solution!
[t=0.003751s, 435307312 KB] Actual search time: 0.000259s
[t=0.003753s, 435307312 KB] Expanded 56 state(s).
[t=0.003755s, 435307312 KB] Reopened 0 state(s).
[t=0.003759s, 435307312 KB] Evaluated 59 state(s).
[t=0.003762s, 435307312 KB] Evaluations: 115
[t=0.003764s, 435307312 KB] Generated 153 state(s).
[t=0.003794s, 435307312 KB] Dead ends: 3 state(s).
[t=0.003797s, 435307312 KB] Number of registered states: 59
[t=0.003799s, 435307312 KB] Int hash set load factor: 59/64 = 0.921875
[t=0.003802s, 435307312 KB] Int hash set resizes: 6
[t=0.003804s, 435307312 KB] Best solution cost so far: 15
[t=0.003806s, 435307312 KB] No solution found - keep searching
[t=0.003810s, 435307312 KB] Actual search time: 0.001803s
[t=0.003812s, 435307312 KB] Cumulative statistics:
[t=0.003812s, 435307312 KB] Expanded 241 state(s).
[t=0.003812s, 435307312 KB] Reopened 0 state(s).
[t=0.003812s, 435307312 KB] Evaluated 257 state(s).
[t=0.003812s, 435307312 KB] Evaluations: 499
[t=0.003812s, 435307312 KB] Generated 660 state(s).
[t=0.003812s, 435307312 KB] Dead ends: 0 state(s).
[t=0.003812s, 435307312 KB] Search time: 0.001805s
[t=0.003812s, 435307312 KB] Total time: 0.003812s
Solution found.
Peak memory: 435307312 KB
Remove intermediate file output.sas
search exit code: 0

INFO     Planner time: 0.06s

=== Experiment Summary ===
End Time: 2025-12-16 11:43:06
Runtime: 0 seconds
Exit Code: 0
Status: SUCCESS
Explanation: SUCCESS (solution found)
