Domain parsed
Problem parsed
Grounding..
Grounding Time: 20
Aibr Preprocessing
UFX:false
|F|:15
|X|:9
|A|:22
|P|:0
|E|:0
H1 Setup Time (msec): 3
h(I):215.0
 g(n)= 10.0 h(n)=205.0
 g(n)= 20.0 h(n)=190.0
 g(n)= 30.0 h(n)=160.0
 g(n)= 35.0 h(n)=155.0
 g(n)= 40.0 h(n)=150.0
 g(n)= 45.0 h(n)=145.0
 g(n)= 50.0 h(n)=140.0
 g(n)= 55.0 h(n)=135.0
 g(n)= 65.0 h(n)=130.0
 g(n)= 70.0 h(n)=125.0
 g(n)= 80.0 h(n)=120.0
 g(n)= 85.0 h(n)=115.0
 g(n)= 185.0 h(n)=40.0
 g(n)= 195.0 h(n)=30.0
 g(n)= 205.0 h(n)=20.0
 g(n)= 215.0 h(n)=10.0
Problem Solved

Found Plan:
0.0: (move firelink area1)
1.0: (move area1 area2)
2.0: (move area2 boss-room)
3.0: (attack area-boss boss-room)
4.0: (attack area-boss boss-room)
5.0: (attack area-boss boss-room)
6.0: (attack area-boss boss-room)
7.0: (attack area-boss boss-room)
8.0: (drink-estus)
9.0: (attack area-boss boss-room)
10.0: (attack area-boss boss-room)
11.0: (drink-estus)
12.0: (attack area-boss boss-room)
13.0: (attack area-boss boss-room)
14.0: (kill-boss area-boss boss-room)
15.0: (move boss-room area2)
16.0: (move area2 area1)
17.0: (move area1 firelink)
18.0: (deposit-soul area-boss firelink)

Plan-Length:19
Metric (Search):225.0
Planning Time (msec): 12
Heuristic Time (msec): 4
Search Time (msec): 11
Expanded Nodes:20
States Evaluated:44
Number of Dead-Ends detected:1
Number of Duplicates detected:7
