=== Fast Downward Experiment Log ===
Domain: darksouls-fd
Planner: lama-first (lama-first)
Problem: problem-05.pddl
Time Limit: 1800 seconds
Start Time: 2025-12-16 11:43:06
Domain File: .//darksouls-fd/domain.pddl
Problem File: .//darksouls-fd/problem-05.pddl

=== Fast Downward Output ===
INFO     planner time limit: None
INFO     planner memory limit: None

INFO     Running translator.
INFO     translator stdin: None
INFO     translator time limit: None
INFO     translator memory limit: None
INFO     translator command line string: /opt/homebrew/opt/python@3.14/bin/python3.14 -m translate darksouls-fd/domain.pddl darksouls-fd/problem-05.pddl --sas-file output.sas
Parsing...
Parsing: [0.000s CPU, 0.003s wall-clock]
Normalizing task... [0.000s CPU, 0.000s wall-clock]
Instantiating...
Generating Datalog program... [0.000s CPU, 0.000s wall-clock]
Normalizing Datalog program...
Unbound effect variables: Adding @object predicate.
Normalizing Datalog program: [0.010s CPU, 0.001s wall-clock]
Preparing model... [0.000s CPU, 0.001s wall-clock]
Generated 130 rules.
Computing model... [0.000s CPU, 0.002s wall-clock]
551 relevant atoms
528 auxiliary atoms
1079 final queue length
1518 total queue pushes
Completing instantiation... [0.000s CPU, 0.004s wall-clock]
Instantiating: [0.010s CPU, 0.009s wall-clock]
Computing fact groups...
Finding invariants...
47 initial candidates
Finding invariants: [0.000s CPU, 0.002s wall-clock]
Checking invariant weight... [0.000s CPU, 0.000s wall-clock]
Instantiating groups... [0.000s CPU, 0.000s wall-clock]
Collecting mutex groups... [0.000s CPU, 0.000s wall-clock]
Choosing groups...
62 uncovered facts
Choosing groups: [0.000s CPU, 0.000s wall-clock]
Building translation key... [0.000s CPU, 0.000s wall-clock]
Computing fact groups: [0.000s CPU, 0.002s wall-clock]
Building STRIPS to SAS dictionary... [0.000s CPU, 0.000s wall-clock]
Building dictionary for full mutex groups... [0.000s CPU, 0.000s wall-clock]
Building mutex information...
Building mutex information: [0.000s CPU, 0.000s wall-clock]
Translating task...
Processing axioms...
Simplifying axioms... [0.000s CPU, 0.000s wall-clock]
Translator axioms removed by simplifying: 0
Processing axioms: [0.000s CPU, 0.000s wall-clock]
Translating task: [0.030s CPU, 0.024s wall-clock]
560 effect conditions simplified
0 implied preconditions added
Detecting unreachable propositions...
1 operators removed
0 axioms removed
88 propositions removed
Detecting unreachable propositions: [0.000s CPU, 0.004s wall-clock]
Reordering and filtering variables...
28 of 28 variables necessary.
0 of 9 mutex groups necessary.
181 of 181 operators necessary.
0 of 0 axiom rules necessary.
Reordering and filtering variables: [0.000s CPU, 0.003s wall-clock]
Translator variables: 28
Translator derived variables: 0
Translator facts: 72
Translator goal facts: 2
Translator mutex groups: 0
Translator total mutex groups size: 0
Translator operators: 181
Translator axioms: 0
Translator task size: 7685
warning: could not determine peak memory
Writing output... [0.000s CPU, 0.003s wall-clock]
Done! [0.050s CPU, 0.047s wall-clock]
b"Warning: name clash between type and predicate 'boss-phase'.\nInterpreting as predicate in conditions.\nWarning: name clash between type and predicate 'player-level'.\nInterpreting as predicate in conditions.\n"
translate exit code: 0

INFO     Running search (release).
INFO     search stdin: output.sas
INFO     search time limit: 1800s
INFO     search memory limit: None
INFO     search command line string: /Users/vramos/Master_uc3m/PlanifAuto/downward/builds/release/bin/downward --search 'let(hlm,landmark_sum(lm_factory=lm_reasonable_orders_hps(lm_rhw()),transform=adapt_costs(one),pref=false),let(hff,ff(transform=adapt_costs(one)),lazy_greedy([hff,hlm],preferred=[hff,hlm],cost_type=one,reopen_closed=false)))' --internal-plan-file sas_plan < output.sas
[t=0.000167s, 435303216 KB] Search code revision: 505701e0f
[t=0.000180s, 435303216 KB] reading input...
[t=0.002514s, 435303216 KB] done reading input!
[t=0.003259s, 435307312 KB] Initializing landmark sum heuristic...
[t=0.003271s, 435307312 KB] Generating landmark graph...
[t=0.003294s, 435307312 KB] Building a landmark graph with reasonable orders.
[t=0.003313s, 435307312 KB] Initializing Exploration...
[t=0.003533s, 435307312 KB] Generating landmarks using the RPG/SAS+ approach
[t=0.004374s, 435307312 KB] Landmarks generation time: 0.001079s
[t=0.004378s, 435307312 KB] Discovered 18 landmarks, of which 0 are disjunctive and 0 are conjunctive.
[t=0.004380s, 435307312 KB] There are 86 landmark orderings.
[t=0.004383s, 435307312 KB] approx. reasonable orders
[t=0.004423s, 435307312 KB] Landmarks generation time: 0.001149s
[t=0.004425s, 435307312 KB] Discovered 18 landmarks, of which 0 are disjunctive and 0 are conjunctive.
[t=0.004428s, 435307312 KB] There are 89 landmark orderings.
[t=0.004430s, 435307312 KB] Landmark graph generation time: 0.001160s
[t=0.004433s, 435307312 KB] Landmark graph contains 18 landmarks, of which 0 are disjunctive and 0 are conjunctive.
[t=0.004435s, 435307312 KB] Landmark graph contains 89 orderings.
[t=0.004581s, 435307312 KB] Simplifying 2160 unary operators... done! [1848 unary operators]
[t=0.005571s, 435307312 KB] time to simplify: 0.000991s
[t=0.005620s, 435307312 KB] Initializing additive heuristic...
[t=0.005623s, 435307312 KB] Initializing FF heuristic...
[t=0.005643s, 435307312 KB] Building successor generator...done!
[t=0.005688s, 435307312 KB] peak memory difference for successor generator creation: 0 KB
[t=0.005691s, 435307312 KB] time for successor generation creation: 0.000040s
[t=0.005693s, 435307312 KB] Variables: 28
[t=0.005695s, 435307312 KB] FactPairs: 72
[t=0.005698s, 435307312 KB] Bytes per state: 8
[t=0.005712s, 435307312 KB] Conducting lazy best first search, (real) bound = 2147483647
[t=0.005738s, 435307312 KB] New best heuristic value for landmark_sum_heuristic: 13
[t=0.005740s, 435307312 KB] New best heuristic value for ff: 11
[t=0.005743s, 435307312 KB] g=0, 1 evaluated, 0 expanded
[t=0.005748s, 435307312 KB] Initial heuristic value for landmark_sum_heuristic: 13
[t=0.005750s, 435307312 KB] Initial heuristic value for ff: 11
[t=0.005766s, 435307312 KB] New best heuristic value for landmark_sum_heuristic: 12
[t=0.005769s, 435307312 KB] g=1, 2 evaluated, 1 expanded
[t=0.005787s, 435307312 KB] New best heuristic value for landmark_sum_heuristic: 11
[t=0.005789s, 435307312 KB] g=2, 3 evaluated, 2 expanded
[t=0.005804s, 435307312 KB] New best heuristic value for landmark_sum_heuristic: 10
[t=0.005806s, 435307312 KB] New best heuristic value for ff: 10
[t=0.005808s, 435307312 KB] g=3, 4 evaluated, 3 expanded
[t=0.005857s, 435307312 KB] New best heuristic value for ff: 9
[t=0.005859s, 435307312 KB] g=6, 9 evaluated, 6 expanded
[t=0.005884s, 435307312 KB] New best heuristic value for landmark_sum_heuristic: 9
[t=0.005886s, 435307312 KB] g=8, 11 evaluated, 8 expanded
[t=0.005898s, 435307312 KB] New best heuristic value for landmark_sum_heuristic: 8
[t=0.005900s, 435307312 KB] g=9, 12 evaluated, 9 expanded
[t=0.005912s, 435307312 KB] New best heuristic value for landmark_sum_heuristic: 7
[t=0.005915s, 435307312 KB] New best heuristic value for ff: 8
[t=0.005917s, 435307312 KB] g=10, 13 evaluated, 10 expanded
[t=0.005928s, 435307312 KB] New best heuristic value for landmark_sum_heuristic: 6
[t=0.005931s, 435307312 KB] New best heuristic value for ff: 7
[t=0.005933s, 435307312 KB] g=11, 14 evaluated, 11 expanded
[t=0.005943s, 435307312 KB] New best heuristic value for landmark_sum_heuristic: 5
[t=0.005946s, 435307312 KB] New best heuristic value for ff: 6
[t=0.005948s, 435307312 KB] g=12, 15 evaluated, 12 expanded
[t=0.005973s, 435307312 KB] New best heuristic value for landmark_sum_heuristic: 4
[t=0.005975s, 435307312 KB] New best heuristic value for ff: 5
[t=0.005978s, 435307312 KB] g=14, 18 evaluated, 14 expanded
[t=0.005988s, 435307312 KB] New best heuristic value for landmark_sum_heuristic: 2
[t=0.005991s, 435307312 KB] New best heuristic value for ff: 4
[t=0.005993s, 435307312 KB] g=15, 19 evaluated, 15 expanded
[t=0.006003s, 435307312 KB] New best heuristic value for ff: 3
[t=0.006009s, 435307312 KB] g=16, 20 evaluated, 16 expanded
[t=0.006020s, 435307312 KB] New best heuristic value for ff: 2
[t=0.006022s, 435307312 KB] g=17, 21 evaluated, 17 expanded
[t=0.006032s, 435307312 KB] New best heuristic value for landmark_sum_heuristic: 1
[t=0.006034s, 435307312 KB] New best heuristic value for ff: 1
[t=0.006037s, 435307312 KB] g=18, 22 evaluated, 18 expanded
[t=0.006042s, 435307312 KB] Solution found!
[t=0.006045s, 435307312 KB] Actual search time: 0.000329s
move firelink swamp-entrance (1)
move swamp-entrance blighttown (1)
pick-up-titanite blighttown (1)
move blighttown swamp-entrance (1)
move swamp-entrance firelink (1)
upgrade-weapon firelink w0 w1 (1)
move firelink swamp-entrance (1)
move swamp-entrance blighttown (1)
move blighttown quelaag-arena (1)
attack-boss quelaag quelaag-arena hp4 hp3 bp4 bp3 (1)
attack-boss quelaag quelaag-arena hp3 hp2 bp3 bp2 (1)
attack-boss quelaag quelaag-arena hp2 hp1 bp2 bp1 (1)
drink-estus e1 hp1 hp2 hp4 (1)
attack-boss quelaag quelaag-arena hp2 hp1 bp1 bp0 (1)
kill-boss quelaag quelaag-arena w1 e2 bp0 (1)
move quelaag-arena blighttown (1)
move blighttown swamp-entrance (1)
move swamp-entrance firelink (1)
deposit-soul quelaag firelink (1)
[t=0.006047s, 435307312 KB] Plan length: 19 step(s).
[t=0.006047s, 435307312 KB] Plan cost: 19
[t=0.006047s, 435307312 KB] Expanded 19 state(s).
[t=0.006047s, 435307312 KB] Reopened 0 state(s).
[t=0.006047s, 435307312 KB] Evaluated 23 state(s).
[t=0.006047s, 435307312 KB] Evaluations: 43
[t=0.006047s, 435307312 KB] Generated 58 state(s).
[t=0.006047s, 435307312 KB] Dead ends: 3 state(s).
[t=0.006047s, 435307312 KB] Number of registered states: 23
[t=0.006047s, 435307312 KB] Int hash set load factor: 23/32 = 0.718750
[t=0.006047s, 435307312 KB] Int hash set resizes: 5
[t=0.006047s, 435307312 KB] Search time: 0.000336s
[t=0.006047s, 435307312 KB] Total time: 0.006047s
Solution found.
Peak memory: 435307312 KB
Remove intermediate file output.sas
search exit code: 0

INFO     Planner time: 0.10s

=== Experiment Summary ===
End Time: 2025-12-16 11:43:06
Runtime: 0 seconds
Exit Code: 0
Status: SUCCESS
Explanation: SUCCESS (solution found)
