=== Fast Downward Experiment Log ===
Domain: darksouls-fd
Planner: lama-first (lama-first)
Problem: problem-07.pddl
Time Limit: 1800 seconds
Start Time: 2025-12-16 11:43:08
Domain File: .//darksouls-fd/domain.pddl
Problem File: .//darksouls-fd/problem-07.pddl

=== Fast Downward Output ===
INFO     planner time limit: None
INFO     planner memory limit: None

INFO     Running translator.
INFO     translator stdin: None
INFO     translator time limit: None
INFO     translator memory limit: None
INFO     translator command line string: /opt/homebrew/opt/python@3.14/bin/python3.14 -m translate darksouls-fd/domain.pddl darksouls-fd/problem-07.pddl --sas-file output.sas
Parsing...
Parsing: [0.010s CPU, 0.003s wall-clock]
Normalizing task... [0.000s CPU, 0.000s wall-clock]
Instantiating...
Generating Datalog program... [0.000s CPU, 0.000s wall-clock]
Normalizing Datalog program...
Unbound effect variables: Adding @object predicate.
Normalizing Datalog program: [0.000s CPU, 0.001s wall-clock]
Preparing model... [0.000s CPU, 0.001s wall-clock]
Generated 130 rules.
Computing model... [0.000s CPU, 0.002s wall-clock]
554 relevant atoms
517 auxiliary atoms
1071 final queue length
1472 total queue pushes
Completing instantiation... [0.000s CPU, 0.003s wall-clock]
Instantiating: [0.000s CPU, 0.008s wall-clock]
Computing fact groups...
Finding invariants...
47 initial candidates
Finding invariants: [0.010s CPU, 0.002s wall-clock]
Checking invariant weight... [0.000s CPU, 0.000s wall-clock]
Instantiating groups... [0.000s CPU, 0.000s wall-clock]
Collecting mutex groups... [0.000s CPU, 0.000s wall-clock]
Choosing groups...
66 uncovered facts
Choosing groups: [0.000s CPU, 0.000s wall-clock]
Building translation key... [0.000s CPU, 0.000s wall-clock]
Computing fact groups: [0.010s CPU, 0.002s wall-clock]
Building STRIPS to SAS dictionary... [0.000s CPU, 0.000s wall-clock]
Building dictionary for full mutex groups... [0.000s CPU, 0.000s wall-clock]
Building mutex information...
Building mutex information: [0.000s CPU, 0.000s wall-clock]
Translating task...
Processing axioms...
Simplifying axioms... [0.000s CPU, 0.000s wall-clock]
Translator axioms removed by simplifying: 0
Processing axioms: [0.000s CPU, 0.000s wall-clock]
Translating task: [0.010s CPU, 0.017s wall-clock]
445 effect conditions simplified
0 implied preconditions added
Detecting unreachable propositions...
4 operators removed
0 axioms removed
90 propositions removed
Detecting unreachable propositions: [0.010s CPU, 0.004s wall-clock]
Reordering and filtering variables...
30 of 30 variables necessary.
0 of 10 mutex groups necessary.
190 of 190 operators necessary.
0 of 0 axiom rules necessary.
Reordering and filtering variables: [0.000s CPU, 0.002s wall-clock]
Translator variables: 30
Translator derived variables: 0
Translator facts: 79
Translator goal facts: 4
Translator mutex groups: 0
Translator total mutex groups size: 0
Translator operators: 190
Translator axioms: 0
Translator task size: 6812
warning: could not determine peak memory
Writing output... [0.000s CPU, 0.002s wall-clock]
Done! [0.040s CPU, 0.039s wall-clock]
b"Warning: name clash between type and predicate 'boss-phase'.\nInterpreting as predicate in conditions.\nWarning: name clash between type and predicate 'player-level'.\nInterpreting as predicate in conditions.\n"
translate exit code: 0

INFO     Running search (release).
INFO     search stdin: output.sas
INFO     search time limit: 1800s
INFO     search memory limit: None
INFO     search command line string: /Users/vramos/Master_uc3m/PlanifAuto/downward/builds/release/bin/downward --search 'let(hlm,landmark_sum(lm_factory=lm_reasonable_orders_hps(lm_rhw()),transform=adapt_costs(one),pref=false),let(hff,ff(transform=adapt_costs(one)),lazy_greedy([hff,hlm],preferred=[hff,hlm],cost_type=one,reopen_closed=false)))' --internal-plan-file sas_plan < output.sas
[t=0.000164s, 435303264 KB] Search code revision: 505701e0f
[t=0.000174s, 435303264 KB] reading input...
[t=0.002250s, 435303264 KB] done reading input!
[t=0.003006s, 435307360 KB] Initializing landmark sum heuristic...
[t=0.003017s, 435307360 KB] Generating landmark graph...
[t=0.003039s, 435307360 KB] Building a landmark graph with reasonable orders.
[t=0.003058s, 435307360 KB] Initializing Exploration...
[t=0.003255s, 435307360 KB] Generating landmarks using the RPG/SAS+ approach
[t=0.004367s, 435307360 KB] Landmarks generation time: 0.001326s
[t=0.004370s, 435307360 KB] Discovered 26 landmarks, of which 1 are disjunctive and 0 are conjunctive.
[t=0.004373s, 435307360 KB] There are 144 landmark orderings.
[t=0.004375s, 435307360 KB] approx. reasonable orders
[t=0.004509s, 435307360 KB] Landmarks generation time: 0.001490s
[t=0.004511s, 435307360 KB] Discovered 26 landmarks, of which 1 are disjunctive and 0 are conjunctive.
[t=0.004514s, 435307360 KB] There are 147 landmark orderings.
[t=0.004516s, 435307360 KB] Landmark graph generation time: 0.001500s
[t=0.004518s, 435307360 KB] Landmark graph contains 26 landmarks, of which 1 are disjunctive and 0 are conjunctive.
[t=0.004521s, 435307360 KB] Landmark graph contains 147 orderings.
[t=0.004652s, 435307360 KB] Simplifying 1818 unary operators... done! [1626 unary operators]
[t=0.005620s, 435307360 KB] time to simplify: 0.000969s
[t=0.005668s, 435307360 KB] Initializing additive heuristic...
[t=0.005671s, 435307360 KB] Initializing FF heuristic...
[t=0.005691s, 435307360 KB] Building successor generator...done!
[t=0.005741s, 435307360 KB] peak memory difference for successor generator creation: 0 KB
[t=0.005743s, 435307360 KB] time for successor generation creation: 0.000045s
[t=0.005746s, 435307360 KB] Variables: 30
[t=0.005748s, 435307360 KB] FactPairs: 79
[t=0.005751s, 435307360 KB] Bytes per state: 8
[t=0.005764s, 435307360 KB] Conducting lazy best first search, (real) bound = 2147483647
[t=0.005790s, 435307360 KB] New best heuristic value for landmark_sum_heuristic: 19
[t=0.005793s, 435307360 KB] New best heuristic value for ff: 16
[t=0.005795s, 435307360 KB] g=0, 1 evaluated, 0 expanded
[t=0.005801s, 435307360 KB] Initial heuristic value for landmark_sum_heuristic: 19
[t=0.005804s, 435307360 KB] Initial heuristic value for ff: 16
[t=0.005820s, 435307360 KB] New best heuristic value for landmark_sum_heuristic: 18
[t=0.005823s, 435307360 KB] g=1, 2 evaluated, 1 expanded
[t=0.005840s, 435307360 KB] New best heuristic value for landmark_sum_heuristic: 17
[t=0.005843s, 435307360 KB] New best heuristic value for ff: 15
[t=0.005845s, 435307360 KB] g=2, 3 evaluated, 2 expanded
[t=0.005863s, 435307360 KB] New best heuristic value for landmark_sum_heuristic: 16
[t=0.005867s, 435307360 KB] g=3, 4 evaluated, 3 expanded
[t=0.005895s, 435307360 KB] New best heuristic value for landmark_sum_heuristic: 15
[t=0.005898s, 435307360 KB] g=4, 6 evaluated, 5 expanded
[t=0.005993s, 435307360 KB] New best heuristic value for landmark_sum_heuristic: 14
[t=0.005996s, 435307360 KB] New best heuristic value for ff: 14
[t=0.005998s, 435307360 KB] g=4, 17 evaluated, 12 expanded
[t=0.006027s, 435307360 KB] New best heuristic value for landmark_sum_heuristic: 13
[t=0.006029s, 435307360 KB] New best heuristic value for ff: 13
[t=0.006031s, 435307360 KB] g=6, 21 evaluated, 14 expanded
[t=0.006057s, 435307360 KB] New best heuristic value for landmark_sum_heuristic: 12
[t=0.006060s, 435307360 KB] New best heuristic value for ff: 12
[t=0.006062s, 435307360 KB] g=8, 25 evaluated, 16 expanded
[t=0.007891s, 435307360 KB] New best heuristic value for landmark_sum_heuristic: 11
[t=0.007896s, 435307360 KB] New best heuristic value for ff: 11
[t=0.007898s, 435307360 KB] g=13, 304 evaluated, 183 expanded
[t=0.007909s, 435307360 KB] New best heuristic value for landmark_sum_heuristic: 9
[t=0.007911s, 435307360 KB] New best heuristic value for ff: 10
[t=0.007913s, 435307360 KB] g=14, 305 evaluated, 184 expanded
[t=0.007956s, 435307360 KB] New best heuristic value for landmark_sum_heuristic: 8
[t=0.007959s, 435307360 KB] New best heuristic value for ff: 9
[t=0.007961s, 435307360 KB] g=18, 310 evaluated, 188 expanded
[t=0.008034s, 435307360 KB] New best heuristic value for landmark_sum_heuristic: 7
[t=0.008036s, 435307360 KB] New best heuristic value for ff: 8
[t=0.008042s, 435307360 KB] g=23, 320 evaluated, 196 expanded
[t=0.008111s, 435307360 KB] New best heuristic value for landmark_sum_heuristic: 6
[t=0.008113s, 435307360 KB] New best heuristic value for ff: 7
[t=0.008115s, 435307360 KB] g=26, 329 evaluated, 204 expanded
[t=0.008363s, 435307360 KB] New best heuristic value for landmark_sum_heuristic: 5
[t=0.008366s, 435307360 KB] New best heuristic value for ff: 6
[t=0.008368s, 435307360 KB] g=31, 364 evaluated, 234 expanded
[t=0.008459s, 435307360 KB] New best heuristic value for landmark_sum_heuristic: 4
[t=0.008461s, 435307360 KB] New best heuristic value for ff: 5
[t=0.008464s, 435307360 KB] g=34, 375 evaluated, 244 expanded
[t=0.008474s, 435307360 KB] New best heuristic value for landmark_sum_heuristic: 2
[t=0.008476s, 435307360 KB] New best heuristic value for ff: 4
[t=0.008478s, 435307360 KB] g=35, 376 evaluated, 245 expanded
[t=0.008489s, 435307360 KB] New best heuristic value for ff: 3
[t=0.008491s, 435307360 KB] g=36, 377 evaluated, 246 expanded
[t=0.008502s, 435307360 KB] New best heuristic value for ff: 2
[t=0.008505s, 435307360 KB] g=37, 378 evaluated, 247 expanded
[t=0.008513s, 435307360 KB] New best heuristic value for landmark_sum_heuristic: 1
[t=0.008515s, 435307360 KB] New best heuristic value for ff: 1
[t=0.008518s, 435307360 KB] g=38, 379 evaluated, 248 expanded
[t=0.008524s, 435307360 KB] Solution found!
[t=0.008528s, 435307360 KB] Actual search time: 0.002758s
move firelink anor-entrance (1)
attack-minor minib1 anor-entrance hp2 hp1 (1)
execute-enemy minib1 anor-entrance s0 s1 (1)
move anor-entrance anor-hall (1)
rest anor-hall (1)
level-up-stats anor-hall pl0 pl1 hp2 hp3 s1 s0 (1)
move anor-hall ornstein-smough-approach (1)
attack-boss smough ornstein-smough-approach hp3 hp2 bp4 bp3 (1)
attack-boss smough ornstein-smough-approach hp2 hp1 bp3 bp2 (1)
drink-estus e1 hp1 hp2 hp3 (1)
attack-boss smough ornstein-smough-approach hp2 hp1 bp2 bp1 (1)
drink-estus e2 hp1 hp2 hp3 (1)
attack-boss smough ornstein-smough-approach hp2 hp1 bp1 bp0 (1)
kill-boss smough ornstein-smough-approach w2 e3 bp0 (1)
move ornstein-smough-approach anor-hall (1)
move anor-hall anor-entrance (1)
move anor-entrance firelink (1)
deposit-soul smough firelink (1)
rest firelink (1)
move firelink anor-entrance (1)
move anor-entrance anor-hall (1)
move anor-hall ornstein-smough-approach (1)
attack-boss ornstein ornstein-smough-approach hp3 hp1 bp4 bp3 (1)
drink-estus e3 hp1 hp2 hp3 (1)
drink-estus e1 hp2 hp3 hp3 (1)
attack-boss ornstein ornstein-smough-approach hp3 hp1 bp3 bp2 (1)
drink-estus e2 hp1 hp2 hp3 (1)
move ornstein-smough-approach anor-hall (1)
rest anor-hall (1)
move anor-hall ornstein-smough-approach (1)
attack-boss ornstein ornstein-smough-approach hp3 hp1 bp2 bp1 (1)
drink-estus e3 hp1 hp2 hp3 (1)
drink-estus e1 hp2 hp3 hp3 (1)
attack-boss ornstein ornstein-smough-approach hp3 hp1 bp1 bp0 (1)
kill-boss ornstein ornstein-smough-approach w2 e4 bp0 (1)
move ornstein-smough-approach anor-hall (1)
move anor-hall anor-entrance (1)
move anor-entrance firelink (1)
deposit-soul ornstein firelink (1)
[t=0.008530s, 435307360 KB] Plan length: 39 step(s).
[t=0.008530s, 435307360 KB] Plan cost: 39
[t=0.008530s, 435307360 KB] Expanded 249 state(s).
[t=0.008530s, 435307360 KB] Reopened 0 state(s).
[t=0.008530s, 435307360 KB] Evaluated 380 state(s).
[t=0.008530s, 435307360 KB] Evaluations: 630
[t=0.008530s, 435307360 KB] Generated 843 state(s).
[t=0.008530s, 435307360 KB] Dead ends: 130 state(s).
[t=0.008530s, 435307360 KB] Number of registered states: 380
[t=0.008530s, 435307360 KB] Int hash set load factor: 380/512 = 0.742188
[t=0.008530s, 435307360 KB] Int hash set resizes: 9
[t=0.008530s, 435307360 KB] Search time: 0.002766s
[t=0.008530s, 435307360 KB] Total time: 0.008530s
Solution found.
Peak memory: 435307360 KB
Remove intermediate file output.sas
search exit code: 0

INFO     Planner time: 0.09s

=== Experiment Summary ===
End Time: 2025-12-16 11:43:08
Runtime: 0 seconds
Exit Code: 0
Status: SUCCESS
Explanation: SUCCESS (solution found)
