=== Fast Downward Experiment Log ===
Domain: darksouls-fd
Planner: lama-first (lama-first)
Problem: problem-09.pddl
Time Limit: 1800 seconds
Start Time: 2025-12-16 11:43:12
Domain File: .//darksouls-fd/domain.pddl
Problem File: .//darksouls-fd/problem-09.pddl

=== Fast Downward Output ===
INFO     planner time limit: None
INFO     planner memory limit: None

INFO     Running translator.
INFO     translator stdin: None
INFO     translator time limit: None
INFO     translator memory limit: None
INFO     translator command line string: /opt/homebrew/opt/python@3.14/bin/python3.14 -m translate darksouls-fd/domain.pddl darksouls-fd/problem-09.pddl --sas-file output.sas
Parsing...
Parsing: [0.000s CPU, 0.003s wall-clock]
Normalizing task... [0.010s CPU, 0.000s wall-clock]
Instantiating...
Generating Datalog program... [0.000s CPU, 0.000s wall-clock]
Normalizing Datalog program...
Unbound effect variables: Adding @object predicate.
Normalizing Datalog program: [0.000s CPU, 0.001s wall-clock]
Preparing model... [0.000s CPU, 0.001s wall-clock]
Generated 130 rules.
Computing model... [0.000s CPU, 0.001s wall-clock]
277 relevant atoms
227 auxiliary atoms
504 final queue length
543 total queue pushes
Completing instantiation... [0.000s CPU, 0.000s wall-clock]
Instantiating: [0.000s CPU, 0.004s wall-clock]
Computing fact groups...
Finding invariants...
47 initial candidates
Finding invariants: [0.000s CPU, 0.002s wall-clock]
Checking invariant weight... [0.000s CPU, 0.000s wall-clock]
Instantiating groups... [0.000s CPU, 0.000s wall-clock]
Collecting mutex groups... [0.000s CPU, 0.000s wall-clock]
Choosing groups...
56 uncovered facts
Choosing groups: [0.000s CPU, 0.000s wall-clock]
Building translation key... [0.000s CPU, 0.000s wall-clock]
Computing fact groups: [0.000s CPU, 0.002s wall-clock]
Building STRIPS to SAS dictionary... [0.000s CPU, 0.000s wall-clock]
Building dictionary for full mutex groups... [0.000s CPU, 0.000s wall-clock]
Building mutex information...
Building mutex information: [0.000s CPU, 0.000s wall-clock]
Translating task...
Processing axioms...
Simplifying axioms... [0.000s CPU, 0.000s wall-clock]
Translator axioms removed by simplifying: 0
Processing axioms: [0.000s CPU, 0.000s wall-clock]
Translating task: [0.000s CPU, 0.001s wall-clock]
38 effect conditions simplified
0 implied preconditions added
Detecting unreachable propositions...
2 operators removed
0 axioms removed
83 propositions removed
Detecting unreachable propositions: [0.000s CPU, 0.000s wall-clock]
Reordering and filtering variables...
18 of 19 variables necessary.
0 of 5 mutex groups necessary.
27 of 27 operators necessary.
0 of 0 axiom rules necessary.
Reordering and filtering variables: [0.000s CPU, 0.000s wall-clock]
Translator variables: 18
Translator derived variables: 0
Translator facts: 42
Translator goal facts: 2
Translator mutex groups: 0
Translator total mutex groups size: 0
Translator operators: 27
Translator axioms: 0
Translator task size: 274
warning: could not determine peak memory
Writing output... [0.000s CPU, 0.000s wall-clock]
Done! [0.010s CPU, 0.010s wall-clock]
b"Warning: name clash between type and predicate 'boss-phase'.\nInterpreting as predicate in conditions.\nWarning: name clash between type and predicate 'player-level'.\nInterpreting as predicate in conditions.\n"
translate exit code: 0

INFO     Running search (release).
INFO     search stdin: output.sas
INFO     search time limit: 1800s
INFO     search memory limit: None
INFO     search command line string: /Users/vramos/Master_uc3m/PlanifAuto/downward/builds/release/bin/downward --search 'let(hlm,landmark_sum(lm_factory=lm_reasonable_orders_hps(lm_rhw()),transform=adapt_costs(one),pref=false),let(hff,ff(transform=adapt_costs(one)),lazy_greedy([hff,hlm],preferred=[hff,hlm],cost_type=one,reopen_closed=false)))' --internal-plan-file sas_plan < output.sas
[t=0.000167s, 435303680 KB] Search code revision: 505701e0f
[t=0.000177s, 435303680 KB] reading input...
[t=0.000365s, 435303680 KB] done reading input!
[t=0.001146s, 435307776 KB] Initializing landmark sum heuristic...
[t=0.001164s, 435307776 KB] Generating landmark graph...
[t=0.001172s, 435307776 KB] Building a landmark graph with reasonable orders.
[t=0.001179s, 435307776 KB] Initializing Exploration...
[t=0.001198s, 435307776 KB] Generating landmarks using the RPG/SAS+ approach
[t=0.001323s, 435307776 KB] Landmarks generation time: 0.000150s
[t=0.001327s, 435307776 KB] Discovered 18 landmarks, of which 0 are disjunctive and 0 are conjunctive.
[t=0.001329s, 435307776 KB] There are 71 landmark orderings.
[t=0.001332s, 435307776 KB] approx. reasonable orders
[t=0.001442s, 435307776 KB] Landmarks generation time: 0.000276s
[t=0.001444s, 435307776 KB] Discovered 18 landmarks, of which 0 are disjunctive and 0 are conjunctive.
[t=0.001447s, 435307776 KB] There are 75 landmark orderings.
[t=0.001449s, 435307776 KB] Landmark graph generation time: 0.000286s
[t=0.001451s, 435307776 KB] Landmark graph contains 18 landmarks, of which 0 are disjunctive and 0 are conjunctive.
[t=0.001454s, 435307776 KB] Landmark graph contains 75 orderings.
[t=0.001478s, 435307776 KB] Simplifying 81 unary operators... done! [81 unary operators]
[t=0.001522s, 435307776 KB] time to simplify: 0.000046s
[t=0.001531s, 435307776 KB] Initializing additive heuristic...
[t=0.001533s, 435307776 KB] Initializing FF heuristic...
[t=0.001551s, 435307776 KB] Building successor generator...done!
[t=0.001567s, 435307776 KB] peak memory difference for successor generator creation: 0 KB
[t=0.001569s, 435307776 KB] time for successor generation creation: 0.000011s
[t=0.001571s, 435307776 KB] Variables: 18
[t=0.001574s, 435307776 KB] FactPairs: 42
[t=0.001576s, 435307776 KB] Bytes per state: 4
[t=0.001589s, 435307776 KB] Conducting lazy best first search, (real) bound = 2147483647
[t=0.001602s, 435307776 KB] New best heuristic value for landmark_sum_heuristic: 12
[t=0.001605s, 435307776 KB] New best heuristic value for ff: 10
[t=0.001607s, 435307776 KB] g=0, 1 evaluated, 0 expanded
[t=0.001613s, 435307776 KB] Initial heuristic value for landmark_sum_heuristic: 12
[t=0.001616s, 435307776 KB] Initial heuristic value for ff: 10
[t=0.001623s, 435307776 KB] New best heuristic value for landmark_sum_heuristic: 11
[t=0.001626s, 435307776 KB] g=1, 2 evaluated, 1 expanded
[t=0.001634s, 435307776 KB] New best heuristic value for ff: 9
[t=0.001636s, 435307776 KB] g=2, 3 evaluated, 2 expanded
[t=0.001646s, 435307776 KB] New best heuristic value for landmark_sum_heuristic: 10
[t=0.001648s, 435307776 KB] g=3, 5 evaluated, 4 expanded
[t=0.001655s, 435307776 KB] New best heuristic value for landmark_sum_heuristic: 9
[t=0.001658s, 435307776 KB] g=4, 6 evaluated, 5 expanded
[t=0.001664s, 435307776 KB] New best heuristic value for landmark_sum_heuristic: 8
[t=0.001666s, 435307776 KB] New best heuristic value for ff: 8
[t=0.001668s, 435307776 KB] g=5, 7 evaluated, 6 expanded
[t=0.001675s, 435307776 KB] New best heuristic value for landmark_sum_heuristic: 7
[t=0.001678s, 435307776 KB] New best heuristic value for ff: 7
[t=0.001680s, 435307776 KB] g=6, 8 evaluated, 7 expanded
[t=0.001690s, 435307776 KB] New best heuristic value for landmark_sum_heuristic: 6
[t=0.001692s, 435307776 KB] g=7, 10 evaluated, 9 expanded
[t=0.001699s, 435307776 KB] New best heuristic value for landmark_sum_heuristic: 5
[t=0.001701s, 435307776 KB] New best heuristic value for ff: 6
[t=0.001703s, 435307776 KB] g=8, 11 evaluated, 10 expanded
[t=0.001756s, 435307776 KB] New best heuristic value for landmark_sum_heuristic: 4
[t=0.001759s, 435307776 KB] New best heuristic value for ff: 5
[t=0.001761s, 435307776 KB] g=10, 32 evaluated, 24 expanded
[t=0.001768s, 435307776 KB] New best heuristic value for landmark_sum_heuristic: 2
[t=0.001770s, 435307776 KB] New best heuristic value for ff: 4
[t=0.001772s, 435307776 KB] g=11, 33 evaluated, 25 expanded
[t=0.001779s, 435307776 KB] New best heuristic value for ff: 3
[t=0.001782s, 435307776 KB] g=12, 34 evaluated, 26 expanded
[t=0.001787s, 435307776 KB] New best heuristic value for ff: 2
[t=0.001790s, 435307776 KB] g=13, 35 evaluated, 27 expanded
[t=0.001795s, 435307776 KB] New best heuristic value for landmark_sum_heuristic: 1
[t=0.001802s, 435307776 KB] New best heuristic value for ff: 1
[t=0.001806s, 435307776 KB] g=14, 36 evaluated, 28 expanded
[t=0.001814s, 435307776 KB] Solution found!
[t=0.001818s, 435307776 KB] Actual search time: 0.000225s
move firelink ruins (1)
pick-up-titanite ruins (1)
move ruins smith-hut (1)
upgrade-weapon smith-hut w0 w1 (1)
pick-up-titanite smith-hut (1)
upgrade-weapon smith-hut w1 w2 (1)
move smith-hut valley (1)
attack-boss miniboss valley hp2 hp1 bp2 bp1 (1)
drink-estus e1 hp1 hp2 hp2 (1)
attack-boss miniboss valley hp2 hp1 bp1 bp0 (1)
kill-boss miniboss valley w2 e4 bp0 (1)
move valley smith-hut (1)
move smith-hut ruins (1)
move ruins firelink (1)
deposit-soul miniboss firelink (1)
[t=0.001821s, 435307776 KB] Plan length: 15 step(s).
[t=0.001821s, 435307776 KB] Plan cost: 15
[t=0.001821s, 435307776 KB] Expanded 29 state(s).
[t=0.001821s, 435307776 KB] Reopened 0 state(s).
[t=0.001821s, 435307776 KB] Evaluated 37 state(s).
[t=0.001821s, 435307776 KB] Evaluations: 67
[t=0.001821s, 435307776 KB] Generated 83 state(s).
[t=0.001821s, 435307776 KB] Dead ends: 7 state(s).
[t=0.001821s, 435307776 KB] Number of registered states: 37
[t=0.001821s, 435307776 KB] Int hash set load factor: 37/64 = 0.578125
[t=0.001821s, 435307776 KB] Int hash set resizes: 6
[t=0.001821s, 435307776 KB] Search time: 0.000232s
[t=0.001821s, 435307776 KB] Total time: 0.001821s
Solution found.
Peak memory: 435307776 KB
Remove intermediate file output.sas
search exit code: 0

INFO     Planner time: 0.06s

=== Experiment Summary ===
End Time: 2025-12-16 11:43:12
Runtime: 0 seconds
Exit Code: 0
Status: SUCCESS
Explanation: SUCCESS (solution found)
