=== Fast Downward Experiment Log ===
Domain: darksouls-fd
Planner: lama-first (lama-first)
Problem: problem-03.pddl
Time Limit: 1800 seconds
Start Time: 2025-12-16 11:43:06
Domain File: .//darksouls-fd/domain.pddl
Problem File: .//darksouls-fd/problem-03.pddl

=== Fast Downward Output ===
INFO     planner time limit: None
INFO     planner memory limit: None

INFO     Running translator.
INFO     translator stdin: None
INFO     translator time limit: None
INFO     translator memory limit: None
INFO     translator command line string: /opt/homebrew/opt/python@3.14/bin/python3.14 -m translate darksouls-fd/domain.pddl darksouls-fd/problem-03.pddl --sas-file output.sas
Parsing...
Parsing: [0.010s CPU, 0.003s wall-clock]
Normalizing task... [0.000s CPU, 0.000s wall-clock]
Instantiating...
Generating Datalog program... [0.000s CPU, 0.000s wall-clock]
Normalizing Datalog program...
Unbound effect variables: Adding @object predicate.
Trivial rules: Converted to facts.
Normalizing Datalog program: [0.000s CPU, 0.001s wall-clock]
Preparing model... [0.000s CPU, 0.001s wall-clock]
Generated 129 rules.
Computing model... [0.000s CPU, 0.001s wall-clock]
262 relevant atoms
239 auxiliary atoms
501 final queue length
577 total queue pushes
Completing instantiation... [0.000s CPU, 0.001s wall-clock]
Instantiating: [0.000s CPU, 0.004s wall-clock]
Computing fact groups...
Finding invariants...
47 initial candidates
Finding invariants: [0.000s CPU, 0.002s wall-clock]
Checking invariant weight... [0.000s CPU, 0.000s wall-clock]
Instantiating groups... [0.000s CPU, 0.000s wall-clock]
Collecting mutex groups... [0.000s CPU, 0.000s wall-clock]
Choosing groups...
44 uncovered facts
Choosing groups: [0.000s CPU, 0.000s wall-clock]
Building translation key... [0.000s CPU, 0.000s wall-clock]
Computing fact groups: [0.000s CPU, 0.002s wall-clock]
Building STRIPS to SAS dictionary... [0.000s CPU, 0.000s wall-clock]
Building dictionary for full mutex groups... [0.000s CPU, 0.000s wall-clock]
Building mutex information...
Building mutex information: [0.000s CPU, 0.000s wall-clock]
Translating task...
Processing axioms...
Simplifying axioms... [0.000s CPU, 0.000s wall-clock]
Translator axioms removed by simplifying: 0
Processing axioms: [0.000s CPU, 0.000s wall-clock]
Translating task: [0.000s CPU, 0.002s wall-clock]
83 effect conditions simplified
0 implied preconditions added
Detecting unreachable propositions...
0 operators removed
0 axioms removed
71 propositions removed
Detecting unreachable propositions: [0.000s CPU, 0.001s wall-clock]
Reordering and filtering variables...
15 of 16 variables necessary.
0 of 5 mutex groups necessary.
39 of 39 operators necessary.
0 of 0 axiom rules necessary.
Reordering and filtering variables: [0.000s CPU, 0.000s wall-clock]
Translator variables: 15
Translator derived variables: 0
Translator facts: 36
Translator goal facts: 1
Translator mutex groups: 0
Translator total mutex groups size: 0
Translator operators: 39
Translator axioms: 0
Translator task size: 710
warning: could not determine peak memory
Writing output... [0.000s CPU, 0.000s wall-clock]
Done! [0.010s CPU, 0.013s wall-clock]
b"Warning: name clash between type and predicate 'boss-phase'.\nInterpreting as predicate in conditions.\nWarning: name clash between type and predicate 'player-level'.\nInterpreting as predicate in conditions.\n"
translate exit code: 0

INFO     Running search (release).
INFO     search stdin: output.sas
INFO     search time limit: 1800s
INFO     search memory limit: None
INFO     search command line string: /Users/vramos/Master_uc3m/PlanifAuto/downward/builds/release/bin/downward --search 'let(hlm,landmark_sum(lm_factory=lm_reasonable_orders_hps(lm_rhw()),transform=adapt_costs(one),pref=false),let(hff,ff(transform=adapt_costs(one)),lazy_greedy([hff,hlm],preferred=[hff,hlm],cost_type=one,reopen_closed=false)))' --internal-plan-file sas_plan < output.sas
[t=0.000166s, 435303472 KB] Search code revision: 505701e0f
[t=0.000176s, 435303472 KB] reading input...
[t=0.000497s, 435303472 KB] done reading input!
[t=0.001271s, 435307568 KB] Initializing landmark sum heuristic...
[t=0.001282s, 435307568 KB] Generating landmark graph...
[t=0.001291s, 435307568 KB] Building a landmark graph with reasonable orders.
[t=0.001301s, 435307568 KB] Initializing Exploration...
[t=0.001336s, 435307568 KB] Generating landmarks using the RPG/SAS+ approach
[t=0.001410s, 435307568 KB] Landmarks generation time: 0.000118s
[t=0.001413s, 435307568 KB] Discovered 7 landmarks, of which 0 are disjunctive and 0 are conjunctive.
[t=0.001416s, 435307568 KB] There are 9 landmark orderings.
[t=0.001418s, 435307568 KB] approx. reasonable orders
[t=0.001424s, 435307568 KB] Landmarks generation time: 0.000141s
[t=0.001427s, 435307568 KB] Discovered 7 landmarks, of which 0 are disjunctive and 0 are conjunctive.
[t=0.001429s, 435307568 KB] There are 9 landmark orderings.
[t=0.001432s, 435307568 KB] Landmark graph generation time: 0.000151s
[t=0.001434s, 435307568 KB] Landmark graph contains 7 landmarks, of which 0 are disjunctive and 0 are conjunctive.
[t=0.001437s, 435307568 KB] Landmark graph contains 9 orderings.
[t=0.001468s, 435307568 KB] Simplifying 249 unary operators... done! [213 unary operators]
[t=0.001616s, 435307568 KB] time to simplify: 0.000149s
[t=0.001631s, 435307568 KB] Initializing additive heuristic...
[t=0.001633s, 435307568 KB] Initializing FF heuristic...
[t=0.001651s, 435307568 KB] Building successor generator...done!
[t=0.001668s, 435307568 KB] peak memory difference for successor generator creation: 0 KB
[t=0.001670s, 435307568 KB] time for successor generation creation: 0.000012s
[t=0.001673s, 435307568 KB] Variables: 15
[t=0.001675s, 435307568 KB] FactPairs: 36
[t=0.001677s, 435307568 KB] Bytes per state: 4
[t=0.001690s, 435307568 KB] Conducting lazy best first search, (real) bound = 2147483647
[t=0.001702s, 435307568 KB] New best heuristic value for landmark_sum_heuristic: 3
[t=0.001705s, 435307568 KB] New best heuristic value for ff: 3
[t=0.001707s, 435307568 KB] g=0, 1 evaluated, 0 expanded
[t=0.001713s, 435307568 KB] Initial heuristic value for landmark_sum_heuristic: 3
[t=0.001715s, 435307568 KB] Initial heuristic value for ff: 3
[t=0.001721s, 435307568 KB] New best heuristic value for landmark_sum_heuristic: 2
[t=0.001723s, 435307568 KB] New best heuristic value for ff: 2
[t=0.001725s, 435307568 KB] g=1, 2 evaluated, 1 expanded
[t=0.001732s, 435307568 KB] New best heuristic value for landmark_sum_heuristic: 1
[t=0.001734s, 435307568 KB] New best heuristic value for ff: 1
[t=0.001736s, 435307568 KB] g=2, 3 evaluated, 2 expanded
[t=0.001742s, 435307568 KB] Solution found!
[t=0.001745s, 435307568 KB] Actual search time: 0.000050s
pick-up-key key-bell firelink (1)
move firelink parish (1)
unlock-door key-bell parish bell-tower (1)
[t=0.001747s, 435307568 KB] Plan length: 3 step(s).
[t=0.001747s, 435307568 KB] Plan cost: 3
[t=0.001747s, 435307568 KB] Expanded 3 state(s).
[t=0.001747s, 435307568 KB] Reopened 0 state(s).
[t=0.001747s, 435307568 KB] Evaluated 4 state(s).
[t=0.001747s, 435307568 KB] Evaluations: 8
[t=0.001747s, 435307568 KB] Generated 8 state(s).
[t=0.001747s, 435307568 KB] Dead ends: 0 state(s).
[t=0.001747s, 435307568 KB] Number of registered states: 4
[t=0.001747s, 435307568 KB] Int hash set load factor: 4/4 = 1.000000
[t=0.001747s, 435307568 KB] Int hash set resizes: 2
[t=0.001747s, 435307568 KB] Search time: 0.000057s
[t=0.001747s, 435307568 KB] Total time: 0.001747s
Solution found.
Peak memory: 435307568 KB
Remove intermediate file output.sas
search exit code: 0

INFO     Planner time: 0.06s

=== Experiment Summary ===
End Time: 2025-12-16 11:43:06
Runtime: 0 seconds
Exit Code: 0
Status: SUCCESS
Explanation: SUCCESS (solution found)
