=== Fast Downward Experiment Log ===
Domain: darksouls-fd
Planner: lama-first (lama-first)
Problem: problem-11.pddl
Time Limit: 1800 seconds
Start Time: 2025-12-16 11:43:13
Domain File: .//darksouls-fd/domain.pddl
Problem File: .//darksouls-fd/problem-11.pddl

=== Fast Downward Output ===
INFO     planner time limit: None
INFO     planner memory limit: None

INFO     Running translator.
INFO     translator stdin: None
INFO     translator time limit: None
INFO     translator memory limit: None
INFO     translator command line string: /opt/homebrew/opt/python@3.14/bin/python3.14 -m translate darksouls-fd/domain.pddl darksouls-fd/problem-11.pddl --sas-file output.sas
Parsing...
Parsing: [0.000s CPU, 0.003s wall-clock]
Normalizing task... [0.000s CPU, 0.000s wall-clock]
Instantiating...
Generating Datalog program... [0.000s CPU, 0.000s wall-clock]
Normalizing Datalog program...
Unbound effect variables: Adding @object predicate.
Normalizing Datalog program: [0.010s CPU, 0.001s wall-clock]
Preparing model... [0.000s CPU, 0.001s wall-clock]
Generated 130 rules.
Computing model... [0.000s CPU, 0.001s wall-clock]
331 relevant atoms
320 auxiliary atoms
651 final queue length
772 total queue pushes
Completing instantiation... [0.000s CPU, 0.001s wall-clock]
Instantiating: [0.010s CPU, 0.004s wall-clock]
Computing fact groups...
Finding invariants...
47 initial candidates
Finding invariants: [0.000s CPU, 0.002s wall-clock]
Checking invariant weight... [0.000s CPU, 0.000s wall-clock]
Instantiating groups... [0.000s CPU, 0.000s wall-clock]
Collecting mutex groups... [0.000s CPU, 0.000s wall-clock]
Choosing groups...
51 uncovered facts
Choosing groups: [0.000s CPU, 0.000s wall-clock]
Building translation key... [0.000s CPU, 0.000s wall-clock]
Computing fact groups: [0.000s CPU, 0.002s wall-clock]
Building STRIPS to SAS dictionary... [0.000s CPU, 0.000s wall-clock]
Building dictionary for full mutex groups... [0.000s CPU, 0.000s wall-clock]
Building mutex information...
Building mutex information: [0.000s CPU, 0.000s wall-clock]
Translating task...
Processing axioms...
Simplifying axioms... [0.000s CPU, 0.000s wall-clock]
Translator axioms removed by simplifying: 0
Processing axioms: [0.000s CPU, 0.000s wall-clock]
Translating task: [0.000s CPU, 0.002s wall-clock]
126 effect conditions simplified
0 implied preconditions added
Detecting unreachable propositions...
1 operators removed
0 axioms removed
73 propositions removed
Detecting unreachable propositions: [0.000s CPU, 0.001s wall-clock]
Reordering and filtering variables...
26 of 26 variables necessary.
0 of 10 mutex groups necessary.
68 of 68 operators necessary.
0 of 0 axiom rules necessary.
Reordering and filtering variables: [0.000s CPU, 0.001s wall-clock]
Translator variables: 26
Translator derived variables: 0
Translator facts: 63
Translator goal facts: 2
Translator mutex groups: 0
Translator total mutex groups size: 0
Translator operators: 68
Translator axioms: 0
Translator task size: 1013
warning: could not determine peak memory
Writing output... [0.000s CPU, 0.001s wall-clock]
Done! [0.010s CPU, 0.015s wall-clock]
b"Warning: name clash between type and predicate 'boss-phase'.\nInterpreting as predicate in conditions.\nWarning: name clash between type and predicate 'player-level'.\nInterpreting as predicate in conditions.\n"
translate exit code: 0

INFO     Running search (release).
INFO     search stdin: output.sas
INFO     search time limit: 1800s
INFO     search memory limit: None
INFO     search command line string: /Users/vramos/Master_uc3m/PlanifAuto/downward/builds/release/bin/downward --search 'let(hlm,landmark_sum(lm_factory=lm_reasonable_orders_hps(lm_rhw()),transform=adapt_costs(one),pref=false),let(hff,ff(transform=adapt_costs(one)),lazy_greedy([hff,hlm],preferred=[hff,hlm],cost_type=one,reopen_closed=false)))' --internal-plan-file sas_plan < output.sas
[t=0.000167s, 435302816 KB] Search code revision: 505701e0f
[t=0.000180s, 435302816 KB] reading input...
[t=0.000641s, 435302816 KB] done reading input!
[t=0.001383s, 435306912 KB] Initializing landmark sum heuristic...
[t=0.001396s, 435306912 KB] Generating landmark graph...
[t=0.001409s, 435306912 KB] Building a landmark graph with reasonable orders.
[t=0.001420s, 435306912 KB] Initializing Exploration...
[t=0.001470s, 435306912 KB] Generating landmarks using the RPG/SAS+ approach
[t=0.001701s, 435306912 KB] Landmarks generation time: 0.000290s
[t=0.001705s, 435306912 KB] Discovered 20 landmarks, of which 0 are disjunctive and 0 are conjunctive.
[t=0.001708s, 435306912 KB] There are 81 landmark orderings.
[t=0.001711s, 435306912 KB] approx. reasonable orders
[t=0.001746s, 435306912 KB] Landmarks generation time: 0.000348s
[t=0.001750s, 435306912 KB] Discovered 20 landmarks, of which 0 are disjunctive and 0 are conjunctive.
[t=0.001753s, 435306912 KB] There are 84 landmark orderings.
[t=0.001755s, 435306912 KB] Landmark graph generation time: 0.000360s
[t=0.001757s, 435306912 KB] Landmark graph contains 20 landmarks, of which 0 are disjunctive and 0 are conjunctive.
[t=0.001760s, 435306912 KB] Landmark graph contains 84 orderings.
[t=0.001802s, 435306912 KB] Simplifying 338 unary operators... done! [302 unary operators]
[t=0.002031s, 435306912 KB] time to simplify: 0.000230s
[t=0.002055s, 435306912 KB] Initializing additive heuristic...
[t=0.002058s, 435306912 KB] Initializing FF heuristic...
[t=0.002080s, 435306912 KB] Building successor generator...done!
[t=0.002107s, 435306912 KB] peak memory difference for successor generator creation: 0 KB
[t=0.002109s, 435306912 KB] time for successor generation creation: 0.000021s
[t=0.002112s, 435306912 KB] Variables: 26
[t=0.002114s, 435306912 KB] FactPairs: 63
[t=0.002116s, 435306912 KB] Bytes per state: 4
[t=0.002130s, 435306912 KB] Conducting lazy best first search, (real) bound = 2147483647
[t=0.002146s, 435306912 KB] New best heuristic value for landmark_sum_heuristic: 13
[t=0.002149s, 435306912 KB] New best heuristic value for ff: 11
[t=0.002151s, 435306912 KB] g=0, 1 evaluated, 0 expanded
[t=0.002156s, 435306912 KB] Initial heuristic value for landmark_sum_heuristic: 13
[t=0.002158s, 435306912 KB] Initial heuristic value for ff: 11
[t=0.002168s, 435306912 KB] New best heuristic value for landmark_sum_heuristic: 12
[t=0.002171s, 435306912 KB] g=1, 2 evaluated, 1 expanded
[t=0.002182s, 435306912 KB] New best heuristic value for landmark_sum_heuristic: 11
[t=0.002184s, 435306912 KB] New best heuristic value for ff: 10
[t=0.002186s, 435306912 KB] g=2, 3 evaluated, 2 expanded
[t=0.002196s, 435306912 KB] New best heuristic value for landmark_sum_heuristic: 10
[t=0.002198s, 435306912 KB] New best heuristic value for ff: 9
[t=0.002200s, 435306912 KB] g=3, 4 evaluated, 3 expanded
[t=0.002215s, 435306912 KB] New best heuristic value for landmark_sum_heuristic: 9
[t=0.002217s, 435306912 KB] g=4, 6 evaluated, 5 expanded
[t=0.002225s, 435306912 KB] New best heuristic value for landmark_sum_heuristic: 8
[t=0.002227s, 435306912 KB] New best heuristic value for ff: 8
[t=0.002229s, 435306912 KB] g=5, 7 evaluated, 6 expanded
[t=0.002248s, 435306912 KB] New best heuristic value for ff: 7
[t=0.002251s, 435306912 KB] g=8, 11 evaluated, 9 expanded
[t=0.002263s, 435306912 KB] New best heuristic value for landmark_sum_heuristic: 7
[t=0.002265s, 435306912 KB] g=10, 13 evaluated, 11 expanded
[t=0.002272s, 435306912 KB] New best heuristic value for landmark_sum_heuristic: 6
[t=0.002275s, 435306912 KB] g=11, 14 evaluated, 12 expanded
[t=0.002281s, 435306912 KB] New best heuristic value for landmark_sum_heuristic: 5
[t=0.002283s, 435306912 KB] New best heuristic value for ff: 6
[t=0.002285s, 435306912 KB] g=12, 15 evaluated, 13 expanded
[t=0.002367s, 435306912 KB] New best heuristic value for landmark_sum_heuristic: 4
[t=0.002370s, 435306912 KB] New best heuristic value for ff: 5
[t=0.002372s, 435306912 KB] g=14, 34 evaluated, 30 expanded
[t=0.002379s, 435306912 KB] New best heuristic value for landmark_sum_heuristic: 2
[t=0.002381s, 435306912 KB] New best heuristic value for ff: 4
[t=0.002383s, 435306912 KB] g=15, 35 evaluated, 31 expanded
[t=0.002389s, 435306912 KB] New best heuristic value for ff: 3
[t=0.002392s, 435306912 KB] g=16, 36 evaluated, 32 expanded
[t=0.002402s, 435306912 KB] New best heuristic value for ff: 2
[t=0.002405s, 435306912 KB] g=17, 37 evaluated, 33 expanded
[t=0.002411s, 435306912 KB] New best heuristic value for landmark_sum_heuristic: 1
[t=0.002413s, 435306912 KB] New best heuristic value for ff: 1
[t=0.002415s, 435306912 KB] g=18, 38 evaluated, 34 expanded
[t=0.002420s, 435306912 KB] Solution found!
[t=0.002423s, 435306912 KB] Actual search time: 0.000289s
move firelink undead-burg (1)
pick-up-key gate-key undead-burg (1)
pick-up-titanite undead-burg (1)
move undead-burg lower-burg (1)
unlock-door gate-key lower-burg boss-arena (1)
move lower-burg undead-burg (1)
move undead-burg firelink (1)
upgrade-weapon firelink w0 w1 (1)
move firelink undead-burg (1)
move undead-burg lower-burg (1)
move lower-burg boss-arena (1)
attack-boss taurus-demon boss-arena hp2 hp1 bp2 bp1 (1)
drink-estus e1 hp1 hp2 hp2 (1)
attack-boss taurus-demon boss-arena hp2 hp1 bp1 bp0 (1)
kill-boss taurus-demon boss-arena w1 e2 bp0 (1)
move boss-arena lower-burg (1)
move lower-burg undead-burg (1)
move undead-burg firelink (1)
deposit-soul taurus-demon firelink (1)
[t=0.002425s, 435306912 KB] Plan length: 19 step(s).
[t=0.002425s, 435306912 KB] Plan cost: 19
[t=0.002425s, 435306912 KB] Expanded 35 state(s).
[t=0.002425s, 435306912 KB] Reopened 0 state(s).
[t=0.002425s, 435306912 KB] Evaluated 39 state(s).
[t=0.002425s, 435306912 KB] Evaluations: 75
[t=0.002425s, 435306912 KB] Generated 108 state(s).
[t=0.002425s, 435306912 KB] Dead ends: 3 state(s).
[t=0.002425s, 435306912 KB] Number of registered states: 39
[t=0.002425s, 435306912 KB] Int hash set load factor: 39/64 = 0.609375
[t=0.002425s, 435306912 KB] Int hash set resizes: 6
[t=0.002425s, 435306912 KB] Search time: 0.000296s
[t=0.002425s, 435306912 KB] Total time: 0.002425s
Solution found.
Peak memory: 435306912 KB
Remove intermediate file output.sas
search exit code: 0

INFO     Planner time: 0.06s

=== Experiment Summary ===
End Time: 2025-12-16 11:43:13
Runtime: 0 seconds
Exit Code: 0
Status: SUCCESS
Explanation: SUCCESS (solution found)
