=== Fast Downward Experiment Log ===
Domain: darksouls-fd
Planner: lama-first (lama-first)
Problem: problem-08.pddl
Time Limit: 1800 seconds
Start Time: 2025-12-16 11:43:12
Domain File: .//darksouls-fd/domain.pddl
Problem File: .//darksouls-fd/problem-08.pddl

=== Fast Downward Output ===
INFO     planner time limit: None
INFO     planner memory limit: None

INFO     Running translator.
INFO     translator stdin: None
INFO     translator time limit: None
INFO     translator memory limit: None
INFO     translator command line string: /opt/homebrew/opt/python@3.14/bin/python3.14 -m translate darksouls-fd/domain.pddl darksouls-fd/problem-08.pddl --sas-file output.sas
Parsing...
Parsing: [0.000s CPU, 0.003s wall-clock]
Normalizing task... [0.000s CPU, 0.000s wall-clock]
Instantiating...
Generating Datalog program... [0.000s CPU, 0.000s wall-clock]
Normalizing Datalog program...
Unbound effect variables: Adding @object predicate.
Normalizing Datalog program: [0.010s CPU, 0.001s wall-clock]
Preparing model... [0.000s CPU, 0.001s wall-clock]
Generated 130 rules.
Computing model... [0.000s CPU, 0.001s wall-clock]
332 relevant atoms
331 auxiliary atoms
663 final queue length
769 total queue pushes
Completing instantiation... [0.000s CPU, 0.001s wall-clock]
Instantiating: [0.010s CPU, 0.004s wall-clock]
Computing fact groups...
Finding invariants...
47 initial candidates
Finding invariants: [0.000s CPU, 0.002s wall-clock]
Checking invariant weight... [0.000s CPU, 0.000s wall-clock]
Instantiating groups... [0.000s CPU, 0.000s wall-clock]
Collecting mutex groups... [0.000s CPU, 0.000s wall-clock]
Choosing groups...
52 uncovered facts
Choosing groups: [0.000s CPU, 0.000s wall-clock]
Building translation key... [0.000s CPU, 0.000s wall-clock]
Computing fact groups: [0.000s CPU, 0.002s wall-clock]
Building STRIPS to SAS dictionary... [0.000s CPU, 0.000s wall-clock]
Building dictionary for full mutex groups... [0.000s CPU, 0.000s wall-clock]
Building mutex information...
Building mutex information: [0.000s CPU, 0.000s wall-clock]
Translating task...
Processing axioms...
Simplifying axioms... [0.000s CPU, 0.000s wall-clock]
Translator axioms removed by simplifying: 0
Processing axioms: [0.000s CPU, 0.000s wall-clock]
Translating task: [0.000s CPU, 0.002s wall-clock]
116 effect conditions simplified
0 implied preconditions added
Detecting unreachable propositions...
0 operators removed
0 axioms removed
79 propositions removed
Detecting unreachable propositions: [0.000s CPU, 0.001s wall-clock]
Reordering and filtering variables...
19 of 20 variables necessary.
0 of 5 mutex groups necessary.
57 of 58 operators necessary.
0 of 0 axiom rules necessary.
Reordering and filtering variables: [0.000s CPU, 0.000s wall-clock]
Translator variables: 19
Translator derived variables: 0
Translator facts: 45
Translator goal facts: 2
Translator mutex groups: 0
Translator total mutex groups size: 0
Translator operators: 57
Translator axioms: 0
Translator task size: 888
warning: could not determine peak memory
Writing output... [0.000s CPU, 0.001s wall-clock]
Done! [0.010s CPU, 0.013s wall-clock]
b"Warning: name clash between type and predicate 'boss-phase'.\nInterpreting as predicate in conditions.\nWarning: name clash between type and predicate 'player-level'.\nInterpreting as predicate in conditions.\n"
translate exit code: 0

INFO     Running search (release).
INFO     search stdin: output.sas
INFO     search time limit: 1800s
INFO     search memory limit: None
INFO     search command line string: /Users/vramos/Master_uc3m/PlanifAuto/downward/builds/release/bin/downward --search 'let(hlm,landmark_sum(lm_factory=lm_reasonable_orders_hps(lm_rhw()),transform=adapt_costs(one),pref=false),let(hff,ff(transform=adapt_costs(one)),lazy_greedy([hff,hlm],preferred=[hff,hlm],cost_type=one,reopen_closed=false)))' --internal-plan-file sas_plan < output.sas
[t=0.000177s, 435303072 KB] Search code revision: 505701e0f
[t=0.000190s, 435303072 KB] reading input...
[t=0.000675s, 435303072 KB] done reading input!
[t=0.001576s, 435307168 KB] Initializing landmark sum heuristic...
[t=0.001593s, 435307168 KB] Generating landmark graph...
[t=0.001606s, 435307168 KB] Building a landmark graph with reasonable orders.
[t=0.001617s, 435307168 KB] Initializing Exploration...
[t=0.001659s, 435307168 KB] Generating landmarks using the RPG/SAS+ approach
[t=0.001767s, 435307168 KB] Landmarks generation time: 0.000159s
[t=0.001771s, 435307168 KB] Discovered 9 landmarks, of which 0 are disjunctive and 0 are conjunctive.
[t=0.001773s, 435307168 KB] There are 19 landmark orderings.
[t=0.001776s, 435307168 KB] approx. reasonable orders
[t=0.001785s, 435307168 KB] Landmarks generation time: 0.000190s
[t=0.001787s, 435307168 KB] Discovered 9 landmarks, of which 0 are disjunctive and 0 are conjunctive.
[t=0.001790s, 435307168 KB] There are 19 landmark orderings.
[t=0.001792s, 435307168 KB] Landmark graph generation time: 0.000200s
[t=0.001794s, 435307168 KB] Landmark graph contains 9 landmarks, of which 0 are disjunctive and 0 are conjunctive.
[t=0.001797s, 435307168 KB] Landmark graph contains 19 orderings.
[t=0.001836s, 435307168 KB] Simplifying 304 unary operators... done! [268 unary operators]
[t=0.002052s, 435307168 KB] time to simplify: 0.000218s
[t=0.002072s, 435307168 KB] Initializing additive heuristic...
[t=0.002075s, 435307168 KB] Initializing FF heuristic...
[t=0.002095s, 435307168 KB] Building successor generator...done!
[t=0.002118s, 435307168 KB] peak memory difference for successor generator creation: 0 KB
[t=0.002120s, 435307168 KB] time for successor generation creation: 0.000018s
[t=0.002123s, 435307168 KB] Variables: 19
[t=0.002125s, 435307168 KB] FactPairs: 45
[t=0.002128s, 435307168 KB] Bytes per state: 4
[t=0.002142s, 435307168 KB] Conducting lazy best first search, (real) bound = 2147483647
[t=0.002156s, 435307168 KB] New best heuristic value for landmark_sum_heuristic: 5
[t=0.002159s, 435307168 KB] New best heuristic value for ff: 5
[t=0.002161s, 435307168 KB] g=0, 1 evaluated, 0 expanded
[t=0.002167s, 435307168 KB] Initial heuristic value for landmark_sum_heuristic: 5
[t=0.002169s, 435307168 KB] Initial heuristic value for ff: 5
[t=0.002177s, 435307168 KB] New best heuristic value for landmark_sum_heuristic: 4
[t=0.002179s, 435307168 KB] New best heuristic value for ff: 4
[t=0.002181s, 435307168 KB] g=1, 2 evaluated, 1 expanded
[t=0.002190s, 435307168 KB] New best heuristic value for landmark_sum_heuristic: 3
[t=0.002192s, 435307168 KB] New best heuristic value for ff: 3
[t=0.002195s, 435307168 KB] g=2, 3 evaluated, 2 expanded
[t=0.002203s, 435307168 KB] New best heuristic value for landmark_sum_heuristic: 2
[t=0.002206s, 435307168 KB] New best heuristic value for ff: 2
[t=0.002208s, 435307168 KB] g=3, 4 evaluated, 3 expanded
[t=0.002215s, 435307168 KB] New best heuristic value for landmark_sum_heuristic: 1
[t=0.002218s, 435307168 KB] New best heuristic value for ff: 1
[t=0.002220s, 435307168 KB] g=4, 5 evaluated, 4 expanded
[t=0.002226s, 435307168 KB] Solution found!
[t=0.002229s, 435307168 KB] Actual search time: 0.000082s
move firelink valley (1)
pick-up-key key-valley valley (1)
move valley gatehouse (1)
unlock-door key-valley gatehouse inner-valley (1)
move gatehouse inner-valley (1)
[t=0.002231s, 435307168 KB] Plan length: 5 step(s).
[t=0.002231s, 435307168 KB] Plan cost: 5
[t=0.002231s, 435307168 KB] Expanded 5 state(s).
[t=0.002231s, 435307168 KB] Reopened 0 state(s).
[t=0.002231s, 435307168 KB] Evaluated 6 state(s).
[t=0.002231s, 435307168 KB] Evaluations: 12
[t=0.002231s, 435307168 KB] Generated 17 state(s).
[t=0.002231s, 435307168 KB] Dead ends: 0 state(s).
[t=0.002231s, 435307168 KB] Number of registered states: 6
[t=0.002231s, 435307168 KB] Int hash set load factor: 6/8 = 0.750000
[t=0.002231s, 435307168 KB] Int hash set resizes: 3
[t=0.002231s, 435307168 KB] Search time: 0.000090s
[t=0.002231s, 435307168 KB] Total time: 0.002231s
Solution found.
Peak memory: 435307168 KB
Remove intermediate file output.sas
search exit code: 0

INFO     Planner time: 0.06s

=== Experiment Summary ===
End Time: 2025-12-16 11:43:12
Runtime: 0 seconds
Exit Code: 0
Status: SUCCESS
Explanation: SUCCESS (solution found)
