=== Fast Downward Experiment Log ===
Domain: darksouls-fd
Planner: lama-first (lama-first)
Problem: problem-01.pddl
Time Limit: 1800 seconds
Start Time: 2025-12-16 11:43:04
Domain File: .//darksouls-fd/domain.pddl
Problem File: .//darksouls-fd/problem-01.pddl

=== Fast Downward Output ===
INFO     planner time limit: None
INFO     planner memory limit: None

INFO     Running translator.
INFO     translator stdin: None
INFO     translator time limit: None
INFO     translator memory limit: None
INFO     translator command line string: /opt/homebrew/opt/python@3.14/bin/python3.14 -m translate darksouls-fd/domain.pddl darksouls-fd/problem-01.pddl --sas-file output.sas
Parsing...
Parsing: [0.000s CPU, 0.003s wall-clock]
Normalizing task... [0.010s CPU, 0.000s wall-clock]
Instantiating...
Generating Datalog program... [0.000s CPU, 0.000s wall-clock]
Normalizing Datalog program...
Unbound effect variables: Adding @object predicate.
Normalizing Datalog program: [0.000s CPU, 0.001s wall-clock]
Preparing model... [0.000s CPU, 0.001s wall-clock]
Generated 130 rules.
Computing model... [0.000s CPU, 0.001s wall-clock]
241 relevant atoms
203 auxiliary atoms
444 final queue length
481 total queue pushes
Completing instantiation... [0.000s CPU, 0.000s wall-clock]
Instantiating: [0.000s CPU, 0.003s wall-clock]
Computing fact groups...
Finding invariants...
47 initial candidates
Finding invariants: [0.000s CPU, 0.002s wall-clock]
Checking invariant weight... [0.000s CPU, 0.000s wall-clock]
Instantiating groups... [0.000s CPU, 0.000s wall-clock]
Collecting mutex groups... [0.000s CPU, 0.000s wall-clock]
Choosing groups...
48 uncovered facts
Choosing groups: [0.000s CPU, 0.000s wall-clock]
Building translation key... [0.000s CPU, 0.000s wall-clock]
Computing fact groups: [0.000s CPU, 0.002s wall-clock]
Building STRIPS to SAS dictionary... [0.000s CPU, 0.000s wall-clock]
Building dictionary for full mutex groups... [0.000s CPU, 0.000s wall-clock]
Building mutex information...
Building mutex information: [0.000s CPU, 0.000s wall-clock]
Translating task...
Processing axioms...
Simplifying axioms... [0.000s CPU, 0.000s wall-clock]
Translator axioms removed by simplifying: 0
Processing axioms: [0.000s CPU, 0.000s wall-clock]
Translating task: [0.000s CPU, 0.001s wall-clock]
34 effect conditions simplified
0 implied preconditions added
Detecting unreachable propositions...
2 operators removed
0 axioms removed
72 propositions removed
Detecting unreachable propositions: [0.000s CPU, 0.000s wall-clock]
Reordering and filtering variables...
14 of 15 variables necessary.
0 of 4 mutex groups necessary.
21 of 21 operators necessary.
0 of 0 axiom rules necessary.
Reordering and filtering variables: [0.000s CPU, 0.000s wall-clock]
Translator variables: 14
Translator derived variables: 0
Translator facts: 32
Translator goal facts: 1
Translator mutex groups: 0
Translator total mutex groups size: 0
Translator operators: 21
Translator axioms: 0
Translator task size: 223
warning: could not determine peak memory
Writing output... [0.000s CPU, 0.000s wall-clock]
Done! [0.010s CPU, 0.010s wall-clock]
b"Warning: name clash between type and predicate 'boss-phase'.\nInterpreting as predicate in conditions.\nWarning: name clash between type and predicate 'player-level'.\nInterpreting as predicate in conditions.\n"
translate exit code: 0

INFO     Running search (release).
INFO     search stdin: output.sas
INFO     search time limit: 1800s
INFO     search memory limit: None
INFO     search command line string: /Users/vramos/Master_uc3m/PlanifAuto/downward/builds/release/bin/downward --search 'let(hlm,landmark_sum(lm_factory=lm_reasonable_orders_hps(lm_rhw()),transform=adapt_costs(one),pref=false),let(hff,ff(transform=adapt_costs(one)),lazy_greedy([hff,hlm],preferred=[hff,hlm],cost_type=one,reopen_closed=false)))' --internal-plan-file sas_plan < output.sas
[t=0.000188s, 435303568 KB] Search code revision: 505701e0f
[t=0.000200s, 435303568 KB] reading input...
[t=0.000352s, 435303568 KB] done reading input!
[t=0.001145s, 435307664 KB] Initializing landmark sum heuristic...
[t=0.001164s, 435307664 KB] Generating landmark graph...
[t=0.001171s, 435307664 KB] Building a landmark graph with reasonable orders.
[t=0.001178s, 435307664 KB] Initializing Exploration...
[t=0.001196s, 435307664 KB] Generating landmarks using the RPG/SAS+ approach
[t=0.001277s, 435307664 KB] Landmarks generation time: 0.000104s
[t=0.001280s, 435307664 KB] Discovered 11 landmarks, of which 0 are disjunctive and 0 are conjunctive.
[t=0.001283s, 435307664 KB] There are 32 landmark orderings.
[t=0.001285s, 435307664 KB] approx. reasonable orders
[t=0.001361s, 435307664 KB] Landmarks generation time: 0.000195s
[t=0.001364s, 435307664 KB] Discovered 11 landmarks, of which 0 are disjunctive and 0 are conjunctive.
[t=0.001366s, 435307664 KB] There are 34 landmark orderings.
[t=0.001368s, 435307664 KB] Landmark graph generation time: 0.000205s
[t=0.001370s, 435307664 KB] Landmark graph contains 11 landmarks, of which 0 are disjunctive and 0 are conjunctive.
[t=0.001373s, 435307664 KB] Landmark graph contains 34 orderings.
[t=0.001395s, 435307664 KB] Simplifying 71 unary operators... done! [71 unary operators]
[t=0.001448s, 435307664 KB] time to simplify: 0.000054s
[t=0.001456s, 435307664 KB] Initializing additive heuristic...
[t=0.001459s, 435307664 KB] Initializing FF heuristic...
[t=0.001477s, 435307664 KB] Building successor generator...done!
[t=0.001492s, 435307664 KB] peak memory difference for successor generator creation: 0 KB
[t=0.001494s, 435307664 KB] time for successor generation creation: 0.000009s
[t=0.001496s, 435307664 KB] Variables: 14
[t=0.001499s, 435307664 KB] FactPairs: 32
[t=0.001501s, 435307664 KB] Bytes per state: 4
[t=0.001514s, 435307664 KB] Conducting lazy best first search, (real) bound = 2147483647
[t=0.001529s, 435307664 KB] New best heuristic value for landmark_sum_heuristic: 7
[t=0.001532s, 435307664 KB] New best heuristic value for ff: 6
[t=0.001534s, 435307664 KB] g=0, 1 evaluated, 0 expanded
[t=0.001539s, 435307664 KB] Initial heuristic value for landmark_sum_heuristic: 7
[t=0.001542s, 435307664 KB] Initial heuristic value for ff: 6
[t=0.001549s, 435307664 KB] New best heuristic value for landmark_sum_heuristic: 6
[t=0.001551s, 435307664 KB] g=1, 2 evaluated, 1 expanded
[t=0.001559s, 435307664 KB] New best heuristic value for landmark_sum_heuristic: 5
[t=0.001562s, 435307664 KB] g=2, 3 evaluated, 2 expanded
[t=0.001568s, 435307664 KB] New best heuristic value for landmark_sum_heuristic: 4
[t=0.001570s, 435307664 KB] New best heuristic value for ff: 5
[t=0.001572s, 435307664 KB] g=3, 4 evaluated, 3 expanded
[t=0.001583s, 435307664 KB] New best heuristic value for landmark_sum_heuristic: 3
[t=0.001586s, 435307664 KB] New best heuristic value for ff: 4
[t=0.001588s, 435307664 KB] g=5, 7 evaluated, 5 expanded
[t=0.001594s, 435307664 KB] New best heuristic value for landmark_sum_heuristic: 2
[t=0.001597s, 435307664 KB] New best heuristic value for ff: 3
[t=0.001599s, 435307664 KB] g=6, 8 evaluated, 6 expanded
[t=0.001605s, 435307664 KB] New best heuristic value for ff: 2
[t=0.001608s, 435307664 KB] g=7, 9 evaluated, 7 expanded
[t=0.001613s, 435307664 KB] New best heuristic value for landmark_sum_heuristic: 1
[t=0.001615s, 435307664 KB] New best heuristic value for ff: 1
[t=0.001617s, 435307664 KB] g=8, 10 evaluated, 8 expanded
[t=0.001623s, 435307664 KB] Solution found!
[t=0.001626s, 435307664 KB] Actual search time: 0.000107s
move firelink undead-burg (1)
move undead-burg taurus-arena (1)
attack-boss taurus taurus-arena hp2 hp1 bp2 bp1 (1)
drink-estus e1 hp1 hp2 hp2 (1)
attack-boss taurus taurus-arena hp2 hp1 bp1 bp0 (1)
kill-boss taurus taurus-arena w0 e4 bp0 (1)
move taurus-arena undead-burg (1)
move undead-burg firelink (1)
deposit-soul taurus firelink (1)
[t=0.001628s, 435307664 KB] Plan length: 9 step(s).
[t=0.001628s, 435307664 KB] Plan cost: 9
[t=0.001628s, 435307664 KB] Expanded 9 state(s).
[t=0.001628s, 435307664 KB] Reopened 0 state(s).
[t=0.001628s, 435307664 KB] Evaluated 11 state(s).
[t=0.001628s, 435307664 KB] Evaluations: 21
[t=0.001628s, 435307664 KB] Generated 26 state(s).
[t=0.001628s, 435307664 KB] Dead ends: 1 state(s).
[t=0.001628s, 435307664 KB] Number of registered states: 11
[t=0.001628s, 435307664 KB] Int hash set load factor: 11/16 = 0.687500
[t=0.001628s, 435307664 KB] Int hash set resizes: 4
[t=0.001628s, 435307664 KB] Search time: 0.000114s
[t=0.001628s, 435307664 KB] Total time: 0.001628s
Solution found.
Peak memory: 435307664 KB
Remove intermediate file output.sas
search exit code: 0

INFO     Planner time: 0.08s

=== Experiment Summary ===
End Time: 2025-12-16 11:43:05
Runtime: 1 seconds
Exit Code: 0
Status: SUCCESS
Explanation: SUCCESS (solution found)
