=== Fast Downward Experiment Log ===
Domain: darksouls-fd
Planner: lama-first (lama-first)
Problem: problem-10.pddl
Time Limit: 1800 seconds
Start Time: 2025-12-16 11:43:12
Domain File: .//darksouls-fd/domain.pddl
Problem File: .//darksouls-fd/problem-10.pddl

=== Fast Downward Output ===
INFO     planner time limit: None
INFO     planner memory limit: None

INFO     Running translator.
INFO     translator stdin: None
INFO     translator time limit: None
INFO     translator memory limit: None
INFO     translator command line string: /opt/homebrew/opt/python@3.14/bin/python3.14 -m translate darksouls-fd/domain.pddl darksouls-fd/problem-10.pddl --sas-file output.sas
Parsing...
Parsing: [0.000s CPU, 0.003s wall-clock]
Normalizing task... [0.000s CPU, 0.000s wall-clock]
Instantiating...
Generating Datalog program... [0.000s CPU, 0.000s wall-clock]
Normalizing Datalog program...
Unbound effect variables: Adding @object predicate.
Normalizing Datalog program: [0.010s CPU, 0.001s wall-clock]
Preparing model... [0.000s CPU, 0.001s wall-clock]
Generated 130 rules.
Computing model... [0.000s CPU, 0.001s wall-clock]
347 relevant atoms
349 auxiliary atoms
696 final queue length
833 total queue pushes
Completing instantiation... [0.000s CPU, 0.001s wall-clock]
Instantiating: [0.010s CPU, 0.005s wall-clock]
Computing fact groups...
Finding invariants...
47 initial candidates
Finding invariants: [0.000s CPU, 0.002s wall-clock]
Checking invariant weight... [0.000s CPU, 0.000s wall-clock]
Instantiating groups... [0.000s CPU, 0.000s wall-clock]
Collecting mutex groups... [0.000s CPU, 0.000s wall-clock]
Choosing groups...
52 uncovered facts
Choosing groups: [0.000s CPU, 0.000s wall-clock]
Building translation key... [0.000s CPU, 0.000s wall-clock]
Computing fact groups: [0.000s CPU, 0.002s wall-clock]
Building STRIPS to SAS dictionary... [0.000s CPU, 0.000s wall-clock]
Building dictionary for full mutex groups... [0.000s CPU, 0.000s wall-clock]
Building mutex information...
Building mutex information: [0.000s CPU, 0.000s wall-clock]
Translating task...
Processing axioms...
Simplifying axioms... [0.000s CPU, 0.000s wall-clock]
Translator axioms removed by simplifying: 0
Processing axioms: [0.000s CPU, 0.000s wall-clock]
Translating task: [0.000s CPU, 0.003s wall-clock]
145 effect conditions simplified
0 implied preconditions added
Detecting unreachable propositions...
1 operators removed
0 axioms removed
73 propositions removed
Detecting unreachable propositions: [0.000s CPU, 0.001s wall-clock]
Reordering and filtering variables...
23 of 23 variables necessary.
0 of 7 mutex groups necessary.
74 of 74 operators necessary.
0 of 0 axiom rules necessary.
Reordering and filtering variables: [0.000s CPU, 0.001s wall-clock]
Translator variables: 23
Translator derived variables: 0
Translator facts: 56
Translator goal facts: 2
Translator mutex groups: 0
Translator total mutex groups size: 0
Translator operators: 74
Translator axioms: 0
Translator task size: 1071
warning: could not determine peak memory
Writing output... [0.000s CPU, 0.001s wall-clock]
Done! [0.010s CPU, 0.014s wall-clock]
b"Warning: name clash between type and predicate 'boss-phase'.\nInterpreting as predicate in conditions.\nWarning: name clash between type and predicate 'player-level'.\nInterpreting as predicate in conditions.\n"
translate exit code: 0

INFO     Running search (release).
INFO     search stdin: output.sas
INFO     search time limit: 1800s
INFO     search memory limit: None
INFO     search command line string: /Users/vramos/Master_uc3m/PlanifAuto/downward/builds/release/bin/downward --search 'let(hlm,landmark_sum(lm_factory=lm_reasonable_orders_hps(lm_rhw()),transform=adapt_costs(one),pref=false),let(hff,ff(transform=adapt_costs(one)),lazy_greedy([hff,hlm],preferred=[hff,hlm],cost_type=one,reopen_closed=false)))' --internal-plan-file sas_plan < output.sas
[t=0.000184s, 435302752 KB] Search code revision: 505701e0f
[t=0.000204s, 435302752 KB] reading input...
[t=0.000739s, 435302752 KB] done reading input!
[t=0.001572s, 435306848 KB] Initializing landmark sum heuristic...
[t=0.001587s, 435306848 KB] Generating landmark graph...
[t=0.001600s, 435306848 KB] Building a landmark graph with reasonable orders.
[t=0.001611s, 435306848 KB] Initializing Exploration...
[t=0.001665s, 435306848 KB] Generating landmarks using the RPG/SAS+ approach
[t=0.001856s, 435306848 KB] Landmarks generation time: 0.000254s
[t=0.001860s, 435306848 KB] Discovered 12 landmarks, of which 0 are disjunctive and 0 are conjunctive.
[t=0.001863s, 435306848 KB] There are 47 landmark orderings.
[t=0.001865s, 435306848 KB] approx. reasonable orders
[t=0.001889s, 435306848 KB] Landmarks generation time: 0.000300s
[t=0.001891s, 435306848 KB] Discovered 12 landmarks, of which 0 are disjunctive and 0 are conjunctive.
[t=0.001894s, 435306848 KB] There are 50 landmark orderings.
[t=0.001896s, 435306848 KB] Landmark graph generation time: 0.000310s
[t=0.001899s, 435306848 KB] Landmark graph contains 12 landmarks, of which 0 are disjunctive and 0 are conjunctive.
[t=0.001902s, 435306848 KB] Landmark graph contains 50 orderings.
[t=0.001947s, 435306848 KB] Simplifying 366 unary operators... done! [330 unary operators]
[t=0.002220s, 435306848 KB] time to simplify: 0.000274s
[t=0.002242s, 435306848 KB] Initializing additive heuristic...
[t=0.002245s, 435306848 KB] Initializing FF heuristic...
[t=0.002264s, 435306848 KB] Building successor generator...done!
[t=0.002292s, 435306848 KB] peak memory difference for successor generator creation: 0 KB
[t=0.002294s, 435306848 KB] time for successor generation creation: 0.000022s
[t=0.002297s, 435306848 KB] Variables: 23
[t=0.002299s, 435306848 KB] FactPairs: 56
[t=0.002301s, 435306848 KB] Bytes per state: 4
[t=0.002315s, 435306848 KB] Conducting lazy best first search, (real) bound = 2147483647
[t=0.002330s, 435306848 KB] New best heuristic value for landmark_sum_heuristic: 9
[t=0.002333s, 435306848 KB] New best heuristic value for ff: 7
[t=0.002336s, 435306848 KB] g=0, 1 evaluated, 0 expanded
[t=0.002341s, 435306848 KB] Initial heuristic value for landmark_sum_heuristic: 9
[t=0.002343s, 435306848 KB] Initial heuristic value for ff: 7
[t=0.002352s, 435306848 KB] New best heuristic value for landmark_sum_heuristic: 8
[t=0.002354s, 435306848 KB] g=1, 2 evaluated, 1 expanded
[t=0.002364s, 435306848 KB] New best heuristic value for landmark_sum_heuristic: 7
[t=0.002367s, 435306848 KB] g=2, 3 evaluated, 2 expanded
[t=0.002375s, 435306848 KB] New best heuristic value for landmark_sum_heuristic: 6
[t=0.002377s, 435306848 KB] g=3, 4 evaluated, 3 expanded
[t=0.002385s, 435306848 KB] New best heuristic value for landmark_sum_heuristic: 5
[t=0.002388s, 435306848 KB] New best heuristic value for ff: 6
[t=0.002390s, 435306848 KB] g=4, 5 evaluated, 4 expanded
[t=0.002403s, 435306848 KB] New best heuristic value for landmark_sum_heuristic: 4
[t=0.002405s, 435306848 KB] New best heuristic value for ff: 5
[t=0.002407s, 435306848 KB] g=6, 8 evaluated, 6 expanded
[t=0.002414s, 435306848 KB] New best heuristic value for landmark_sum_heuristic: 2
[t=0.002417s, 435306848 KB] New best heuristic value for ff: 4
[t=0.002419s, 435306848 KB] g=7, 9 evaluated, 7 expanded
[t=0.002426s, 435306848 KB] New best heuristic value for ff: 3
[t=0.002429s, 435306848 KB] g=8, 10 evaluated, 8 expanded
[t=0.002436s, 435306848 KB] New best heuristic value for ff: 2
[t=0.002438s, 435306848 KB] g=9, 11 evaluated, 9 expanded
[t=0.002445s, 435306848 KB] New best heuristic value for landmark_sum_heuristic: 1
[t=0.002448s, 435306848 KB] New best heuristic value for ff: 1
[t=0.002450s, 435306848 KB] g=10, 12 evaluated, 10 expanded
[t=0.002455s, 435306848 KB] Solution found!
[t=0.002458s, 435306848 KB] Actual search time: 0.000138s
move firelink long-road (1)
move long-road mid-camp (1)
move mid-camp boss-lair (1)
attack-boss lair-boss boss-lair hp2 hp1 bp2 bp1 (1)
drink-estus e1 hp1 hp2 hp2 (1)
attack-boss lair-boss boss-lair hp2 hp1 bp1 bp0 (1)
kill-boss lair-boss boss-lair w1 e3 bp0 (1)
move boss-lair mid-camp (1)
move mid-camp long-road (1)
move long-road firelink (1)
deposit-soul lair-boss firelink (1)
[t=0.002460s, 435306848 KB] Plan length: 11 step(s).
[t=0.002460s, 435306848 KB] Plan cost: 11
[t=0.002460s, 435306848 KB] Expanded 11 state(s).
[t=0.002460s, 435306848 KB] Reopened 0 state(s).
[t=0.002460s, 435306848 KB] Evaluated 13 state(s).
[t=0.002460s, 435306848 KB] Evaluations: 25
[t=0.002460s, 435306848 KB] Generated 32 state(s).
[t=0.002460s, 435306848 KB] Dead ends: 1 state(s).
[t=0.002460s, 435306848 KB] Number of registered states: 13
[t=0.002460s, 435306848 KB] Int hash set load factor: 13/16 = 0.812500
[t=0.002460s, 435306848 KB] Int hash set resizes: 4
[t=0.002460s, 435306848 KB] Search time: 0.000145s
[t=0.002460s, 435306848 KB] Total time: 0.002460s
Solution found.
Peak memory: 435306848 KB
Remove intermediate file output.sas
search exit code: 0

INFO     Planner time: 0.06s

=== Experiment Summary ===
End Time: 2025-12-16 11:43:12
Runtime: 0 seconds
Exit Code: 0
Status: SUCCESS
Explanation: SUCCESS (solution found)
