=== Fast Downward Experiment Log ===
Domain: darksouls-fd
Planner: lama-first (lama-first)
Problem: problem-06.pddl
Time Limit: 1800 seconds
Start Time: 2025-12-16 11:43:08
Domain File: .//darksouls-fd/domain.pddl
Problem File: .//darksouls-fd/problem-06.pddl

=== Fast Downward Output ===
INFO     planner time limit: None
INFO     planner memory limit: None

INFO     Running translator.
INFO     translator stdin: None
INFO     translator time limit: None
INFO     translator memory limit: None
INFO     translator command line string: /opt/homebrew/opt/python@3.14/bin/python3.14 -m translate darksouls-fd/domain.pddl darksouls-fd/problem-06.pddl --sas-file output.sas
Parsing...
Parsing: [0.000s CPU, 0.003s wall-clock]
Normalizing task... [0.000s CPU, 0.000s wall-clock]
Instantiating...
Generating Datalog program... [0.000s CPU, 0.000s wall-clock]
Normalizing Datalog program...
Unbound effect variables: Adding @object predicate.
Normalizing Datalog program: [0.010s CPU, 0.001s wall-clock]
Preparing model... [0.000s CPU, 0.001s wall-clock]
Generated 130 rules.
Computing model... [0.000s CPU, 0.001s wall-clock]
372 relevant atoms
340 auxiliary atoms
712 final queue length
860 total queue pushes
Completing instantiation... [0.000s CPU, 0.001s wall-clock]
Instantiating: [0.010s CPU, 0.005s wall-clock]
Computing fact groups...
Finding invariants...
47 initial candidates
Finding invariants: [0.000s CPU, 0.002s wall-clock]
Checking invariant weight... [0.000s CPU, 0.000s wall-clock]
Instantiating groups... [0.000s CPU, 0.000s wall-clock]
Collecting mutex groups... [0.000s CPU, 0.000s wall-clock]
Choosing groups...
58 uncovered facts
Choosing groups: [0.000s CPU, 0.000s wall-clock]
Building translation key... [0.000s CPU, 0.000s wall-clock]
Computing fact groups: [0.000s CPU, 0.002s wall-clock]
Building STRIPS to SAS dictionary... [0.000s CPU, 0.000s wall-clock]
Building dictionary for full mutex groups... [0.000s CPU, 0.000s wall-clock]
Building mutex information...
Building mutex information: [0.000s CPU, 0.000s wall-clock]
Translating task...
Processing axioms...
Simplifying axioms... [0.000s CPU, 0.000s wall-clock]
Translator axioms removed by simplifying: 0
Processing axioms: [0.000s CPU, 0.000s wall-clock]
Translating task: [0.000s CPU, 0.003s wall-clock]
145 effect conditions simplified
0 implied preconditions added
Detecting unreachable propositions...
2 operators removed
0 axioms removed
83 propositions removed
Detecting unreachable propositions: [0.000s CPU, 0.001s wall-clock]
Reordering and filtering variables...
27 of 28 variables necessary.
0 of 10 mutex groups necessary.
79 of 80 operators necessary.
0 of 0 axiom rules necessary.
Reordering and filtering variables: [0.000s CPU, 0.001s wall-clock]
Translator variables: 27
Translator derived variables: 0
Translator facts: 67
Translator goal facts: 2
Translator mutex groups: 0
Translator total mutex groups size: 0
Translator operators: 79
Translator axioms: 0
Translator task size: 1116
warning: could not determine peak memory
Writing output... [0.010s CPU, 0.001s wall-clock]
Done! [0.020s CPU, 0.015s wall-clock]
b"Warning: name clash between type and predicate 'boss-phase'.\nInterpreting as predicate in conditions.\nWarning: name clash between type and predicate 'player-level'.\nInterpreting as predicate in conditions.\n"
translate exit code: 0

INFO     Running search (release).
INFO     search stdin: output.sas
INFO     search time limit: 1800s
INFO     search memory limit: None
INFO     search command line string: /Users/vramos/Master_uc3m/PlanifAuto/downward/builds/release/bin/downward --search 'let(hlm,landmark_sum(lm_factory=lm_reasonable_orders_hps(lm_rhw()),transform=adapt_costs(one),pref=false),let(hff,ff(transform=adapt_costs(one)),lazy_greedy([hff,hlm],preferred=[hff,hlm],cost_type=one,reopen_closed=false)))' --internal-plan-file sas_plan < output.sas
[t=0.000170s, 435303520 KB] Search code revision: 505701e0f
[t=0.000179s, 435303520 KB] reading input...
[t=0.000717s, 435303520 KB] done reading input!
[t=0.001501s, 435307616 KB] Initializing landmark sum heuristic...
[t=0.001510s, 435307616 KB] Generating landmark graph...
[t=0.001524s, 435307616 KB] Building a landmark graph with reasonable orders.
[t=0.001535s, 435307616 KB] Initializing Exploration...
[t=0.001587s, 435307616 KB] Generating landmarks using the RPG/SAS+ approach
[t=0.001865s, 435307616 KB] Landmarks generation time: 0.000339s
[t=0.001868s, 435307616 KB] Discovered 22 landmarks, of which 0 are disjunctive and 0 are conjunctive.
[t=0.001871s, 435307616 KB] There are 108 landmark orderings.
[t=0.001874s, 435307616 KB] approx. reasonable orders
[t=0.001929s, 435307616 KB] Landmarks generation time: 0.000416s
[t=0.001931s, 435307616 KB] Discovered 22 landmarks, of which 0 are disjunctive and 0 are conjunctive.
[t=0.001934s, 435307616 KB] There are 111 landmark orderings.
[t=0.001936s, 435307616 KB] Landmark graph generation time: 0.000427s
[t=0.001938s, 435307616 KB] Landmark graph contains 22 landmarks, of which 0 are disjunctive and 0 are conjunctive.
[t=0.001941s, 435307616 KB] Landmark graph contains 111 orderings.
[t=0.001984s, 435307616 KB] Simplifying 375 unary operators... done! [339 unary operators]
[t=0.002244s, 435307616 KB] time to simplify: 0.000261s
[t=0.002264s, 435307616 KB] Initializing additive heuristic...
[t=0.002266s, 435307616 KB] Initializing FF heuristic...
[t=0.002286s, 435307616 KB] Building successor generator...done!
[t=0.002314s, 435307616 KB] peak memory difference for successor generator creation: 0 KB
[t=0.002316s, 435307616 KB] time for successor generation creation: 0.000023s
[t=0.002319s, 435307616 KB] Variables: 27
[t=0.002321s, 435307616 KB] FactPairs: 67
[t=0.002323s, 435307616 KB] Bytes per state: 8
[t=0.002338s, 435307616 KB] Conducting lazy best first search, (real) bound = 2147483647
[t=0.002355s, 435307616 KB] New best heuristic value for landmark_sum_heuristic: 15
[t=0.002358s, 435307616 KB] New best heuristic value for ff: 13
[t=0.002360s, 435307616 KB] g=0, 1 evaluated, 0 expanded
[t=0.002365s, 435307616 KB] Initial heuristic value for landmark_sum_heuristic: 15
[t=0.002367s, 435307616 KB] Initial heuristic value for ff: 13
[t=0.002377s, 435307616 KB] New best heuristic value for landmark_sum_heuristic: 14
[t=0.002380s, 435307616 KB] g=1, 2 evaluated, 1 expanded
[t=0.002391s, 435307616 KB] New best heuristic value for landmark_sum_heuristic: 13
[t=0.002393s, 435307616 KB] New best heuristic value for ff: 12
[t=0.002396s, 435307616 KB] g=2, 3 evaluated, 2 expanded
[t=0.002405s, 435307616 KB] New best heuristic value for landmark_sum_heuristic: 12
[t=0.002407s, 435307616 KB] New best heuristic value for ff: 11
[t=0.002409s, 435307616 KB] g=3, 4 evaluated, 3 expanded
[t=0.002424s, 435307616 KB] New best heuristic value for landmark_sum_heuristic: 11
[t=0.002427s, 435307616 KB] g=4, 6 evaluated, 5 expanded
[t=0.002434s, 435307616 KB] New best heuristic value for landmark_sum_heuristic: 10
[t=0.002437s, 435307616 KB] New best heuristic value for ff: 10
[t=0.002439s, 435307616 KB] g=5, 7 evaluated, 6 expanded
[t=0.002464s, 435307616 KB] New best heuristic value for ff: 9
[t=0.002466s, 435307616 KB] g=8, 11 evaluated, 9 expanded
[t=0.002479s, 435307616 KB] New best heuristic value for landmark_sum_heuristic: 9
[t=0.002482s, 435307616 KB] g=10, 13 evaluated, 11 expanded
[t=0.002489s, 435307616 KB] New best heuristic value for landmark_sum_heuristic: 8
[t=0.002491s, 435307616 KB] g=11, 14 evaluated, 12 expanded
[t=0.002497s, 435307616 KB] New best heuristic value for landmark_sum_heuristic: 7
[t=0.002500s, 435307616 KB] New best heuristic value for ff: 8
[t=0.002502s, 435307616 KB] g=12, 15 evaluated, 13 expanded
[t=0.002587s, 435307616 KB] New best heuristic value for landmark_sum_heuristic: 6
[t=0.002589s, 435307616 KB] New best heuristic value for ff: 7
[t=0.002591s, 435307616 KB] g=14, 34 evaluated, 30 expanded
[t=0.002603s, 435307616 KB] New best heuristic value for landmark_sum_heuristic: 5
[t=0.002605s, 435307616 KB] New best heuristic value for ff: 6
[t=0.002607s, 435307616 KB] g=16, 37 evaluated, 32 expanded
[t=0.003153s, 435307616 KB] New best heuristic value for landmark_sum_heuristic: 4
[t=0.003159s, 435307616 KB] New best heuristic value for ff: 5
[t=0.003162s, 435307616 KB] g=22, 203 evaluated, 156 expanded
[t=0.003169s, 435307616 KB] New best heuristic value for landmark_sum_heuristic: 2
[t=0.003171s, 435307616 KB] New best heuristic value for ff: 4
[t=0.003173s, 435307616 KB] g=23, 204 evaluated, 157 expanded
[t=0.003179s, 435307616 KB] New best heuristic value for ff: 3
[t=0.003182s, 435307616 KB] g=24, 205 evaluated, 158 expanded
[t=0.003188s, 435307616 KB] New best heuristic value for ff: 2
[t=0.003190s, 435307616 KB] g=25, 206 evaluated, 159 expanded
[t=0.003197s, 435307616 KB] New best heuristic value for landmark_sum_heuristic: 1
[t=0.003200s, 435307616 KB] New best heuristic value for ff: 1
[t=0.003203s, 435307616 KB] g=26, 207 evaluated, 160 expanded
[t=0.003208s, 435307616 KB] Solution found!
[t=0.003211s, 435307616 KB] Actual search time: 0.000869s
move firelink sen-entrance (1)
pick-up-key shortcut-key sen-entrance (1)
pick-up-titanite sen-entrance (1)
move sen-entrance sen-inner (1)
unlock-door shortcut-key sen-inner anor-entrance (1)
move sen-inner sen-entrance (1)
move sen-entrance firelink (1)
upgrade-weapon firelink w1 w2 (1)
move firelink sen-entrance (1)
move sen-entrance sen-inner (1)
attack-minor sen-guard2 sen-inner hp2 hp1 (1)
execute-enemy sen-guard2 sen-inner s0 s1 (1)
move sen-inner sen-entrance (1)
level-up-stats sen-entrance pl0 pl1 hp2 hp3 s1 s0 (1)
move sen-entrance sen-inner (1)
move sen-inner anor-entrance (1)
attack-boss iron-golem anor-entrance hp3 hp2 bp4 bp3 (1)
attack-boss iron-golem anor-entrance hp2 hp1 bp3 bp2 (1)
drink-estus e1 hp1 hp2 hp3 (1)
attack-boss iron-golem anor-entrance hp2 hp1 bp2 bp1 (1)
drink-estus e2 hp1 hp2 hp3 (1)
attack-boss iron-golem anor-entrance hp2 hp1 bp1 bp0 (1)
kill-boss iron-golem anor-entrance w2 e3 bp0 (1)
move anor-entrance sen-inner (1)
move sen-inner sen-entrance (1)
move sen-entrance firelink (1)
deposit-soul iron-golem firelink (1)
[t=0.003213s, 435307616 KB] Plan length: 27 step(s).
[t=0.003213s, 435307616 KB] Plan cost: 27
[t=0.003213s, 435307616 KB] Expanded 161 state(s).
[t=0.003213s, 435307616 KB] Reopened 0 state(s).
[t=0.003213s, 435307616 KB] Evaluated 208 state(s).
[t=0.003213s, 435307616 KB] Evaluations: 370
[t=0.003213s, 435307616 KB] Generated 414 state(s).
[t=0.003213s, 435307616 KB] Dead ends: 46 state(s).
[t=0.003213s, 435307616 KB] Number of registered states: 208
[t=0.003213s, 435307616 KB] Int hash set load factor: 208/256 = 0.812500
[t=0.003213s, 435307616 KB] Int hash set resizes: 8
[t=0.003213s, 435307616 KB] Search time: 0.000876s
[t=0.003213s, 435307616 KB] Total time: 0.003213s
Solution found.
Peak memory: 435307616 KB
Remove intermediate file output.sas
search exit code: 0

INFO     Planner time: 0.06s

=== Experiment Summary ===
End Time: 2025-12-16 11:43:08
Runtime: 0 seconds
Exit Code: 0
Status: SUCCESS
Explanation: SUCCESS (solution found)
