=== Fast Downward Experiment Log ===
Domain: darksouls-fd
Planner: lama-first (lama-first)
Problem: problem-04.pddl
Time Limit: 1800 seconds
Start Time: 2025-12-16 11:43:06
Domain File: .//darksouls-fd/domain.pddl
Problem File: .//darksouls-fd/problem-04.pddl

=== Fast Downward Output ===
INFO     planner time limit: None
INFO     planner memory limit: None

INFO     Running translator.
INFO     translator stdin: None
INFO     translator time limit: None
INFO     translator memory limit: None
INFO     translator command line string: /opt/homebrew/opt/python@3.14/bin/python3.14 -m translate darksouls-fd/domain.pddl darksouls-fd/problem-04.pddl --sas-file output.sas
Parsing...
Parsing: [0.000s CPU, 0.003s wall-clock]
Normalizing task... [0.000s CPU, 0.000s wall-clock]
Instantiating...
Generating Datalog program... [0.000s CPU, 0.000s wall-clock]
Normalizing Datalog program...
Unbound effect variables: Adding @object predicate.
Normalizing Datalog program: [0.000s CPU, 0.001s wall-clock]
Preparing model... [0.010s CPU, 0.001s wall-clock]
Generated 130 rules.
Computing model... [0.000s CPU, 0.001s wall-clock]
267 relevant atoms
222 auxiliary atoms
489 final queue length
527 total queue pushes
Completing instantiation... [0.000s CPU, 0.000s wall-clock]
Instantiating: [0.010s CPU, 0.004s wall-clock]
Computing fact groups...
Finding invariants...
47 initial candidates
Finding invariants: [0.000s CPU, 0.002s wall-clock]
Checking invariant weight... [0.000s CPU, 0.000s wall-clock]
Instantiating groups... [0.000s CPU, 0.000s wall-clock]
Collecting mutex groups... [0.000s CPU, 0.000s wall-clock]
Choosing groups...
52 uncovered facts
Choosing groups: [0.000s CPU, 0.000s wall-clock]
Building translation key... [0.000s CPU, 0.000s wall-clock]
Computing fact groups: [0.000s CPU, 0.002s wall-clock]
Building STRIPS to SAS dictionary... [0.000s CPU, 0.000s wall-clock]
Building dictionary for full mutex groups... [0.000s CPU, 0.000s wall-clock]
Building mutex information...
Building mutex information: [0.000s CPU, 0.000s wall-clock]
Translating task...
Processing axioms...
Simplifying axioms... [0.000s CPU, 0.000s wall-clock]
Translator axioms removed by simplifying: 0
Processing axioms: [0.000s CPU, 0.000s wall-clock]
Translating task: [0.000s CPU, 0.001s wall-clock]
34 effect conditions simplified
0 implied preconditions added
Detecting unreachable propositions...
2 operators removed
0 axioms removed
81 propositions removed
Detecting unreachable propositions: [0.000s CPU, 0.000s wall-clock]
Reordering and filtering variables...
16 of 17 variables necessary.
0 of 6 mutex groups necessary.
25 of 25 operators necessary.
0 of 0 axiom rules necessary.
Reordering and filtering variables: [0.000s CPU, 0.000s wall-clock]
Translator variables: 16
Translator derived variables: 0
Translator facts: 38
Translator goal facts: 1
Translator mutex groups: 0
Translator total mutex groups size: 0
Translator operators: 25
Translator axioms: 0
Translator task size: 253
warning: could not determine peak memory
Writing output... [0.000s CPU, 0.000s wall-clock]
Done! [0.010s CPU, 0.010s wall-clock]
b"Warning: name clash between type and predicate 'boss-phase'.\nInterpreting as predicate in conditions.\nWarning: name clash between type and predicate 'player-level'.\nInterpreting as predicate in conditions.\n"
translate exit code: 0

INFO     Running search (release).
INFO     search stdin: output.sas
INFO     search time limit: 1800s
INFO     search memory limit: None
INFO     search command line string: /Users/vramos/Master_uc3m/PlanifAuto/downward/builds/release/bin/downward --search 'let(hlm,landmark_sum(lm_factory=lm_reasonable_orders_hps(lm_rhw()),transform=adapt_costs(one),pref=false),let(hff,ff(transform=adapt_costs(one)),lazy_greedy([hff,hlm],preferred=[hff,hlm],cost_type=one,reopen_closed=false)))' --internal-plan-file sas_plan < output.sas
[t=0.000169s, 435303296 KB] Search code revision: 505701e0f
[t=0.000178s, 435303296 KB] reading input...
[t=0.000352s, 435303296 KB] done reading input!
[t=0.001116s, 435307392 KB] Initializing landmark sum heuristic...
[t=0.001128s, 435307392 KB] Generating landmark graph...
[t=0.001136s, 435307392 KB] Building a landmark graph with reasonable orders.
[t=0.001143s, 435307392 KB] Initializing Exploration...
[t=0.001163s, 435307392 KB] Generating landmarks using the RPG/SAS+ approach
[t=0.001263s, 435307392 KB] Landmarks generation time: 0.000125s
[t=0.001266s, 435307392 KB] Discovered 16 landmarks, of which 0 are disjunctive and 0 are conjunctive.
[t=0.001269s, 435307392 KB] There are 52 landmark orderings.
[t=0.001271s, 435307392 KB] approx. reasonable orders
[t=0.001360s, 435307392 KB] Landmarks generation time: 0.000230s
[t=0.001363s, 435307392 KB] Discovered 16 landmarks, of which 0 are disjunctive and 0 are conjunctive.
[t=0.001365s, 435307392 KB] There are 55 landmark orderings.
[t=0.001367s, 435307392 KB] Landmark graph generation time: 0.000240s
[t=0.001370s, 435307392 KB] Landmark graph contains 16 landmarks, of which 0 are disjunctive and 0 are conjunctive.
[t=0.001372s, 435307392 KB] Landmark graph contains 55 orderings.
[t=0.001400s, 435307392 KB] Simplifying 76 unary operators... done! [76 unary operators]
[t=0.001443s, 435307392 KB] time to simplify: 0.000045s
[t=0.001451s, 435307392 KB] Initializing additive heuristic...
[t=0.001454s, 435307392 KB] Initializing FF heuristic...
[t=0.001472s, 435307392 KB] Building successor generator...done!
[t=0.001488s, 435307392 KB] peak memory difference for successor generator creation: 0 KB
[t=0.001490s, 435307392 KB] time for successor generation creation: 0.000011s
[t=0.001493s, 435307392 KB] Variables: 16
[t=0.001495s, 435307392 KB] FactPairs: 38
[t=0.001497s, 435307392 KB] Bytes per state: 4
[t=0.001510s, 435307392 KB] Conducting lazy best first search, (real) bound = 2147483647
[t=0.001523s, 435307392 KB] New best heuristic value for landmark_sum_heuristic: 10
[t=0.001527s, 435307392 KB] New best heuristic value for ff: 9
[t=0.001529s, 435307392 KB] g=0, 1 evaluated, 0 expanded
[t=0.001535s, 435307392 KB] Initial heuristic value for landmark_sum_heuristic: 10
[t=0.001538s, 435307392 KB] Initial heuristic value for ff: 9
[t=0.001545s, 435307392 KB] New best heuristic value for landmark_sum_heuristic: 9
[t=0.001547s, 435307392 KB] g=1, 2 evaluated, 1 expanded
[t=0.001556s, 435307392 KB] New best heuristic value for landmark_sum_heuristic: 8
[t=0.001558s, 435307392 KB] New best heuristic value for ff: 8
[t=0.001561s, 435307392 KB] g=2, 3 evaluated, 2 expanded
[t=0.001568s, 435307392 KB] New best heuristic value for landmark_sum_heuristic: 7
[t=0.001570s, 435307392 KB] g=3, 4 evaluated, 3 expanded
[t=0.001581s, 435307392 KB] New best heuristic value for ff: 7
[t=0.001583s, 435307392 KB] g=4, 7 evaluated, 5 expanded
[t=0.001593s, 435307392 KB] New best heuristic value for landmark_sum_heuristic: 6
[t=0.001596s, 435307392 KB] g=6, 9 evaluated, 7 expanded
[t=0.001601s, 435307392 KB] New best heuristic value for landmark_sum_heuristic: 5
[t=0.001604s, 435307392 KB] g=7, 10 evaluated, 8 expanded
[t=0.001610s, 435307392 KB] New best heuristic value for landmark_sum_heuristic: 4
[t=0.001612s, 435307392 KB] New best heuristic value for ff: 6
[t=0.001614s, 435307392 KB] g=8, 11 evaluated, 9 expanded
[t=0.001629s, 435307392 KB] New best heuristic value for landmark_sum_heuristic: 3
[t=0.001631s, 435307392 KB] New best heuristic value for ff: 5
[t=0.001633s, 435307392 KB] g=10, 16 evaluated, 12 expanded
[t=0.001640s, 435307392 KB] New best heuristic value for landmark_sum_heuristic: 2
[t=0.001642s, 435307392 KB] New best heuristic value for ff: 4
[t=0.001644s, 435307392 KB] g=11, 17 evaluated, 13 expanded
[t=0.001649s, 435307392 KB] New best heuristic value for ff: 3
[t=0.001651s, 435307392 KB] g=12, 18 evaluated, 14 expanded
[t=0.001657s, 435307392 KB] New best heuristic value for ff: 2
[t=0.001659s, 435307392 KB] g=13, 19 evaluated, 15 expanded
[t=0.001665s, 435307392 KB] New best heuristic value for landmark_sum_heuristic: 1
[t=0.001668s, 435307392 KB] New best heuristic value for ff: 1
[t=0.001670s, 435307392 KB] g=14, 20 evaluated, 16 expanded
[t=0.001675s, 435307392 KB] Solution found!
[t=0.001681s, 435307392 KB] Actual search time: 0.000166s
move firelink sewer-entrance (1)
pick-up-titanite sewer-entrance (1)
move sewer-entrance firelink (1)
upgrade-weapon firelink w0 w1 (1)
move firelink sewer-entrance (1)
move sewer-entrance depths (1)
move depths depths-boss-arena (1)
attack-boss mini-boss depths-boss-arena hp2 hp1 bp2 bp1 (1)
drink-estus e1 hp1 hp2 hp2 (1)
attack-boss mini-boss depths-boss-arena hp2 hp1 bp1 bp0 (1)
kill-boss mini-boss depths-boss-arena w1 e3 bp0 (1)
move depths-boss-arena depths (1)
move depths sewer-entrance (1)
move sewer-entrance firelink (1)
deposit-soul mini-boss firelink (1)
[t=0.001683s, 435307392 KB] Plan length: 15 step(s).
[t=0.001683s, 435307392 KB] Plan cost: 15
[t=0.001683s, 435307392 KB] Expanded 17 state(s).
[t=0.001683s, 435307392 KB] Reopened 0 state(s).
[t=0.001683s, 435307392 KB] Evaluated 21 state(s).
[t=0.001683s, 435307392 KB] Evaluations: 39
[t=0.001683s, 435307392 KB] Generated 48 state(s).
[t=0.001683s, 435307392 KB] Dead ends: 3 state(s).
[t=0.001683s, 435307392 KB] Number of registered states: 21
[t=0.001683s, 435307392 KB] Int hash set load factor: 21/32 = 0.656250
[t=0.001683s, 435307392 KB] Int hash set resizes: 5
[t=0.001683s, 435307392 KB] Search time: 0.000173s
[t=0.001683s, 435307392 KB] Total time: 0.001683s
Solution found.
Peak memory: 435307392 KB
Remove intermediate file output.sas
search exit code: 0

INFO     Planner time: 0.06s

=== Experiment Summary ===
End Time: 2025-12-16 11:43:06
Runtime: 0 seconds
Exit Code: 0
Status: SUCCESS
Explanation: SUCCESS (solution found)
