
ff: parsing domain file
domain 'DARK-SOULS' defined
 ... done.
ff: parsing problem file
problem 'P04' defined
 ... done.



no optimization required. skipping criterion.


no metric specified. plan length assumed.

checking for cyclic := effects --- OK.

Evaluation function 0.000000*g(s) + 1.000000*h(s) where
 metric is plan length

advancing to distance:   10
                          9
                          8
                          7
                          6
                          5
                          4
                          3
                          2
                          1
                          0

ff: found legal plan as follows

step    0: (MOVE FIRELINK SEWER-ENTRANCE)
        1: (PICK-UP-TITANITE SEWER-ENTRANCE)
        2: (MOVE SEWER-ENTRANCE DEPTHS)
        3: (MOVE DEPTHS DEPTHS-BOSS-ARENA)
        4: (ATTACK MINI-BOSS DEPTHS-BOSS-ARENA)
        5: (FLEE-BOSS DEPTHS-BOSS-ARENA DEPTHS MINI-BOSS)
        6: (MOVE DEPTHS SEWER-ENTRANCE)
        7: (MOVE SEWER-ENTRANCE FIRELINK)
        8: (UPGRADE-WEAPON FIRELINK)
        9: (MOVE FIRELINK SEWER-ENTRANCE)
       10: (MOVE SEWER-ENTRANCE DEPTHS)
       11: (MOVE DEPTHS DEPTHS-BOSS-ARENA)
       12: (ATTACK MINI-BOSS DEPTHS-BOSS-ARENA)
       13: (ATTACK MINI-BOSS DEPTHS-BOSS-ARENA)
       14: (ATTACK MINI-BOSS DEPTHS-BOSS-ARENA)
       15: (ATTACK MINI-BOSS DEPTHS-BOSS-ARENA)
       16: (ATTACK MINI-BOSS DEPTHS-BOSS-ARENA)
       17: (DRINK-ESTUS)
       18: (ATTACK MINI-BOSS DEPTHS-BOSS-ARENA)
       19: (DRINK-ESTUS)
       20: (ATTACK MINI-BOSS DEPTHS-BOSS-ARENA)
       21: (ATTACK MINI-BOSS DEPTHS-BOSS-ARENA)
       22: (KILL-BOSS MINI-BOSS DEPTHS-BOSS-ARENA)
       23: (MOVE DEPTHS-BOSS-ARENA DEPTHS)
       24: (MOVE DEPTHS SEWER-ENTRANCE)
       25: (MOVE SEWER-ENTRANCE FIRELINK)
       26: (DEPOSIT-SOUL MINI-BOSS FIRELINK)
     

time spent:    0.15 seconds instantiating 45 easy, 0 hard action templates
               0.00 seconds reachability analysis, yielding 24 facts and 18 actions
               0.00 seconds creating final representation with 14 relevant facts, 18 relevant fluents
               0.00 seconds computing LNF
               0.00 seconds building connectivity graph
               0.00 seconds searching, evaluating 1292 states, to a max depth of 0
               0.15 seconds total time

