=== Fast Downward Experiment Log ===
Domain: darksouls-fd
Planner: fdss-opt (seq-opt-fdss-1)
Problem: problem-06.pddl
Time Limit: 1800 seconds
Start Time: 2025-12-16 11:43:08
Domain File: .//darksouls-fd/domain.pddl
Problem File: .//darksouls-fd/problem-06.pddl

=== Fast Downward Output ===
INFO     planner time limit: None
INFO     planner memory limit: None

INFO     Running translator.
INFO     translator stdin: None
INFO     translator time limit: None
INFO     translator memory limit: None
INFO     translator command line string: /opt/homebrew/opt/python@3.14/bin/python3.14 -m translate darksouls-fd/domain.pddl darksouls-fd/problem-06.pddl --sas-file output.sas
Parsing...
Parsing: [0.000s CPU, 0.003s wall-clock]
Normalizing task... [0.000s CPU, 0.000s wall-clock]
Instantiating...
Generating Datalog program... [0.000s CPU, 0.000s wall-clock]
Normalizing Datalog program...
Unbound effect variables: Adding @object predicate.
Normalizing Datalog program: [0.010s CPU, 0.001s wall-clock]
Preparing model... [0.000s CPU, 0.001s wall-clock]
Generated 130 rules.
Computing model... [0.000s CPU, 0.001s wall-clock]
372 relevant atoms
340 auxiliary atoms
712 final queue length
860 total queue pushes
Completing instantiation... [0.000s CPU, 0.001s wall-clock]
Instantiating: [0.010s CPU, 0.005s wall-clock]
Computing fact groups...
Finding invariants...
47 initial candidates
Finding invariants: [0.000s CPU, 0.002s wall-clock]
Checking invariant weight... [0.000s CPU, 0.000s wall-clock]
Instantiating groups... [0.000s CPU, 0.000s wall-clock]
Collecting mutex groups... [0.000s CPU, 0.000s wall-clock]
Choosing groups...
58 uncovered facts
Choosing groups: [0.000s CPU, 0.000s wall-clock]
Building translation key... [0.000s CPU, 0.000s wall-clock]
Computing fact groups: [0.000s CPU, 0.002s wall-clock]
Building STRIPS to SAS dictionary... [0.000s CPU, 0.000s wall-clock]
Building dictionary for full mutex groups... [0.000s CPU, 0.000s wall-clock]
Building mutex information...
Building mutex information: [0.000s CPU, 0.000s wall-clock]
Translating task...
Processing axioms...
Simplifying axioms... [0.000s CPU, 0.000s wall-clock]
Translator axioms removed by simplifying: 0
Processing axioms: [0.000s CPU, 0.000s wall-clock]
Translating task: [0.000s CPU, 0.003s wall-clock]
145 effect conditions simplified
0 implied preconditions added
Detecting unreachable propositions...
2 operators removed
0 axioms removed
83 propositions removed
Detecting unreachable propositions: [0.000s CPU, 0.001s wall-clock]
Reordering and filtering variables...
27 of 28 variables necessary.
0 of 10 mutex groups necessary.
79 of 80 operators necessary.
0 of 0 axiom rules necessary.
Reordering and filtering variables: [0.000s CPU, 0.001s wall-clock]
Translator variables: 27
Translator derived variables: 0
Translator facts: 67
Translator goal facts: 2
Translator mutex groups: 0
Translator total mutex groups size: 0
Translator operators: 79
Translator axioms: 0
Translator task size: 1116
warning: could not determine peak memory
Writing output... [0.000s CPU, 0.001s wall-clock]
Done! [0.010s CPU, 0.015s wall-clock]
b"Warning: name clash between type and predicate 'boss-phase'.\nInterpreting as predicate in conditions.\nWarning: name clash between type and predicate 'player-level'.\nInterpreting as predicate in conditions.\n"
translate exit code: 0

INFO     Running search (release).
INFO     search portfolio: /Users/vramos/Master_uc3m/PlanifAuto/downward/driver/portfolios/seq_opt_fdss_1.py
remaining time: 1800.0
config 0: relative time 175, remaining time 1631, absolute time 193
args: [PosixPath('/Users/vramos/Master_uc3m/PlanifAuto/downward/builds/release/bin/downward'), '--search', 'astar(merge_and_shrink(merge_strategy=merge_precomputed(merge_tree=linear(variable_order=reverse_level)),shrink_strategy=shrink_bisimulation(greedy=true),label_reduction=exact(before_shrinking=true,before_merging=false),max_states=infinity,threshold_before_merge=1))', '--internal-plan-file', PosixPath('sas_plan')]
INFO     search stdin: output.sas
INFO     search time limit: 193s
INFO     search memory limit: None
INFO     search command line string: /Users/vramos/Master_uc3m/PlanifAuto/downward/builds/release/bin/downward --search 'astar(merge_and_shrink(merge_strategy=merge_precomputed(merge_tree=linear(variable_order=reverse_level)),shrink_strategy=shrink_bisimulation(greedy=true),label_reduction=exact(before_shrinking=true,before_merging=false),max_states=infinity,threshold_before_merge=1))' --internal-plan-file sas_plan < output.sas
[t=0.000170s, 435303616 KB] Search code revision: 505701e0f
[t=0.000183s, 435303616 KB] reading input...
[t=0.000717s, 435303616 KB] done reading input!
[t=0.001644s, 435307712 KB] Initializing merge-and-shrink heuristic...
[t=0.001650s, 435307712 KB] Running merge-and-shrink algorithm...
[t=0.001653s, 435307712 KB] Merge strategy options:
[t=0.001656s, 435307712 KB] Type: precomputed
[t=0.001658s, 435307712 KB] Merge tree options: 
[t=0.001661s, 435307712 KB] Type: linear
[t=0.001663s, 435307712 KB] Update option: use random
[t=0.001665s, 435307712 KB] Variable order type: by reverse level

[t=0.001669s, 435307712 KB] Options related to size limits and shrinking: 
[t=0.001671s, 435307712 KB] Transition system size limit: 2147483647
[t=0.001674s, 435307712 KB] Transition system size limit right before merge: 2147483647
[t=0.001677s, 435307712 KB] Threshold to trigger shrinking right before merge: 1

[t=0.001681s, 435307712 KB] Shrink strategy options: 
[t=0.001684s, 435307712 KB] Type: bisimulation
[t=0.001687s, 435307712 KB] Bisimulation type: greedy
[t=0.001690s, 435307712 KB] At limit: return

[t=0.001694s, 435307712 KB] Pruning unreachable states: yes
[t=0.001697s, 435307712 KB] Pruning irrelevant states: yes

[t=0.001702s, 435307712 KB] Label reduction options:
[t=0.001704s, 435307712 KB] Before merging: disabled
[t=0.001708s, 435307712 KB] Before shrinking: enabled
[t=0.001710s, 435307712 KB] Method: all transition systems with fixpoint computation
[t=0.001712s, 435307712 KB] System order: random

[t=0.001716s, 435307712 KB] Main loop max time in seconds: inf


[t=0.001722s, 435307712 KB] Building atomic transition systems... 
[t=0.001862s, 435307712 KB] M&S algorithm timer: 0.000214s (after computation of atomic factors)

[t=0.001873s, 435307712 KB] Starting main loop without a time limit.
[t=0.001879s, 435307712 KB] building causal graph...done! [t=0.000144s]
[t=0.002046s, 435307712 KB] Next pair of indices: (0, 1)
[t=0.002050s, 435307712 KB] M&S algorithm main loop timer: 0.000179s (after computation of next merge)
[t=0.004594s, 435307712 KB] M&S algorithm main loop timer: 0.002724s (after label reduction)
[t=0.004604s, 435307712 KB] M&S algorithm main loop timer: 0.002733s (after shrinking)
[t=0.004610s, 435307712 KB] M&S algorithm main loop timer: 0.002739s (after merging)

[t=0.004614s, 435307712 KB] Next pair of indices: (27, 2)
[t=0.004617s, 435307712 KB] M&S algorithm main loop timer: 0.002746s (after computation of next merge)
[t=0.006614s, 435307712 KB] M&S algorithm main loop timer: 0.004743s (after label reduction)
[t=0.006622s, 435307712 KB] M&S algorithm main loop timer: 0.004751s (after shrinking)
[t=0.006628s, 435307712 KB] M&S algorithm main loop timer: 0.004757s (after merging)

[t=0.006634s, 435307712 KB] Next pair of indices: (28, 3)
[t=0.006636s, 435307712 KB] M&S algorithm main loop timer: 0.004765s (after computation of next merge)
[t=0.008331s, 435307712 KB] M&S algorithm main loop timer: 0.006461s (after label reduction)
[t=0.008337s, 435307712 KB] M&S algorithm main loop timer: 0.006466s (after shrinking)
[t=0.008342s, 435307712 KB] M&S algorithm main loop timer: 0.006470s (after merging)

[t=0.008347s, 435307712 KB] Next pair of indices: (29, 4)
[t=0.008349s, 435307712 KB] M&S algorithm main loop timer: 0.006477s (after computation of next merge)
[t=0.009246s, 435307712 KB] M&S algorithm main loop timer: 0.007375s (after shrinking)
[t=0.009254s, 435307712 KB] M&S algorithm main loop timer: 0.007383s (after merging)

[t=0.009259s, 435307712 KB] Next pair of indices: (30, 5)
[t=0.009262s, 435307712 KB] M&S algorithm main loop timer: 0.007390s (after computation of next merge)
[t=0.010331s, 435307712 KB] M&S algorithm main loop timer: 0.008463s (after shrinking)
[t=0.010347s, 435307712 KB] M&S algorithm main loop timer: 0.008476s (after merging)

[t=0.010354s, 435307712 KB] Next pair of indices: (31, 6)
[t=0.010357s, 435307712 KB] M&S algorithm main loop timer: 0.008486s (after computation of next merge)
[t=0.011150s, 435307712 KB] M&S algorithm main loop timer: 0.009279s (after shrinking)
[t=0.011157s, 435307712 KB] M&S algorithm main loop timer: 0.009286s (after merging)

[t=0.011163s, 435307712 KB] Next pair of indices: (32, 7)
[t=0.011166s, 435307712 KB] M&S algorithm main loop timer: 0.009296s (after computation of next merge)
[t=0.012315s, 435307712 KB] M&S algorithm main loop timer: 0.010444s (after label reduction)
[t=0.012323s, 435307712 KB] M&S algorithm main loop timer: 0.010451s (after shrinking)
[t=0.012327s, 435307712 KB] M&S algorithm main loop timer: 0.010456s (after merging)

[t=0.012332s, 435307712 KB] Next pair of indices: (33, 8)
[t=0.012334s, 435307712 KB] M&S algorithm main loop timer: 0.010463s (after computation of next merge)
[t=0.013146s, 435307712 KB] M&S algorithm main loop timer: 0.011274s (after label reduction)
[t=0.013151s, 435307712 KB] M&S algorithm main loop timer: 0.011279s (after shrinking)
[t=0.013155s, 435307712 KB] M&S algorithm main loop timer: 0.011284s (after merging)

[t=0.013159s, 435307712 KB] Next pair of indices: (34, 9)
[t=0.013162s, 435307712 KB] M&S algorithm main loop timer: 0.011290s (after computation of next merge)
[t=0.013879s, 435307712 KB] M&S algorithm main loop timer: 0.012007s (after label reduction)
[t=0.013883s, 435307712 KB] M&S algorithm main loop timer: 0.012011s (after shrinking)
[t=0.013887s, 435307712 KB] M&S algorithm main loop timer: 0.012015s (after merging)

[t=0.013890s, 435307712 KB] Next pair of indices: (35, 10)
[t=0.013893s, 435307712 KB] M&S algorithm main loop timer: 0.012021s (after computation of next merge)
[t=0.014392s, 435307712 KB] M&S algorithm main loop timer: 0.012521s (after label reduction)
[t=0.014397s, 435307712 KB] M&S algorithm main loop timer: 0.012525s (after shrinking)
[t=0.014400s, 435307712 KB] M&S algorithm main loop timer: 0.012529s (after merging)

[t=0.014404s, 435307712 KB] Next pair of indices: (36, 11)
[t=0.014406s, 435307712 KB] M&S algorithm main loop timer: 0.012535s (after computation of next merge)
[t=0.014898s, 435307712 KB] M&S algorithm main loop timer: 0.013027s (after label reduction)
[t=0.014902s, 435307712 KB] M&S algorithm main loop timer: 0.013031s (after shrinking)
[t=0.014907s, 435307712 KB] M&S algorithm main loop timer: 0.013036s (after merging)

[t=0.014912s, 435307712 KB] Next pair of indices: (37, 12)
[t=0.014916s, 435307712 KB] M&S algorithm main loop timer: 0.013044s (after computation of next merge)
[t=0.015233s, 435307712 KB] M&S algorithm main loop timer: 0.013361s (after shrinking)
[t=0.015239s, 435307712 KB] M&S algorithm main loop timer: 0.013367s (after merging)

[t=0.015243s, 435307712 KB] Next pair of indices: (38, 13)
[t=0.015245s, 435307712 KB] M&S algorithm main loop timer: 0.013374s (after computation of next merge)
[t=0.015549s, 435307712 KB] M&S algorithm main loop timer: 0.013677s (after label reduction)
[t=0.015553s, 435307712 KB] M&S algorithm main loop timer: 0.013681s (after shrinking)
[t=0.015556s, 435307712 KB] M&S algorithm main loop timer: 0.013685s (after merging)

[t=0.015560s, 435307712 KB] Next pair of indices: (39, 14)
[t=0.015562s, 435307712 KB] M&S algorithm main loop timer: 0.013691s (after computation of next merge)
[t=0.015757s, 435307712 KB] M&S algorithm main loop timer: 0.013885s (after shrinking)
[t=0.015760s, 435307712 KB] M&S algorithm main loop timer: 0.013889s (after merging)

[t=0.015764s, 435307712 KB] Next pair of indices: (40, 15)
[t=0.015766s, 435307712 KB] M&S algorithm main loop timer: 0.013894s (after computation of next merge)
[t=0.015941s, 435307712 KB] M&S algorithm main loop timer: 0.014069s (after shrinking)
[t=0.015944s, 435307712 KB] M&S algorithm main loop timer: 0.014073s (after merging)

[t=0.015954s, 435307712 KB] Next pair of indices: (41, 16)
[t=0.015956s, 435307712 KB] M&S algorithm main loop timer: 0.014084s (after computation of next merge)
[t=0.016102s, 435307712 KB] M&S algorithm main loop timer: 0.014231s (after shrinking)
[t=0.016106s, 435307712 KB] M&S algorithm main loop timer: 0.014235s (after merging)

[t=0.016110s, 435307712 KB] Next pair of indices: (42, 17)
[t=0.016112s, 435307712 KB] M&S algorithm main loop timer: 0.014240s (after computation of next merge)
[t=0.016309s, 435307712 KB] M&S algorithm main loop timer: 0.014437s (after label reduction)
[t=0.016312s, 435307712 KB] M&S algorithm main loop timer: 0.014441s (after shrinking)
[t=0.016316s, 435307712 KB] M&S algorithm main loop timer: 0.014444s (after merging)

[t=0.016320s, 435307712 KB] Next pair of indices: (43, 18)
[t=0.016322s, 435307712 KB] M&S algorithm main loop timer: 0.014450s (after computation of next merge)
[t=0.016404s, 435307712 KB] M&S algorithm main loop timer: 0.014533s (after shrinking)
[t=0.016408s, 435307712 KB] M&S algorithm main loop timer: 0.014536s (after merging)

[t=0.016411s, 435307712 KB] Next pair of indices: (44, 19)
[t=0.016414s, 435307712 KB] M&S algorithm main loop timer: 0.014542s (after computation of next merge)
[t=0.016484s, 435307712 KB] M&S algorithm main loop timer: 0.014613s (after shrinking)
[t=0.016488s, 435307712 KB] M&S algorithm main loop timer: 0.014616s (after merging)

[t=0.016491s, 435307712 KB] Next pair of indices: (45, 20)
[t=0.016493s, 435307712 KB] M&S algorithm main loop timer: 0.014622s (after computation of next merge)
[t=0.016552s, 435307712 KB] M&S algorithm main loop timer: 0.014681s (after shrinking)
[t=0.016556s, 435307712 KB] M&S algorithm main loop timer: 0.014685s (after merging)

[t=0.016560s, 435307712 KB] Next pair of indices: (46, 21)
[t=0.016562s, 435307712 KB] M&S algorithm main loop timer: 0.014690s (after computation of next merge)
[t=0.016632s, 435307712 KB] M&S algorithm main loop timer: 0.014760s (after label reduction)
[t=0.016635s, 435307712 KB] M&S algorithm main loop timer: 0.014764s (after shrinking)
[t=0.016639s, 435307712 KB] M&S algorithm main loop timer: 0.014767s (after merging)

[t=0.016643s, 435307712 KB] Next pair of indices: (47, 22)
[t=0.016645s, 435307712 KB] M&S algorithm main loop timer: 0.014773s (after computation of next merge)
[t=0.016684s, 435307712 KB] M&S algorithm main loop timer: 0.014812s (after label reduction)
[t=0.016687s, 435307712 KB] M&S algorithm main loop timer: 0.014816s (after shrinking)
[t=0.016691s, 435307712 KB] M&S algorithm main loop timer: 0.014820s (after merging)

[t=0.016695s, 435307712 KB] Next pair of indices: (48, 23)
[t=0.016697s, 435307712 KB] M&S algorithm main loop timer: 0.014825s (after computation of next merge)
[t=0.016734s, 435307712 KB] M&S algorithm main loop timer: 0.014862s (after label reduction)
[t=0.016738s, 435307712 KB] M&S algorithm main loop timer: 0.014866s (after shrinking)
[t=0.016741s, 435307712 KB] M&S algorithm main loop timer: 0.014870s (after merging)

[t=0.016745s, 435307712 KB] Next pair of indices: (49, 24)
[t=0.016747s, 435307712 KB] M&S algorithm main loop timer: 0.014875s (after computation of next merge)
[t=0.016762s, 435307712 KB] M&S algorithm main loop timer: 0.014891s (after label reduction)
[t=0.016766s, 435307712 KB] M&S algorithm main loop timer: 0.014895s (after shrinking)
[t=0.016770s, 435307712 KB] M&S algorithm main loop timer: 0.014898s (after merging)

[t=0.016774s, 435307712 KB] Next pair of indices: (50, 25)
[t=0.016776s, 435307712 KB] M&S algorithm main loop timer: 0.014904s (after computation of next merge)
[t=0.016783s, 435307712 KB] M&S algorithm main loop timer: 0.014911s (after label reduction)
[t=0.016787s, 435307712 KB] M&S algorithm main loop timer: 0.014916s (after merging)

[t=0.016791s, 435307712 KB] Next pair of indices: (51, 26)
[t=0.016794s, 435307712 KB] M&S algorithm main loop timer: 0.014922s (after computation of next merge)
[t=0.016805s, 435307712 KB] M&S algorithm main loop timer: 0.014933s (after merging)
[t=0.016808s, 435307712 KB] M&S algorithm main loop timer: 0.014937s (after pruning)

[t=0.016816s, 435307712 KB] End of merge-and-shrink algorithm, statistics:
[t=0.016818s, 435307712 KB] Main loop runtime: 0.014946s
[t=0.016820s, 435307712 KB] Maximum intermediate abstraction size: 14
[t=0.016823s, 435307712 KB] Final peak memory increase of merge-and-shrink algorithm: 0 KB
[t=0.016826s, 435307712 KB] Merge-and-shrink algorithm runtime: 0.015177s

[t=0.016830s, 435307712 KB] Number of remaining factors: 1
[t=0.016833s, 435307712 KB] Number of factors kept: 1
[t=0.016835s, 435307712 KB] Done initializing merge-and-shrink heuristic.

[t=0.016854s, 435307712 KB] Building successor generator...done!
[t=0.016883s, 435307712 KB] peak memory difference for successor generator creation: 0 KB
[t=0.016885s, 435307712 KB] time for successor generation creation: 0.000024s
[t=0.016888s, 435307712 KB] Variables: 27
[t=0.016890s, 435307712 KB] FactPairs: 67
[t=0.016892s, 435307712 KB] Bytes per state: 8
[t=0.016907s, 435307712 KB] Conducting best first search with reopening closed nodes, (real) bound = 2147483647
[t=0.016914s, 435307712 KB] New best heuristic value for merge_and_shrink: 6
[t=0.016916s, 435307712 KB] g=0, 1 evaluated, 0 expanded
[t=0.016919s, 435307712 KB] f = 6, 1 evaluated, 0 expanded
[t=0.016924s, 435307712 KB] Initial heuristic value for merge_and_shrink: 6
[t=0.016927s, 435307712 KB] pruning method: none
[t=0.016934s, 435307712 KB] f = 7, 2 evaluated, 1 expanded
[t=0.016941s, 435307712 KB] f = 8, 6 evaluated, 2 expanded
[t=0.016956s, 435307712 KB] f = 9, 20 evaluated, 6 expanded
[t=0.016992s, 435307712 KB] f = 10, 57 evaluated, 20 expanded
[t=0.017064s, 435307712 KB] f = 11, 134 evaluated, 57 expanded
[t=0.017087s, 435307712 KB] New best heuristic value for merge_and_shrink: 5
[t=0.017089s, 435307712 KB] g=6, 159 evaluated, 67 expanded
[t=0.017093s, 435307712 KB] New best heuristic value for merge_and_shrink: 4
[t=0.017095s, 435307712 KB] g=7, 160 evaluated, 68 expanded
[t=0.017204s, 435307712 KB] f = 12, 270 evaluated, 136 expanded
[t=0.017209s, 435307712 KB] New best heuristic value for merge_and_shrink: 3
[t=0.017211s, 435307712 KB] g=9, 272 evaluated, 138 expanded
[t=0.017427s, 435307712 KB] f = 13, 503 evaluated, 278 expanded
[t=0.017432s, 435307712 KB] New best heuristic value for merge_and_shrink: 2
[t=0.017434s, 435307712 KB] g=11, 505 evaluated, 280 expanded
[t=0.017783s, 435307712 KB] f = 14, 887 evaluated, 523 expanded
[t=0.018345s, 435307712 KB] f = 15, 1452 evaluated, 927 expanded
[t=0.019140s, 435307712 KB] f = 16, 2213 evaluated, 1525 expanded
[t=0.020100s, 435307712 KB] f = 17, 3170 evaluated, 2330 expanded
[t=0.021364s, 435307712 KB] f = 18, 4280 evaluated, 3338 expanded
[t=0.022710s, 435307712 KB] f = 19, 5507 evaluated, 4494 expanded
[t=0.024158s, 435307712 KB] f = 20, 6828 evaluated, 5764 expanded
[t=0.024163s, 435307712 KB] New best heuristic value for merge_and_shrink: 1
[t=0.024165s, 435307712 KB] g=19, 6830 evaluated, 5766 expanded
[t=0.025763s, 435307712 KB] f = 21, 8180 evaluated, 7110 expanded
[t=0.027242s, 435307712 KB] f = 22, 9548 evaluated, 8469 expanded
[t=0.028757s, 435307712 KB] f = 23, 10974 evaluated, 9858 expanded
[t=0.028765s, 435307712 KB] New best heuristic value for merge_and_shrink: 0
[t=0.028768s, 435307712 KB] g=23, 10980 evaluated, 9861 expanded
[t=0.028771s, 435307712 KB] Solution found!
[t=0.028774s, 435307712 KB] Actual search time: 0.011846s
move firelink sen-entrance (1)
pick-up-key shortcut-key sen-entrance (1)
pick-up-titanite sen-entrance (1)
move sen-entrance firelink (1)
upgrade-weapon firelink w1 w2 (1)
move firelink sen-entrance (1)
attack-minor sen-guard1 sen-entrance hp2 hp1 (1)
execute-enemy sen-guard1 sen-entrance s0 s1 (1)
level-up-stats sen-entrance pl0 pl1 hp2 hp3 s1 s0 (1)
move sen-entrance sen-inner (1)
unlock-door shortcut-key sen-inner anor-entrance (1)
move sen-inner anor-entrance (1)
attack-boss iron-golem anor-entrance hp3 hp2 bp4 bp3 (1)
attack-boss iron-golem anor-entrance hp2 hp1 bp3 bp2 (1)
drink-estus e1 hp1 hp2 hp3 (1)
attack-boss iron-golem anor-entrance hp2 hp1 bp2 bp1 (1)
drink-estus e2 hp1 hp2 hp3 (1)
attack-boss iron-golem anor-entrance hp2 hp1 bp1 bp0 (1)
kill-boss iron-golem anor-entrance w2 e3 bp0 (1)
move anor-entrance sen-inner (1)
move sen-inner sen-entrance (1)
move sen-entrance firelink (1)
deposit-soul iron-golem firelink (1)
[t=0.028776s, 435307712 KB] Plan length: 23 step(s).
[t=0.028776s, 435307712 KB] Plan cost: 23
[t=0.028776s, 435307712 KB] Expanded 9862 state(s).
[t=0.028776s, 435307712 KB] Reopened 0 state(s).
[t=0.028776s, 435307712 KB] Evaluated 10980 state(s).
[t=0.028776s, 435307712 KB] Evaluations: 10980
[t=0.028776s, 435307712 KB] Generated 29731 state(s).
[t=0.028776s, 435307712 KB] Dead ends: 0 state(s).
[t=0.028776s, 435307712 KB] Expanded until last jump: 9858 state(s).
[t=0.028776s, 435307712 KB] Reopened until last jump: 0 state(s).
[t=0.028776s, 435307712 KB] Evaluated until last jump: 10974 state(s).
[t=0.028776s, 435307712 KB] Generated until last jump: 29721 state(s).
[t=0.028776s, 435307712 KB] Number of registered states: 10980
[t=0.028776s, 435307712 KB] Int hash set load factor: 10980/16384 = 0.670166
[t=0.028776s, 435307712 KB] Int hash set resizes: 14
[t=0.028776s, 435307712 KB] Search time: 0.011869s
[t=0.028776s, 435307712 KB] Total time: 0.028776s
Solution found.
Peak memory: 435307712 KB
exitcode: 0

Exit codes: [0]
Remove intermediate file output.sas
search exit code: 0

INFO     Planner time: 0.09s

=== Experiment Summary ===
End Time: 2025-12-16 11:43:08
Runtime: 0 seconds
Exit Code: 0
Status: SUCCESS
Explanation: SUCCESS (solution found)
