=== Fast Downward Experiment Log ===
Domain: darksouls-fd
Planner: fdss-opt (seq-opt-fdss-1)
Problem: problem-09.pddl
Time Limit: 1800 seconds
Start Time: 2025-12-16 11:43:12
Domain File: .//darksouls-fd/domain.pddl
Problem File: .//darksouls-fd/problem-09.pddl

=== Fast Downward Output ===
INFO     planner time limit: None
INFO     planner memory limit: None

INFO     Running translator.
INFO     translator stdin: None
INFO     translator time limit: None
INFO     translator memory limit: None
INFO     translator command line string: /opt/homebrew/opt/python@3.14/bin/python3.14 -m translate darksouls-fd/domain.pddl darksouls-fd/problem-09.pddl --sas-file output.sas
Parsing...
Parsing: [0.000s CPU, 0.003s wall-clock]
Normalizing task... [0.000s CPU, 0.000s wall-clock]
Instantiating...
Generating Datalog program... [0.000s CPU, 0.000s wall-clock]
Normalizing Datalog program...
Unbound effect variables: Adding @object predicate.
Normalizing Datalog program: [0.010s CPU, 0.001s wall-clock]
Preparing model... [0.000s CPU, 0.001s wall-clock]
Generated 130 rules.
Computing model... [0.000s CPU, 0.001s wall-clock]
277 relevant atoms
227 auxiliary atoms
504 final queue length
543 total queue pushes
Completing instantiation... [0.000s CPU, 0.000s wall-clock]
Instantiating: [0.010s CPU, 0.004s wall-clock]
Computing fact groups...
Finding invariants...
47 initial candidates
Finding invariants: [0.000s CPU, 0.002s wall-clock]
Checking invariant weight... [0.000s CPU, 0.000s wall-clock]
Instantiating groups... [0.000s CPU, 0.000s wall-clock]
Collecting mutex groups... [0.000s CPU, 0.000s wall-clock]
Choosing groups...
56 uncovered facts
Choosing groups: [0.000s CPU, 0.000s wall-clock]
Building translation key... [0.000s CPU, 0.000s wall-clock]
Computing fact groups: [0.000s CPU, 0.002s wall-clock]
Building STRIPS to SAS dictionary... [0.000s CPU, 0.000s wall-clock]
Building dictionary for full mutex groups... [0.000s CPU, 0.000s wall-clock]
Building mutex information...
Building mutex information: [0.000s CPU, 0.000s wall-clock]
Translating task...
Processing axioms...
Simplifying axioms... [0.000s CPU, 0.000s wall-clock]
Translator axioms removed by simplifying: 0
Processing axioms: [0.000s CPU, 0.000s wall-clock]
Translating task: [0.000s CPU, 0.001s wall-clock]
38 effect conditions simplified
0 implied preconditions added
Detecting unreachable propositions...
2 operators removed
0 axioms removed
83 propositions removed
Detecting unreachable propositions: [0.000s CPU, 0.000s wall-clock]
Reordering and filtering variables...
18 of 19 variables necessary.
0 of 5 mutex groups necessary.
27 of 27 operators necessary.
0 of 0 axiom rules necessary.
Reordering and filtering variables: [0.000s CPU, 0.000s wall-clock]
Translator variables: 18
Translator derived variables: 0
Translator facts: 42
Translator goal facts: 2
Translator mutex groups: 0
Translator total mutex groups size: 0
Translator operators: 27
Translator axioms: 0
Translator task size: 274
warning: could not determine peak memory
Writing output... [0.000s CPU, 0.001s wall-clock]
Done! [0.010s CPU, 0.011s wall-clock]
b"Warning: name clash between type and predicate 'boss-phase'.\nInterpreting as predicate in conditions.\nWarning: name clash between type and predicate 'player-level'.\nInterpreting as predicate in conditions.\n"
translate exit code: 0

INFO     Running search (release).
INFO     search portfolio: /Users/vramos/Master_uc3m/PlanifAuto/downward/driver/portfolios/seq_opt_fdss_1.py
remaining time: 1800.0
config 0: relative time 175, remaining time 1631, absolute time 193
args: [PosixPath('/Users/vramos/Master_uc3m/PlanifAuto/downward/builds/release/bin/downward'), '--search', 'astar(merge_and_shrink(merge_strategy=merge_precomputed(merge_tree=linear(variable_order=reverse_level)),shrink_strategy=shrink_bisimulation(greedy=true),label_reduction=exact(before_shrinking=true,before_merging=false),max_states=infinity,threshold_before_merge=1))', '--internal-plan-file', PosixPath('sas_plan')]
INFO     search stdin: output.sas
INFO     search time limit: 193s
INFO     search memory limit: None
INFO     search command line string: /Users/vramos/Master_uc3m/PlanifAuto/downward/builds/release/bin/downward --search 'astar(merge_and_shrink(merge_strategy=merge_precomputed(merge_tree=linear(variable_order=reverse_level)),shrink_strategy=shrink_bisimulation(greedy=true),label_reduction=exact(before_shrinking=true,before_merging=false),max_states=infinity,threshold_before_merge=1))' --internal-plan-file sas_plan < output.sas
[t=0.000169s, 435303408 KB] Search code revision: 505701e0f
[t=0.000178s, 435303408 KB] reading input...
[t=0.000356s, 435303408 KB] done reading input!
[t=0.001148s, 435307504 KB] Initializing merge-and-shrink heuristic...
[t=0.001155s, 435307504 KB] Running merge-and-shrink algorithm...
[t=0.001158s, 435307504 KB] Merge strategy options:
[t=0.001160s, 435307504 KB] Type: precomputed
[t=0.001162s, 435307504 KB] Merge tree options: 
[t=0.001164s, 435307504 KB] Type: linear
[t=0.001167s, 435307504 KB] Update option: use random
[t=0.001169s, 435307504 KB] Variable order type: by reverse level

[t=0.001172s, 435307504 KB] Options related to size limits and shrinking: 
[t=0.001175s, 435307504 KB] Transition system size limit: 2147483647
[t=0.001177s, 435307504 KB] Transition system size limit right before merge: 2147483647
[t=0.001180s, 435307504 KB] Threshold to trigger shrinking right before merge: 1

[t=0.001185s, 435307504 KB] Shrink strategy options: 
[t=0.001187s, 435307504 KB] Type: bisimulation
[t=0.001190s, 435307504 KB] Bisimulation type: greedy
[t=0.001192s, 435307504 KB] At limit: return

[t=0.001197s, 435307504 KB] Pruning unreachable states: yes
[t=0.001200s, 435307504 KB] Pruning irrelevant states: yes

[t=0.001205s, 435307504 KB] Label reduction options:
[t=0.001208s, 435307504 KB] Before merging: disabled
[t=0.001211s, 435307504 KB] Before shrinking: enabled
[t=0.001213s, 435307504 KB] Method: all transition systems with fixpoint computation
[t=0.001215s, 435307504 KB] System order: random

[t=0.001220s, 435307504 KB] Main loop max time in seconds: inf


[t=0.001229s, 435307504 KB] Building atomic transition systems... 
[t=0.001283s, 435307504 KB] M&S algorithm timer: 0.000129s (after computation of atomic factors)

[t=0.001293s, 435307504 KB] Starting main loop without a time limit.
[t=0.001297s, 435307504 KB] building causal graph...done! [t=0.000045s]
[t=0.001356s, 435307504 KB] Next pair of indices: (0, 1)
[t=0.001359s, 435307504 KB] M&S algorithm main loop timer: 0.000068s (after computation of next merge)
[t=0.001884s, 435307504 KB] M&S algorithm main loop timer: 0.000593s (after label reduction)
[t=0.001892s, 435307504 KB] M&S algorithm main loop timer: 0.000601s (after shrinking)
[t=0.001898s, 435307504 KB] M&S algorithm main loop timer: 0.000606s (after merging)

[t=0.001902s, 435307504 KB] Next pair of indices: (18, 2)
[t=0.001904s, 435307504 KB] M&S algorithm main loop timer: 0.000612s (after computation of next merge)
[t=0.002322s, 435307504 KB] M&S algorithm main loop timer: 0.001031s (after label reduction)
[t=0.002328s, 435307504 KB] M&S algorithm main loop timer: 0.001036s (after shrinking)
[t=0.002332s, 435307504 KB] M&S algorithm main loop timer: 0.001040s (after merging)

[t=0.002336s, 435307504 KB] Next pair of indices: (19, 3)
[t=0.002338s, 435307504 KB] M&S algorithm main loop timer: 0.001046s (after computation of next merge)
[t=0.002600s, 435307504 KB] M&S algorithm main loop timer: 0.001308s (after shrinking)
[t=0.002605s, 435307504 KB] M&S algorithm main loop timer: 0.001314s (after merging)

[t=0.002610s, 435307504 KB] Next pair of indices: (20, 4)
[t=0.002612s, 435307504 KB] M&S algorithm main loop timer: 0.001321s (after computation of next merge)
[t=0.002844s, 435307504 KB] M&S algorithm main loop timer: 0.001553s (after shrinking)
[t=0.002849s, 435307504 KB] M&S algorithm main loop timer: 0.001558s (after merging)

[t=0.002854s, 435307504 KB] Next pair of indices: (21, 5)
[t=0.002856s, 435307504 KB] M&S algorithm main loop timer: 0.001565s (after computation of next merge)
[t=0.003063s, 435307504 KB] M&S algorithm main loop timer: 0.001772s (after shrinking)
[t=0.003075s, 435307504 KB] M&S algorithm main loop timer: 0.001784s (after merging)

[t=0.003080s, 435307504 KB] Next pair of indices: (22, 6)
[t=0.003083s, 435307504 KB] M&S algorithm main loop timer: 0.001791s (after computation of next merge)
[t=0.003384s, 435307504 KB] M&S algorithm main loop timer: 0.002093s (after label reduction)
[t=0.003389s, 435307504 KB] M&S algorithm main loop timer: 0.002098s (after shrinking)
[t=0.003393s, 435307504 KB] M&S algorithm main loop timer: 0.002102s (after merging)

[t=0.003397s, 435307504 KB] Next pair of indices: (23, 7)
[t=0.003400s, 435307504 KB] M&S algorithm main loop timer: 0.002108s (after computation of next merge)
[t=0.003542s, 435307504 KB] M&S algorithm main loop timer: 0.002250s (after label reduction)
[t=0.003547s, 435307504 KB] M&S algorithm main loop timer: 0.002256s (after shrinking)
[t=0.003550s, 435307504 KB] M&S algorithm main loop timer: 0.002259s (after merging)

[t=0.003554s, 435307504 KB] Next pair of indices: (24, 8)
[t=0.003556s, 435307504 KB] M&S algorithm main loop timer: 0.002265s (after computation of next merge)
[t=0.003698s, 435307504 KB] M&S algorithm main loop timer: 0.002407s (after label reduction)
[t=0.003704s, 435307504 KB] M&S algorithm main loop timer: 0.002412s (after shrinking)
[t=0.003707s, 435307504 KB] M&S algorithm main loop timer: 0.002415s (after merging)

[t=0.003711s, 435307504 KB] Next pair of indices: (25, 9)
[t=0.003713s, 435307504 KB] M&S algorithm main loop timer: 0.002421s (after computation of next merge)
[t=0.003823s, 435307504 KB] M&S algorithm main loop timer: 0.002532s (after label reduction)
[t=0.003829s, 435307504 KB] M&S algorithm main loop timer: 0.002537s (after shrinking)
[t=0.003833s, 435307504 KB] M&S algorithm main loop timer: 0.002541s (after merging)

[t=0.003836s, 435307504 KB] Next pair of indices: (26, 10)
[t=0.003838s, 435307504 KB] M&S algorithm main loop timer: 0.002547s (after computation of next merge)
[t=0.003904s, 435307504 KB] M&S algorithm main loop timer: 0.002613s (after label reduction)
[t=0.003909s, 435307504 KB] M&S algorithm main loop timer: 0.002618s (after shrinking)
[t=0.003913s, 435307504 KB] M&S algorithm main loop timer: 0.002621s (after merging)

[t=0.003916s, 435307504 KB] Next pair of indices: (27, 11)
[t=0.003919s, 435307504 KB] M&S algorithm main loop timer: 0.002627s (after computation of next merge)
[t=0.003968s, 435307504 KB] M&S algorithm main loop timer: 0.002677s (after shrinking)
[t=0.003974s, 435307504 KB] M&S algorithm main loop timer: 0.002683s (after merging)

[t=0.003979s, 435307504 KB] Next pair of indices: (28, 12)
[t=0.003982s, 435307504 KB] M&S algorithm main loop timer: 0.002690s (after computation of next merge)
[t=0.004043s, 435307504 KB] M&S algorithm main loop timer: 0.002752s (after label reduction)
[t=0.004048s, 435307504 KB] M&S algorithm main loop timer: 0.002757s (after shrinking)
[t=0.004053s, 435307504 KB] M&S algorithm main loop timer: 0.002761s (after merging)

[t=0.004057s, 435307504 KB] Next pair of indices: (29, 13)
[t=0.004060s, 435307504 KB] M&S algorithm main loop timer: 0.002768s (after computation of next merge)
[t=0.004083s, 435307504 KB] M&S algorithm main loop timer: 0.002792s (after shrinking)
[t=0.004087s, 435307504 KB] M&S algorithm main loop timer: 0.002796s (after merging)

[t=0.004091s, 435307504 KB] Next pair of indices: (30, 14)
[t=0.004093s, 435307504 KB] M&S algorithm main loop timer: 0.002801s (after computation of next merge)
[t=0.004111s, 435307504 KB] M&S algorithm main loop timer: 0.002819s (after shrinking)
[t=0.004114s, 435307504 KB] M&S algorithm main loop timer: 0.002823s (after merging)

[t=0.004118s, 435307504 KB] Next pair of indices: (31, 15)
[t=0.004120s, 435307504 KB] M&S algorithm main loop timer: 0.002828s (after computation of next merge)
[t=0.004133s, 435307504 KB] M&S algorithm main loop timer: 0.002841s (after label reduction)
[t=0.004136s, 435307504 KB] M&S algorithm main loop timer: 0.002845s (after shrinking)
[t=0.004140s, 435307504 KB] M&S algorithm main loop timer: 0.002848s (after merging)

[t=0.004147s, 435307504 KB] Next pair of indices: (32, 16)
[t=0.004149s, 435307504 KB] M&S algorithm main loop timer: 0.002857s (after computation of next merge)
[t=0.004156s, 435307504 KB] M&S algorithm main loop timer: 0.002864s (after label reduction)
[t=0.004160s, 435307504 KB] M&S algorithm main loop timer: 0.002869s (after merging)

[t=0.004165s, 435307504 KB] Next pair of indices: (33, 17)
[t=0.004167s, 435307504 KB] M&S algorithm main loop timer: 0.002876s (after computation of next merge)
[t=0.004175s, 435307504 KB] M&S algorithm main loop timer: 0.002884s (after merging)
[t=0.004179s, 435307504 KB] M&S algorithm main loop timer: 0.002887s (after pruning)

[t=0.004182s, 435307504 KB] End of merge-and-shrink algorithm, statistics:
[t=0.004184s, 435307504 KB] Main loop runtime: 0.002892s
[t=0.004186s, 435307504 KB] Maximum intermediate abstraction size: 10
[t=0.004188s, 435307504 KB] Final peak memory increase of merge-and-shrink algorithm: 0 KB
[t=0.004191s, 435307504 KB] Merge-and-shrink algorithm runtime: 0.003037s

[t=0.004195s, 435307504 KB] Number of remaining factors: 1
[t=0.004197s, 435307504 KB] Number of factors kept: 1
[t=0.004199s, 435307504 KB] Done initializing merge-and-shrink heuristic.

[t=0.004210s, 435307504 KB] Building successor generator...done!
[t=0.004226s, 435307504 KB] peak memory difference for successor generator creation: 0 KB
[t=0.004229s, 435307504 KB] time for successor generation creation: 0.000011s
[t=0.004231s, 435307504 KB] Variables: 18
[t=0.004233s, 435307504 KB] FactPairs: 42
[t=0.004235s, 435307504 KB] Bytes per state: 4
[t=0.004245s, 435307504 KB] Conducting best first search with reopening closed nodes, (real) bound = 2147483647
[t=0.004251s, 435307504 KB] New best heuristic value for merge_and_shrink: 4
[t=0.004254s, 435307504 KB] g=0, 1 evaluated, 0 expanded
[t=0.004256s, 435307504 KB] f = 4, 1 evaluated, 0 expanded
[t=0.004261s, 435307504 KB] Initial heuristic value for merge_and_shrink: 4
[t=0.004264s, 435307504 KB] pruning method: none
[t=0.004271s, 435307504 KB] f = 5, 2 evaluated, 1 expanded
[t=0.004277s, 435307504 KB] f = 6, 4 evaluated, 2 expanded
[t=0.004283s, 435307504 KB] f = 7, 8 evaluated, 4 expanded
[t=0.004292s, 435307504 KB] New best heuristic value for merge_and_shrink: 3
[t=0.004294s, 435307504 KB] g=4, 15 evaluated, 8 expanded
[t=0.004298s, 435307504 KB] New best heuristic value for merge_and_shrink: 2
[t=0.004300s, 435307504 KB] g=5, 16 evaluated, 9 expanded
[t=0.004305s, 435307504 KB] f = 8, 18 evaluated, 10 expanded
[t=0.004327s, 435307504 KB] f = 9, 38 evaluated, 24 expanded
[t=0.004353s, 435307504 KB] f = 10, 64 evaluated, 48 expanded
[t=0.004379s, 435307504 KB] f = 11, 85 evaluated, 74 expanded
[t=0.004395s, 435307504 KB] f = 12, 96 evaluated, 91 expanded
[t=0.004401s, 435307504 KB] New best heuristic value for merge_and_shrink: 1
[t=0.004403s, 435307504 KB] g=11, 98 evaluated, 95 expanded
[t=0.004418s, 435307504 KB] f = 13, 113 evaluated, 102 expanded
[t=0.004433s, 435307504 KB] f = 14, 125 evaluated, 113 expanded
[t=0.004452s, 435307504 KB] f = 15, 139 evaluated, 125 expanded
[t=0.004457s, 435307504 KB] New best heuristic value for merge_and_shrink: 0
[t=0.004459s, 435307504 KB] g=15, 142 evaluated, 127 expanded
[t=0.004463s, 435307504 KB] Solution found!
[t=0.004465s, 435307504 KB] Actual search time: 0.000200s
move firelink ruins (1)
pick-up-titanite ruins (1)
move ruins smith-hut (1)
upgrade-weapon smith-hut w0 w1 (1)
pick-up-titanite smith-hut (1)
upgrade-weapon smith-hut w1 w2 (1)
move smith-hut valley (1)
attack-boss miniboss valley hp2 hp1 bp2 bp1 (1)
drink-estus e1 hp1 hp2 hp2 (1)
attack-boss miniboss valley hp2 hp1 bp1 bp0 (1)
kill-boss miniboss valley w2 e3 bp0 (1)
move valley smith-hut (1)
move smith-hut ruins (1)
move ruins firelink (1)
deposit-soul miniboss firelink (1)
[t=0.004468s, 435307504 KB] Plan length: 15 step(s).
[t=0.004468s, 435307504 KB] Plan cost: 15
[t=0.004468s, 435307504 KB] Expanded 128 state(s).
[t=0.004468s, 435307504 KB] Reopened 0 state(s).
[t=0.004468s, 435307504 KB] Evaluated 143 state(s).
[t=0.004468s, 435307504 KB] Evaluations: 143
[t=0.004468s, 435307504 KB] Generated 236 state(s).
[t=0.004468s, 435307504 KB] Dead ends: 0 state(s).
[t=0.004468s, 435307504 KB] Expanded until last jump: 125 state(s).
[t=0.004468s, 435307504 KB] Reopened until last jump: 0 state(s).
[t=0.004468s, 435307504 KB] Evaluated until last jump: 139 state(s).
[t=0.004468s, 435307504 KB] Generated until last jump: 229 state(s).
[t=0.004468s, 435307504 KB] Number of registered states: 143
[t=0.004468s, 435307504 KB] Int hash set load factor: 143/256 = 0.558594
[t=0.004468s, 435307504 KB] Int hash set resizes: 8
[t=0.004468s, 435307504 KB] Search time: 0.000223s
[t=0.004468s, 435307504 KB] Total time: 0.004468s
Solution found.
Peak memory: 435307504 KB
exitcode: 0

Exit codes: [0]
Remove intermediate file output.sas
search exit code: 0

INFO     Planner time: 0.06s

=== Experiment Summary ===
End Time: 2025-12-16 11:43:12
Runtime: 0 seconds
Exit Code: 0
Status: SUCCESS
Explanation: SUCCESS (solution found)
