=== Fast Downward Experiment Log ===
Domain: darksouls-fd
Planner: fdss-opt (seq-opt-fdss-1)
Problem: problem-04.pddl
Time Limit: 1800 seconds
Start Time: 2025-12-16 11:43:06
Domain File: .//darksouls-fd/domain.pddl
Problem File: .//darksouls-fd/problem-04.pddl

=== Fast Downward Output ===
INFO     planner time limit: None
INFO     planner memory limit: None

INFO     Running translator.
INFO     translator stdin: None
INFO     translator time limit: None
INFO     translator memory limit: None
INFO     translator command line string: /opt/homebrew/opt/python@3.14/bin/python3.14 -m translate darksouls-fd/domain.pddl darksouls-fd/problem-04.pddl --sas-file output.sas
Parsing...
Parsing: [0.000s CPU, 0.003s wall-clock]
Normalizing task... [0.000s CPU, 0.000s wall-clock]
Instantiating...
Generating Datalog program... [0.000s CPU, 0.000s wall-clock]
Normalizing Datalog program...
Unbound effect variables: Adding @object predicate.
Normalizing Datalog program: [0.010s CPU, 0.001s wall-clock]
Preparing model... [0.000s CPU, 0.001s wall-clock]
Generated 130 rules.
Computing model... [0.000s CPU, 0.001s wall-clock]
267 relevant atoms
222 auxiliary atoms
489 final queue length
527 total queue pushes
Completing instantiation... [0.000s CPU, 0.000s wall-clock]
Instantiating: [0.010s CPU, 0.004s wall-clock]
Computing fact groups...
Finding invariants...
47 initial candidates
Finding invariants: [0.000s CPU, 0.002s wall-clock]
Checking invariant weight... [0.000s CPU, 0.000s wall-clock]
Instantiating groups... [0.000s CPU, 0.000s wall-clock]
Collecting mutex groups... [0.000s CPU, 0.000s wall-clock]
Choosing groups...
52 uncovered facts
Choosing groups: [0.000s CPU, 0.000s wall-clock]
Building translation key... [0.000s CPU, 0.000s wall-clock]
Computing fact groups: [0.000s CPU, 0.002s wall-clock]
Building STRIPS to SAS dictionary... [0.000s CPU, 0.000s wall-clock]
Building dictionary for full mutex groups... [0.000s CPU, 0.000s wall-clock]
Building mutex information...
Building mutex information: [0.000s CPU, 0.000s wall-clock]
Translating task...
Processing axioms...
Simplifying axioms... [0.000s CPU, 0.000s wall-clock]
Translator axioms removed by simplifying: 0
Processing axioms: [0.000s CPU, 0.000s wall-clock]
Translating task: [0.000s CPU, 0.001s wall-clock]
34 effect conditions simplified
0 implied preconditions added
Detecting unreachable propositions...
2 operators removed
0 axioms removed
81 propositions removed
Detecting unreachable propositions: [0.000s CPU, 0.000s wall-clock]
Reordering and filtering variables...
16 of 17 variables necessary.
0 of 6 mutex groups necessary.
25 of 25 operators necessary.
0 of 0 axiom rules necessary.
Reordering and filtering variables: [0.000s CPU, 0.000s wall-clock]
Translator variables: 16
Translator derived variables: 0
Translator facts: 38
Translator goal facts: 1
Translator mutex groups: 0
Translator total mutex groups size: 0
Translator operators: 25
Translator axioms: 0
Translator task size: 253
warning: could not determine peak memory
Writing output... [0.000s CPU, 0.000s wall-clock]
Done! [0.010s CPU, 0.010s wall-clock]
b"Warning: name clash between type and predicate 'boss-phase'.\nInterpreting as predicate in conditions.\nWarning: name clash between type and predicate 'player-level'.\nInterpreting as predicate in conditions.\n"
translate exit code: 0

INFO     Running search (release).
INFO     search portfolio: /Users/vramos/Master_uc3m/PlanifAuto/downward/driver/portfolios/seq_opt_fdss_1.py
remaining time: 1800.0
config 0: relative time 175, remaining time 1631, absolute time 193
args: [PosixPath('/Users/vramos/Master_uc3m/PlanifAuto/downward/builds/release/bin/downward'), '--search', 'astar(merge_and_shrink(merge_strategy=merge_precomputed(merge_tree=linear(variable_order=reverse_level)),shrink_strategy=shrink_bisimulation(greedy=true),label_reduction=exact(before_shrinking=true,before_merging=false),max_states=infinity,threshold_before_merge=1))', '--internal-plan-file', PosixPath('sas_plan')]
INFO     search stdin: output.sas
INFO     search time limit: 193s
INFO     search memory limit: None
INFO     search command line string: /Users/vramos/Master_uc3m/PlanifAuto/downward/builds/release/bin/downward --search 'astar(merge_and_shrink(merge_strategy=merge_precomputed(merge_tree=linear(variable_order=reverse_level)),shrink_strategy=shrink_bisimulation(greedy=true),label_reduction=exact(before_shrinking=true,before_merging=false),max_states=infinity,threshold_before_merge=1))' --internal-plan-file sas_plan < output.sas
[t=0.000167s, 435302864 KB] Search code revision: 505701e0f
[t=0.000176s, 435302864 KB] reading input...
[t=0.000341s, 435302864 KB] done reading input!
[t=0.001142s, 435306960 KB] Initializing merge-and-shrink heuristic...
[t=0.001149s, 435306960 KB] Running merge-and-shrink algorithm...
[t=0.001152s, 435306960 KB] Merge strategy options:
[t=0.001154s, 435306960 KB] Type: precomputed
[t=0.001157s, 435306960 KB] Merge tree options: 
[t=0.001159s, 435306960 KB] Type: linear
[t=0.001161s, 435306960 KB] Update option: use random
[t=0.001164s, 435306960 KB] Variable order type: by reverse level

[t=0.001167s, 435306960 KB] Options related to size limits and shrinking: 
[t=0.001169s, 435306960 KB] Transition system size limit: 2147483647
[t=0.001171s, 435306960 KB] Transition system size limit right before merge: 2147483647
[t=0.001174s, 435306960 KB] Threshold to trigger shrinking right before merge: 1

[t=0.001177s, 435306960 KB] Shrink strategy options: 
[t=0.001179s, 435306960 KB] Type: bisimulation
[t=0.001182s, 435306960 KB] Bisimulation type: greedy
[t=0.001184s, 435306960 KB] At limit: return

[t=0.001187s, 435306960 KB] Pruning unreachable states: yes
[t=0.001189s, 435306960 KB] Pruning irrelevant states: yes

[t=0.001192s, 435306960 KB] Label reduction options:
[t=0.001194s, 435306960 KB] Before merging: disabled
[t=0.001197s, 435306960 KB] Before shrinking: enabled
[t=0.001199s, 435306960 KB] Method: all transition systems with fixpoint computation
[t=0.001201s, 435306960 KB] System order: random

[t=0.001204s, 435306960 KB] Main loop max time in seconds: inf


[t=0.001210s, 435306960 KB] Building atomic transition systems... 
[t=0.001259s, 435306960 KB] M&S algorithm timer: 0.000111s (after computation of atomic factors)

[t=0.001268s, 435306960 KB] Starting main loop without a time limit.
[t=0.001272s, 435306960 KB] building causal graph...done! [t=0.000045s]
[t=0.001328s, 435306960 KB] Next pair of indices: (0, 1)
[t=0.001331s, 435306960 KB] M&S algorithm main loop timer: 0.000063s (after computation of next merge)
[t=0.001766s, 435306960 KB] M&S algorithm main loop timer: 0.000499s (after label reduction)
[t=0.001774s, 435306960 KB] M&S algorithm main loop timer: 0.000506s (after shrinking)
[t=0.001779s, 435306960 KB] M&S algorithm main loop timer: 0.000512s (after merging)

[t=0.001783s, 435306960 KB] Next pair of indices: (16, 2)
[t=0.001785s, 435306960 KB] M&S algorithm main loop timer: 0.000518s (after computation of next merge)
[t=0.002007s, 435306960 KB] M&S algorithm main loop timer: 0.000740s (after shrinking)
[t=0.002012s, 435306960 KB] M&S algorithm main loop timer: 0.000744s (after merging)

[t=0.002015s, 435306960 KB] Next pair of indices: (17, 3)
[t=0.002018s, 435306960 KB] M&S algorithm main loop timer: 0.000750s (after computation of next merge)
[t=0.002212s, 435306960 KB] M&S algorithm main loop timer: 0.000945s (after shrinking)
[t=0.002216s, 435306960 KB] M&S algorithm main loop timer: 0.000949s (after merging)

[t=0.002220s, 435306960 KB] Next pair of indices: (18, 4)
[t=0.002222s, 435306960 KB] M&S algorithm main loop timer: 0.000955s (after computation of next merge)
[t=0.002481s, 435306960 KB] M&S algorithm main loop timer: 0.001214s (after label reduction)
[t=0.002485s, 435306960 KB] M&S algorithm main loop timer: 0.001218s (after shrinking)
[t=0.002488s, 435306960 KB] M&S algorithm main loop timer: 0.001221s (after merging)

[t=0.002492s, 435306960 KB] Next pair of indices: (19, 5)
[t=0.002494s, 435306960 KB] M&S algorithm main loop timer: 0.001227s (after computation of next merge)
[t=0.002631s, 435306960 KB] M&S algorithm main loop timer: 0.001364s (after shrinking)
[t=0.002640s, 435306960 KB] M&S algorithm main loop timer: 0.001373s (after merging)

[t=0.002644s, 435306960 KB] Next pair of indices: (20, 6)
[t=0.002647s, 435306960 KB] M&S algorithm main loop timer: 0.001379s (after computation of next merge)
[t=0.002831s, 435306960 KB] M&S algorithm main loop timer: 0.001565s (after label reduction)
[t=0.002836s, 435306960 KB] M&S algorithm main loop timer: 0.001569s (after shrinking)
[t=0.002840s, 435306960 KB] M&S algorithm main loop timer: 0.001573s (after merging)

[t=0.002844s, 435306960 KB] Next pair of indices: (21, 7)
[t=0.002846s, 435306960 KB] M&S algorithm main loop timer: 0.001579s (after computation of next merge)
[t=0.002942s, 435306960 KB] M&S algorithm main loop timer: 0.001675s (after shrinking)
[t=0.002948s, 435306960 KB] M&S algorithm main loop timer: 0.001681s (after merging)

[t=0.002952s, 435306960 KB] Next pair of indices: (22, 8)
[t=0.002955s, 435306960 KB] M&S algorithm main loop timer: 0.001687s (after computation of next merge)
[t=0.003052s, 435306960 KB] M&S algorithm main loop timer: 0.001785s (after label reduction)
[t=0.003055s, 435306960 KB] M&S algorithm main loop timer: 0.001788s (after shrinking)
[t=0.003059s, 435306960 KB] M&S algorithm main loop timer: 0.001792s (after merging)

[t=0.003064s, 435306960 KB] Next pair of indices: (23, 9)
[t=0.003067s, 435306960 KB] M&S algorithm main loop timer: 0.001800s (after computation of next merge)
[t=0.003128s, 435306960 KB] M&S algorithm main loop timer: 0.001861s (after label reduction)
[t=0.003132s, 435306960 KB] M&S algorithm main loop timer: 0.001866s (after shrinking)
[t=0.003137s, 435306960 KB] M&S algorithm main loop timer: 0.001870s (after merging)

[t=0.003142s, 435306960 KB] Next pair of indices: (24, 10)
[t=0.003145s, 435306960 KB] M&S algorithm main loop timer: 0.001878s (after computation of next merge)
[t=0.003189s, 435306960 KB] M&S algorithm main loop timer: 0.001922s (after label reduction)
[t=0.003192s, 435306960 KB] M&S algorithm main loop timer: 0.001925s (after shrinking)
[t=0.003196s, 435306960 KB] M&S algorithm main loop timer: 0.001929s (after merging)

[t=0.003199s, 435306960 KB] Next pair of indices: (25, 11)
[t=0.003202s, 435306960 KB] M&S algorithm main loop timer: 0.001934s (after computation of next merge)
[t=0.003228s, 435306960 KB] M&S algorithm main loop timer: 0.001960s (after label reduction)
[t=0.003232s, 435306960 KB] M&S algorithm main loop timer: 0.001965s (after shrinking)
[t=0.003235s, 435306960 KB] M&S algorithm main loop timer: 0.001968s (after merging)

[t=0.003239s, 435306960 KB] Next pair of indices: (26, 12)
[t=0.003241s, 435306960 KB] M&S algorithm main loop timer: 0.001974s (after computation of next merge)
[t=0.003260s, 435306960 KB] M&S algorithm main loop timer: 0.001993s (after label reduction)
[t=0.003264s, 435306960 KB] M&S algorithm main loop timer: 0.001997s (after shrinking)
[t=0.003267s, 435306960 KB] M&S algorithm main loop timer: 0.002000s (after merging)

[t=0.003271s, 435306960 KB] Next pair of indices: (27, 13)
[t=0.003273s, 435306960 KB] M&S algorithm main loop timer: 0.002006s (after computation of next merge)
[t=0.003285s, 435306960 KB] M&S algorithm main loop timer: 0.002018s (after shrinking)
[t=0.003289s, 435306960 KB] M&S algorithm main loop timer: 0.002022s (after merging)

[t=0.003293s, 435306960 KB] Next pair of indices: (28, 14)
[t=0.003295s, 435306960 KB] M&S algorithm main loop timer: 0.002028s (after computation of next merge)
[t=0.003302s, 435306960 KB] M&S algorithm main loop timer: 0.002036s (after label reduction)
[t=0.003307s, 435306960 KB] M&S algorithm main loop timer: 0.002040s (after shrinking)
[t=0.003311s, 435306960 KB] M&S algorithm main loop timer: 0.002043s (after merging)

[t=0.003314s, 435306960 KB] Next pair of indices: (29, 15)
[t=0.003317s, 435306960 KB] M&S algorithm main loop timer: 0.002050s (after computation of next merge)
[t=0.003322s, 435306960 KB] M&S algorithm main loop timer: 0.002055s (after label reduction)
[t=0.003328s, 435306960 KB] M&S algorithm main loop timer: 0.002061s (after merging)

[t=0.003339s, 435306960 KB] End of merge-and-shrink algorithm, statistics:
[t=0.003341s, 435306960 KB] Main loop runtime: 0.002074s
[t=0.003343s, 435306960 KB] Maximum intermediate abstraction size: 5
[t=0.003346s, 435306960 KB] Final peak memory increase of merge-and-shrink algorithm: 0 KB
[t=0.003349s, 435306960 KB] Merge-and-shrink algorithm runtime: 0.002200s

[t=0.003352s, 435306960 KB] Number of remaining factors: 1
[t=0.003355s, 435306960 KB] Number of factors kept: 1
[t=0.003357s, 435306960 KB] Done initializing merge-and-shrink heuristic.

[t=0.003368s, 435306960 KB] Building successor generator...done!
[t=0.003383s, 435306960 KB] peak memory difference for successor generator creation: 0 KB
[t=0.003386s, 435306960 KB] time for successor generation creation: 0.000010s
[t=0.003389s, 435306960 KB] Variables: 16
[t=0.003391s, 435306960 KB] FactPairs: 38
[t=0.003393s, 435306960 KB] Bytes per state: 4
[t=0.003402s, 435306960 KB] Conducting best first search with reopening closed nodes, (real) bound = 2147483647
[t=0.003410s, 435306960 KB] New best heuristic value for merge_and_shrink: 4
[t=0.003414s, 435306960 KB] g=0, 1 evaluated, 0 expanded
[t=0.003417s, 435306960 KB] f = 4, 1 evaluated, 0 expanded
[t=0.003421s, 435306960 KB] Initial heuristic value for merge_and_shrink: 4
[t=0.003424s, 435306960 KB] pruning method: none
[t=0.003431s, 435306960 KB] f = 5, 2 evaluated, 1 expanded
[t=0.003436s, 435306960 KB] f = 6, 4 evaluated, 2 expanded
[t=0.003442s, 435306960 KB] f = 7, 7 evaluated, 4 expanded
[t=0.003447s, 435306960 KB] New best heuristic value for merge_and_shrink: 3
[t=0.003450s, 435306960 KB] g=4, 10 evaluated, 7 expanded
[t=0.003454s, 435306960 KB] New best heuristic value for merge_and_shrink: 2
[t=0.003457s, 435306960 KB] g=5, 11 evaluated, 8 expanded
[t=0.003461s, 435306960 KB] f = 8, 13 evaluated, 9 expanded
[t=0.003472s, 435306960 KB] f = 9, 21 evaluated, 17 expanded
[t=0.003481s, 435306960 KB] f = 10, 25 evaluated, 23 expanded
[t=0.003487s, 435306960 KB] f = 11, 26 evaluated, 25 expanded
[t=0.003494s, 435306960 KB] f = 12, 30 evaluated, 28 expanded
[t=0.003499s, 435306960 KB] New best heuristic value for merge_and_shrink: 1
[t=0.003502s, 435306960 KB] g=11, 32 evaluated, 30 expanded
[t=0.003515s, 435306960 KB] f = 13, 47 evaluated, 36 expanded
[t=0.003531s, 435306960 KB] f = 14, 59 evaluated, 47 expanded
[t=0.003547s, 435306960 KB] f = 15, 73 evaluated, 59 expanded
[t=0.003552s, 435306960 KB] New best heuristic value for merge_and_shrink: 0
[t=0.003555s, 435306960 KB] g=15, 76 evaluated, 61 expanded
[t=0.003558s, 435306960 KB] Solution found!
[t=0.003561s, 435306960 KB] Actual search time: 0.000136s
move firelink sewer-entrance (1)
pick-up-titanite sewer-entrance (1)
move sewer-entrance firelink (1)
upgrade-weapon firelink w0 w1 (1)
move firelink sewer-entrance (1)
move sewer-entrance depths (1)
move depths depths-boss-arena (1)
attack-boss mini-boss depths-boss-arena hp2 hp1 bp2 bp1 (1)
drink-estus e1 hp1 hp2 hp2 (1)
attack-boss mini-boss depths-boss-arena hp2 hp1 bp1 bp0 (1)
kill-boss mini-boss depths-boss-arena w1 e3 bp0 (1)
move depths-boss-arena depths (1)
move depths sewer-entrance (1)
move sewer-entrance firelink (1)
deposit-soul mini-boss firelink (1)
[t=0.003563s, 435306960 KB] Plan length: 15 step(s).
[t=0.003563s, 435306960 KB] Plan cost: 15
[t=0.003563s, 435306960 KB] Expanded 62 state(s).
[t=0.003563s, 435306960 KB] Reopened 0 state(s).
[t=0.003563s, 435306960 KB] Evaluated 77 state(s).
[t=0.003563s, 435306960 KB] Evaluations: 77
[t=0.003563s, 435306960 KB] Generated 138 state(s).
[t=0.003563s, 435306960 KB] Dead ends: 0 state(s).
[t=0.003563s, 435306960 KB] Expanded until last jump: 59 state(s).
[t=0.003563s, 435306960 KB] Reopened until last jump: 0 state(s).
[t=0.003563s, 435306960 KB] Evaluated until last jump: 73 state(s).
[t=0.003563s, 435306960 KB] Generated until last jump: 131 state(s).
[t=0.003563s, 435306960 KB] Number of registered states: 77
[t=0.003563s, 435306960 KB] Int hash set load factor: 77/128 = 0.601562
[t=0.003563s, 435306960 KB] Int hash set resizes: 7
[t=0.003563s, 435306960 KB] Search time: 0.000161s
[t=0.003563s, 435306960 KB] Total time: 0.003563s
Solution found.
Peak memory: 435306960 KB
exitcode: 0

Exit codes: [0]
Remove intermediate file output.sas
search exit code: 0

INFO     Planner time: 0.06s

=== Experiment Summary ===
End Time: 2025-12-16 11:43:06
Runtime: 0 seconds
Exit Code: 0
Status: SUCCESS
Explanation: SUCCESS (solution found)
