=== Fast Downward Experiment Log ===
Domain: darksouls-fd
Planner: fdss-opt (seq-opt-fdss-1)
Problem: problem-07.pddl
Time Limit: 1800 seconds
Start Time: 2025-12-16 11:43:11
Domain File: .//darksouls-fd/domain.pddl
Problem File: .//darksouls-fd/problem-07.pddl

=== Fast Downward Output ===
INFO     planner time limit: None
INFO     planner memory limit: None

INFO     Running translator.
INFO     translator stdin: None
INFO     translator time limit: None
INFO     translator memory limit: None
INFO     translator command line string: /opt/homebrew/opt/python@3.14/bin/python3.14 -m translate darksouls-fd/domain.pddl darksouls-fd/problem-07.pddl --sas-file output.sas
Parsing...
Parsing: [0.000s CPU, 0.003s wall-clock]
Normalizing task... [0.000s CPU, 0.000s wall-clock]
Instantiating...
Generating Datalog program... [0.000s CPU, 0.000s wall-clock]
Normalizing Datalog program...
Unbound effect variables: Adding @object predicate.
Normalizing Datalog program: [0.010s CPU, 0.001s wall-clock]
Preparing model... [0.000s CPU, 0.001s wall-clock]
Generated 130 rules.
Computing model... [0.000s CPU, 0.002s wall-clock]
554 relevant atoms
517 auxiliary atoms
1071 final queue length
1472 total queue pushes
Completing instantiation... [0.000s CPU, 0.003s wall-clock]
Instantiating: [0.010s CPU, 0.008s wall-clock]
Computing fact groups...
Finding invariants...
47 initial candidates
Finding invariants: [0.000s CPU, 0.002s wall-clock]
Checking invariant weight... [0.000s CPU, 0.000s wall-clock]
Instantiating groups... [0.000s CPU, 0.000s wall-clock]
Collecting mutex groups... [0.000s CPU, 0.000s wall-clock]
Choosing groups...
66 uncovered facts
Choosing groups: [0.000s CPU, 0.000s wall-clock]
Building translation key... [0.000s CPU, 0.000s wall-clock]
Computing fact groups: [0.000s CPU, 0.002s wall-clock]
Building STRIPS to SAS dictionary... [0.000s CPU, 0.000s wall-clock]
Building dictionary for full mutex groups... [0.000s CPU, 0.000s wall-clock]
Building mutex information...
Building mutex information: [0.000s CPU, 0.000s wall-clock]
Translating task...
Processing axioms...
Simplifying axioms... [0.000s CPU, 0.000s wall-clock]
Translator axioms removed by simplifying: 0
Processing axioms: [0.000s CPU, 0.000s wall-clock]
Translating task: [0.020s CPU, 0.018s wall-clock]
445 effect conditions simplified
0 implied preconditions added
Detecting unreachable propositions...
4 operators removed
0 axioms removed
90 propositions removed
Detecting unreachable propositions: [0.010s CPU, 0.004s wall-clock]
Reordering and filtering variables...
30 of 30 variables necessary.
0 of 10 mutex groups necessary.
190 of 190 operators necessary.
0 of 0 axiom rules necessary.
Reordering and filtering variables: [0.000s CPU, 0.002s wall-clock]
Translator variables: 30
Translator derived variables: 0
Translator facts: 79
Translator goal facts: 4
Translator mutex groups: 0
Translator total mutex groups size: 0
Translator operators: 190
Translator axioms: 0
Translator task size: 6812
warning: could not determine peak memory
Writing output... [0.000s CPU, 0.002s wall-clock]
Done! [0.040s CPU, 0.040s wall-clock]
b"Warning: name clash between type and predicate 'boss-phase'.\nInterpreting as predicate in conditions.\nWarning: name clash between type and predicate 'player-level'.\nInterpreting as predicate in conditions.\n"
translate exit code: 0

INFO     Running search (release).
INFO     search portfolio: /Users/vramos/Master_uc3m/PlanifAuto/downward/driver/portfolios/seq_opt_fdss_1.py
remaining time: 1800.0
config 0: relative time 175, remaining time 1631, absolute time 193
args: [PosixPath('/Users/vramos/Master_uc3m/PlanifAuto/downward/builds/release/bin/downward'), '--search', 'astar(merge_and_shrink(merge_strategy=merge_precomputed(merge_tree=linear(variable_order=reverse_level)),shrink_strategy=shrink_bisimulation(greedy=true),label_reduction=exact(before_shrinking=true,before_merging=false),max_states=infinity,threshold_before_merge=1))', '--internal-plan-file', PosixPath('sas_plan')]
INFO     search stdin: output.sas
INFO     search time limit: 193s
INFO     search memory limit: None
INFO     search command line string: /Users/vramos/Master_uc3m/PlanifAuto/downward/builds/release/bin/downward --search 'astar(merge_and_shrink(merge_strategy=merge_precomputed(merge_tree=linear(variable_order=reverse_level)),shrink_strategy=shrink_bisimulation(greedy=true),label_reduction=exact(before_shrinking=true,before_merging=false),max_states=infinity,threshold_before_merge=1))' --internal-plan-file sas_plan < output.sas
[t=0.000165s, 435303376 KB] Search code revision: 505701e0f
[t=0.000174s, 435303376 KB] reading input...
[t=0.002318s, 435303376 KB] done reading input!
[t=0.003113s, 435307472 KB] Initializing merge-and-shrink heuristic...
[t=0.003119s, 435307472 KB] Running merge-and-shrink algorithm...
[t=0.003122s, 435307472 KB] Merge strategy options:
[t=0.003125s, 435307472 KB] Type: precomputed
[t=0.003127s, 435307472 KB] Merge tree options: 
[t=0.003129s, 435307472 KB] Type: linear
[t=0.003131s, 435307472 KB] Update option: use random
[t=0.003134s, 435307472 KB] Variable order type: by reverse level

[t=0.003137s, 435307472 KB] Options related to size limits and shrinking: 
[t=0.003139s, 435307472 KB] Transition system size limit: 2147483647
[t=0.003141s, 435307472 KB] Transition system size limit right before merge: 2147483647
[t=0.003143s, 435307472 KB] Threshold to trigger shrinking right before merge: 1

[t=0.003147s, 435307472 KB] Shrink strategy options: 
[t=0.003149s, 435307472 KB] Type: bisimulation
[t=0.003151s, 435307472 KB] Bisimulation type: greedy
[t=0.003153s, 435307472 KB] At limit: return

[t=0.003156s, 435307472 KB] Pruning unreachable states: yes
[t=0.003158s, 435307472 KB] Pruning irrelevant states: yes

[t=0.003161s, 435307472 KB] Label reduction options:
[t=0.003163s, 435307472 KB] Before merging: disabled
[t=0.003165s, 435307472 KB] Before shrinking: enabled
[t=0.003168s, 435307472 KB] Method: all transition systems with fixpoint computation
[t=0.003170s, 435307472 KB] System order: random

[t=0.003173s, 435307472 KB] Main loop max time in seconds: inf


[t=0.003179s, 435307472 KB] Building atomic transition systems... 
[t=0.003428s, 435307472 KB] M&S algorithm timer: 0.000310s (after computation of atomic factors)

[t=0.003438s, 435307472 KB] Starting main loop without a time limit.
[t=0.003444s, 435307472 KB] building causal graph...done! [t=0.002047s]
[t=0.005523s, 435307472 KB] Next pair of indices: (0, 1)
[t=0.005526s, 435307472 KB] M&S algorithm main loop timer: 0.002089s (after computation of next merge)
[t=0.012082s, 435307472 KB] M&S algorithm main loop timer: 0.008646s (after label reduction)
[t=0.012095s, 435307472 KB] M&S algorithm main loop timer: 0.008658s (after shrinking)
[t=0.012102s, 435307472 KB] M&S algorithm main loop timer: 0.008665s (after merging)

[t=0.012106s, 435307472 KB] Next pair of indices: (30, 2)
[t=0.012109s, 435307472 KB] M&S algorithm main loop timer: 0.008672s (after computation of next merge)
[t=0.014565s, 435307472 KB] M&S algorithm main loop timer: 0.011132s (after label reduction)
[t=0.014574s, 435307472 KB] M&S algorithm main loop timer: 0.011137s (after shrinking)
[t=0.014579s, 435307472 KB] M&S algorithm main loop timer: 0.011143s (after merging)

[t=0.014583s, 435307472 KB] Next pair of indices: (31, 3)
[t=0.014586s, 435307472 KB] M&S algorithm main loop timer: 0.011149s (after computation of next merge)
[t=0.016869s, 435307472 KB] M&S algorithm main loop timer: 0.013436s (after shrinking)
[t=0.016877s, 435307472 KB] M&S algorithm main loop timer: 0.013441s (after merging)

[t=0.016881s, 435307472 KB] Next pair of indices: (32, 4)
[t=0.016884s, 435307472 KB] M&S algorithm main loop timer: 0.013447s (after computation of next merge)
[t=0.018945s, 435307472 KB] M&S algorithm main loop timer: 0.015511s (after shrinking)
[t=0.018952s, 435307472 KB] M&S algorithm main loop timer: 0.015516s (after merging)

[t=0.018956s, 435307472 KB] Next pair of indices: (33, 5)
[t=0.018958s, 435307472 KB] M&S algorithm main loop timer: 0.015522s (after computation of next merge)
[t=0.021054s, 435307472 KB] M&S algorithm main loop timer: 0.017618s (after label reduction)
[t=0.021065s, 435307472 KB] M&S algorithm main loop timer: 0.017629s (after shrinking)
[t=0.021070s, 435307472 KB] M&S algorithm main loop timer: 0.017633s (after merging)

[t=0.021074s, 435307472 KB] Next pair of indices: (34, 6)
[t=0.021076s, 435307472 KB] M&S algorithm main loop timer: 0.017640s (after computation of next merge)
[t=0.022876s, 435307472 KB] M&S algorithm main loop timer: 0.019442s (after shrinking)
[t=0.022883s, 435307472 KB] M&S algorithm main loop timer: 0.019446s (after merging)

[t=0.022887s, 435307472 KB] Next pair of indices: (35, 7)
[t=0.022889s, 435307472 KB] M&S algorithm main loop timer: 0.019452s (after computation of next merge)
[t=0.024615s, 435307472 KB] M&S algorithm main loop timer: 0.021181s (after shrinking)
[t=0.024622s, 435307472 KB] M&S algorithm main loop timer: 0.021185s (after merging)

[t=0.024626s, 435307472 KB] Next pair of indices: (36, 8)
[t=0.024629s, 435307472 KB] M&S algorithm main loop timer: 0.021192s (after computation of next merge)
[t=0.026210s, 435307472 KB] M&S algorithm main loop timer: 0.022774s (after shrinking)
[t=0.026214s, 435307472 KB] M&S algorithm main loop timer: 0.022777s (after merging)

[t=0.026218s, 435307472 KB] Next pair of indices: (37, 9)
[t=0.026220s, 435307472 KB] M&S algorithm main loop timer: 0.022783s (after computation of next merge)
[t=0.027806s, 435307472 KB] M&S algorithm main loop timer: 0.024369s (after label reduction)
[t=0.027810s, 435307472 KB] M&S algorithm main loop timer: 0.024373s (after shrinking)
[t=0.027814s, 435307472 KB] M&S algorithm main loop timer: 0.024377s (after merging)

[t=0.027818s, 435307472 KB] Next pair of indices: (38, 10)
[t=0.027820s, 435307472 KB] M&S algorithm main loop timer: 0.024384s (after computation of next merge)
[t=0.029210s, 435307472 KB] M&S algorithm main loop timer: 0.025774s (after label reduction)
[t=0.029215s, 435307472 KB] M&S algorithm main loop timer: 0.025778s (after shrinking)
[t=0.029219s, 435307472 KB] M&S algorithm main loop timer: 0.025782s (after merging)

[t=0.029222s, 435307472 KB] Next pair of indices: (39, 11)
[t=0.029225s, 435307472 KB] M&S algorithm main loop timer: 0.025788s (after computation of next merge)
[t=0.030210s, 435307472 KB] M&S algorithm main loop timer: 0.026774s (after shrinking)
[t=0.030214s, 435307472 KB] M&S algorithm main loop timer: 0.026778s (after merging)

[t=0.030218s, 435307472 KB] Next pair of indices: (40, 12)
[t=0.030220s, 435307472 KB] M&S algorithm main loop timer: 0.026783s (after computation of next merge)
[t=0.031091s, 435307472 KB] M&S algorithm main loop timer: 0.027654s (after shrinking)
[t=0.031097s, 435307472 KB] M&S algorithm main loop timer: 0.027660s (after merging)

[t=0.031101s, 435307472 KB] Next pair of indices: (41, 13)
[t=0.031103s, 435307472 KB] M&S algorithm main loop timer: 0.027666s (after computation of next merge)
[t=0.031878s, 435307472 KB] M&S algorithm main loop timer: 0.028441s (after label reduction)
[t=0.031882s, 435307472 KB] M&S algorithm main loop timer: 0.028445s (after shrinking)
[t=0.031886s, 435307472 KB] M&S algorithm main loop timer: 0.028449s (after merging)

[t=0.031889s, 435307472 KB] Next pair of indices: (42, 14)
[t=0.031892s, 435307472 KB] M&S algorithm main loop timer: 0.028455s (after computation of next merge)
[t=0.032538s, 435307472 KB] M&S algorithm main loop timer: 0.029102s (after label reduction)
[t=0.032543s, 435307472 KB] M&S algorithm main loop timer: 0.029106s (after shrinking)
[t=0.032547s, 435307472 KB] M&S algorithm main loop timer: 0.029111s (after merging)

[t=0.032551s, 435307472 KB] Next pair of indices: (43, 15)
[t=0.032554s, 435307472 KB] M&S algorithm main loop timer: 0.029117s (after computation of next merge)
[t=0.033225s, 435307472 KB] M&S algorithm main loop timer: 0.029789s (after label reduction)
[t=0.033230s, 435307472 KB] M&S algorithm main loop timer: 0.029793s (after shrinking)
[t=0.033233s, 435307472 KB] M&S algorithm main loop timer: 0.029796s (after merging)

[t=0.033237s, 435307472 KB] Next pair of indices: (44, 16)
[t=0.033239s, 435307472 KB] M&S algorithm main loop timer: 0.029802s (after computation of next merge)
[t=0.033706s, 435307472 KB] M&S algorithm main loop timer: 0.030270s (after label reduction)
[t=0.033710s, 435307472 KB] M&S algorithm main loop timer: 0.030274s (after shrinking)
[t=0.033714s, 435307472 KB] M&S algorithm main loop timer: 0.030278s (after merging)

[t=0.033718s, 435307472 KB] Next pair of indices: (45, 17)
[t=0.033720s, 435307472 KB] M&S algorithm main loop timer: 0.030283s (after computation of next merge)
[t=0.033999s, 435307472 KB] M&S algorithm main loop timer: 0.030562s (after shrinking)
[t=0.034002s, 435307472 KB] M&S algorithm main loop timer: 0.030566s (after merging)

[t=0.034006s, 435307472 KB] Next pair of indices: (46, 18)
[t=0.034008s, 435307472 KB] M&S algorithm main loop timer: 0.030571s (after computation of next merge)
[t=0.034283s, 435307472 KB] M&S algorithm main loop timer: 0.030847s (after shrinking)
[t=0.034287s, 435307472 KB] M&S algorithm main loop timer: 0.030850s (after merging)

[t=0.034291s, 435307472 KB] Next pair of indices: (47, 19)
[t=0.034293s, 435307472 KB] M&S algorithm main loop timer: 0.030857s (after computation of next merge)
[t=0.034513s, 435307472 KB] M&S algorithm main loop timer: 0.031076s (after shrinking)
[t=0.034517s, 435307472 KB] M&S algorithm main loop timer: 0.031080s (after merging)

[t=0.034521s, 435307472 KB] Next pair of indices: (48, 20)
[t=0.034523s, 435307472 KB] M&S algorithm main loop timer: 0.031086s (after computation of next merge)
[t=0.034703s, 435307472 KB] M&S algorithm main loop timer: 0.031266s (after label reduction)
[t=0.034707s, 435307472 KB] M&S algorithm main loop timer: 0.031270s (after shrinking)
[t=0.034711s, 435307472 KB] M&S algorithm main loop timer: 0.031274s (after merging)

[t=0.034715s, 435307472 KB] Next pair of indices: (49, 21)
[t=0.034717s, 435307472 KB] M&S algorithm main loop timer: 0.031280s (after computation of next merge)
[t=0.034928s, 435307472 KB] M&S algorithm main loop timer: 0.031492s (after label reduction)
[t=0.034933s, 435307472 KB] M&S algorithm main loop timer: 0.031496s (after shrinking)
[t=0.034937s, 435307472 KB] M&S algorithm main loop timer: 0.031500s (after merging)

[t=0.034941s, 435307472 KB] Next pair of indices: (50, 22)
[t=0.034943s, 435307472 KB] M&S algorithm main loop timer: 0.031506s (after computation of next merge)
[t=0.035174s, 435307472 KB] M&S algorithm main loop timer: 0.031737s (after label reduction)
[t=0.035178s, 435307472 KB] M&S algorithm main loop timer: 0.031741s (after shrinking)
[t=0.035182s, 435307472 KB] M&S algorithm main loop timer: 0.031745s (after merging)

[t=0.035186s, 435307472 KB] Next pair of indices: (51, 23)
[t=0.035188s, 435307472 KB] M&S algorithm main loop timer: 0.031751s (after computation of next merge)
[t=0.035341s, 435307472 KB] M&S algorithm main loop timer: 0.031905s (after label reduction)
[t=0.035345s, 435307472 KB] M&S algorithm main loop timer: 0.031909s (after shrinking)
[t=0.035349s, 435307472 KB] M&S algorithm main loop timer: 0.031912s (after merging)

[t=0.035353s, 435307472 KB] Next pair of indices: (52, 24)
[t=0.035355s, 435307472 KB] M&S algorithm main loop timer: 0.031918s (after computation of next merge)
[t=0.035458s, 435307472 KB] M&S algorithm main loop timer: 0.032021s (after label reduction)
[t=0.035465s, 435307472 KB] M&S algorithm main loop timer: 0.032028s (after shrinking)
[t=0.035468s, 435307472 KB] M&S algorithm main loop timer: 0.032032s (after merging)

[t=0.035472s, 435307472 KB] Next pair of indices: (53, 25)
[t=0.035475s, 435307472 KB] M&S algorithm main loop timer: 0.032038s (after computation of next merge)
[t=0.035531s, 435307472 KB] M&S algorithm main loop timer: 0.032094s (after label reduction)
[t=0.035535s, 435307472 KB] M&S algorithm main loop timer: 0.032098s (after shrinking)
[t=0.035539s, 435307472 KB] M&S algorithm main loop timer: 0.032102s (after merging)

[t=0.035542s, 435307472 KB] Next pair of indices: (54, 26)
[t=0.035545s, 435307472 KB] M&S algorithm main loop timer: 0.032108s (after computation of next merge)
[t=0.035566s, 435307472 KB] M&S algorithm main loop timer: 0.032130s (after label reduction)
[t=0.035579s, 435307472 KB] M&S algorithm main loop timer: 0.032142s (after merging)

[t=0.035583s, 435307472 KB] Next pair of indices: (55, 27)
[t=0.035585s, 435307472 KB] M&S algorithm main loop timer: 0.032149s (after computation of next merge)
[t=0.035601s, 435307472 KB] M&S algorithm main loop timer: 0.032164s (after merging)

[t=0.035605s, 435307472 KB] Next pair of indices: (56, 28)
[t=0.035607s, 435307472 KB] M&S algorithm main loop timer: 0.032170s (after computation of next merge)
[t=0.035626s, 435307472 KB] M&S algorithm main loop timer: 0.032189s (after merging)
[t=0.035631s, 435307472 KB] M&S algorithm main loop timer: 0.032194s (after pruning)

[t=0.035634s, 435307472 KB] Next pair of indices: (57, 29)
[t=0.035637s, 435307472 KB] M&S algorithm main loop timer: 0.032200s (after computation of next merge)
[t=0.035644s, 435307472 KB] M&S algorithm main loop timer: 0.032207s (after label reduction)
[t=0.035667s, 435307472 KB] M&S algorithm main loop timer: 0.032230s (after merging)
[t=0.035673s, 435307472 KB] M&S algorithm main loop timer: 0.032237s (after pruning)

[t=0.035677s, 435307472 KB] End of merge-and-shrink algorithm, statistics:
[t=0.035679s, 435307472 KB] Main loop runtime: 0.032243s
[t=0.035682s, 435307472 KB] Maximum intermediate abstraction size: 98
[t=0.035684s, 435307472 KB] Final peak memory increase of merge-and-shrink algorithm: 0 KB
[t=0.035687s, 435307472 KB] Merge-and-shrink algorithm runtime: 0.032569s

[t=0.035691s, 435307472 KB] Number of remaining factors: 1
[t=0.035694s, 435307472 KB] Number of factors kept: 1
[t=0.035696s, 435307472 KB] Done initializing merge-and-shrink heuristic.

[t=0.035710s, 435307472 KB] Building successor generator...done!
[t=0.035762s, 435307472 KB] peak memory difference for successor generator creation: 0 KB
[t=0.035764s, 435307472 KB] time for successor generation creation: 0.000046s
[t=0.035767s, 435307472 KB] Variables: 30
[t=0.035770s, 435307472 KB] FactPairs: 79
[t=0.035772s, 435307472 KB] Bytes per state: 8
[t=0.035783s, 435307472 KB] Conducting best first search with reopening closed nodes, (real) bound = 2147483647
[t=0.035790s, 435307472 KB] New best heuristic value for merge_and_shrink: 12
[t=0.035792s, 435307472 KB] g=0, 1 evaluated, 0 expanded
[t=0.035795s, 435307472 KB] f = 12, 1 evaluated, 0 expanded
[t=0.035800s, 435307472 KB] Initial heuristic value for merge_and_shrink: 12
[t=0.035803s, 435307472 KB] pruning method: none
[t=0.035814s, 435307472 KB] f = 13, 2 evaluated, 1 expanded
[t=0.035819s, 435307472 KB] f = 14, 4 evaluated, 2 expanded
[t=0.035833s, 435307472 KB] f = 15, 12 evaluated, 4 expanded
[t=0.035870s, 435307472 KB] New best heuristic value for merge_and_shrink: 11
[t=0.035873s, 435307472 KB] g=4, 39 evaluated, 12 expanded
[t=0.035877s, 435307472 KB] New best heuristic value for merge_and_shrink: 10
[t=0.035879s, 435307472 KB] g=5, 40 evaluated, 13 expanded
[t=0.035886s, 435307472 KB] f = 16, 43 evaluated, 15 expanded
[t=0.035891s, 435307472 KB] New best heuristic value for merge_and_shrink: 9
[t=0.035893s, 435307472 KB] g=7, 45 evaluated, 17 expanded
[t=0.036005s, 435307472 KB] f = 17, 110 evaluated, 55 expanded
[t=0.036010s, 435307472 KB] New best heuristic value for merge_and_shrink: 8
[t=0.036013s, 435307472 KB] g=9, 112 evaluated, 57 expanded
[t=0.036227s, 435307472 KB] f = 18, 253 evaluated, 146 expanded
[t=0.036688s, 435307472 KB] f = 19, 564 evaluated, 346 expanded
[t=0.037531s, 435307472 KB] f = 20, 1106 evaluated, 763 expanded
[t=0.037537s, 435307472 KB] New best heuristic value for merge_and_shrink: 7
[t=0.037539s, 435307472 KB] g=13, 1108 evaluated, 765 expanded
[t=0.037546s, 435307472 KB] New best heuristic value for merge_and_shrink: 6
[t=0.037548s, 435307472 KB] g=14, 1113 evaluated, 766 expanded
[t=0.038767s, 435307472 KB] f = 21, 1962 evaluated, 1459 expanded
[t=0.040552s, 435307472 KB] f = 22, 3037 evaluated, 2421 expanded
[t=0.042762s, 435307472 KB] f = 23, 4372 evaluated, 3611 expanded
[t=0.042800s, 435307472 KB] New best heuristic value for merge_and_shrink: 5
[t=0.042805s, 435307472 KB] g=18, 4397 evaluated, 3619 expanded
[t=0.045308s, 435307472 KB] f = 24, 6051 evaluated, 5060 expanded
[t=0.048836s, 435307472 KB] f = 25, 8020 evaluated, 6801 expanded
[t=0.048882s, 435307472 KB] New best heuristic value for merge_and_shrink: 4
[t=0.048885s, 435307472 KB] g=21, 8047 evaluated, 6813 expanded
[t=0.052985s, 435307472 KB] f = 26, 10649 evaluated, 8954 expanded
[t=0.058690s, 435307472 KB] f = 27, 14057 evaluated, 11652 expanded
[t=0.066896s, 435307472 KB] f = 28, 18652 evaluated, 15298 expanded
[t=0.066937s, 435307472 KB] New best heuristic value for merge_and_shrink: 3
[t=0.066939s, 435307472 KB] g=25, 18678 evaluated, 15307 expanded
[t=0.078216s, 435307472 KB] f = 29, 25037 evaluated, 20220 expanded
[t=0.094653s, 435307472 KB] f = 30, 33204 evaluated, 26711 expanded
[t=0.094714s, 435307472 KB] New best heuristic value for merge_and_shrink: 2
[t=0.094721s, 435307472 KB] g=28, 33230 evaluated, 26724 expanded
[t=0.114418s, 435307472 KB] f = 31, 43981 evaluated, 35507 expanded
[t=0.140325s, 435307472 KB] f = 32, 57466 evaluated, 46552 expanded
[t=0.173649s, 435307472 KB] f = 33, 74034 evaluated, 60711 expanded
[t=0.173667s, 435307472 KB] New best heuristic value for merge_and_shrink: 1
[t=0.173670s, 435307472 KB] g=32, 74036 evaluated, 60713 expanded
[t=0.173680s, 435307472 KB] New best heuristic value for merge_and_shrink: 0
[t=0.173683s, 435307472 KB] g=33, 74042 evaluated, 60714 expanded
[t=0.173687s, 435307472 KB] Solution found!
[t=0.173692s, 435307472 KB] Actual search time: 0.137888s
move firelink anor-entrance (1)
attack-minor minib1 anor-entrance hp2 hp1 (1)
execute-enemy minib1 anor-entrance s0 s1 (1)
move anor-entrance anor-hall (1)
level-up-stats anor-hall pl0 pl1 hp2 hp3 s1 s0 (1)
move anor-hall ornstein-smough-approach (1)
attack-boss smough ornstein-smough-approach hp3 hp2 bp4 bp3 (1)
attack-boss smough ornstein-smough-approach hp2 hp1 bp3 bp2 (1)
drink-estus e1 hp1 hp2 hp3 (1)
attack-boss smough ornstein-smough-approach hp2 hp1 bp2 bp1 (1)
drink-estus e2 hp1 hp2 hp3 (1)
attack-boss smough ornstein-smough-approach hp2 hp1 bp1 bp0 (1)
kill-boss smough ornstein-smough-approach w2 e3 bp0 (1)
move ornstein-smough-approach anor-hall (1)
rest anor-hall (1)
move anor-hall ornstein-smough-approach (1)
attack-boss ornstein ornstein-smough-approach hp3 hp1 bp4 bp3 (1)
drink-estus e3 hp1 hp2 hp3 (1)
drink-estus e1 hp2 hp3 hp3 (1)
attack-boss ornstein ornstein-smough-approach hp3 hp1 bp3 bp2 (1)
move ornstein-smough-approach anor-hall (1)
rest anor-hall (1)
move anor-hall ornstein-smough-approach (1)
attack-boss ornstein ornstein-smough-approach hp3 hp1 bp2 bp1 (1)
drink-estus e3 hp1 hp2 hp3 (1)
drink-estus e1 hp2 hp3 hp3 (1)
attack-boss ornstein ornstein-smough-approach hp3 hp1 bp1 bp0 (1)
kill-boss ornstein ornstein-smough-approach w2 e4 bp0 (1)
move ornstein-smough-approach anor-hall (1)
move anor-hall anor-entrance (1)
move anor-entrance firelink (1)
deposit-soul ornstein firelink (1)
deposit-soul smough firelink (1)
[t=0.173695s, 435307472 KB] Plan length: 33 step(s).
[t=0.173695s, 435307472 KB] Plan cost: 33
[t=0.173695s, 435307472 KB] Expanded 60715 state(s).
[t=0.173695s, 435307472 KB] Reopened 0 state(s).
[t=0.173695s, 435307472 KB] Evaluated 74044 state(s).
[t=0.173695s, 435307472 KB] Evaluations: 74044
[t=0.173695s, 435307472 KB] Generated 178086 state(s).
[t=0.173695s, 435307472 KB] Dead ends: 0 state(s).
[t=0.173695s, 435307472 KB] Expanded until last jump: 60711 state(s).
[t=0.173695s, 435307472 KB] Reopened until last jump: 0 state(s).
[t=0.173695s, 435307472 KB] Evaluated until last jump: 74034 state(s).
[t=0.173695s, 435307472 KB] Generated until last jump: 178075 state(s).
[t=0.173695s, 435307472 KB] Number of registered states: 74044
[t=0.173695s, 435307472 KB] Int hash set load factor: 74044/131072 = 0.564911
[t=0.173695s, 435307472 KB] Int hash set resizes: 17
[t=0.173695s, 435307472 KB] Search time: 0.137913s
[t=0.173695s, 435307472 KB] Total time: 0.173695s
Solution found.
Peak memory: 435307472 KB
exitcode: 0

Exit codes: [0]
Remove intermediate file output.sas
search exit code: 0

INFO     Planner time: 0.27s

=== Experiment Summary ===
End Time: 2025-12-16 11:43:12
Runtime: 1 seconds
Exit Code: 0
Status: SUCCESS
Explanation: SUCCESS (solution found)
