=== Fast Downward Experiment Log ===
Domain: darksouls-fd
Planner: fdss-opt (seq-opt-fdss-1)
Problem: problem-11.pddl
Time Limit: 1800 seconds
Start Time: 2025-12-16 11:43:13
Domain File: .//darksouls-fd/domain.pddl
Problem File: .//darksouls-fd/problem-11.pddl

=== Fast Downward Output ===
INFO     planner time limit: None
INFO     planner memory limit: None

INFO     Running translator.
INFO     translator stdin: None
INFO     translator time limit: None
INFO     translator memory limit: None
INFO     translator command line string: /opt/homebrew/opt/python@3.14/bin/python3.14 -m translate darksouls-fd/domain.pddl darksouls-fd/problem-11.pddl --sas-file output.sas
Parsing...
Parsing: [0.000s CPU, 0.003s wall-clock]
Normalizing task... [0.000s CPU, 0.000s wall-clock]
Instantiating...
Generating Datalog program... [0.000s CPU, 0.000s wall-clock]
Normalizing Datalog program...
Unbound effect variables: Adding @object predicate.
Normalizing Datalog program: [0.010s CPU, 0.001s wall-clock]
Preparing model... [0.000s CPU, 0.001s wall-clock]
Generated 130 rules.
Computing model... [0.000s CPU, 0.001s wall-clock]
331 relevant atoms
320 auxiliary atoms
651 final queue length
772 total queue pushes
Completing instantiation... [0.000s CPU, 0.001s wall-clock]
Instantiating: [0.010s CPU, 0.005s wall-clock]
Computing fact groups...
Finding invariants...
47 initial candidates
Finding invariants: [0.000s CPU, 0.002s wall-clock]
Checking invariant weight... [0.000s CPU, 0.000s wall-clock]
Instantiating groups... [0.000s CPU, 0.000s wall-clock]
Collecting mutex groups... [0.000s CPU, 0.000s wall-clock]
Choosing groups...
51 uncovered facts
Choosing groups: [0.000s CPU, 0.000s wall-clock]
Building translation key... [0.000s CPU, 0.000s wall-clock]
Computing fact groups: [0.000s CPU, 0.002s wall-clock]
Building STRIPS to SAS dictionary... [0.000s CPU, 0.000s wall-clock]
Building dictionary for full mutex groups... [0.000s CPU, 0.000s wall-clock]
Building mutex information...
Building mutex information: [0.000s CPU, 0.000s wall-clock]
Translating task...
Processing axioms...
Simplifying axioms... [0.000s CPU, 0.000s wall-clock]
Translator axioms removed by simplifying: 0
Processing axioms: [0.000s CPU, 0.000s wall-clock]
Translating task: [0.000s CPU, 0.002s wall-clock]
126 effect conditions simplified
0 implied preconditions added
Detecting unreachable propositions...
1 operators removed
0 axioms removed
73 propositions removed
Detecting unreachable propositions: [0.000s CPU, 0.001s wall-clock]
Reordering and filtering variables...
26 of 26 variables necessary.
0 of 10 mutex groups necessary.
68 of 68 operators necessary.
0 of 0 axiom rules necessary.
Reordering and filtering variables: [0.000s CPU, 0.001s wall-clock]
Translator variables: 26
Translator derived variables: 0
Translator facts: 63
Translator goal facts: 2
Translator mutex groups: 0
Translator total mutex groups size: 0
Translator operators: 68
Translator axioms: 0
Translator task size: 1013
warning: could not determine peak memory
Writing output... [0.000s CPU, 0.001s wall-clock]
Done! [0.010s CPU, 0.014s wall-clock]
b"Warning: name clash between type and predicate 'boss-phase'.\nInterpreting as predicate in conditions.\nWarning: name clash between type and predicate 'player-level'.\nInterpreting as predicate in conditions.\n"
translate exit code: 0

INFO     Running search (release).
INFO     search portfolio: /Users/vramos/Master_uc3m/PlanifAuto/downward/driver/portfolios/seq_opt_fdss_1.py
remaining time: 1800.0
config 0: relative time 175, remaining time 1631, absolute time 193
args: [PosixPath('/Users/vramos/Master_uc3m/PlanifAuto/downward/builds/release/bin/downward'), '--search', 'astar(merge_and_shrink(merge_strategy=merge_precomputed(merge_tree=linear(variable_order=reverse_level)),shrink_strategy=shrink_bisimulation(greedy=true),label_reduction=exact(before_shrinking=true,before_merging=false),max_states=infinity,threshold_before_merge=1))', '--internal-plan-file', PosixPath('sas_plan')]
INFO     search stdin: output.sas
INFO     search time limit: 193s
INFO     search memory limit: None
INFO     search command line string: /Users/vramos/Master_uc3m/PlanifAuto/downward/builds/release/bin/downward --search 'astar(merge_and_shrink(merge_strategy=merge_precomputed(merge_tree=linear(variable_order=reverse_level)),shrink_strategy=shrink_bisimulation(greedy=true),label_reduction=exact(before_shrinking=true,before_merging=false),max_states=infinity,threshold_before_merge=1))' --internal-plan-file sas_plan < output.sas
[t=0.000174s, 435303264 KB] Search code revision: 505701e0f
[t=0.000190s, 435303264 KB] reading input...
[t=0.000662s, 435303264 KB] done reading input!
[t=0.001473s, 435307360 KB] Initializing merge-and-shrink heuristic...
[t=0.001481s, 435307360 KB] Running merge-and-shrink algorithm...
[t=0.001484s, 435307360 KB] Merge strategy options:
[t=0.001487s, 435307360 KB] Type: precomputed
[t=0.001490s, 435307360 KB] Merge tree options: 
[t=0.001492s, 435307360 KB] Type: linear
[t=0.001496s, 435307360 KB] Update option: use random
[t=0.001498s, 435307360 KB] Variable order type: by reverse level

[t=0.001502s, 435307360 KB] Options related to size limits and shrinking: 
[t=0.001504s, 435307360 KB] Transition system size limit: 2147483647
[t=0.001506s, 435307360 KB] Transition system size limit right before merge: 2147483647
[t=0.001509s, 435307360 KB] Threshold to trigger shrinking right before merge: 1

[t=0.001512s, 435307360 KB] Shrink strategy options: 
[t=0.001514s, 435307360 KB] Type: bisimulation
[t=0.001517s, 435307360 KB] Bisimulation type: greedy
[t=0.001520s, 435307360 KB] At limit: return

[t=0.001525s, 435307360 KB] Pruning unreachable states: yes
[t=0.001528s, 435307360 KB] Pruning irrelevant states: yes

[t=0.001533s, 435307360 KB] Label reduction options:
[t=0.001536s, 435307360 KB] Before merging: disabled
[t=0.001539s, 435307360 KB] Before shrinking: enabled
[t=0.001542s, 435307360 KB] Method: all transition systems with fixpoint computation
[t=0.001544s, 435307360 KB] System order: random

[t=0.001548s, 435307360 KB] Main loop max time in seconds: inf


[t=0.001554s, 435307360 KB] Building atomic transition systems... 
[t=0.001668s, 435307360 KB] M&S algorithm timer: 0.000189s (after computation of atomic factors)

[t=0.001677s, 435307360 KB] Starting main loop without a time limit.
[t=0.001683s, 435307360 KB] building causal graph...done! [t=0.000132s]
[t=0.001836s, 435307360 KB] Next pair of indices: (0, 1)
[t=0.001839s, 435307360 KB] M&S algorithm main loop timer: 0.000163s (after computation of next merge)
[t=0.003903s, 435307360 KB] M&S algorithm main loop timer: 0.002227s (after label reduction)
[t=0.003915s, 435307360 KB] M&S algorithm main loop timer: 0.002239s (after shrinking)
[t=0.003922s, 435307360 KB] M&S algorithm main loop timer: 0.002246s (after merging)

[t=0.003927s, 435307360 KB] Next pair of indices: (26, 2)
[t=0.003929s, 435307360 KB] M&S algorithm main loop timer: 0.002253s (after computation of next merge)
[t=0.005317s, 435307360 KB] M&S algorithm main loop timer: 0.003641s (after label reduction)
[t=0.005323s, 435307360 KB] M&S algorithm main loop timer: 0.003647s (after shrinking)
[t=0.005328s, 435307360 KB] M&S algorithm main loop timer: 0.003651s (after merging)

[t=0.005332s, 435307360 KB] Next pair of indices: (27, 3)
[t=0.005334s, 435307360 KB] M&S algorithm main loop timer: 0.003658s (after computation of next merge)
[t=0.006510s, 435307360 KB] M&S algorithm main loop timer: 0.004834s (after label reduction)
[t=0.006515s, 435307360 KB] M&S algorithm main loop timer: 0.004838s (after shrinking)
[t=0.006519s, 435307360 KB] M&S algorithm main loop timer: 0.004842s (after merging)

[t=0.006523s, 435307360 KB] Next pair of indices: (28, 4)
[t=0.006525s, 435307360 KB] M&S algorithm main loop timer: 0.004849s (after computation of next merge)
[t=0.007300s, 435307360 KB] M&S algorithm main loop timer: 0.005623s (after shrinking)
[t=0.007304s, 435307360 KB] M&S algorithm main loop timer: 0.005628s (after merging)

[t=0.007308s, 435307360 KB] Next pair of indices: (29, 5)
[t=0.007311s, 435307360 KB] M&S algorithm main loop timer: 0.005634s (after computation of next merge)
[t=0.008034s, 435307360 KB] M&S algorithm main loop timer: 0.006358s (after shrinking)
[t=0.008038s, 435307360 KB] M&S algorithm main loop timer: 0.006362s (after merging)

[t=0.008043s, 435307360 KB] Next pair of indices: (30, 6)
[t=0.008045s, 435307360 KB] M&S algorithm main loop timer: 0.006368s (after computation of next merge)
[t=0.008709s, 435307360 KB] M&S algorithm main loop timer: 0.007033s (after shrinking)
[t=0.008714s, 435307360 KB] M&S algorithm main loop timer: 0.007038s (after merging)

[t=0.008718s, 435307360 KB] Next pair of indices: (31, 7)
[t=0.008720s, 435307360 KB] M&S algorithm main loop timer: 0.007044s (after computation of next merge)
[t=0.009615s, 435307360 KB] M&S algorithm main loop timer: 0.007939s (after label reduction)
[t=0.009621s, 435307360 KB] M&S algorithm main loop timer: 0.007945s (after shrinking)
[t=0.009626s, 435307360 KB] M&S algorithm main loop timer: 0.007949s (after merging)

[t=0.009629s, 435307360 KB] Next pair of indices: (32, 8)
[t=0.009632s, 435307360 KB] M&S algorithm main loop timer: 0.007955s (after computation of next merge)
[t=0.010412s, 435307360 KB] M&S algorithm main loop timer: 0.008735s (after label reduction)
[t=0.010416s, 435307360 KB] M&S algorithm main loop timer: 0.008740s (after shrinking)
[t=0.010420s, 435307360 KB] M&S algorithm main loop timer: 0.008743s (after merging)

[t=0.010424s, 435307360 KB] Next pair of indices: (33, 9)
[t=0.010426s, 435307360 KB] M&S algorithm main loop timer: 0.008750s (after computation of next merge)
[t=0.011144s, 435307360 KB] M&S algorithm main loop timer: 0.009467s (after label reduction)
[t=0.011148s, 435307360 KB] M&S algorithm main loop timer: 0.009471s (after shrinking)
[t=0.011152s, 435307360 KB] M&S algorithm main loop timer: 0.009475s (after merging)

[t=0.011155s, 435307360 KB] Next pair of indices: (34, 10)
[t=0.011158s, 435307360 KB] M&S algorithm main loop timer: 0.009481s (after computation of next merge)
[t=0.011528s, 435307360 KB] M&S algorithm main loop timer: 0.009852s (after shrinking)
[t=0.011533s, 435307360 KB] M&S algorithm main loop timer: 0.009857s (after merging)

[t=0.011537s, 435307360 KB] Next pair of indices: (35, 11)
[t=0.011539s, 435307360 KB] M&S algorithm main loop timer: 0.009862s (after computation of next merge)
[t=0.011922s, 435307360 KB] M&S algorithm main loop timer: 0.010246s (after label reduction)
[t=0.011926s, 435307360 KB] M&S algorithm main loop timer: 0.010250s (after shrinking)
[t=0.011931s, 435307360 KB] M&S algorithm main loop timer: 0.010255s (after merging)

[t=0.011936s, 435307360 KB] Next pair of indices: (36, 12)
[t=0.011938s, 435307360 KB] M&S algorithm main loop timer: 0.010262s (after computation of next merge)
[t=0.012319s, 435307360 KB] M&S algorithm main loop timer: 0.010643s (after label reduction)
[t=0.012323s, 435307360 KB] M&S algorithm main loop timer: 0.010646s (after shrinking)
[t=0.012327s, 435307360 KB] M&S algorithm main loop timer: 0.010651s (after merging)

[t=0.012331s, 435307360 KB] Next pair of indices: (37, 13)
[t=0.012333s, 435307360 KB] M&S algorithm main loop timer: 0.010657s (after computation of next merge)
[t=0.012525s, 435307360 KB] M&S algorithm main loop timer: 0.010848s (after shrinking)
[t=0.012531s, 435307360 KB] M&S algorithm main loop timer: 0.010854s (after merging)

[t=0.012535s, 435307360 KB] Next pair of indices: (38, 14)
[t=0.012537s, 435307360 KB] M&S algorithm main loop timer: 0.010860s (after computation of next merge)
[t=0.012706s, 435307360 KB] M&S algorithm main loop timer: 0.011030s (after shrinking)
[t=0.012710s, 435307360 KB] M&S algorithm main loop timer: 0.011033s (after merging)

[t=0.012713s, 435307360 KB] Next pair of indices: (39, 15)
[t=0.012715s, 435307360 KB] M&S algorithm main loop timer: 0.011039s (after computation of next merge)
[t=0.012859s, 435307360 KB] M&S algorithm main loop timer: 0.011182s (after shrinking)
[t=0.012862s, 435307360 KB] M&S algorithm main loop timer: 0.011186s (after merging)

[t=0.012866s, 435307360 KB] Next pair of indices: (40, 16)
[t=0.012868s, 435307360 KB] M&S algorithm main loop timer: 0.011191s (after computation of next merge)
[t=0.013090s, 435307360 KB] M&S algorithm main loop timer: 0.011413s (after label reduction)
[t=0.013093s, 435307360 KB] M&S algorithm main loop timer: 0.011417s (after shrinking)
[t=0.013097s, 435307360 KB] M&S algorithm main loop timer: 0.011420s (after merging)

[t=0.013101s, 435307360 KB] Next pair of indices: (41, 17)
[t=0.013103s, 435307360 KB] M&S algorithm main loop timer: 0.011426s (after computation of next merge)
[t=0.013185s, 435307360 KB] M&S algorithm main loop timer: 0.011508s (after shrinking)
[t=0.013188s, 435307360 KB] M&S algorithm main loop timer: 0.011512s (after merging)

[t=0.013192s, 435307360 KB] Next pair of indices: (42, 18)
[t=0.013194s, 435307360 KB] M&S algorithm main loop timer: 0.011517s (after computation of next merge)
[t=0.013264s, 435307360 KB] M&S algorithm main loop timer: 0.011588s (after shrinking)
[t=0.013268s, 435307360 KB] M&S algorithm main loop timer: 0.011591s (after merging)

[t=0.013271s, 435307360 KB] Next pair of indices: (43, 19)
[t=0.013274s, 435307360 KB] M&S algorithm main loop timer: 0.011597s (after computation of next merge)
[t=0.013332s, 435307360 KB] M&S algorithm main loop timer: 0.011655s (after shrinking)
[t=0.013336s, 435307360 KB] M&S algorithm main loop timer: 0.011659s (after merging)

[t=0.013339s, 435307360 KB] Next pair of indices: (44, 20)
[t=0.013341s, 435307360 KB] M&S algorithm main loop timer: 0.011665s (after computation of next merge)
[t=0.013411s, 435307360 KB] M&S algorithm main loop timer: 0.011735s (after label reduction)
[t=0.013415s, 435307360 KB] M&S algorithm main loop timer: 0.011738s (after shrinking)
[t=0.013418s, 435307360 KB] M&S algorithm main loop timer: 0.011742s (after merging)

[t=0.013422s, 435307360 KB] Next pair of indices: (45, 21)
[t=0.013424s, 435307360 KB] M&S algorithm main loop timer: 0.011747s (after computation of next merge)
[t=0.013463s, 435307360 KB] M&S algorithm main loop timer: 0.011786s (after label reduction)
[t=0.013466s, 435307360 KB] M&S algorithm main loop timer: 0.011790s (after shrinking)
[t=0.013470s, 435307360 KB] M&S algorithm main loop timer: 0.011793s (after merging)

[t=0.013473s, 435307360 KB] Next pair of indices: (46, 22)
[t=0.013475s, 435307360 KB] M&S algorithm main loop timer: 0.011799s (after computation of next merge)
[t=0.013514s, 435307360 KB] M&S algorithm main loop timer: 0.011837s (after label reduction)
[t=0.013518s, 435307360 KB] M&S algorithm main loop timer: 0.011841s (after shrinking)
[t=0.013521s, 435307360 KB] M&S algorithm main loop timer: 0.011844s (after merging)

[t=0.013525s, 435307360 KB] Next pair of indices: (47, 23)
[t=0.013527s, 435307360 KB] M&S algorithm main loop timer: 0.011850s (after computation of next merge)
[t=0.013545s, 435307360 KB] M&S algorithm main loop timer: 0.011869s (after label reduction)
[t=0.013549s, 435307360 KB] M&S algorithm main loop timer: 0.011872s (after shrinking)
[t=0.013552s, 435307360 KB] M&S algorithm main loop timer: 0.011876s (after merging)

[t=0.013556s, 435307360 KB] Next pair of indices: (48, 24)
[t=0.013558s, 435307360 KB] M&S algorithm main loop timer: 0.011881s (after computation of next merge)
[t=0.013566s, 435307360 KB] M&S algorithm main loop timer: 0.011889s (after label reduction)
[t=0.013571s, 435307360 KB] M&S algorithm main loop timer: 0.011894s (after merging)

[t=0.013574s, 435307360 KB] Next pair of indices: (49, 25)
[t=0.013576s, 435307360 KB] M&S algorithm main loop timer: 0.011900s (after computation of next merge)
[t=0.013585s, 435307360 KB] M&S algorithm main loop timer: 0.011909s (after merging)
[t=0.013589s, 435307360 KB] M&S algorithm main loop timer: 0.011912s (after pruning)

[t=0.013592s, 435307360 KB] End of merge-and-shrink algorithm, statistics:
[t=0.013594s, 435307360 KB] Main loop runtime: 0.011918s
[t=0.013596s, 435307360 KB] Maximum intermediate abstraction size: 10
[t=0.013599s, 435307360 KB] Final peak memory increase of merge-and-shrink algorithm: 0 KB
[t=0.013602s, 435307360 KB] Merge-and-shrink algorithm runtime: 0.012122s

[t=0.013609s, 435307360 KB] Number of remaining factors: 1
[t=0.013612s, 435307360 KB] Number of factors kept: 1
[t=0.013614s, 435307360 KB] Done initializing merge-and-shrink heuristic.

[t=0.013632s, 435307360 KB] Building successor generator...done!
[t=0.013661s, 435307360 KB] peak memory difference for successor generator creation: 0 KB
[t=0.013663s, 435307360 KB] time for successor generation creation: 0.000022s
[t=0.013666s, 435307360 KB] Variables: 26
[t=0.013668s, 435307360 KB] FactPairs: 63
[t=0.013670s, 435307360 KB] Bytes per state: 4
[t=0.013685s, 435307360 KB] Conducting best first search with reopening closed nodes, (real) bound = 2147483647
[t=0.013692s, 435307360 KB] New best heuristic value for merge_and_shrink: 4
[t=0.013695s, 435307360 KB] g=0, 1 evaluated, 0 expanded
[t=0.013697s, 435307360 KB] f = 4, 1 evaluated, 0 expanded
[t=0.013702s, 435307360 KB] Initial heuristic value for merge_and_shrink: 4
[t=0.013705s, 435307360 KB] pruning method: none
[t=0.013714s, 435307360 KB] f = 5, 2 evaluated, 1 expanded
[t=0.013721s, 435307360 KB] f = 6, 6 evaluated, 2 expanded
[t=0.013735s, 435307360 KB] f = 7, 19 evaluated, 6 expanded
[t=0.013763s, 435307360 KB] f = 8, 50 evaluated, 19 expanded
[t=0.013819s, 435307360 KB] f = 9, 112 evaluated, 50 expanded
[t=0.013840s, 435307360 KB] New best heuristic value for merge_and_shrink: 3
[t=0.013843s, 435307360 KB] g=6, 133 evaluated, 59 expanded
[t=0.013847s, 435307360 KB] New best heuristic value for merge_and_shrink: 2
[t=0.013849s, 435307360 KB] g=7, 134 evaluated, 60 expanded
[t=0.013927s, 435307360 KB] f = 10, 218 evaluated, 114 expanded
[t=0.014088s, 435307360 KB] f = 11, 389 evaluated, 223 expanded
[t=0.014352s, 435307360 KB] f = 12, 656 evaluated, 400 expanded
[t=0.014736s, 435307360 KB] f = 13, 1034 evaluated, 677 expanded
[t=0.015208s, 435307360 KB] f = 14, 1523 evaluated, 1067 expanded
[t=0.015214s, 435307360 KB] New best heuristic value for merge_and_shrink: 1
[t=0.015216s, 435307360 KB] g=13, 1525 evaluated, 1071 expanded
[t=0.015847s, 435307360 KB] f = 15, 2125 evaluated, 1576 expanded
[t=0.016535s, 435307360 KB] f = 16, 2802 evaluated, 2197 expanded
[t=0.017303s, 435307360 KB] f = 17, 3551 evaluated, 2892 expanded
[t=0.017312s, 435307360 KB] New best heuristic value for merge_and_shrink: 0
[t=0.017314s, 435307360 KB] g=17, 3558 evaluated, 2895 expanded
[t=0.017317s, 435307360 KB] Solution found!
[t=0.017320s, 435307360 KB] Actual search time: 0.003614s
move firelink undead-burg (1)
pick-up-key gate-key undead-burg (1)
pick-up-titanite undead-burg (1)
move undead-burg firelink (1)
upgrade-weapon firelink w0 w1 (1)
move firelink undead-burg (1)
move undead-burg lower-burg (1)
unlock-door gate-key lower-burg boss-arena (1)
move lower-burg boss-arena (1)
attack-boss taurus-demon boss-arena hp2 hp1 bp2 bp1 (1)
drink-estus e1 hp1 hp2 hp2 (1)
attack-boss taurus-demon boss-arena hp2 hp1 bp1 bp0 (1)
kill-boss taurus-demon boss-arena w1 e2 bp0 (1)
move boss-arena lower-burg (1)
move lower-burg undead-burg (1)
move undead-burg firelink (1)
deposit-soul taurus-demon firelink (1)
[t=0.017322s, 435307360 KB] Plan length: 17 step(s).
[t=0.017322s, 435307360 KB] Plan cost: 17
[t=0.017322s, 435307360 KB] Expanded 2896 state(s).
[t=0.017322s, 435307360 KB] Reopened 0 state(s).
[t=0.017322s, 435307360 KB] Evaluated 3558 state(s).
[t=0.017322s, 435307360 KB] Evaluations: 3558
[t=0.017322s, 435307360 KB] Generated 8933 state(s).
[t=0.017322s, 435307360 KB] Dead ends: 0 state(s).
[t=0.017322s, 435307360 KB] Expanded until last jump: 2892 state(s).
[t=0.017322s, 435307360 KB] Reopened until last jump: 0 state(s).
[t=0.017322s, 435307360 KB] Evaluated until last jump: 3551 state(s).
[t=0.017322s, 435307360 KB] Generated until last jump: 8922 state(s).
[t=0.017322s, 435307360 KB] Number of registered states: 3558
[t=0.017322s, 435307360 KB] Int hash set load factor: 3558/4096 = 0.868652
[t=0.017322s, 435307360 KB] Int hash set resizes: 12
[t=0.017322s, 435307360 KB] Search time: 0.003638s
[t=0.017322s, 435307360 KB] Total time: 0.017322s
Solution found.
Peak memory: 435307360 KB
exitcode: 0

Exit codes: [0]
Remove intermediate file output.sas
search exit code: 0

INFO     Planner time: 0.08s

=== Experiment Summary ===
End Time: 2025-12-16 11:43:13
Runtime: 0 seconds
Exit Code: 0
Status: SUCCESS
Explanation: SUCCESS (solution found)
