=== Fast Downward Experiment Log ===
Domain: darksouls-fd
Planner: fdss-opt (seq-opt-fdss-1)
Problem: problem-02.pddl
Time Limit: 1800 seconds
Start Time: 2025-12-16 11:43:05
Domain File: .//darksouls-fd/domain.pddl
Problem File: .//darksouls-fd/problem-02.pddl

=== Fast Downward Output ===
INFO     planner time limit: None
INFO     planner memory limit: None

INFO     Running translator.
INFO     translator stdin: None
INFO     translator time limit: None
INFO     translator memory limit: None
INFO     translator command line string: /opt/homebrew/opt/python@3.14/bin/python3.14 -m translate darksouls-fd/domain.pddl darksouls-fd/problem-02.pddl --sas-file output.sas
Parsing...
Parsing: [0.000s CPU, 0.003s wall-clock]
Normalizing task... [0.000s CPU, 0.000s wall-clock]
Instantiating...
Generating Datalog program... [0.000s CPU, 0.000s wall-clock]
Normalizing Datalog program...
Unbound effect variables: Adding @object predicate.
Normalizing Datalog program: [0.010s CPU, 0.001s wall-clock]
Preparing model... [0.000s CPU, 0.001s wall-clock]
Generated 130 rules.
Computing model... [0.000s CPU, 0.001s wall-clock]
358 relevant atoms
344 auxiliary atoms
702 final queue length
869 total queue pushes
Completing instantiation... [0.000s CPU, 0.001s wall-clock]
Instantiating: [0.010s CPU, 0.005s wall-clock]
Computing fact groups...
Finding invariants...
47 initial candidates
Finding invariants: [0.000s CPU, 0.002s wall-clock]
Checking invariant weight... [0.000s CPU, 0.000s wall-clock]
Instantiating groups... [0.000s CPU, 0.000s wall-clock]
Collecting mutex groups... [0.000s CPU, 0.000s wall-clock]
Choosing groups...
53 uncovered facts
Choosing groups: [0.000s CPU, 0.000s wall-clock]
Building translation key... [0.000s CPU, 0.000s wall-clock]
Computing fact groups: [0.000s CPU, 0.002s wall-clock]
Building STRIPS to SAS dictionary... [0.000s CPU, 0.000s wall-clock]
Building dictionary for full mutex groups... [0.000s CPU, 0.000s wall-clock]
Building mutex information...
Building mutex information: [0.000s CPU, 0.000s wall-clock]
Translating task...
Processing axioms...
Simplifying axioms... [0.000s CPU, 0.000s wall-clock]
Translator axioms removed by simplifying: 0
Processing axioms: [0.000s CPU, 0.000s wall-clock]
Translating task: [0.000s CPU, 0.003s wall-clock]
164 effect conditions simplified
0 implied preconditions added
Detecting unreachable propositions...
4 operators removed
0 axioms removed
72 propositions removed
Detecting unreachable propositions: [0.000s CPU, 0.001s wall-clock]
Reordering and filtering variables...
26 of 26 variables necessary.
0 of 10 mutex groups necessary.
83 of 83 operators necessary.
0 of 0 axiom rules necessary.
Reordering and filtering variables: [0.010s CPU, 0.001s wall-clock]
Translator variables: 26
Translator derived variables: 0
Translator facts: 64
Translator goal facts: 2
Translator mutex groups: 0
Translator total mutex groups size: 0
Translator operators: 83
Translator axioms: 0
Translator task size: 1174
warning: could not determine peak memory
Writing output... [0.000s CPU, 0.001s wall-clock]
Done! [0.020s CPU, 0.015s wall-clock]
b"Warning: name clash between type and predicate 'boss-phase'.\nInterpreting as predicate in conditions.\nWarning: name clash between type and predicate 'player-level'.\nInterpreting as predicate in conditions.\n"
translate exit code: 0

INFO     Running search (release).
INFO     search portfolio: /Users/vramos/Master_uc3m/PlanifAuto/downward/driver/portfolios/seq_opt_fdss_1.py
remaining time: 1800.0
config 0: relative time 175, remaining time 1631, absolute time 193
args: [PosixPath('/Users/vramos/Master_uc3m/PlanifAuto/downward/builds/release/bin/downward'), '--search', 'astar(merge_and_shrink(merge_strategy=merge_precomputed(merge_tree=linear(variable_order=reverse_level)),shrink_strategy=shrink_bisimulation(greedy=true),label_reduction=exact(before_shrinking=true,before_merging=false),max_states=infinity,threshold_before_merge=1))', '--internal-plan-file', PosixPath('sas_plan')]
INFO     search stdin: output.sas
INFO     search time limit: 193s
INFO     search memory limit: None
INFO     search command line string: /Users/vramos/Master_uc3m/PlanifAuto/downward/builds/release/bin/downward --search 'astar(merge_and_shrink(merge_strategy=merge_precomputed(merge_tree=linear(variable_order=reverse_level)),shrink_strategy=shrink_bisimulation(greedy=true),label_reduction=exact(before_shrinking=true,before_merging=false),max_states=infinity,threshold_before_merge=1))' --internal-plan-file sas_plan < output.sas
[t=0.000170s, 435303376 KB] Search code revision: 505701e0f
[t=0.000184s, 435303376 KB] reading input...
[t=0.000789s, 435303376 KB] done reading input!
[t=0.001663s, 435307472 KB] Initializing merge-and-shrink heuristic...
[t=0.001670s, 435307472 KB] Running merge-and-shrink algorithm...
[t=0.001673s, 435307472 KB] Merge strategy options:
[t=0.001676s, 435307472 KB] Type: precomputed
[t=0.001679s, 435307472 KB] Merge tree options: 
[t=0.001681s, 435307472 KB] Type: linear
[t=0.001684s, 435307472 KB] Update option: use random
[t=0.001687s, 435307472 KB] Variable order type: by reverse level

[t=0.001690s, 435307472 KB] Options related to size limits and shrinking: 
[t=0.001693s, 435307472 KB] Transition system size limit: 2147483647
[t=0.001695s, 435307472 KB] Transition system size limit right before merge: 2147483647
[t=0.001698s, 435307472 KB] Threshold to trigger shrinking right before merge: 1

[t=0.001702s, 435307472 KB] Shrink strategy options: 
[t=0.001704s, 435307472 KB] Type: bisimulation
[t=0.001707s, 435307472 KB] Bisimulation type: greedy
[t=0.001709s, 435307472 KB] At limit: return

[t=0.001713s, 435307472 KB] Pruning unreachable states: yes
[t=0.001715s, 435307472 KB] Pruning irrelevant states: yes

[t=0.001719s, 435307472 KB] Label reduction options:
[t=0.001721s, 435307472 KB] Before merging: disabled
[t=0.001724s, 435307472 KB] Before shrinking: enabled
[t=0.001726s, 435307472 KB] Method: all transition systems with fixpoint computation
[t=0.001728s, 435307472 KB] System order: random

[t=0.001732s, 435307472 KB] Main loop max time in seconds: inf


[t=0.001738s, 435307472 KB] Building atomic transition systems... 
[t=0.001872s, 435307472 KB] M&S algorithm timer: 0.000204s (after computation of atomic factors)

[t=0.001882s, 435307472 KB] Starting main loop without a time limit.
[t=0.001888s, 435307472 KB] building causal graph...done! [t=0.000158s]
[t=0.002074s, 435307472 KB] Next pair of indices: (0, 1)
[t=0.002077s, 435307472 KB] M&S algorithm main loop timer: 0.000196s (after computation of next merge)
[t=0.004979s, 435307472 KB] M&S algorithm main loop timer: 0.003098s (after label reduction)
[t=0.004995s, 435307472 KB] M&S algorithm main loop timer: 0.003114s (after shrinking)
[t=0.005002s, 435307472 KB] M&S algorithm main loop timer: 0.003121s (after merging)

[t=0.005007s, 435307472 KB] Next pair of indices: (26, 2)
[t=0.005009s, 435307472 KB] M&S algorithm main loop timer: 0.003128s (after computation of next merge)
[t=0.006284s, 435307472 KB] M&S algorithm main loop timer: 0.004403s (after label reduction)
[t=0.006290s, 435307472 KB] M&S algorithm main loop timer: 0.004409s (after shrinking)
[t=0.006295s, 435307472 KB] M&S algorithm main loop timer: 0.004414s (after merging)

[t=0.006299s, 435307472 KB] Next pair of indices: (27, 3)
[t=0.006302s, 435307472 KB] M&S algorithm main loop timer: 0.004420s (after computation of next merge)
[t=0.007568s, 435307472 KB] M&S algorithm main loop timer: 0.005690s (after shrinking)
[t=0.007576s, 435307472 KB] M&S algorithm main loop timer: 0.005695s (after merging)

[t=0.007580s, 435307472 KB] Next pair of indices: (28, 4)
[t=0.007583s, 435307472 KB] M&S algorithm main loop timer: 0.005701s (after computation of next merge)
[t=0.008626s, 435307472 KB] M&S algorithm main loop timer: 0.006745s (after shrinking)
[t=0.008631s, 435307472 KB] M&S algorithm main loop timer: 0.006750s (after merging)

[t=0.008635s, 435307472 KB] Next pair of indices: (29, 5)
[t=0.008637s, 435307472 KB] M&S algorithm main loop timer: 0.006756s (after computation of next merge)
[t=0.009591s, 435307472 KB] M&S algorithm main loop timer: 0.007710s (after shrinking)
[t=0.009603s, 435307472 KB] M&S algorithm main loop timer: 0.007721s (after merging)

[t=0.009607s, 435307472 KB] Next pair of indices: (30, 6)
[t=0.009609s, 435307472 KB] M&S algorithm main loop timer: 0.007728s (after computation of next merge)
[t=0.010431s, 435307472 KB] M&S algorithm main loop timer: 0.008550s (after shrinking)
[t=0.010436s, 435307472 KB] M&S algorithm main loop timer: 0.008555s (after merging)

[t=0.010440s, 435307472 KB] Next pair of indices: (31, 7)
[t=0.010442s, 435307472 KB] M&S algorithm main loop timer: 0.008561s (after computation of next merge)
[t=0.011209s, 435307472 KB] M&S algorithm main loop timer: 0.009331s (after label reduction)
[t=0.011216s, 435307472 KB] M&S algorithm main loop timer: 0.009335s (after shrinking)
[t=0.011220s, 435307472 KB] M&S algorithm main loop timer: 0.009339s (after merging)

[t=0.011224s, 435307472 KB] Next pair of indices: (32, 8)
[t=0.011226s, 435307472 KB] M&S algorithm main loop timer: 0.009345s (after computation of next merge)
[t=0.011881s, 435307472 KB] M&S algorithm main loop timer: 0.010000s (after shrinking)
[t=0.011885s, 435307472 KB] M&S algorithm main loop timer: 0.010004s (after merging)

[t=0.011889s, 435307472 KB] Next pair of indices: (33, 9)
[t=0.011892s, 435307472 KB] M&S algorithm main loop timer: 0.010011s (after computation of next merge)
[t=0.012618s, 435307472 KB] M&S algorithm main loop timer: 0.010737s (after label reduction)
[t=0.012628s, 435307472 KB] M&S algorithm main loop timer: 0.010747s (after shrinking)
[t=0.012634s, 435307472 KB] M&S algorithm main loop timer: 0.010752s (after merging)

[t=0.012638s, 435307472 KB] Next pair of indices: (34, 10)
[t=0.012641s, 435307472 KB] M&S algorithm main loop timer: 0.010759s (after computation of next merge)
[t=0.013232s, 435307472 KB] M&S algorithm main loop timer: 0.011351s (after label reduction)
[t=0.013236s, 435307472 KB] M&S algorithm main loop timer: 0.011355s (after shrinking)
[t=0.013240s, 435307472 KB] M&S algorithm main loop timer: 0.011359s (after merging)

[t=0.013244s, 435307472 KB] Next pair of indices: (35, 11)
[t=0.013246s, 435307472 KB] M&S algorithm main loop timer: 0.011365s (after computation of next merge)
[t=0.013718s, 435307472 KB] M&S algorithm main loop timer: 0.011837s (after label reduction)
[t=0.013723s, 435307472 KB] M&S algorithm main loop timer: 0.011841s (after shrinking)
[t=0.013726s, 435307472 KB] M&S algorithm main loop timer: 0.011845s (after merging)

[t=0.013730s, 435307472 KB] Next pair of indices: (36, 12)
[t=0.013732s, 435307472 KB] M&S algorithm main loop timer: 0.011851s (after computation of next merge)
[t=0.014194s, 435307472 KB] M&S algorithm main loop timer: 0.012313s (after label reduction)
[t=0.014198s, 435307472 KB] M&S algorithm main loop timer: 0.012317s (after shrinking)
[t=0.014202s, 435307472 KB] M&S algorithm main loop timer: 0.012320s (after merging)

[t=0.014205s, 435307472 KB] Next pair of indices: (37, 13)
[t=0.014207s, 435307472 KB] M&S algorithm main loop timer: 0.012326s (after computation of next merge)
[t=0.014565s, 435307472 KB] M&S algorithm main loop timer: 0.012684s (after label reduction)
[t=0.014569s, 435307472 KB] M&S algorithm main loop timer: 0.012688s (after shrinking)
[t=0.014572s, 435307472 KB] M&S algorithm main loop timer: 0.012691s (after merging)

[t=0.014576s, 435307472 KB] Next pair of indices: (38, 14)
[t=0.014578s, 435307472 KB] M&S algorithm main loop timer: 0.012697s (after computation of next merge)
[t=0.014773s, 435307472 KB] M&S algorithm main loop timer: 0.012891s (after shrinking)
[t=0.014776s, 435307472 KB] M&S algorithm main loop timer: 0.012895s (after merging)

[t=0.014780s, 435307472 KB] Next pair of indices: (39, 15)
[t=0.014782s, 435307472 KB] M&S algorithm main loop timer: 0.012901s (after computation of next merge)
[t=0.014936s, 435307472 KB] M&S algorithm main loop timer: 0.013054s (after label reduction)
[t=0.014939s, 435307472 KB] M&S algorithm main loop timer: 0.013058s (after shrinking)
[t=0.014943s, 435307472 KB] M&S algorithm main loop timer: 0.013061s (after merging)

[t=0.014950s, 435307472 KB] Next pair of indices: (40, 16)
[t=0.014952s, 435307472 KB] M&S algorithm main loop timer: 0.013071s (after computation of next merge)
[t=0.015187s, 435307472 KB] M&S algorithm main loop timer: 0.013305s (after label reduction)
[t=0.015190s, 435307472 KB] M&S algorithm main loop timer: 0.013309s (after shrinking)
[t=0.015194s, 435307472 KB] M&S algorithm main loop timer: 0.013313s (after merging)

[t=0.015197s, 435307472 KB] Next pair of indices: (41, 17)
[t=0.015200s, 435307472 KB] M&S algorithm main loop timer: 0.013319s (after computation of next merge)
[t=0.015299s, 435307472 KB] M&S algorithm main loop timer: 0.013418s (after label reduction)
[t=0.015302s, 435307472 KB] M&S algorithm main loop timer: 0.013421s (after shrinking)
[t=0.015306s, 435307472 KB] M&S algorithm main loop timer: 0.013424s (after merging)

[t=0.015309s, 435307472 KB] Next pair of indices: (42, 18)
[t=0.015312s, 435307472 KB] M&S algorithm main loop timer: 0.013430s (after computation of next merge)
[t=0.015384s, 435307472 KB] M&S algorithm main loop timer: 0.013503s (after shrinking)
[t=0.015388s, 435307472 KB] M&S algorithm main loop timer: 0.013506s (after merging)

[t=0.015391s, 435307472 KB] Next pair of indices: (43, 19)
[t=0.015393s, 435307472 KB] M&S algorithm main loop timer: 0.013512s (after computation of next merge)
[t=0.015455s, 435307472 KB] M&S algorithm main loop timer: 0.013573s (after shrinking)
[t=0.015459s, 435307472 KB] M&S algorithm main loop timer: 0.013577s (after merging)

[t=0.015462s, 435307472 KB] Next pair of indices: (44, 20)
[t=0.015464s, 435307472 KB] M&S algorithm main loop timer: 0.013583s (after computation of next merge)
[t=0.015511s, 435307472 KB] M&S algorithm main loop timer: 0.013629s (after label reduction)
[t=0.015515s, 435307472 KB] M&S algorithm main loop timer: 0.013633s (after shrinking)
[t=0.015518s, 435307472 KB] M&S algorithm main loop timer: 0.013637s (after merging)

[t=0.015522s, 435307472 KB] Next pair of indices: (45, 21)
[t=0.015524s, 435307472 KB] M&S algorithm main loop timer: 0.013643s (after computation of next merge)
[t=0.015560s, 435307472 KB] M&S algorithm main loop timer: 0.013678s (after shrinking)
[t=0.015563s, 435307472 KB] M&S algorithm main loop timer: 0.013682s (after merging)

[t=0.015567s, 435307472 KB] Next pair of indices: (46, 22)
[t=0.015569s, 435307472 KB] M&S algorithm main loop timer: 0.013688s (after computation of next merge)
[t=0.015605s, 435307472 KB] M&S algorithm main loop timer: 0.013724s (after label reduction)
[t=0.015609s, 435307472 KB] M&S algorithm main loop timer: 0.013727s (after shrinking)
[t=0.015612s, 435307472 KB] M&S algorithm main loop timer: 0.013731s (after merging)

[t=0.015616s, 435307472 KB] Next pair of indices: (47, 23)
[t=0.015618s, 435307472 KB] M&S algorithm main loop timer: 0.013737s (after computation of next merge)
[t=0.015641s, 435307472 KB] M&S algorithm main loop timer: 0.013760s (after label reduction)
[t=0.015645s, 435307472 KB] M&S algorithm main loop timer: 0.013764s (after shrinking)
[t=0.015649s, 435307472 KB] M&S algorithm main loop timer: 0.013767s (after merging)

[t=0.015652s, 435307472 KB] Next pair of indices: (48, 24)
[t=0.015655s, 435307472 KB] M&S algorithm main loop timer: 0.013773s (after computation of next merge)
[t=0.015663s, 435307472 KB] M&S algorithm main loop timer: 0.013782s (after label reduction)
[t=0.015670s, 435307472 KB] M&S algorithm main loop timer: 0.013788s (after merging)

[t=0.015673s, 435307472 KB] Next pair of indices: (49, 25)
[t=0.015676s, 435307472 KB] M&S algorithm main loop timer: 0.013794s (after computation of next merge)
[t=0.015688s, 435307472 KB] M&S algorithm main loop timer: 0.013806s (after merging)

[t=0.015693s, 435307472 KB] End of merge-and-shrink algorithm, statistics:
[t=0.015695s, 435307472 KB] Main loop runtime: 0.013813s
[t=0.015697s, 435307472 KB] Maximum intermediate abstraction size: 25
[t=0.015700s, 435307472 KB] Final peak memory increase of merge-and-shrink algorithm: 0 KB
[t=0.015703s, 435307472 KB] Merge-and-shrink algorithm runtime: 0.014034s

[t=0.015713s, 435307472 KB] Number of remaining factors: 1
[t=0.015716s, 435307472 KB] Number of factors kept: 1
[t=0.015718s, 435307472 KB] Done initializing merge-and-shrink heuristic.

[t=0.015739s, 435307472 KB] Building successor generator...done!
[t=0.015768s, 435307472 KB] peak memory difference for successor generator creation: 0 KB
[t=0.015771s, 435307472 KB] time for successor generation creation: 0.000024s
[t=0.015774s, 435307472 KB] Variables: 26
[t=0.015776s, 435307472 KB] FactPairs: 64
[t=0.015778s, 435307472 KB] Bytes per state: 8
[t=0.015791s, 435307472 KB] Conducting best first search with reopening closed nodes, (real) bound = 2147483647
[t=0.015797s, 435307472 KB] New best heuristic value for merge_and_shrink: 8
[t=0.015800s, 435307472 KB] g=0, 1 evaluated, 0 expanded
[t=0.015802s, 435307472 KB] f = 8, 1 evaluated, 0 expanded
[t=0.015807s, 435307472 KB] Initial heuristic value for merge_and_shrink: 8
[t=0.015810s, 435307472 KB] pruning method: none
[t=0.015817s, 435307472 KB] f = 9, 2 evaluated, 1 expanded
[t=0.015824s, 435307472 KB] f = 10, 5 evaluated, 2 expanded
[t=0.015828s, 435307472 KB] New best heuristic value for merge_and_shrink: 7
[t=0.015830s, 435307472 KB] g=3, 6 evaluated, 3 expanded
[t=0.015835s, 435307472 KB] New best heuristic value for merge_and_shrink: 6
[t=0.015837s, 435307472 KB] g=4, 8 evaluated, 4 expanded
[t=0.015863s, 435307472 KB] f = 11, 27 evaluated, 10 expanded
[t=0.015869s, 435307472 KB] New best heuristic value for merge_and_shrink: 5
[t=0.015871s, 435307472 KB] g=6, 30 evaluated, 12 expanded
[t=0.015878s, 435307472 KB] New best heuristic value for merge_and_shrink: 4
[t=0.015881s, 435307472 KB] g=7, 35 evaluated, 13 expanded
[t=0.015965s, 435307472 KB] f = 12, 128 evaluated, 65 expanded
[t=0.015976s, 435307472 KB] New best heuristic value for merge_and_shrink: 3
[t=0.015979s, 435307472 KB] g=9, 136 evaluated, 68 expanded
[t=0.016168s, 435307472 KB] f = 13, 340 evaluated, 201 expanded
[t=0.016176s, 435307472 KB] New best heuristic value for merge_and_shrink: 2
[t=0.016178s, 435307472 KB] g=11, 347 evaluated, 204 expanded
[t=0.016716s, 435307472 KB] f = 14, 975 evaluated, 545 expanded
[t=0.018100s, 435307472 KB] f = 15, 2523 evaluated, 1468 expanded
[t=0.018105s, 435307472 KB] New best heuristic value for merge_and_shrink: 1
[t=0.018107s, 435307472 KB] g=14, 2525 evaluated, 1469 expanded
[t=0.018113s, 435307472 KB] New best heuristic value for merge_and_shrink: 0
[t=0.018116s, 435307472 KB] g=15, 2530 evaluated, 1470 expanded
[t=0.018119s, 435307472 KB] Solution found!
[t=0.018122s, 435307472 KB] Actual search time: 0.002311s
move firelink burg-square (1)
move burg-square gargoyle-rooftop (1)
attack-boss gargoyle1 gargoyle-rooftop hp2 hp1 bp2 bp1 (1)
drink-estus e1 hp1 hp2 hp2 (1)
attack-boss gargoyle1 gargoyle-rooftop hp2 hp1 bp1 bp0 (1)
kill-boss gargoyle1 gargoyle-rooftop w0 e3 bp0 (1)
drink-estus e3 hp1 hp2 hp2 (1)
attack-boss gargoyle2 gargoyle-rooftop hp2 hp1 bp2 bp1 (1)
drink-estus e2 hp1 hp2 hp2 (1)
attack-boss gargoyle2 gargoyle-rooftop hp2 hp1 bp1 bp0 (1)
kill-boss gargoyle2 gargoyle-rooftop w0 e4 bp0 (1)
move gargoyle-rooftop burg-square (1)
move burg-square firelink (1)
deposit-soul gargoyle1 firelink (1)
deposit-soul gargoyle2 firelink (1)
[t=0.018124s, 435307472 KB] Plan length: 15 step(s).
[t=0.018124s, 435307472 KB] Plan cost: 15
[t=0.018124s, 435307472 KB] Expanded 1471 state(s).
[t=0.018124s, 435307472 KB] Reopened 0 state(s).
[t=0.018124s, 435307472 KB] Evaluated 2531 state(s).
[t=0.018124s, 435307472 KB] Evaluations: 2531
[t=0.018124s, 435307472 KB] Generated 4047 state(s).
[t=0.018124s, 435307472 KB] Dead ends: 0 state(s).
[t=0.018124s, 435307472 KB] Expanded until last jump: 1468 state(s).
[t=0.018124s, 435307472 KB] Reopened until last jump: 0 state(s).
[t=0.018124s, 435307472 KB] Evaluated until last jump: 2523 state(s).
[t=0.018124s, 435307472 KB] Generated until last jump: 4038 state(s).
[t=0.018124s, 435307472 KB] Number of registered states: 2531
[t=0.018124s, 435307472 KB] Int hash set load factor: 2531/4096 = 0.617920
[t=0.018124s, 435307472 KB] Int hash set resizes: 12
[t=0.018124s, 435307472 KB] Search time: 0.002334s
[t=0.018124s, 435307472 KB] Total time: 0.018124s
Solution found.
Peak memory: 435307472 KB
exitcode: 0

Exit codes: [0]
Remove intermediate file output.sas
search exit code: 0

INFO     Planner time: 0.08s

=== Experiment Summary ===
End Time: 2025-12-16 11:43:06
Runtime: 0 seconds
Exit Code: 0
Status: SUCCESS
Explanation: SUCCESS (solution found)
