=== Fast Downward Experiment Log ===
Domain: darksouls-fd
Planner: fdss-opt (seq-opt-fdss-1)
Problem: problem-05.pddl
Time Limit: 1800 seconds
Start Time: 2025-12-16 11:43:08
Domain File: .//darksouls-fd/domain.pddl
Problem File: .//darksouls-fd/problem-05.pddl

=== Fast Downward Output ===
INFO     planner time limit: None
INFO     planner memory limit: None

INFO     Running translator.
INFO     translator stdin: None
INFO     translator time limit: None
INFO     translator memory limit: None
INFO     translator command line string: /opt/homebrew/opt/python@3.14/bin/python3.14 -m translate darksouls-fd/domain.pddl darksouls-fd/problem-05.pddl --sas-file output.sas
Parsing...
Parsing: [0.000s CPU, 0.003s wall-clock]
Normalizing task... [0.000s CPU, 0.000s wall-clock]
Instantiating...
Generating Datalog program... [0.000s CPU, 0.000s wall-clock]
Normalizing Datalog program...
Unbound effect variables: Adding @object predicate.
Normalizing Datalog program: [0.010s CPU, 0.001s wall-clock]
Preparing model... [0.000s CPU, 0.001s wall-clock]
Generated 130 rules.
Computing model... [0.000s CPU, 0.002s wall-clock]
551 relevant atoms
528 auxiliary atoms
1079 final queue length
1518 total queue pushes
Completing instantiation... [0.000s CPU, 0.004s wall-clock]
Instantiating: [0.010s CPU, 0.008s wall-clock]
Computing fact groups...
Finding invariants...
47 initial candidates
Finding invariants: [0.000s CPU, 0.002s wall-clock]
Checking invariant weight... [0.000s CPU, 0.000s wall-clock]
Instantiating groups... [0.000s CPU, 0.000s wall-clock]
Collecting mutex groups... [0.000s CPU, 0.000s wall-clock]
Choosing groups...
62 uncovered facts
Choosing groups: [0.000s CPU, 0.000s wall-clock]
Building translation key... [0.000s CPU, 0.000s wall-clock]
Computing fact groups: [0.000s CPU, 0.002s wall-clock]
Building STRIPS to SAS dictionary... [0.000s CPU, 0.000s wall-clock]
Building dictionary for full mutex groups... [0.000s CPU, 0.000s wall-clock]
Building mutex information...
Building mutex information: [0.000s CPU, 0.000s wall-clock]
Translating task...
Processing axioms...
Simplifying axioms... [0.000s CPU, 0.000s wall-clock]
Translator axioms removed by simplifying: 0
Processing axioms: [0.000s CPU, 0.000s wall-clock]
Translating task: [0.030s CPU, 0.024s wall-clock]
560 effect conditions simplified
0 implied preconditions added
Detecting unreachable propositions...
1 operators removed
0 axioms removed
88 propositions removed
Detecting unreachable propositions: [0.000s CPU, 0.004s wall-clock]
Reordering and filtering variables...
28 of 28 variables necessary.
0 of 9 mutex groups necessary.
181 of 181 operators necessary.
0 of 0 axiom rules necessary.
Reordering and filtering variables: [0.000s CPU, 0.003s wall-clock]
Translator variables: 28
Translator derived variables: 0
Translator facts: 72
Translator goal facts: 2
Translator mutex groups: 0
Translator total mutex groups size: 0
Translator operators: 181
Translator axioms: 0
Translator task size: 7685
warning: could not determine peak memory
Writing output... [0.000s CPU, 0.003s wall-clock]
Done! [0.050s CPU, 0.047s wall-clock]
b"Warning: name clash between type and predicate 'boss-phase'.\nInterpreting as predicate in conditions.\nWarning: name clash between type and predicate 'player-level'.\nInterpreting as predicate in conditions.\n"
translate exit code: 0

INFO     Running search (release).
INFO     search portfolio: /Users/vramos/Master_uc3m/PlanifAuto/downward/driver/portfolios/seq_opt_fdss_1.py
remaining time: 1800.0
config 0: relative time 175, remaining time 1631, absolute time 193
args: [PosixPath('/Users/vramos/Master_uc3m/PlanifAuto/downward/builds/release/bin/downward'), '--search', 'astar(merge_and_shrink(merge_strategy=merge_precomputed(merge_tree=linear(variable_order=reverse_level)),shrink_strategy=shrink_bisimulation(greedy=true),label_reduction=exact(before_shrinking=true,before_merging=false),max_states=infinity,threshold_before_merge=1))', '--internal-plan-file', PosixPath('sas_plan')]
INFO     search stdin: output.sas
INFO     search time limit: 193s
INFO     search memory limit: None
INFO     search command line string: /Users/vramos/Master_uc3m/PlanifAuto/downward/builds/release/bin/downward --search 'astar(merge_and_shrink(merge_strategy=merge_precomputed(merge_tree=linear(variable_order=reverse_level)),shrink_strategy=shrink_bisimulation(greedy=true),label_reduction=exact(before_shrinking=true,before_merging=false),max_states=infinity,threshold_before_merge=1))' --internal-plan-file sas_plan < output.sas
[t=0.000172s, 435303600 KB] Search code revision: 505701e0f
[t=0.000181s, 435303600 KB] reading input...
[t=0.002488s, 435303600 KB] done reading input!
[t=0.003273s, 435307696 KB] Initializing merge-and-shrink heuristic...
[t=0.003278s, 435307696 KB] Running merge-and-shrink algorithm...
[t=0.003281s, 435307696 KB] Merge strategy options:
[t=0.003283s, 435307696 KB] Type: precomputed
[t=0.003286s, 435307696 KB] Merge tree options: 
[t=0.003288s, 435307696 KB] Type: linear
[t=0.003290s, 435307696 KB] Update option: use random
[t=0.003293s, 435307696 KB] Variable order type: by reverse level

[t=0.003296s, 435307696 KB] Options related to size limits and shrinking: 
[t=0.003298s, 435307696 KB] Transition system size limit: 2147483647
[t=0.003300s, 435307696 KB] Transition system size limit right before merge: 2147483647
[t=0.003303s, 435307696 KB] Threshold to trigger shrinking right before merge: 1

[t=0.003306s, 435307696 KB] Shrink strategy options: 
[t=0.003308s, 435307696 KB] Type: bisimulation
[t=0.003310s, 435307696 KB] Bisimulation type: greedy
[t=0.003313s, 435307696 KB] At limit: return

[t=0.003316s, 435307696 KB] Pruning unreachable states: yes
[t=0.003318s, 435307696 KB] Pruning irrelevant states: yes

[t=0.003321s, 435307696 KB] Label reduction options:
[t=0.003323s, 435307696 KB] Before merging: disabled
[t=0.003325s, 435307696 KB] Before shrinking: enabled
[t=0.003327s, 435307696 KB] Method: all transition systems with fixpoint computation
[t=0.003329s, 435307696 KB] System order: random

[t=0.003333s, 435307696 KB] Main loop max time in seconds: inf


[t=0.003338s, 435307696 KB] Building atomic transition systems... 
[t=0.003587s, 435307696 KB] M&S algorithm timer: 0.000311s (after computation of atomic factors)

[t=0.003597s, 435307696 KB] Starting main loop without a time limit.
[t=0.003602s, 435307696 KB] building causal graph...done! [t=0.001766s]
[t=0.005394s, 435307696 KB] Next pair of indices: (0, 1)
[t=0.005398s, 435307696 KB] M&S algorithm main loop timer: 0.001802s (after computation of next merge)
[t=0.010719s, 435307696 KB] M&S algorithm main loop timer: 0.007126s (after label reduction)
[t=0.010732s, 435307696 KB] M&S algorithm main loop timer: 0.007137s (after shrinking)
[t=0.010739s, 435307696 KB] M&S algorithm main loop timer: 0.007143s (after merging)

[t=0.010743s, 435307696 KB] Next pair of indices: (28, 2)
[t=0.010745s, 435307696 KB] M&S algorithm main loop timer: 0.007149s (after computation of next merge)
[t=0.012595s, 435307696 KB] M&S algorithm main loop timer: 0.008999s (after shrinking)
[t=0.012600s, 435307696 KB] M&S algorithm main loop timer: 0.009004s (after merging)

[t=0.012604s, 435307696 KB] Next pair of indices: (29, 3)
[t=0.012606s, 435307696 KB] M&S algorithm main loop timer: 0.009010s (after computation of next merge)
[t=0.014325s, 435307696 KB] M&S algorithm main loop timer: 0.010732s (after shrinking)
[t=0.014332s, 435307696 KB] M&S algorithm main loop timer: 0.010736s (after merging)

[t=0.014336s, 435307696 KB] Next pair of indices: (30, 4)
[t=0.014338s, 435307696 KB] M&S algorithm main loop timer: 0.010742s (after computation of next merge)
[t=0.016352s, 435307696 KB] M&S algorithm main loop timer: 0.012756s (after label reduction)
[t=0.016358s, 435307696 KB] M&S algorithm main loop timer: 0.012762s (after shrinking)
[t=0.016362s, 435307696 KB] M&S algorithm main loop timer: 0.012766s (after merging)

[t=0.016366s, 435307696 KB] Next pair of indices: (31, 5)
[t=0.016368s, 435307696 KB] M&S algorithm main loop timer: 0.012772s (after computation of next merge)
[t=0.018304s, 435307696 KB] M&S algorithm main loop timer: 0.014708s (after label reduction)
[t=0.018312s, 435307696 KB] M&S algorithm main loop timer: 0.014716s (after shrinking)
[t=0.018316s, 435307696 KB] M&S algorithm main loop timer: 0.014720s (after merging)

[t=0.018320s, 435307696 KB] Next pair of indices: (32, 6)
[t=0.018322s, 435307696 KB] M&S algorithm main loop timer: 0.014726s (after computation of next merge)
[t=0.020126s, 435307696 KB] M&S algorithm main loop timer: 0.016531s (after label reduction)
[t=0.020131s, 435307696 KB] M&S algorithm main loop timer: 0.016535s (after shrinking)
[t=0.020136s, 435307696 KB] M&S algorithm main loop timer: 0.016541s (after merging)

[t=0.020141s, 435307696 KB] Next pair of indices: (33, 7)
[t=0.020143s, 435307696 KB] M&S algorithm main loop timer: 0.016547s (after computation of next merge)
[t=0.021374s, 435307696 KB] M&S algorithm main loop timer: 0.017781s (after shrinking)
[t=0.021381s, 435307696 KB] M&S algorithm main loop timer: 0.017785s (after merging)

[t=0.021385s, 435307696 KB] Next pair of indices: (34, 8)
[t=0.021387s, 435307696 KB] M&S algorithm main loop timer: 0.017791s (after computation of next merge)
[t=0.022479s, 435307696 KB] M&S algorithm main loop timer: 0.018883s (after shrinking)
[t=0.022483s, 435307696 KB] M&S algorithm main loop timer: 0.018887s (after merging)

[t=0.022486s, 435307696 KB] Next pair of indices: (35, 9)
[t=0.022488s, 435307696 KB] M&S algorithm main loop timer: 0.018892s (after computation of next merge)
[t=0.023471s, 435307696 KB] M&S algorithm main loop timer: 0.019875s (after shrinking)
[t=0.023475s, 435307696 KB] M&S algorithm main loop timer: 0.019879s (after merging)

[t=0.023478s, 435307696 KB] Next pair of indices: (36, 10)
[t=0.023481s, 435307696 KB] M&S algorithm main loop timer: 0.019885s (after computation of next merge)
[t=0.024444s, 435307696 KB] M&S algorithm main loop timer: 0.020848s (after label reduction)
[t=0.024448s, 435307696 KB] M&S algorithm main loop timer: 0.020852s (after shrinking)
[t=0.024452s, 435307696 KB] M&S algorithm main loop timer: 0.020856s (after merging)

[t=0.024455s, 435307696 KB] Next pair of indices: (37, 11)
[t=0.024458s, 435307696 KB] M&S algorithm main loop timer: 0.020862s (after computation of next merge)
[t=0.025184s, 435307696 KB] M&S algorithm main loop timer: 0.021589s (after shrinking)
[t=0.025189s, 435307696 KB] M&S algorithm main loop timer: 0.021593s (after merging)

[t=0.025192s, 435307696 KB] Next pair of indices: (38, 12)
[t=0.025194s, 435307696 KB] M&S algorithm main loop timer: 0.021598s (after computation of next merge)
[t=0.026486s, 435307696 KB] M&S algorithm main loop timer: 0.022890s (after label reduction)
[t=0.026490s, 435307696 KB] M&S algorithm main loop timer: 0.022894s (after shrinking)
[t=0.026494s, 435307696 KB] M&S algorithm main loop timer: 0.022898s (after merging)

[t=0.026498s, 435307696 KB] Next pair of indices: (39, 13)
[t=0.026501s, 435307696 KB] M&S algorithm main loop timer: 0.022905s (after computation of next merge)
[t=0.027042s, 435307696 KB] M&S algorithm main loop timer: 0.023446s (after shrinking)
[t=0.027046s, 435307696 KB] M&S algorithm main loop timer: 0.023450s (after merging)

[t=0.027049s, 435307696 KB] Next pair of indices: (40, 14)
[t=0.027052s, 435307696 KB] M&S algorithm main loop timer: 0.023456s (after computation of next merge)
[t=0.027463s, 435307696 KB] M&S algorithm main loop timer: 0.023867s (after label reduction)
[t=0.027466s, 435307696 KB] M&S algorithm main loop timer: 0.023871s (after shrinking)
[t=0.027470s, 435307696 KB] M&S algorithm main loop timer: 0.023874s (after merging)

[t=0.027474s, 435307696 KB] Next pair of indices: (41, 15)
[t=0.027476s, 435307696 KB] M&S algorithm main loop timer: 0.023880s (after computation of next merge)
[t=0.027931s, 435307696 KB] M&S algorithm main loop timer: 0.024335s (after label reduction)
[t=0.027935s, 435307696 KB] M&S algorithm main loop timer: 0.024339s (after shrinking)
[t=0.027938s, 435307696 KB] M&S algorithm main loop timer: 0.024342s (after merging)

[t=0.027942s, 435307696 KB] Next pair of indices: (42, 16)
[t=0.027944s, 435307696 KB] M&S algorithm main loop timer: 0.024348s (after computation of next merge)
[t=0.028204s, 435307696 KB] M&S algorithm main loop timer: 0.024608s (after shrinking)
[t=0.028208s, 435307696 KB] M&S algorithm main loop timer: 0.024612s (after merging)

[t=0.028212s, 435307696 KB] Next pair of indices: (43, 17)
[t=0.028214s, 435307696 KB] M&S algorithm main loop timer: 0.024618s (after computation of next merge)
[t=0.028537s, 435307696 KB] M&S algorithm main loop timer: 0.024944s (after label reduction)
[t=0.028544s, 435307696 KB] M&S algorithm main loop timer: 0.024948s (after shrinking)
[t=0.028548s, 435307696 KB] M&S algorithm main loop timer: 0.024952s (after merging)

[t=0.028551s, 435307696 KB] Next pair of indices: (44, 18)
[t=0.028553s, 435307696 KB] M&S algorithm main loop timer: 0.024958s (after computation of next merge)
[t=0.028716s, 435307696 KB] M&S algorithm main loop timer: 0.025120s (after shrinking)
[t=0.028721s, 435307696 KB] M&S algorithm main loop timer: 0.025125s (after merging)

[t=0.028724s, 435307696 KB] Next pair of indices: (45, 19)
[t=0.028726s, 435307696 KB] M&S algorithm main loop timer: 0.025131s (after computation of next merge)
[t=0.028922s, 435307696 KB] M&S algorithm main loop timer: 0.025326s (after label reduction)
[t=0.028925s, 435307696 KB] M&S algorithm main loop timer: 0.025329s (after shrinking)
[t=0.028929s, 435307696 KB] M&S algorithm main loop timer: 0.025333s (after merging)

[t=0.028932s, 435307696 KB] Next pair of indices: (46, 20)
[t=0.028935s, 435307696 KB] M&S algorithm main loop timer: 0.025339s (after computation of next merge)
[t=0.029062s, 435307696 KB] M&S algorithm main loop timer: 0.025466s (after label reduction)
[t=0.029066s, 435307696 KB] M&S algorithm main loop timer: 0.025470s (after shrinking)
[t=0.029069s, 435307696 KB] M&S algorithm main loop timer: 0.025473s (after merging)

[t=0.029073s, 435307696 KB] Next pair of indices: (47, 21)
[t=0.029075s, 435307696 KB] M&S algorithm main loop timer: 0.025479s (after computation of next merge)
[t=0.029166s, 435307696 KB] M&S algorithm main loop timer: 0.025570s (after label reduction)
[t=0.029170s, 435307696 KB] M&S algorithm main loop timer: 0.025574s (after shrinking)
[t=0.029173s, 435307696 KB] M&S algorithm main loop timer: 0.025577s (after merging)

[t=0.029177s, 435307696 KB] Next pair of indices: (48, 22)
[t=0.029179s, 435307696 KB] M&S algorithm main loop timer: 0.025583s (after computation of next merge)
[t=0.029253s, 435307696 KB] M&S algorithm main loop timer: 0.025657s (after label reduction)
[t=0.029257s, 435307696 KB] M&S algorithm main loop timer: 0.025661s (after shrinking)
[t=0.029260s, 435307696 KB] M&S algorithm main loop timer: 0.025664s (after merging)

[t=0.029264s, 435307696 KB] Next pair of indices: (49, 23)
[t=0.029266s, 435307696 KB] M&S algorithm main loop timer: 0.025670s (after computation of next merge)
[t=0.029334s, 435307696 KB] M&S algorithm main loop timer: 0.025739s (after label reduction)
[t=0.029338s, 435307696 KB] M&S algorithm main loop timer: 0.025742s (after shrinking)
[t=0.029341s, 435307696 KB] M&S algorithm main loop timer: 0.025746s (after merging)

[t=0.029345s, 435307696 KB] Next pair of indices: (50, 24)
[t=0.029347s, 435307696 KB] M&S algorithm main loop timer: 0.025751s (after computation of next merge)
[t=0.029385s, 435307696 KB] M&S algorithm main loop timer: 0.025789s (after label reduction)
[t=0.029389s, 435307696 KB] M&S algorithm main loop timer: 0.025793s (after shrinking)
[t=0.029392s, 435307696 KB] M&S algorithm main loop timer: 0.025796s (after merging)

[t=0.029396s, 435307696 KB] Next pair of indices: (51, 25)
[t=0.029399s, 435307696 KB] M&S algorithm main loop timer: 0.025803s (after computation of next merge)
[t=0.029418s, 435307696 KB] M&S algorithm main loop timer: 0.025822s (after label reduction)
[t=0.029421s, 435307696 KB] M&S algorithm main loop timer: 0.025825s (after shrinking)
[t=0.029425s, 435307696 KB] M&S algorithm main loop timer: 0.025829s (after merging)

[t=0.029428s, 435307696 KB] Next pair of indices: (52, 26)
[t=0.029430s, 435307696 KB] M&S algorithm main loop timer: 0.025834s (after computation of next merge)
[t=0.029445s, 435307696 KB] M&S algorithm main loop timer: 0.025850s (after label reduction)
[t=0.029451s, 435307696 KB] M&S algorithm main loop timer: 0.025855s (after merging)

[t=0.029454s, 435307696 KB] Next pair of indices: (53, 27)
[t=0.029457s, 435307696 KB] M&S algorithm main loop timer: 0.025861s (after computation of next merge)
[t=0.029466s, 435307696 KB] M&S algorithm main loop timer: 0.025870s (after merging)
[t=0.029469s, 435307696 KB] M&S algorithm main loop timer: 0.025873s (after pruning)

[t=0.029473s, 435307696 KB] End of merge-and-shrink algorithm, statistics:
[t=0.029475s, 435307696 KB] Main loop runtime: 0.025879s
[t=0.029477s, 435307696 KB] Maximum intermediate abstraction size: 14
[t=0.029479s, 435307696 KB] Final peak memory increase of merge-and-shrink algorithm: 0 KB
[t=0.029482s, 435307696 KB] Merge-and-shrink algorithm runtime: 0.026205s

[t=0.029486s, 435307696 KB] Number of remaining factors: 1
[t=0.029489s, 435307696 KB] Number of factors kept: 1
[t=0.029491s, 435307696 KB] Done initializing merge-and-shrink heuristic.

[t=0.029503s, 435307696 KB] Building successor generator...done!
[t=0.029549s, 435307696 KB] peak memory difference for successor generator creation: 0 KB
[t=0.029551s, 435307696 KB] time for successor generation creation: 0.000041s
[t=0.029554s, 435307696 KB] Variables: 28
[t=0.029556s, 435307696 KB] FactPairs: 72
[t=0.029559s, 435307696 KB] Bytes per state: 8
[t=0.029568s, 435307696 KB] Conducting best first search with reopening closed nodes, (real) bound = 2147483647
[t=0.029579s, 435307696 KB] New best heuristic value for merge_and_shrink: 6
[t=0.029582s, 435307696 KB] g=0, 1 evaluated, 0 expanded
[t=0.029584s, 435307696 KB] f = 6, 1 evaluated, 0 expanded
[t=0.029589s, 435307696 KB] Initial heuristic value for merge_and_shrink: 6
[t=0.029591s, 435307696 KB] pruning method: none
[t=0.029604s, 435307696 KB] f = 7, 2 evaluated, 1 expanded
[t=0.029611s, 435307696 KB] f = 8, 5 evaluated, 2 expanded
[t=0.029627s, 435307696 KB] f = 9, 17 evaluated, 5 expanded
[t=0.029637s, 435307696 KB] New best heuristic value for merge_and_shrink: 5
[t=0.029639s, 435307696 KB] g=4, 21 evaluated, 7 expanded
[t=0.029643s, 435307696 KB] New best heuristic value for merge_and_shrink: 4
[t=0.029645s, 435307696 KB] g=5, 22 evaluated, 8 expanded
[t=0.029650s, 435307696 KB] New best heuristic value for merge_and_shrink: 3
[t=0.029652s, 435307696 KB] g=6, 24 evaluated, 9 expanded
[t=0.029657s, 435307696 KB] New best heuristic value for merge_and_shrink: 2
[t=0.029660s, 435307696 KB] g=7, 26 evaluated, 10 expanded
[t=0.029701s, 435307696 KB] f = 10, 57 evaluated, 21 expanded
[t=0.029857s, 435307696 KB] f = 11, 154 evaluated, 71 expanded
[t=0.030208s, 435307696 KB] f = 12, 369 evaluated, 197 expanded
[t=0.030877s, 435307696 KB] f = 13, 784 evaluated, 468 expanded
[t=0.032006s, 435307696 KB] f = 14, 1480 evaluated, 966 expanded
[t=0.033713s, 435307696 KB] f = 15, 2495 evaluated, 1754 expanded
[t=0.036110s, 435307696 KB] f = 16, 3812 evaluated, 2851 expanded
[t=0.036122s, 435307696 KB] New best heuristic value for merge_and_shrink: 1
[t=0.036124s, 435307696 KB] g=15, 3814 evaluated, 2870 expanded
[t=0.039230s, 435307696 KB] f = 17, 5419 evaluated, 4246 expanded
[t=0.042945s, 435307696 KB] f = 18, 7320 evaluated, 5931 expanded
[t=0.047539s, 435307696 KB] f = 19, 9603 evaluated, 7945 expanded
[t=0.047557s, 435307696 KB] New best heuristic value for merge_and_shrink: 0
[t=0.047560s, 435307696 KB] g=19, 9612 evaluated, 7948 expanded
[t=0.047562s, 435307696 KB] Solution found!
[t=0.047566s, 435307696 KB] Actual search time: 0.017973s
move firelink swamp-entrance (1)
move swamp-entrance blighttown (1)
pick-up-titanite blighttown (1)
move blighttown swamp-entrance (1)
move swamp-entrance firelink (1)
upgrade-weapon firelink w0 w1 (1)
move firelink swamp-entrance (1)
move swamp-entrance blighttown (1)
move blighttown quelaag-arena (1)
attack-boss quelaag quelaag-arena hp4 hp3 bp4 bp3 (1)
attack-boss quelaag quelaag-arena hp3 hp2 bp3 bp2 (1)
attack-boss quelaag quelaag-arena hp2 hp1 bp2 bp1 (1)
drink-estus e1 hp1 hp2 hp4 (1)
attack-boss quelaag quelaag-arena hp2 hp1 bp1 bp0 (1)
kill-boss quelaag quelaag-arena w1 e2 bp0 (1)
move quelaag-arena blighttown (1)
move blighttown swamp-entrance (1)
move swamp-entrance firelink (1)
deposit-soul quelaag firelink (1)
[t=0.047568s, 435307696 KB] Plan length: 19 step(s).
[t=0.047568s, 435307696 KB] Plan cost: 19
[t=0.047568s, 435307696 KB] Expanded 7949 state(s).
[t=0.047568s, 435307696 KB] Reopened 0 state(s).
[t=0.047568s, 435307696 KB] Evaluated 9612 state(s).
[t=0.047568s, 435307696 KB] Evaluations: 9612
[t=0.047568s, 435307696 KB] Generated 19588 state(s).
[t=0.047568s, 435307696 KB] Dead ends: 0 state(s).
[t=0.047568s, 435307696 KB] Expanded until last jump: 7945 state(s).
[t=0.047568s, 435307696 KB] Reopened until last jump: 0 state(s).
[t=0.047568s, 435307696 KB] Evaluated until last jump: 9603 state(s).
[t=0.047568s, 435307696 KB] Generated until last jump: 19576 state(s).
[t=0.047568s, 435307696 KB] Number of registered states: 9612
[t=0.047568s, 435307696 KB] Int hash set load factor: 9612/16384 = 0.586670
[t=0.047568s, 435307696 KB] Int hash set resizes: 14
[t=0.047568s, 435307696 KB] Search time: 0.018000s
[t=0.047568s, 435307696 KB] Total time: 0.047568s
Solution found.
Peak memory: 435307696 KB
exitcode: 0

Exit codes: [0]
Remove intermediate file output.sas
search exit code: 0

INFO     Planner time: 0.14s

=== Experiment Summary ===
End Time: 2025-12-16 11:43:08
Runtime: 0 seconds
Exit Code: 0
Status: SUCCESS
Explanation: SUCCESS (solution found)
